This is pdfTeX, Version 3.1415926-1.40.11 (MiKTeX 2.9) (preloaded format=pdflatex 2011.6.16)  16 JUN 2011 15:36
entering extended mode
**D:/Documents*and*Settings/p.gillespie/pgthesis/advreprop/adv_res_prop.tex
("D:/Documents and Settings/p.gillespie/pgthesis/advreprop/adv_res_prop.tex"
LaTeX2e <2009/09/24>
Babel <v3.8l> and hyphenation patterns for english, afrikaans, ancientgreek, ar
abic, armenian, assamese, basque, bengali, bokmal, bulgarian, catalan, coptic, 
croatian, czech, danish, dutch, esperanto, estonian, farsi, finnish, french, ga
lician, german, german-x-2009-06-19, greek, gujarati, hindi, hungarian, iceland
ic, indonesian, interlingua, irish, italian, kannada, kurmanji, lao, latin, lat
vian, lithuanian, malayalam, marathi, mongolian, mongolianlmc, monogreek, ngerm
an, ngerman-x-2009-06-19, nynorsk, oriya, panjabi, pinyin, polish, portuguese, 
romanian, russian, sanskrit, serbian, slovak, slovenian, spanish, swedish, swis
sgerman, tamil, telugu, turkish, turkmen, ukenglish, ukrainian, uppersorbian, u
senglishmax, welsh, loaded.
("D:\MikTeX 2.9\tex\latex\base\report.cls"
Document Class: report 2007/10/19 v1.4h Standard LaTeX document class
("D:\MikTeX 2.9\tex\latex\base\size12.clo"
File: size12.clo 2007/10/19 v1.4h Standard LaTeX file (size option)
)
\c@part=\count79
\c@chapter=\count80
\c@section=\count81
\c@subsection=\count82
\c@subsubsection=\count83
\c@paragraph=\count84
\c@subparagraph=\count85
\c@figure=\count86
\c@table=\count87
\abovecaptionskip=\skip41
\belowcaptionskip=\skip42
\bibindent=\dimen102
)
("D:\MikTeX 2.9\tex\latex\graphics\epsfig.sty"
Package: epsfig 1999/02/16 v1.7a (e)psfig emulation (SPQR)

("D:\MikTeX 2.9\tex\latex\graphics\graphicx.sty"
Package: graphicx 1999/02/16 v1.0f Enhanced LaTeX Graphics (DPC,SPQR)

("D:\MikTeX 2.9\tex\latex\graphics\keyval.sty"
Package: keyval 1999/03/16 v1.13 key=value parser (DPC)
\KV@toks@=\toks14
)
("D:\MikTeX 2.9\tex\latex\graphics\graphics.sty"
Package: graphics 2009/02/05 v1.0o Standard LaTeX Graphics (DPC,SPQR)

("D:\MikTeX 2.9\tex\latex\graphics\trig.sty"
Package: trig 1999/03/16 v1.09 sin cos tan (DPC)
)
("D:\MikTeX 2.9\tex\latex\00miktex\graphics.cfg"
File: graphics.cfg 2007/01/18 v1.5 graphics configuration of teTeX/TeXLive
)
Package graphics Info: Driver file: pdftex.def on input line 91.

("D:\MikTeX 2.9\tex\latex\pdftex-def\pdftex.def"
File: pdftex.def 2010/09/14 v0.05b Graphics/color for pdfTeX
\Gread@gobject=\count88
))
\Gin@req@height=\dimen103
\Gin@req@width=\dimen104
)
\epsfxsize=\dimen105
\epsfysize=\dimen106
)
("D:\MikTeX 2.9\tex\latex\tools\bm.sty"
Package: bm 2004/02/26 v1.1c Bold Symbol Support (DPC/FMi)
\symboldoperators=\mathgroup4
\symboldletters=\mathgroup5
\symboldsymbols=\mathgroup6
LaTeX Font Info:    Redeclaring math alphabet \mathbf on input line 138.
LaTeX Info: Redefining \bm on input line 204.
)
("D:\MikTeX 2.9\tex\latex\epsf\epsf\epsf.sty"
This is `epsf.tex' v2.7.3 <23 July 2005>
\epsffilein=\read1
\epsfframemargin=\dimen107
\epsfframethickness=\dimen108
\epsfrsize=\dimen109
\epsftmp=\dimen110
\epsftsize=\dimen111
\epsfxsize=\dimen112
\epsfysize=\dimen113
\pspoints=\dimen114
) ("D:\MikTeX 2.9\tex\latex\float\float.sty"
Package: float 2001/11/08 v1.3d Float enhancements (AL)
\c@float@type=\count89
\float@exts=\toks15
\float@box=\box26
\@float@everytoks=\toks16
\@floatcapt=\box27
)
("D:\MikTeX 2.9\tex\latex\hyperref\hyperref.sty"
Package: hyperref 2010/09/17 v6.81q Hypertext links for LaTeX

("D:\MikTeX 2.9\tex\generic\oberdiek\ltxcmds.sty"
Package: ltxcmds 2010/04/26 v1.7 LaTeX kernel commands for general use (HO)
)
("D:\MikTeX 2.9\tex\generic\oberdiek\infwarerr.sty"
Package: infwarerr 2010/04/08 v1.3 Providing info/warning/message (HO)
)
("D:\MikTeX 2.9\tex\generic\oberdiek\kvsetkeys.sty"
Package: kvsetkeys 2010/03/01 v1.9 Key value parser (HO)

("D:\MikTeX 2.9\tex\generic\oberdiek\etexcmds.sty"
Package: etexcmds 2010/01/28 v1.3 Prefix for e-TeX command names (HO)
Package etexcmds Info: Could not find \expanded.
(etexcmds)             That can mean that you are not using pdfTeX 1.50 or
(etexcmds)             that some package has redefined \expanded.
(etexcmds)             In the latter case, load this package earlier.
))
("D:\MikTeX 2.9\tex\generic\oberdiek\pdfescape.sty"
Package: pdfescape 2010/03/01 v1.9 Provides hex, PDF name and string conversion
s (HO)

("D:\MikTeX 2.9\tex\generic\oberdiek\pdftexcmds.sty"
Package: pdftexcmds 2010/04/01 v0.9 Utility functions of pdfTeX for LuaTeX (HO)


("D:\MikTeX 2.9\tex\generic\oberdiek\ifluatex.sty"
Package: ifluatex 2010/03/01 v1.3 Provides the ifluatex switch (HO)
Package ifluatex Info: LuaTeX not detected.
)
Package pdftexcmds Info: LuaTeX not detected.
Package pdftexcmds Info: \pdf@primitive is available.
Package pdftexcmds Info: \pdf@ifprimitive is available.
))
("D:\MikTeX 2.9\tex\generic\oberdiek\ifpdf.sty"
Package: ifpdf 2010/01/28 v2.1 Provides the ifpdf switch (HO)
Package ifpdf Info: pdfTeX in pdf mode detected.
)
("D:\MikTeX 2.9\tex\generic\oberdiek\ifvtex.sty"
Package: ifvtex 2010/03/01 v1.5 Switches for detecting VTeX and its modes (HO)
Package ifvtex Info: VTeX not detected.
)
("D:\MikTeX 2.9\tex\generic\ifxetex\ifxetex.sty"
Package: ifxetex 2010/09/12 v0.6 Provides ifxetex conditional
)
("D:\MikTeX 2.9\tex\latex\oberdiek\hycolor.sty"
Package: hycolor 2009/12/12 v1.6 Color options of hyperref/bookmark (HO)

("D:\MikTeX 2.9\tex\latex\oberdiek\xcolor-patch.sty"
Package: xcolor-patch 2009/12/12 xcolor patch
))
("D:\MikTeX 2.9\tex\latex\oberdiek\letltxmacro.sty"
Package: letltxmacro 2008/06/24 v1.3 Let assignment for LaTeX macros (HO)
)
("D:\MikTeX 2.9\tex\latex\oberdiek\kvoptions.sty"
Package: kvoptions 2010/02/22 v3.7 Keyval support for LaTeX options (HO)
)
\@linkdim=\dimen115
\Hy@linkcounter=\count90
\Hy@pagecounter=\count91

("D:\MikTeX 2.9\tex\latex\hyperref\pd1enc.def"
File: pd1enc.def 2010/09/17 v6.81q Hyperref: PDFDocEncoding definition (HO)
)
("D:\MikTeX 2.9\tex\generic\oberdiek\intcalc.sty"
Package: intcalc 2007/09/27 v1.1 Expandable integer calculations (HO)
)
\Hy@SavedSpaceFactor=\count92

("D:\MikTeX 2.9\tex\latex\00miktex\hyperref.cfg"
File: hyperref.cfg 2002/06/06 v1.2 hyperref configuration of TeXLive
)
Package hyperref Info: Option `colorlinks' set `true' on input line 3798.
Package hyperref Info: Option `bookmarks' set `true' on input line 3798.
Package hyperref Info: Option `bookmarksopen' set `true' on input line 3798.
Package hyperref Info: Hyper figures OFF on input line 3902.
Package hyperref Info: Link nesting OFF on input line 3907.
Package hyperref Info: Hyper index ON on input line 3910.
Package hyperref Info: Plain pages OFF on input line 3917.
Package hyperref Info: Backreferencing OFF on input line 3922.
Package hyperref Info: Implicit mode ON; LaTeX internals redefined.
Package hyperref Info: Bookmarks ON on input line 4132.
\c@Hy@tempcnt=\count93

("D:\MikTeX 2.9\tex\latex\ltxmisc\url.sty"
\Urlmuskip=\muskip10
Package: url 2006/04/12  ver 3.3  Verb mode for urls, etc.
)
LaTeX Info: Redefining \url on input line 4487.

("D:\MikTeX 2.9\tex\generic\oberdiek\bitset.sty"
Package: bitset 2007/09/28 v1.0 Data type bit set (HO)

("D:\MikTeX 2.9\tex\generic\oberdiek\bigintcalc.sty"
Package: bigintcalc 2007/11/11 v1.1 Expandable big integer calculations (HO)
))
\Fld@menulength=\count94
\Field@Width=\dimen116
\Fld@charsize=\dimen117
Package hyperref Info: Hyper figures OFF on input line 5526.
Package hyperref Info: Link nesting OFF on input line 5531.
Package hyperref Info: Hyper index ON on input line 5534.
Package hyperref Info: backreferencing OFF on input line 5541.
Package hyperref Info: Link coloring ON on input line 5544.
Package hyperref Info: Link coloring with OCG OFF on input line 5551.
Package hyperref Info: PDF/A mode OFF on input line 5556.
LaTeX Info: Redefining \ref on input line 5596.
LaTeX Info: Redefining \pageref on input line 5600.

("D:\MikTeX 2.9\tex\generic\oberdiek\atbegshi.sty"
Package: atbegshi 2010/03/25 v1.12 At begin shipout hook (HO)
)
\Hy@abspage=\count95
\c@Item=\count96
\c@Hfootnote=\count97
)

Package hyperref Message: Driver (autodetected): hpdftex.

("D:\MikTeX 2.9\tex\latex\hyperref\hpdftex.def"
File: hpdftex.def 2010/09/17 v6.81q Hyperref driver for pdfTeX

("D:\MikTeX 2.9\tex\latex\oberdiek\atveryend.sty"
Package: atveryend 2010/03/24 v1.5 Hooks at very end of document (HO)
Package atveryend Info: \enddocument detected (standard).
)
\Fld@listcount=\count98
\c@bookmark@seq@number=\count99

("D:\MikTeX 2.9\tex\latex\oberdiek\rerunfilecheck.sty"
Package: rerunfilecheck 2010/03/16 v1.6 Rerun checks for auxiliary files (HO)

("D:\MikTeX 2.9\tex\generic\oberdiek\uniquecounter.sty"
Package: uniquecounter 2009/12/18 v1.1 Provides unlimited unique counter (HO)
)
Package uniquecounter Info: New unique counter `rerunfilecheck' on input line 2
71.
)
\Hy@SectionHShift=\skip43
)
("D:\MikTeX 2.9\tex\latex\natbib\natbib.sty"
Package: natbib 2009/11/07 8.31a (PWD, AO)
\bibhang=\skip44
\bibsep=\skip45
LaTeX Info: Redefining \cite on input line 694.
\c@NAT@ctr=\count100
)
("D:\MikTeX 2.9\tex\latex\har2nat\har2nat.sty"
Package: har2nat 2005/12/01 1.0 Harvard to natbib

("D:\MikTeX 2.9\tex\latex\bigfoot\suffix.sty"
Package: suffix 2006/07/15 1.5 Variant command support
))
("D:\MikTeX 2.9\tex\latex\eurosym\eurosym.sty"
Package: eurosym 1998/08/06 v1.1 European currency symbol ``Euro''
\@eurobox=\box28
)
("D:\MikTeX 2.9\tex\latex\enumitem\enumitem.sty"
Package: enumitem 2009/05/18 v2.2 Customized lists
\enit@toks=\toks17
\labelindent=\skip46
\enit@outerparindent=\dimen118
\enitdp@desc=\count101
)
("D:\MikTeX 2.9\tex\latex\ams\math\amsmath.sty"
Package: amsmath 2000/07/18 v2.13 AMS math features
\@mathmargin=\skip47

For additional information on amsmath, use the `?' option.
("D:\MikTeX 2.9\tex\latex\ams\math\amstext.sty"
Package: amstext 2000/06/29 v2.01

("D:\MikTeX 2.9\tex\latex\ams\math\amsgen.sty"
File: amsgen.sty 1999/11/30 v2.0
\@emptytoks=\toks18
\ex@=\dimen119
))
("D:\MikTeX 2.9\tex\latex\ams\math\amsbsy.sty"
Package: amsbsy 1999/11/29 v1.2d
LaTeX Info: Redefining \boldsymbol on input line 54.
\pmbraise@=\dimen120
)
("D:\MikTeX 2.9\tex\latex\ams\math\amsopn.sty"
Package: amsopn 1999/12/14 v2.01 operator names
)
\inf@bad=\count102
LaTeX Info: Redefining \frac on input line 211.
\uproot@=\count103
\leftroot@=\count104
LaTeX Info: Redefining \overline on input line 307.
\classnum@=\count105
\DOTSCASE@=\count106
LaTeX Info: Redefining \ldots on input line 379.
LaTeX Info: Redefining \dots on input line 382.
LaTeX Info: Redefining \cdots on input line 467.
\Mathstrutbox@=\box29
\strutbox@=\box30
\big@size=\dimen121
LaTeX Font Info:    Redeclaring font encoding OML on input line 567.
LaTeX Font Info:    Redeclaring font encoding OMS on input line 568.
\macc@depth=\count107
\c@MaxMatrixCols=\count108
\dotsspace@=\muskip11
\c@parentequation=\count109
\dspbrk@lvl=\count110
\tag@help=\toks19
\row@=\count111
\column@=\count112
\maxfields@=\count113
\andhelp@=\toks20
\eqnshift@=\dimen122
\alignsep@=\dimen123
\tagshift@=\dimen124
\tagwidth@=\dimen125
\totwidth@=\dimen126
\lineht@=\dimen127
\@envbody=\toks21
\multlinegap=\skip48
\multlinetaggap=\skip49
\mathdisplay@stack=\toks22
LaTeX Info: Redefining \[ on input line 2666.
LaTeX Info: Redefining \] on input line 2667.
)
("D:\Documents and Settings\p.gillespie\pgthesis\advreprop\adv_res_prop.aux")
LaTeX Font Info:    Checking defaults for OML/cmm/m/it on input line 29.
LaTeX Font Info:    ... okay on input line 29.
LaTeX Font Info:    Checking defaults for T1/cmr/m/n on input line 29.
LaTeX Font Info:    ... okay on input line 29.
LaTeX Font Info:    Checking defaults for OT1/cmr/m/n on input line 29.
LaTeX Font Info:    ... okay on input line 29.
LaTeX Font Info:    Checking defaults for OMS/cmsy/m/n on input line 29.
LaTeX Font Info:    ... okay on input line 29.
LaTeX Font Info:    Checking defaults for OMX/cmex/m/n on input line 29.
LaTeX Font Info:    ... okay on input line 29.
LaTeX Font Info:    Checking defaults for U/cmr/m/n on input line 29.
LaTeX Font Info:    ... okay on input line 29.
LaTeX Font Info:    Checking defaults for PD1/pdf/m/n on input line 29.
LaTeX Font Info:    ... okay on input line 29.

("D:\MikTeX 2.9\tex\context\base\supp-pdf.mkii"
[Loading MPS to PDF converter (version 2006.09.02).]
\scratchcounter=\count114
\scratchdimen=\dimen128
\scratchbox=\box31
\nofMPsegments=\count115
\nofMParguments=\count116
\everyMPshowfont=\toks23
\MPscratchCnt=\count117
\MPscratchDim=\dimen129
\MPnumerator=\count118
\everyMPtoPDFconversion=\toks24
)
\AtBeginShipoutBox=\box32
 ("D:\MikTeX 2.9\tex\latex\graphics\color.sty"
Package: color 2005/11/14 v1.0j Standard LaTeX Color (DPC)

("D:\MikTeX 2.9\tex\latex\00miktex\color.cfg"
File: color.cfg 2007/01/18 v1.5 color configuration of teTeX/TeXLive
)
Package color Info: Driver file: pdftex.def on input line 130.
)
Package hyperref Info: Link coloring ON on input line 29.

("D:\MikTeX 2.9\tex\latex\hyperref\nameref.sty"
Package: nameref 2010/04/30 v2.40 Cross-referencing by name of section

("D:\MikTeX 2.9\tex\latex\oberdiek\refcount.sty"
Package: refcount 2008/08/11 v3.1 Data extraction from references (HO)
)
("D:\MikTeX 2.9\tex\generic\oberdiek\gettitlestring.sty"
Package: gettitlestring 2009/12/18 v1.3 Cleanup title references (HO)
)
\c@section@level=\count119
)
LaTeX Info: Redefining \ref on input line 29.
LaTeX Info: Redefining \pageref on input line 29.
LaTeX Info: Redefining \nameref on input line 29.

("D:\Documents and Settings\p.gillespie\pgthesis\advreprop\adv_res_prop.out")
("D:\Documents and Settings\p.gillespie\pgthesis\advreprop\adv_res_prop.out")
\@outlinefile=\write3

[1

{D:/MikTeX 2.9/pdftex/config/pdftex.map}]pdfTeX warning (ext4): destination wit
h the same identifier (name{page.1}) has been already used, duplicate ignored
<to be read again> 
                   \relax 
l.33 \end{abstract}
                    [1]
Chapter 1.
Missing character: There is no â in font cmr12!
Missing character: There is no € in font cmr12!
Missing character: There is no ˜ in font cmr12!
Missing character: There is no â in font cmr12!
Missing character: There is no € in font cmr12!
Missing character: There is no ™ in font cmr12!
LaTeX Font Info:    Try loading font information for OMS+cmr on input line 68.
("D:\MikTeX 2.9\tex\latex\base\omscmr.fd"
File: omscmr.fd 1999/05/25 v2.5h Standard LaTeX font definitions
)
LaTeX Font Info:    Font shape `OMS/cmr/m/n' in size <12> not available
(Font)              Font shape `OMS/cmsy/m/n' tried instead on input line 68.
pdfTeX warning (ext4): destination with the same identifier (name{page.1}) has 
been already used, duplicate ignored
<to be read again> 
                   \relax 
l.71 \item  t
             o assess the impact the introduction of the quota regime had on...
[1

]
Missing character: There is no â in font cmr12!
Missing character: There is no € in font cmr12!
Missing character: There is no “ in font cmr12!
Missing character: There is no â in font cmr12!
Missing character: There is no € in font cmr12!
Missing character: There is no ™ in font cmr12!
 [2]

Package hyperref Warning: Ignoring empty anchor on input line 91.


Package hyperref Warning: Token not allowed in a PDF string (PDFDocEncoding):
(hyperref)                removing `\newline' on input line 94.

[3] [4] [5] [6] [7]

Package natbib Warning: Citation `carter10' on page 8 undefined on input line 1
36.

[8]

Package natbib Warning: Citation `doe99' on page 9 undefined on input line 149.


[9]
Overfull \hbox (2.98909pt too wide) in paragraph at lines 153--154
[][][]\OT1/cmr/m/n/12 Thornton & Her-rero[][] ([][]2010[][]) at-tempt to quan-t
ify the GHG emis-sions abated
 []

[10] [11] [12] [13]
Chapter 2.
[14

] [15] [16] [17] [18]
("D:\Documents and Settings\p.gillespie\pgthesis\advreprop\adv_res_prop.bbl"
[19]
Underfull \hbox (badness 6893) in paragraph at lines 24--31
\OT1/cmr/bx/n/12 URL: \OT1/cmr/m/it/12 http://www.sciencedirect.com/science/art
icle/B6T3Y-4FTWJJ2-
 []

Missing character: There is no â in font cmr12!
Missing character: There is no € in font cmr12!
Missing character: There is no ™ in font cmr12!
Missing character: There is no â in font cmr12!
Missing character: There is no € in font cmr12!
Missing character: There is no “ in font cmr12!
[20

]
Missing character: There is no Ã in font cmr12!
Missing character: There is no ¼ in font cmr12!
Missing character: There is no Ã in font cmr12!
Missing character: There is no ¤ in font cmr12!
Missing character: There is no Ã in font cmr12!
Missing character: There is no ¤ in font cmr12!
Missing character: There is no Ã in font cmr12!
Missing character: There is no © in font cmr12!
Missing character: There is no Ã in font cmr12!
Missing character: There is no © in font cmr12!
Missing character: There is no Ã in font cmr12!
Missing character: There is no ¨ in font cmr12!
Missing character: There is no â in font cmr12!
Missing character: There is no € in font cmr12!
Missing character: There is no ™ in font cmr12!

! Missing $ inserted.
<inserted text> 
                $
l.107 ...riculture/analysis/external/index_en.htm}
                                                  
? r
OK, entering \nonstopmode...
! Extra }, or forgotten $.
<recently read> \egroup 
                        
l.107 ...riculture/analysis/external/index_en.htm}
                                                  
I've deleted a group-closing symbol because it seems to be
spurious, as in `$x}$'. But perhaps the } is legitimate and
you forgot something else, as in `\hbox{$x}'. In such cases
the way to recover is to insert both the forgotten and the
deleted material, e.g., by typing `I$}'.

! Missing $ inserted.
<inserted text> 
                $
l.108 
      
I've inserted a begin-math/end-math symbol since I think
you left one out. Proceed, with fingers crossed.

! Missing } inserted.
<inserted text> 
                }
l.108 
      
I've inserted something that you may have forgotten.
(See the <inserted text> above.)
With luck, this will get me unwedged. But if you
really didn't forget anything, try typing `2' now; then
my insertion and my current dilemma will both disappear.


Underfull \hbox (badness 3746) in paragraph at lines 116--122
\OT1/cmr/bx/n/12 URL: \OT1/cmr/m/it/12 http://www.sciencedirect.com/science/art
icle/B6T3W-51430WD-
 []

[21]
! Misplaced alignment tab character &.
<argument> ...uigalway.ie/login.aspx?direct=t rue&
                                                  db=eoh&AN=1086209&site=eho...
l.146   rue&db=eoh&AN=1086209&site=ehost-live}
                                              
I can't figure out why you would want to use a tab mark
here. If you just want an ampersand, the remedy is
simple: Just type `I\&' now. But if some right brace
up above has ended a previous alignment prematurely,
you're probably due for more error messages, and you
might try typing `S' now just to see what is salvageable.

! Misplaced alignment tab character &.
<argument> ...y.ie/login.aspx?direct=t rue&db=eoh&
                                                  AN=1086209&site=ehost-live
l.146   rue&db=eoh&AN=1086209&site=ehost-live}
                                              
I can't figure out why you would want to use a tab mark
here. If you just want an ampersand, the remedy is
simple: Just type `I\&' now. But if some right brace
up above has ended a previous alignment prematurely,
you're probably due for more error messages, and you
might try typing `S' now just to see what is salvageable.

! Misplaced alignment tab character &.
<argument> ...aspx?direct=t rue&db=eoh&AN=1086209&
                                                  site=ehost-live
l.146   rue&db=eoh&AN=1086209&site=ehost-live}
                                              
I can't figure out why you would want to use a tab mark
here. If you just want an ampersand, the remedy is
simple: Just type `I\&' now. But if some right brace
up above has ended a previous alignment prematurely,
you're probably due for more error messages, and you
might try typing `S' now just to see what is salvageable.


Overfull \hbox (39.7702pt too wide) in paragraph at lines 140--147
\OT1/cmr/bx/n/12 URL: \OT1/cmr/m/it/12 http://search.ebscohost.com.libgate.libr
ary.nuigalway.ie/login.aspx?direct=t
 []


Underfull \hbox (badness 1019) in paragraph at lines 183--190
\OT1/cmr/bx/n/12 URL: \OT1/cmr/m/it/12 http://www.sciencedirect.com/science/art
icle/B6T3W-3YNXY64-
 []

[22]
Missing character: There is no Ã in font cmr12!
Missing character: There is no ¸ in font cmr12!

Underfull \hbox (badness 10000) in paragraph at lines 207--214
\OT1/cmr/bx/n/12 URL: \OT1/cmr/m/it/12 http://www.sciencedirect.com/science/art
icle/B6T9B-4GX6J7T-
 []

! Misplaced alignment tab character &.
<argument> ...ion/displayAbstract?fromPage=online&
                                                  aid=7285&fulltextType=RA&f...
l.238 ...fulltextType=RA&fileId=S002185969800625X}
                                                  
I can't figure out why you would want to use a tab mark
here. If you just want an ampersand, the remedy is
simple: Just type `I\&' now. But if some right brace
up above has ended a previous alignment prematurely,
you're probably due for more error messages, and you
might try typing `S' now just to see what is salvageable.

! Misplaced alignment tab character &.
<argument> ...ayAbstract?fromPage=online&aid=7285&
                                                  fulltextType=RA&fileId=S00...
l.238 ...fulltextType=RA&fileId=S002185969800625X}
                                                  
I can't figure out why you would want to use a tab mark
here. If you just want an ampersand, the remedy is
simple: Just type `I\&' now. But if some right brace
up above has ended a previous alignment prematurely,
you're probably due for more error messages, and you
might try typing `S' now just to see what is salvageable.

! Misplaced alignment tab character &.
<argument> ...age=online&aid=7285&fulltextType=RA&
                                                  fileId=S002185969800625X
l.238 ...fulltextType=RA&fileId=S002185969800625X}
                                                  
I can't figure out why you would want to use a tab mark
here. If you just want an ampersand, the remedy is
simple: Just type `I\&' now. But if some right brace
up above has ended a previous alignment prematurely,
you're probably due for more error messages, and you
might try typing `S' now just to see what is salvageable.


Overfull \hbox (298.43356pt too wide) in paragraph at lines 233--239
\OT1/cmr/bx/n/12 URL: \OT1/cmr/m/it/12 http://journals.cambridge.org/action/dis
playAbstract?fromPage=onlineaid=7285fulltextType=RAfileId=S002185969800625X 
 []

[23]
! Misplaced alignment tab character &.
<argument> ...uigalway.ie/login.aspx?direct=t rue&
                                                  db=eoh&AN=1079978&site=eho...
l.262   rue&db=eoh&AN=1079978&site=ehost-live}
                                              
I can't figure out why you would want to use a tab mark
here. If you just want an ampersand, the remedy is
simple: Just type `I\&' now. But if some right brace
up above has ended a previous alignment prematurely,
you're probably due for more error messages, and you
might try typing `S' now just to see what is salvageable.

! Misplaced alignment tab character &.
<argument> ...y.ie/login.aspx?direct=t rue&db=eoh&
                                                  AN=1079978&site=ehost-live
l.262   rue&db=eoh&AN=1079978&site=ehost-live}
                                              
I can't figure out why you would want to use a tab mark
here. If you just want an ampersand, the remedy is
simple: Just type `I\&' now. But if some right brace
up above has ended a previous alignment prematurely,
you're probably due for more error messages, and you
might try typing `S' now just to see what is salvageable.

! Misplaced alignment tab character &.
<argument> ...aspx?direct=t rue&db=eoh&AN=1079978&
                                                  site=ehost-live
l.262   rue&db=eoh&AN=1079978&site=ehost-live}
                                              
I can't figure out why you would want to use a tab mark
here. If you just want an ampersand, the remedy is
simple: Just type `I\&' now. But if some right brace
up above has ended a previous alignment prematurely,
you're probably due for more error messages, and you
might try typing `S' now just to see what is salvageable.


Overfull \hbox (39.7702pt too wide) in paragraph at lines 257--263
\OT1/cmr/bx/n/12 URL: \OT1/cmr/m/it/12 http://search.ebscohost.com.libgate.libr
ary.nuigalway.ie/login.aspx?direct=t
 []


Underfull \hbox (badness 1484) in paragraph at lines 266--272
\OT1/cmr/bx/n/12 URL: \OT1/cmr/m/it/12 http://www.sciencedirect.com/science/art
icle/B6T3W-4G7DY3P-
 []

! Misplaced alignment tab character &.
<argument> ...bscohost.com/login.aspx?direct=true&
                                                  db=buh&AN=11525148&site=eh...
l.278 ...=true&db=buh&AN=11525148&site=ehost-live}
                                                  
I can't figure out why you would want to use a tab mark
here. If you just want an ampersand, the remedy is
simple: Just type `I\&' now. But if some right brace
up above has ended a previous alignment prematurely,
you're probably due for more error messages, and you
might try typing `S' now just to see what is salvageable.

! Misplaced alignment tab character &.
<argument> ...t.com/login.aspx?direct=true&db=buh&
                                                  AN=11525148&site=ehost-live
l.278 ...=true&db=buh&AN=11525148&site=ehost-live}
                                                  
I can't figure out why you would want to use a tab mark
here. If you just want an ampersand, the remedy is
simple: Just type `I\&' now. But if some right brace
up above has ended a previous alignment prematurely,
you're probably due for more error messages, and you
might try typing `S' now just to see what is salvageable.

! Misplaced alignment tab character &.
<argument> ...aspx?direct=true&db=buh&AN=11525148&
                                                  site=ehost-live
l.278 ...=true&db=buh&AN=11525148&site=ehost-live}
                                                  
I can't figure out why you would want to use a tab mark
here. If you just want an ampersand, the remedy is
simple: Just type `I\&' now. But if some right brace
up above has ended a previous alignment prematurely,
you're probably due for more error messages, and you
might try typing `S' now just to see what is salvageable.


Overfull \hbox (87.06505pt too wide) in paragraph at lines 274--279
\OT1/cmr/bx/n/12 URL: \OT1/cmr/m/it/12 http://search.ebscohost.com/login.aspx?d
irect=truedb=buhAN=11525148site=ehost-
 []

[24]
Underfull \hbox (badness 4060) in paragraph at lines 321--329
\OT1/cmr/bx/n/12 URL: \OT1/cmr/m/it/12 http://www.sciencedirect.com/science/art
icle/B7XNX-4R00G1X-
 []

! Misplaced alignment tab character &.
<argument> ...ion/displayAbstract?fromPage=online&
                                                  aid=266021&fulltextType=RA...
l.355 ...fulltextType=RA&fileId=S002185960400437X}
                                                  
I can't figure out why you would want to use a tab mark
here. If you just want an ampersand, the remedy is
simple: Just type `I\&' now. But if some right brace
up above has ended a previous alignment prematurely,
you're probably due for more error messages, and you
might try typing `S' now just to see what is salvageable.

! Misplaced alignment tab character &.
<argument> ...Abstract?fromPage=online&aid=266021&
                                                  fulltextType=RA&fileId=S00...
l.355 ...fulltextType=RA&fileId=S002185960400437X}
                                                  
I can't figure out why you would want to use a tab mark
here. If you just want an ampersand, the remedy is
simple: Just type `I\&' now. But if some right brace
up above has ended a previous alignment prematurely,
you're probably due for more error messages, and you
might try typing `S' now just to see what is salvageable.

! Misplaced alignment tab character &.
<argument> ...e=online&aid=266021&fulltextType=RA&
                                                  fileId=S002185960400437X
l.355 ...fulltextType=RA&fileId=S002185960400437X}
                                                  
I can't figure out why you would want to use a tab mark
here. If you just want an ampersand, the remedy is
simple: Just type `I\&' now. But if some right brace
up above has ended a previous alignment prematurely,
you're probably due for more error messages, and you
might try typing `S' now just to see what is salvageable.


Overfull \hbox (310.43365pt too wide) in paragraph at lines 349--356
\OT1/cmr/bx/n/12 URL: \OT1/cmr/m/it/12 http://journals.cambridge.org/action/dis
playAbstract?fromPage=onlineaid=266021fulltextType=RAfileId=S002185960400437X 
 []


Underfull \hbox (badness 10000) in paragraph at lines 359--364
\OT1/cmr/bx/n/12 URL: \OT1/cmr/m/it/12 http://www.sciencedirect.com/science/art
icle/B6VDY-4VT2366-
 []

[25]
! Misplaced alignment tab character &.
<argument> ...uigalway.ie/login.aspx?direct=t rue&
                                                  db=eoh&AN=0497381&site=eho...
l.378   rue&db=eoh&AN=0497381&site=ehost-live}
                                              
I can't figure out why you would want to use a tab mark
here. If you just want an ampersand, the remedy is
simple: Just type `I\&' now. But if some right brace
up above has ended a previous alignment prematurely,
you're probably due for more error messages, and you
might try typing `S' now just to see what is salvageable.

! Misplaced alignment tab character &.
<argument> ...y.ie/login.aspx?direct=t rue&db=eoh&
                                                  AN=0497381&site=ehost-live
l.378   rue&db=eoh&AN=0497381&site=ehost-live}
                                              
I can't figure out why you would want to use a tab mark
here. If you just want an ampersand, the remedy is
simple: Just type `I\&' now. But if some right brace
up above has ended a previous alignment prematurely,
you're probably due for more error messages, and you
might try typing `S' now just to see what is salvageable.

! Misplaced alignment tab character &.
<argument> ...aspx?direct=t rue&db=eoh&AN=0497381&
                                                  site=ehost-live
l.378   rue&db=eoh&AN=0497381&site=ehost-live}
                                              
I can't figure out why you would want to use a tab mark
here. If you just want an ampersand, the remedy is
simple: Just type `I\&' now. But if some right brace
up above has ended a previous alignment prematurely,
you're probably due for more error messages, and you
might try typing `S' now just to see what is salvageable.


Overfull \hbox (39.7702pt too wide) in paragraph at lines 372--379
\OT1/cmr/bx/n/12 URL: \OT1/cmr/m/it/12 http://search.ebscohost.com.libgate.libr
ary.nuigalway.ie/login.aspx?direct=t
 []

! Misplaced alignment tab character &.
<argument> ...ion/displayAbstract?fromPage=online&
                                                  aid=747548&fulltextType=RA...
l.393 ...fulltextType=RA&fileId=S1751731107340044}
                                                  
I can't figure out why you would want to use a tab mark
here. If you just want an ampersand, the remedy is
simple: Just type `I\&' now. But if some right brace
up above has ended a previous alignment prematurely,
you're probably due for more error messages, and you
might try typing `S' now just to see what is salvageable.

! Misplaced alignment tab character &.
<argument> ...Abstract?fromPage=online&aid=747548&
                                                  fulltextType=RA&fileId=S17...
l.393 ...fulltextType=RA&fileId=S1751731107340044}
                                                  
I can't figure out why you would want to use a tab mark
here. If you just want an ampersand, the remedy is
simple: Just type `I\&' now. But if some right brace
up above has ended a previous alignment prematurely,
you're probably due for more error messages, and you
might try typing `S' now just to see what is salvageable.

! Misplaced alignment tab character &.
<argument> ...e=online&aid=747548&fulltextType=RA&
                                                  fileId=S1751731107340044
l.393 ...fulltextType=RA&fileId=S1751731107340044}
                                                  
I can't figure out why you would want to use a tab mark
here. If you just want an ampersand, the remedy is
simple: Just type `I\&' now. But if some right brace
up above has ended a previous alignment prematurely,
you're probably due for more error messages, and you
might try typing `S' now just to see what is salvageable.


Overfull \hbox (307.44472pt too wide) in paragraph at lines 389--394
\OT1/cmr/bx/n/12 URL: \OT1/cmr/m/it/12 http://journals.cambridge.org/action/dis
playAbstract?fromPage=onlineaid=747548fulltextType=RAfileId=S1751731107340044 
 []


Underfull \hbox (badness 1308) in paragraph at lines 397--403
\OT1/cmr/bx/n/12 URL: \OT1/cmr/m/it/12 http://www.sciencedirect.com/science/art
icle/B6T3W-4C4W49T-
 []


Underfull \hbox (badness 5161) in paragraph at lines 405--412
\OT1/cmr/bx/n/12 URL: \OT1/cmr/m/it/12 http://www.sciencedirect.com/science/art
icle/B6T3W-4M6S04X-
 []

)

Package natbib Warning: There were undefined citations.

Package atveryend Info: Empty hook `BeforeClearDocument' on input line 292.
[26]
Package atveryend Info: Empty hook `AfterLastShipout' on input line 292.
 ("D:\Documents and Settings\p.gillespie\pgthesis\advreprop\adv_res_prop.aux"

Package natbib Warning: Citation(s) may have changed.
(natbib)                Rerun to get citations correct.

)
Package atveryend Info: Executing hook `AtVeryEndDocument' on input line 292.
Package rerunfilecheck Info: File `adv_res_prop.out' has not changed.
(rerunfilecheck)             Checksum: 1B715763F83647DC26FFD1373EEFC516;1240.
 ) 
Here is how much of TeX's memory you used:
 6451 strings out of 494019
 91914 string characters out of 3152686
 178706 words of memory out of 3000000
 9507 multiletter control sequences out of 15000+200000
 17409 words of font info for 61 fonts, out of 3000000 for 9000
 714 hyphenation exceptions out of 8191
 32i,16n,32p,1646b,501s stack positions out of 5000i,500n,10000p,200000b,50000s
<D:/MikTeX 2.9/fonts/type1/public/amsfonts/cm/cmbx12.pfb><D:/MikTeX 2.9/fonts
/type1/public/amsfonts/cm/cmex10.pfb><D:/MikTeX 2.9/fonts/type1/public/amsfonts
/cm/cmmi10.pfb><D:/MikTeX 2.9/fonts/type1/public/amsfonts/cm/cmmi12.pfb><D:/Mik
TeX 2.9/fonts/type1/public/amsfonts/cm/cmmi7.pfb><D:/MikTeX 2.9/fonts/type1/pub
lic/amsfonts/cm/cmmi8.pfb><D:/MikTeX 2.9/fonts/type1/public/amsfonts/cm/cmr10.p
fb><D:/MikTeX 2.9/fonts/type1/public/amsfonts/cm/cmr12.pfb><D:/MikTeX 2.9/fonts
/type1/public/amsfonts/cm/cmr17.pfb><D:/MikTeX 2.9/fonts/type1/public/amsfonts/
cm/cmr7.pfb><D:/MikTeX 2.9/fonts/type1/public/amsfonts/cm/cmr8.pfb><D:/MikTeX 2
.9/fonts/type1/public/amsfonts/cm/cmsy10.pfb><D:/MikTeX 2.9/fonts/type1/public/
amsfonts/cm/cmti12.pfb><D:/MikTeX 2.9/fonts/type1/public/eurosym/feymr10.pfb>
Output written on adv_res_prop.pdf (28 pages, 290734 bytes).
PDF statistics:
 469 PDF objects out of 1000 (max. 8388607)
 108 named destinations out of 1000 (max. 500000)
 129 words of extra memory for PDF output out of 10000 (max. 10000000)

