-----------------------------------------------------------------------------------------------------
      name:  <unnamed>
       log:  /home/patrickgillespie/Documents/lin_forpatrick/Task 4/Data_Analysis/analysis/logs/resul
> ts/29_May_2012_21_06_26.log
  log type:  text
 opened on:  29 May 2012, 21:06:26

. 
. xtreg oilseedrapeuaa policy sizeclass setasideuaa ln_labour ln_ffi solvency intensity specialise i.
> year year#mscode, fe vce(cluster pid)
note: 2006.year omitted because of collinearity
note: 1999b.year#2.mscode omitted because of collinearity
note: 1999b.year#3.mscode omitted because of collinearity
note: 1999b.year#4.mscode omitted because of collinearity
note: 1999b.year#7.mscode omitted because of collinearity
note: 1999b.year#9.mscode omitted because of collinearity
note: 1999b.year#10.mscode omitted because of collinearity
note: 1999b.year#12.mscode omitted because of collinearity
note: 1999b.year#13.mscode omitted because of collinearity
note: 1999b.year#14.mscode omitted because of collinearity
note: 2000.year#6.mscode omitted because of collinearity
note: 2000.year#8.mscode omitted because of collinearity
note: 2006.year#5.mscode omitted because of collinearity
note: 2006.year#11.mscode omitted because of collinearity

Fixed-effects (within) regression               Number of obs      =     70722
Group variable: pid                             Number of groups   =     10863

R-sq:  within  = 0.0633                         Obs per group: min =         1
       between = 0.2298                                        avg =       6.5
       overall = 0.1467                                        max =         8

                                                F(105,10862)       =     11.26
corr(u_i, Xb)  = -0.5019                        Prob > F           =    0.0000

                                (Std. Err. adjusted for 10863 clusters in pid)
------------------------------------------------------------------------------
             |               Robust
oilseedrap~a |      Coef.   Std. Err.      t    P>|t|     [95% Conf. Interval]
-------------+----------------------------------------------------------------
      policy |   .2447674   1.199694     0.20   0.838    -2.106853    2.596387
   sizeclass |   .6742916   .0930997     7.24   0.000     .4917992    .8567839
 setasideuaa |  -.2512014   .0683594    -3.67   0.000    -.3851983   -.1172045
   ln_labour |   .4583004   .2502672     1.83   0.067    -.0322691    .9488698
      ln_ffi |   .0328186   .0254858     1.29   0.198    -.0171382    .0827753
    solvency |      .2947   .3428541     0.86   0.390    -.3773565    .9667566
   intensity |  -.7606308   1.064949    -0.71   0.475    -2.848124    1.326863
  specialise |   .3073011   .2665446     1.15   0.249    -.2151749     .829777
             |
        year |
       2000  |  -5.003932   1.057141    -4.73   0.000    -7.076121   -2.931743
       2001  |  -6.176303   1.150453    -5.37   0.000    -8.431401   -3.921205
       2002  |   -4.75892   1.095257    -4.35   0.000    -6.905824   -2.612015
       2003  |  -2.510173   1.091815    -2.30   0.022    -4.650331   -.3700163
       2004  |    -.86511   .8074578    -1.07   0.284    -2.447875    .7176545
       2005  |  -2.666524   .7137815    -3.74   0.000    -4.065666   -1.267382
       2006  |  (omitted)
             |
 year#mscode |
    1999  2  |  (omitted)
    1999  3  |  (omitted)
    1999  4  |  (omitted)
    1999  5  |   .7420106   1.246984     0.60   0.552    -1.702305    3.186326
    1999  6  |  -4.522322   1.069711    -4.23   0.000    -6.619151   -2.425493
    1999  7  |  (omitted)
    1999  8  |  -2.660496   1.415052    -1.88   0.060    -5.434256     .113263
    1999  9  |  (omitted)
    1999 10  |  (omitted)
    1999 11  |   2.917167   1.602321     1.82   0.069     -.223674    6.058007
    1999 12  |  (omitted)
    1999 13  |  (omitted)
    1999 14  |  (omitted)
    2000  2  |   .1345589   1.195394     0.11   0.910    -2.208631    2.477749
    2000  3  |    4.84973   1.062157     4.57   0.000     2.767708    6.931752
    2000  4  |   3.781104   1.094798     3.45   0.001     1.635101    5.927108
    2000  5  |   3.726246   1.073753     3.47   0.001     1.621495    5.830998
    2000  6  |  (omitted)
    2000  7  |   4.026935   1.168324     3.45   0.001     1.736808    6.317063
    2000  8  |  (omitted)
    2000  9  |   4.974815   1.056372     4.71   0.000     2.904134    7.045497
    2000 10  |   4.138959    1.06794     3.88   0.000     2.045601    6.232317
    2000 11  |   8.608024   1.579874     5.45   0.000     5.511183    11.70487
    2000 12  |   4.952951   1.126937     4.40   0.000     2.743949    7.161954
    2000 13  |   3.389832   1.210234     2.80   0.005     1.017551    5.762112
    2000 14  |   2.163299   1.806584     1.20   0.231    -1.377936    5.704534
    2001  2  |   2.014672   1.315293     1.53   0.126    -.5635419    4.592885
    2001  3  |   5.787072   1.157547     5.00   0.000     3.518068    8.056076
    2001  4  |   5.713195   1.181753     4.83   0.000     3.396744    8.029647
    2001  5  |   4.404906   .9088255     4.85   0.000     2.623442    6.186369
    2001  6  |   1.172735   .8343931     1.41   0.160    -.4628278    2.808298
    2001  7  |   5.008397   1.268607     3.95   0.000     2.521696    7.495098
    2001  8  |   1.928116   1.045275     1.84   0.065     -.120814    3.977046
    2001  9  |    5.91457   1.158504     5.11   0.000     3.643691    8.185448
    2001 10  |   5.541126   1.161263     4.77   0.000     3.264839    7.817413
    2001 11  |   9.911481   1.442414     6.87   0.000     7.084087    12.73887
    2001 12  |   6.127027   1.230163     4.98   0.000     3.715682    8.538371
    2001 13  |   4.330037   1.278654     3.39   0.001     1.823642    6.836431
    2001 14  |   1.030631   2.080659     0.50   0.620    -3.047841    5.109102
    2002  2  |   2.670195   1.320776     2.02   0.043     .0812336    5.259157
    2002  3  |   4.433706   1.107437     4.00   0.000     2.262927    6.604486
    2002  4  |    3.51005   1.124145     3.12   0.002     1.306522    5.713578
    2002  5  |    1.09299   .7957962     1.37   0.170    -.4669158    2.652896
    2002  6  |  -.0324509   .8644155    -0.04   0.970    -1.726863    1.661961
    2002  7  |   2.059697   1.255955     1.64   0.101    -.4022048    4.521598
    2002  8  |  -.2422163   1.043815    -0.23   0.817    -2.288284    1.803852
    2002  9  |   4.745523   1.104347     4.30   0.000     2.580801    6.910245
    2002 10  |   4.407767   1.110231     3.97   0.000     2.231512    6.584023
    2002 11  |   7.581906   1.129951     6.71   0.000     5.366996    9.796817
    2002 12  |   4.792294   1.213608     3.95   0.000     2.413401    7.171188
    2002 13  |   5.090881   1.233201     4.13   0.000     2.673583    7.508179
    2002 14  |  -3.668685   2.022293    -1.81   0.070    -7.632749    .2953786
    2003  2  |   1.179376   1.279704     0.92   0.357    -1.329078    3.687829
    2003  3  |   1.793982   1.108981     1.62   0.106    -.3798227    3.967786
    2003  4  |   1.170326   1.119953     1.04   0.296    -1.024986    3.365638
    2003  5  |  -.0155073    .810488    -0.02   0.985    -1.604212    1.573197
    2003  6  |  -1.830678   .9232529    -1.98   0.047    -3.640422   -.0209344
    2003  7  |  -1.724562   1.562152    -1.10   0.270    -4.786664     1.33754
    2003  8  |  -2.239566   1.158664    -1.93   0.053    -4.510758    .0316259
    2003  9  |   2.459864   1.095946     2.24   0.025     .3116099    4.608118
    2003 10  |   2.055067   1.116023     1.84   0.066    -.1325412    4.242676
    2003 11  |   5.606102   1.152326     4.87   0.000     3.347334    7.864871
    2003 12  |   3.850296   1.238379     3.11   0.002     1.422847    6.277745
    2003 13  |   2.112472   1.260181     1.68   0.094    -.3577132    4.582657
    2003 14  |   -.708415   1.981617    -0.36   0.721    -4.592745    3.175915
    2004  2  |  -.1673138   1.307903    -0.13   0.898    -2.731042    2.396414
    2004  3  |  -.1909201   1.115138    -0.17   0.864    -2.376795    1.994954
    2004  4  |  -.5724071    1.13238    -0.51   0.613    -2.792079    1.647265
    2004  5  |   -2.30557   .8459293    -2.73   0.006    -3.963746   -.6473947
    2004  6  |   -4.12628   .9766791    -4.22   0.000    -6.040749   -2.211811
    2004  7  |  -2.401647   1.352515    -1.78   0.076    -5.052823    .2495288
    2004  8  |  -2.660477   1.109298    -2.40   0.016    -4.834904    -.486051
    2004  9  |   .7482394   1.113898     0.67   0.502    -1.435204    2.931683
    2004 10  |   .1066853   1.130311     0.09   0.925    -2.108931    2.322302
    2004 11  |   2.907344   1.170153     2.48   0.013     .6136304    5.201058
    2004 12  |   2.359776   1.311781     1.80   0.072    -.2115536    4.931105
    2004 13  |   2.561942   1.309487     1.96   0.050    -.0048913    5.128775
    2004 14  |  -3.404131   2.031045    -1.68   0.094     -7.38535    .5770871
    2005  2  |   3.058484   1.287844     2.37   0.018     .5340745    5.582893
    2005  3  |   1.650218    1.11876     1.48   0.140    -.5427564    3.843192
    2005  4  |   1.106911   1.136125     0.97   0.330    -1.120102    3.333923
    2005  5  |   1.295494   .7426971     1.74   0.081     -.160328    2.751316
    2005  6  |  -1.713964   .9507043    -1.80   0.071    -3.577518    .1495903
    2005  7  |  -.4624501   1.274863    -0.36   0.717    -2.961414    2.036514
    2005  8  |   -1.95787   1.330972    -1.47   0.141    -4.566818    .6510785
    2005  9  |   2.621903   1.112383     2.36   0.018     .4414285    4.802377
    2005 10  |     2.3338   1.135712     2.05   0.040      .107598    4.560001
    2005 11  |   3.258645   .9343366     3.49   0.000     1.427175    5.090115
    2005 12  |   4.535743   1.261163     3.60   0.000     2.063634    7.007852
    2005 13  |   4.933363   1.337192     3.69   0.000     2.312222    7.554503
    2005 14  |   1.715305    2.03984     0.84   0.400    -2.283153    5.713764
    2006  2  |   3.935506   1.411138     2.79   0.005     1.169418    6.701595
    2006  3  |   -.892633   1.212087    -0.74   0.461    -3.268545    1.483279
    2006  4  |  -1.870635   1.234341    -1.52   0.130    -4.290169    .5488978
    2006  5  |  (omitted)
    2006  6  |  -4.428297   1.126526    -3.93   0.000    -6.636493   -2.220101
    2006  7  |  -1.090654   1.506521    -0.72   0.469    -4.043711    1.862402
    2006  8  |  -1.521211   1.402484    -1.08   0.278    -4.270335    1.227913
    2006  9  |  -.8500798   1.238845    -0.69   0.493    -3.278441    1.578282
    2006 10  |    .657752   1.235438     0.53   0.594    -1.763932    3.079436
    2006 11  |  (omitted)
    2006 12  |   3.336045   1.492119     2.24   0.025     .4112184    6.260871
    2006 13  |   3.101399   1.461369     2.12   0.034     .2368493    5.965948
    2006 14  |  -2.109302   2.162913    -0.98   0.329    -6.349006    2.130402
             |
       _cons |   6.884032   1.972843     3.49   0.000     3.016901    10.75116
-------------+----------------------------------------------------------------
     sigma_u |  44.774228
     sigma_e |  10.204237
         rho |  .95062424   (fraction of variance due to u_i)
------------------------------------------------------------------------------

. 
. xtreg oilseedrapeuaa policy sizeclass setasideuaa ln_labour ln_ffi solvency intensity specialise i.
> year year#mscode if country != "DAN", fe vce(cluster pid)
note: 2006.year omitted because of collinearity
note: 1999b.year#3.mscode omitted because of collinearity
note: 1999b.year#4.mscode omitted because of collinearity
note: 1999b.year#5.mscode omitted because of collinearity
note: 1999b.year#6.mscode omitted because of collinearity
note: 1999b.year#7.mscode omitted because of collinearity
note: 1999b.year#9.mscode omitted because of collinearity
note: 1999b.year#10.mscode omitted because of collinearity
note: 1999b.year#14.mscode omitted because of collinearity
note: 2000.year#8.mscode omitted because of collinearity
note: 2000.year#12.mscode omitted because of collinearity
note: 2006.year#11.mscode omitted because of collinearity
note: 2006.year#13.mscode omitted because of collinearity

Fixed-effects (within) regression               Number of obs      =     68270
Group variable: pid                             Number of groups   =     10440

R-sq:  within  = 0.0626                         Obs per group: min =         1
       between = 0.2388                                        avg =       6.5
       overall = 0.1564                                        max =         8

                                                F(98,10439)        =     11.24
corr(u_i, Xb)  = -0.5138                        Prob > F           =    0.0000

                                (Std. Err. adjusted for 10440 clusters in pid)
------------------------------------------------------------------------------
             |               Robust
oilseedrap~a |      Coef.   Std. Err.      t    P>|t|     [95% Conf. Interval]
-------------+----------------------------------------------------------------
      policy |   4.173621   .7523875     5.55   0.000     2.698798    5.648445
   sizeclass |   .6509954   .0930296     7.00   0.000     .4686396    .8333511
 setasideuaa |  -.2511275   .0693231    -3.62   0.000     -.387014    -.115241
   ln_labour |   .3502803   .2549028     1.37   0.169    -.1493779    .8499386
      ln_ffi |   .0339453   .0269376     1.26   0.208    -.0188575    .0867481
    solvency |   .2415281   .3441268     0.70   0.483    -.4330262    .9160824
   intensity |  -.4000102   1.079176    -0.37   0.711    -2.515402    1.715381
  specialise |   .3030892   .2618068     1.16   0.247    -.2101023    .8162807
             |
        year |
       2000  |  -4.869212   .5551022    -8.77   0.000    -5.957319   -3.781105
       2001  |  -4.161835   .6450134    -6.45   0.000    -5.426184   -2.897485
       2002  |  -2.089279   .6974729    -3.00   0.003    -3.456459   -.7220988
       2003  |  -1.331322   .6869693    -1.94   0.053    -2.677913    .0152694
       2004  |  -4.965702   .6923134    -7.17   0.000    -6.322769   -3.608636
       2005  |  -3.539115   .4824572    -7.34   0.000    -4.484823   -2.593406
       2006  |  (omitted)
             |
 year#mscode |
    1999  3  |  (omitted)
    1999  4  |  (omitted)
    1999  5  |  (omitted)
    1999  6  |  (omitted)
    1999  7  |  (omitted)
    1999  8  |  -2.511969   1.092922    -2.30   0.022    -4.654306   -.3696328
    1999  9  |  (omitted)
    1999 10  |  (omitted)
    1999 11  |   6.874675    1.30062     5.29   0.000      4.32521    9.424139
    1999 12  |  -4.813861   .6649738    -7.24   0.000    -6.117337   -3.510385
    1999 13  |   .8435594   1.129657     0.75   0.455    -1.370785    3.057904
    1999 14  |  (omitted)
    2000  3  |    4.71505   .5631878     8.37   0.000     3.611094    5.819006
    2000  4  |   3.643061   .6095404     5.98   0.000     2.448246    4.837877
    2000  5  |   2.847471   .6152411     4.63   0.000      1.64148    4.053461
    2000  6  |   4.396043   .5755327     7.64   0.000     3.267889    5.524197
    2000  7  |   3.887966   .7464719     5.21   0.000     2.424738    5.351194
    2000  8  |  (omitted)
    2000  9  |   4.838745   .5527129     8.75   0.000     3.755322    5.922168
    2000 10  |   4.001737   .5812456     6.88   0.000     2.862385     5.14109
    2000 11  |   12.42521   1.409353     8.82   0.000     9.662605    15.18781
    2000 12  |  (omitted)
    2000 13  |   4.095758    1.09472     3.74   0.000     1.949897    6.241618
    2000 14  |   2.024741   1.567359     1.29   0.196    -1.047583    5.097065
    2001  3  |   3.769506   .6572097     5.74   0.000     2.481249    5.057763
    2001  4  |   3.695352   .7027253     5.26   0.000     2.317877    5.072828
    2001  5  |   1.647124   .7107499     2.32   0.020     .2539187     3.04033
    2001  6  |   3.686579   .7738601     4.76   0.000     2.169665    5.203493
    2001  7  |    2.98879   .8400379     3.56   0.000     1.342155    4.635425
    2001  8  |    .056579   .8802869     0.06   0.949    -1.668952     1.78211
    2001  9  |   3.892136   .6607732     5.89   0.000     2.596894    5.187377
    2001 10  |   3.524781   .6697085     5.26   0.000     2.212025    4.837538
    2001 11  |    11.8456   1.330892     8.90   0.000       9.2368    14.45441
    2001 12  |  -.7101973   .6411574    -1.11   0.268    -1.966989     .546594
    2001 13  |   3.154482   1.022818     3.08   0.002     1.149563    5.159401
    2001 14  |  -.9926901    1.87621    -0.53   0.597     -4.67042     2.68504
    2002  3  |   1.765964   .7212474     2.45   0.014     .3521815    3.179747
    2002  4  |   .8372946   .7450258     1.12   0.261    -.6230984    2.297688
    2002  5  |  -2.351798   .7992997    -2.94   0.003    -3.918578   -.7850178
    2002  6  |   1.820538   .8223905     2.21   0.027     .2084955    3.432581
    2002  7  |  -.6204659   .9338562    -0.66   0.506    -2.451003    1.210071
    2002  8  |   -2.77187   .9080185    -3.05   0.002     -4.55176   -.9919802
    2002  9  |   2.065087   .7219207     2.86   0.004     .6499847     3.48019
    2002 10  |   1.731227   .7314454     2.37   0.018     .2974537    3.164999
    2002 11  |   8.851825    1.15407     7.67   0.000     6.589628    11.11402
    2002 12  |  -2.705213   .7565994    -3.58   0.000    -4.188292   -1.222133
    2002 13  |   3.262237    1.02747     3.18   0.002       1.2482    5.276274
    2002 14  |  -6.352423   1.848357    -3.44   0.001    -9.975555    -2.72929
    2003  3  |    .618101   .7172365     0.86   0.389    -.7878197    2.024022
    2003  4  |  -.0111569   .7331617    -0.02   0.988    -1.448294     1.42598
    2003  5  |  -1.969443   .7743832    -2.54   0.011    -3.487382   -.4515035
    2003  6  |   1.507135   .7769076     1.94   0.052    -.0157529    3.030022
    2003  7  |  -2.908806   1.312094    -2.22   0.027    -5.480762     -.33685
    2003  8  |  -3.280039   .9796725    -3.35   0.001    -5.200384   -1.359693
    2003  9  |   1.272133   .6991273     1.82   0.069    -.0982901    2.642557
    2003 10  |   .8614179   .7437481     1.16   0.247    -.5964706    2.319306
    2003 11  |   8.367954   1.058968     7.90   0.000     6.292174    10.44374
    2003 12  |  -2.159926   .8178704    -2.64   0.008    -3.763108   -.5567436
    2003 13  |   1.771436   .9276769     1.91   0.056    -.0469885     3.58986
    2003 14  |  -1.904378   1.805051    -1.06   0.291    -5.442623    1.633868
    2004  3  |  -.0144643   .7326604    -0.02   0.984    -1.450619     1.42169
    2004  4  |  -.4071175   .7538288    -0.54   0.589    -1.884766    1.070531
    2004  5  |  -2.911132   .8054443    -3.61   0.000    -4.489957   -1.332307
    2004  6  |   .5642558    .809957     0.70   0.486    -1.023415    2.151926
    2004  7  |  -2.234235   1.052187    -2.12   0.034    -4.296723   -.1717464
    2004  8  |  -2.345949    .943525    -2.49   0.013    -4.195439   -.4964594
    2004  9  |   .9080736   .7249397     1.25   0.210    -.5129468    2.329094
    2004 10  |   .2592656   .7631215     0.34   0.734    -1.236599     1.75513
    2004 11  |   7.027276   1.116376     6.29   0.000     4.838966    9.215586
    2004 12  |  -2.302509   .9804892    -2.35   0.019    -4.224456    -.380563
    2004 13  |   3.570833   .9612387     3.71   0.000     1.686621    5.455045
    2004 14  |  -3.249194   1.841328    -1.76   0.078    -6.858549    .3601615
    2005  3  |  -1.399608   .6933616    -2.02   0.044    -2.758729   -.0404864
    2005  4  |  -1.957237   .7277281    -2.69   0.007    -3.383724   -.5307513
    2005  5  |  -2.537715   .7734124    -3.28   0.001    -4.053751   -1.021679
    2005  6  |  -.2645992   .7819492    -0.34   0.735    -1.797369    1.268171
    2005  7  |  -3.529103   .9356791    -3.77   0.000    -5.363213   -1.694993
    2005  8  |  -4.876645    1.20667    -4.04   0.000    -7.241948   -2.511342
    2005  9  |  -.4494548   .6905442    -0.65   0.515    -1.803053    .9041439
    2005 10  |  -.7444199   .7337736    -1.01   0.310    -2.182757    .6939167
    2005 11  |   4.137011   .7689136     5.38   0.000     2.629793    5.644229
    2005 12  |  -3.357081   .8578973    -3.91   0.000    -5.038724   -1.675439
    2005 13  |    2.70098   .8207575     3.29   0.001     1.092139    4.309822
    2005 14  |  -1.362105   1.847997    -0.74   0.461    -4.984532    2.260322
    2006  3  |     -4.827    .780228    -6.19   0.000    -6.356396   -3.297604
    2006  4  |  -5.806344   .8120074    -7.15   0.000    -7.398034   -4.214655
    2006  5  |  -4.708843   .8577936    -5.49   0.000    -6.390283   -3.027404
    2006  6  |  -3.852119   .9052421    -4.26   0.000    -5.626567   -2.077672
    2006  7  |  -5.025491   1.204025    -4.17   0.000    -7.385609   -2.665373
    2006  8  |  -5.301424   1.201887    -4.41   0.000    -7.657352   -2.945497
    2006  9  |  -4.793221   .8061117    -5.95   0.000    -6.373354   -3.213088
    2006 10  |  -3.296862   .8264108    -3.99   0.000    -4.916785   -1.676939
    2006 11  |  (omitted)
    2006 12  |  -5.437069   1.125695    -4.83   0.000    -7.643647   -3.230491
    2006 13  |  (omitted)
    2006 14  |  -6.065945   1.947094    -3.12   0.002    -9.882622   -2.249269
             |
       _cons |    8.17826   1.989324     4.11   0.000     4.278806    12.07771
-------------+----------------------------------------------------------------
     sigma_u |  45.665007
     sigma_e |  10.242624
         rho |  .95209975   (fraction of variance due to u_i)
------------------------------------------------------------------------------

. 
. xtreg osrape_prop policy sizeclass setasideuaa ln_labour ln_ffi solvency intensity i.year year#msco
> de, fe vce(cluster pid)
note: 2006.year omitted because of collinearity
note: 1999b.year#2.mscode omitted because of collinearity
note: 1999b.year#3.mscode omitted because of collinearity
note: 1999b.year#4.mscode omitted because of collinearity
note: 1999b.year#7.mscode omitted because of collinearity
note: 1999b.year#9.mscode omitted because of collinearity
note: 1999b.year#10.mscode omitted because of collinearity
note: 1999b.year#12.mscode omitted because of collinearity
note: 1999b.year#13.mscode omitted because of collinearity
note: 1999b.year#14.mscode omitted because of collinearity
note: 2000.year#6.mscode omitted because of collinearity
note: 2000.year#8.mscode omitted because of collinearity
note: 2006.year#5.mscode omitted because of collinearity
note: 2006.year#11.mscode omitted because of collinearity

Fixed-effects (within) regression               Number of obs      =     70731
Group variable: pid                             Number of groups   =     10863

R-sq:  within  = 0.0381                         Obs per group: min =         1
       between = 0.0234                                        avg =       6.5
       overall = 0.0048                                        max =         8

                                                F(104,10862)       =     15.39
corr(u_i, Xb)  = -0.2567                        Prob > F           =    0.0000

                                (Std. Err. adjusted for 10863 clusters in pid)
------------------------------------------------------------------------------
             |               Robust
 osrape_prop |      Coef.   Std. Err.      t    P>|t|     [95% Conf. Interval]
-------------+----------------------------------------------------------------
      policy |   -.017746   .0073721    -2.41   0.016    -.0321967   -.0032953
   sizeclass |  -.0020562   .0009796    -2.10   0.036    -.0039763    -.000136
 setasideuaa |   -.000427   .0000481    -8.89   0.000    -.0005212   -.0003329
   ln_labour |  -.0014915   .0014369    -1.04   0.299    -.0043082    .0013252
      ln_ffi |    -.00003   .0000998    -0.30   0.764    -.0002257    .0001657
    solvency |  -.0004555   .0019612    -0.23   0.816    -.0042999    .0033888
   intensity |  -.0005149   .0089232    -0.06   0.954     -.018006    .0169761
             |
        year |
       2000  |  -.0345221   .0071186    -4.85   0.000     -.048476   -.0205683
       2001  |  -.0398478   .0075082    -5.31   0.000    -.0545652   -.0251303
       2002  |  -.0432916   .0067471    -6.42   0.000     -.056517   -.0300661
       2003  |  -.0312678   .0070546    -4.43   0.000    -.0450962   -.0174395
       2004  |  -.0027142   .0040443    -0.67   0.502    -.0106417    .0052133
       2005  |  -.0129071   .0042959    -3.00   0.003    -.0213279   -.0044863
       2006  |  (omitted)
             |
 year#mscode |
    1999  2  |  (omitted)
    1999  3  |  (omitted)
    1999  4  |  (omitted)
    1999  5  |  -.0038444   .0077117    -0.50   0.618    -.0189607    .0112719
    1999  6  |  -.0304006   .0074318    -4.09   0.000    -.0449684   -.0158329
    1999  7  |  (omitted)
    1999  8  |  -.0078664   .0150342    -0.52   0.601    -.0373361    .0216034
    1999  9  |  (omitted)
    1999 10  |  (omitted)
    1999 11  |   .0033065   .0095934     0.34   0.730    -.0154982    .0221112
    1999 12  |  (omitted)
    1999 13  |  (omitted)
    1999 14  |  (omitted)
    2000  2  |   .0169225   .0073277     2.31   0.021     .0025589    .0312861
    2000  3  |   .0306557   .0073827     4.15   0.000     .0161843    .0451271
    2000  4  |   .0226314   .0076686     2.95   0.003     .0075996    .0376632
    2000  5  |   .0163644   .0055205     2.96   0.003     .0055433    .0271855
    2000  6  |  (omitted)
    2000  7  |   .0160223   .0097278     1.65   0.100     -.003046    .0350905
    2000  8  |  (omitted)
    2000  9  |   .0345114   .0071208     4.85   0.000     .0205532    .0484695
    2000 10  |   .0152183   .0077371     1.97   0.049     .0000522    .0303845
    2000 11  |   .0410601   .0083631     4.91   0.000      .024667    .0574532
    2000 12  |   .0314909   .0089839     3.51   0.000     .0138807     .049101
    2000 13  |   .0175329   .0084766     2.07   0.039     .0009173    .0341485
    2000 14  |    .023881   .0084032     2.84   0.004     .0074091    .0403528
    2001  2  |   .0221524   .0077411     2.86   0.004     .0069784    .0373263
    2001  3  |   .0313408    .007807     4.01   0.000     .0160377    .0466439
    2001  4  |   .0315986   .0079843     3.96   0.000      .015948    .0472493
    2001  5  |   .0156252   .0052236     2.99   0.003     .0053861    .0258643
    2001  6  |  -.0009951   .0081077    -0.12   0.902    -.0168877    .0148976
    2001  7  |   .0305007   .0106864     2.85   0.004     .0095534     .051448
    2001  8  |    .011175   .0111495     1.00   0.316      -.01068    .0330301
    2001  9  |   .0376005   .0076621     4.91   0.000     .0225814    .0526195
    2001 10  |   .0238128   .0082728     2.88   0.004     .0075966    .0400291
    2001 11  |   .0445779   .0084829     5.26   0.000     .0279499    .0612059
    2001 12  |   .0360027   .0100212     3.59   0.000     .0163594     .055646
    2001 13  |   .0207636   .0088045     2.36   0.018     .0035053     .038022
    2001 14  |   .0142663   .0100665     1.42   0.156    -.0054659    .0339984
    2002  2  |   .0371025   .0069966     5.30   0.000     .0233878    .0508172
    2002  3  |   .0363915   .0070964     5.13   0.000     .0224813    .0503017
    2002  4  |   .0224306   .0073103     3.07   0.002     .0081011    .0367602
    2002  5  |   .0033498   .0044656     0.75   0.453    -.0054036    .0121033
    2002  6  |   .0043245   .0077061     0.56   0.575    -.0107808    .0194298
    2002  7  |   .0025428   .0101377     0.25   0.802     -.017329    .0224145
    2002  8  |   .0054494   .0100473     0.54   0.588    -.0142451    .0251439
    2002  9  |   .0409379   .0069198     5.92   0.000     .0273738     .054502
    2002 10  |   .0283961   .0078748     3.61   0.000     .0129601    .0438321
    2002 11  |   .0413244     .00663     6.23   0.000     .0283284    .0543204
    2002 12  |   .0368739   .0099797     3.69   0.000     .0173118    .0564359
    2002 13  |   .0400414   .0082307     4.86   0.000     .0239077     .056175
    2002 14  |   .0083784   .0094027     0.89   0.373    -.0100526    .0268093
    2003  2  |   .0250401   .0073055     3.43   0.001       .01072    .0393602
    2003  3  |   .0187034   .0074632     2.51   0.012     .0040742    .0333326
    2003  4  |   .0083244   .0075991     1.10   0.273    -.0065713    .0232201
    2003  5  |  -.0009655   .0046875    -0.21   0.837    -.0101538    .0082228
    2003  6  |  -.0051991   .0067596    -0.77   0.442    -.0184493     .008051
    2003  7  |   -.009548   .0101714    -0.94   0.348    -.0294859    .0103899
    2003  8  |  -.0038343   .0108806    -0.35   0.725    -.0251622    .0174935
    2003  9  |   .0295778   .0072191     4.10   0.000     .0154271    .0437285
    2003 10  |   .0128339   .0084383     1.52   0.128    -.0037066    .0293744
    2003 11  |   .0328563   .0071167     4.62   0.000     .0189064    .0468063
    2003 12  |   .0362805   .0101007     3.59   0.000     .0164814    .0560797
    2003 13  |   .0217561   .0088763     2.45   0.014     .0043569    .0391553
    2003 14  |   .0199041   .0096214     2.07   0.039     .0010444    .0387637
    2004  2  |   .0162464   .0071806     2.26   0.024     .0021711    .0303217
    2004  3  |   .0061878   .0073299     0.84   0.399      -.00818    .0205557
    2004  4  |  -.0013084   .0074278    -0.18   0.860    -.0158682    .0132515
    2004  5  |  -.0148072   .0043404    -3.41   0.001    -.0233152   -.0062992
    2004  6  |  -.0193822   .0079449    -2.44   0.015    -.0349556   -.0038088
    2004  7  |   -.018652   .0104217    -1.79   0.074    -.0390804    .0017765
    2004  8  |   .0098072   .0115187     0.85   0.395    -.0127715    .0323858
    2004  9  |   .0193425   .0070629     2.74   0.006      .005498    .0331871
    2004 10  |   .0006307   .0082806     0.08   0.939    -.0156008    .0168622
    2004 11  |   .0148052   .0062702     2.36   0.018     .0025145     .027096
    2004 12  |   .0323798   .0114836     2.82   0.005     .0098697    .0548898
    2004 13  |   .0273163   .0087079     3.14   0.002     .0102474    .0443853
    2004 14  |   .0042261   .0095917     0.44   0.660    -.0145754    .0230276
    2005  2  |   .0281913   .0075735     3.72   0.000      .013346    .0430367
    2005  3  |   .0164711   .0077004     2.14   0.032     .0013769    .0315653
    2005  4  |    .003679   .0078233     0.47   0.638     -.011656     .019014
    2005  5  |   .0041074    .004521     0.91   0.364    -.0047545    .0129693
    2005  6  |   .0016281    .009978     0.16   0.870    -.0179306    .0211867
    2005  7  |  -.0092207   .0106075    -0.87   0.385    -.0300132    .0115719
    2005  8  |   .0065447   .0134445     0.49   0.626     -.019809    .0328984
    2005  9  |   .0294962   .0074838     3.94   0.000     .0148266    .0441658
    2005 10  |   .0159294   .0087489     1.82   0.069    -.0012201    .0330789
    2005 11  |   .0176082   .0066712     2.64   0.008     .0045313     .030685
    2005 12  |   .0438752   .0110271     3.98   0.000     .0222601    .0654904
    2005 13  |   .0406527   .0092049     4.42   0.000     .0226093     .058696
    2005 14  |   .0233323   .0098236     2.38   0.018     .0040763    .0425884
    2006  2  |   .0330918   .0077163     4.29   0.000     .0179665    .0482171
    2006  3  |   .0078434   .0077675     1.01   0.313    -.0073823     .023069
    2006  4  |  -.0127344   .0078973    -1.61   0.107    -.0282145    .0027457
    2006  5  |  (omitted)
    2006  6  |  -.0156869   .0076625    -2.05   0.041    -.0307067    -.000667
    2006  7  |  -.0144852   .0108048    -1.34   0.180    -.0356644    .0066941
    2006  8  |   .0064623   .0143866     0.45   0.653     -.021738    .0346626
    2006  9  |   .0159693    .007573     2.11   0.035      .001125    .0308137
    2006 10  |   .0186617   .0089528     2.08   0.037     .0011125    .0362109
    2006 11  |  (omitted)
    2006 12  |   .0428079   .0110883     3.86   0.000     .0210729     .064543
    2006 13  |   .0374154   .0096323     3.88   0.000     .0185343    .0562965
    2006 14  |   .0090305   .0102231     0.88   0.377    -.0110086    .0290696
             |
       _cons |   .1171212   .0120495     9.72   0.000     .0935019    .1407405
-------------+----------------------------------------------------------------
     sigma_u |  .09606927
     sigma_e |  .05441912
         rho |  .75707464   (fraction of variance due to u_i)
------------------------------------------------------------------------------

. 
. xtreg osrape_prop policy sizeclass setasideuaa ln_labour ln_ffi solvency intensity i.year year#msco
> de if country != "DAN", fe vce(cluster pid)
note: 2006.year omitted because of collinearity
note: 1999b.year#3.mscode omitted because of collinearity
note: 1999b.year#4.mscode omitted because of collinearity
note: 1999b.year#5.mscode omitted because of collinearity
note: 1999b.year#6.mscode omitted because of collinearity
note: 1999b.year#7.mscode omitted because of collinearity
note: 1999b.year#9.mscode omitted because of collinearity
note: 1999b.year#10.mscode omitted because of collinearity
note: 1999b.year#14.mscode omitted because of collinearity
note: 2000.year#8.mscode omitted because of collinearity
note: 2000.year#12.mscode omitted because of collinearity
note: 2006.year#11.mscode omitted because of collinearity
note: 2006.year#13.mscode omitted because of collinearity

Fixed-effects (within) regression               Number of obs      =     68279
Group variable: pid                             Number of groups   =     10440

R-sq:  within  = 0.0375                         Obs per group: min =         1
       between = 0.0269                                        avg =       6.5
       overall = 0.0056                                        max =         8

                                                F(97,10439)        =     15.56
corr(u_i, Xb)  = -0.2559                        Prob > F           =    0.0000

                                (Std. Err. adjusted for 10440 clusters in pid)
------------------------------------------------------------------------------
             |               Robust
 osrape_prop |      Coef.   Std. Err.      t    P>|t|     [95% Conf. Interval]
-------------+----------------------------------------------------------------
      policy |   .0153507   .0022977     6.68   0.000     .0108468    .0198547
   sizeclass |  -.0021024   .0009913    -2.12   0.034    -.0040455   -.0001593
 setasideuaa |  -.0004186   .0000479    -8.73   0.000    -.0005125   -.0003246
   ln_labour |  -.0016693   .0014582    -1.14   0.252    -.0045276    .0011891
      ln_ffi |  -.0000445   .0001037    -0.43   0.668    -.0002477    .0001587
    solvency |  -.0002641   .0019639    -0.13   0.893    -.0041137    .0035856
   intensity |   .0011194   .0090923     0.12   0.902    -.0167032    .0189419
             |
        year |
       2000  |  -.0175859   .0017523   -10.04   0.000    -.0210207    -.014151
       2001  |  -.0176904   .0018932    -9.34   0.000    -.0214016   -.0139793
       2002  |  -.0062166   .0019031    -3.27   0.001    -.0099471   -.0024862
       2003  |  -.0062595    .001949    -3.21   0.001    -.0100799    -.002439
       2004  |  -.0195707   .0017695   -11.06   0.000    -.0230393   -.0161022
       2005  |  -.0178045   .0016558   -10.75   0.000    -.0210502   -.0145589
       2006  |  (omitted)
             |
 year#mscode |
    1999  3  |  (omitted)
    1999  4  |  (omitted)
    1999  5  |  (omitted)
    1999  6  |  (omitted)
    1999  7  |  (omitted)
    1999  8  |   .0090919   .0133486     0.68   0.496    -.0170739    .0352578
    1999  9  |  (omitted)
    1999 10  |  (omitted)
    1999 11  |   .0364457   .0065237     5.59   0.000      .023658    .0492334
    1999 12  |  -.0145779   .0057362    -2.54   0.011     -.025822   -.0033338
    1999 13  |  -.0043729   .0066226    -0.66   0.509    -.0173544    .0086087
    1999 14  |  (omitted)
    2000  3  |   .0137255   .0026258     5.23   0.000     .0085783    .0188726
    2000  4  |   .0056999    .003332     1.71   0.087    -.0008314    .0122311
    2000  5  |   .0032625   .0024849     1.31   0.189    -.0016084    .0081334
    2000  6  |   .0134942   .0027609     4.89   0.000     .0080823    .0189061
    2000  7  |  -.0009224   .0068635    -0.13   0.893    -.0143761    .0125313
    2000  8  |  (omitted)
    2000  9  |   .0175876   .0017492    10.05   0.000     .0141589    .0210164
    2000 10  |  -.0017259   .0034996    -0.49   0.622    -.0085858    .0051341
    2000 11  |   .0572638   .0068622     8.34   0.000     .0438125    .0707151
    2000 12  |  (omitted)
    2000 13  |  -.0037398    .006418    -0.58   0.560    -.0163203    .0088407
    2000 14  |   .0069387   .0047961     1.45   0.148    -.0024626      .01634
    2001  3  |   .0091864   .0028509     3.22   0.001     .0035981    .0147748
    2001  4  |   .0094353   .0032965     2.86   0.004     .0029735     .015897
    2001  5  |  -.0027111    .002667    -1.02   0.309     -.007939    .0025167
    2001  6  |   .0072663   .0078566     0.92   0.355    -.0081341    .0226668
    2001  7  |   .0083399   .0078345     1.06   0.287    -.0070171     .023697
    2001  8  |   .0059752    .010279     0.58   0.561    -.0141737     .026124
    2001  9  |   .0154554    .002403     6.43   0.000     .0107451    .0201657
    2001 10  |   .0016607   .0039594     0.42   0.675    -.0061005     .009422
    2001 11  |   .0555264   .0072222     7.69   0.000     .0413695    .0696834
    2001 12  |  -.0007227   .0071595    -0.10   0.920    -.0147567    .0133114
    2001 13  |  -.0057319   .0064467    -0.89   0.374    -.0183686    .0069049
    2001 14  |  -.0079617   .0069749    -1.14   0.254    -.0216339    .0057105
    2002  3  |  -.0006749   .0029027    -0.23   0.816    -.0063646    .0050149
    2002  4  |  -.0146556   .0034002    -4.31   0.000    -.0213207   -.0079905
    2002  5  |  -.0299555   .0027956   -10.72   0.000    -.0354354   -.0244756
    2002  6  |  -.0023339   .0073616    -0.32   0.751    -.0167641    .0120963
    2002  7  |  -.0345435   .0078008    -4.43   0.000    -.0498346   -.0192524
    2002  8  |   -.014674   .0092605    -1.58   0.113    -.0328263    .0034784
    2002  9  |   .0038292   .0024216     1.58   0.114    -.0009175     .008576
    2002 10  |  -.0086963   .0044813    -1.94   0.052    -.0174804    .0000879
    2002 11  |   .0373229   .0054592     6.84   0.000     .0266218     .048024
    2002 12  |  -.0147695   .0075184    -1.96   0.050     -.029507   -.0000319
    2002 13  |  -.0013649   .0059959    -0.23   0.820     -.013118    .0103883
    2002 14  |  -.0287177   .0068085    -4.22   0.000    -.0420636   -.0153718
    2003  3  |  -.0062969   .0031153    -2.02   0.043    -.0124035   -.0001903
    2003  4  |  -.0166859   .0034252    -4.87   0.000       -.0234   -.0099718
    2003  5  |  -.0222025    .002788    -7.96   0.000    -.0276675   -.0167376
    2003  6  |    .000182   .0056396     0.03   0.974    -.0108726    .0112366
    2003  7  |  -.0345945   .0075865    -4.56   0.000    -.0494654   -.0197236
    2003  8  |  -.0119022   .0098453    -1.21   0.227    -.0312009    .0073965
    2003  9  |   .0045675   .0024403     1.87   0.061     -.000216    .0093511
    2003 10  |  -.0121836   .0050316    -2.42   0.015    -.0220465   -.0023206
    2003 11  |    .040896   .0058884     6.95   0.000     .0293535    .0524384
    2003 12  |  -.0033152   .0074915    -0.44   0.658        -.018    .0113697
    2003 13  |  -.0075741   .0065861    -1.15   0.250     -.020484    .0053358
    2003 14  |  -.0051211   .0068159    -0.75   0.452    -.0184817    .0082394
    2004  3  |  -.0100397   .0032653    -3.07   0.002    -.0164403   -.0036391
    2004  4  |   -.017557   .0034765    -5.05   0.000    -.0243717   -.0107424
    2004  5  |  -.0272763   .0029809    -9.15   0.000    -.0331193   -.0214332
    2004  6  |   -.005204   .0073137    -0.71   0.477    -.0195403    .0091323
    2004  7  |  -.0348964   .0081033    -4.31   0.000    -.0507803   -.0190124
    2004  8  |   .0105265   .0105514     1.00   0.318    -.0101562    .0312092
    2004  9  |   .0030444   .0025987     1.17   0.241    -.0020495    .0081383
    2004 10  |  -.0156253   .0050596    -3.09   0.002    -.0255431   -.0057075
    2004 11  |   .0316371   .0051084     6.19   0.000     .0216236    .0416505
    2004 12  |   .0015542    .008833     0.18   0.860    -.0157601    .0188685
    2004 13  |    .006749   .0056961     1.18   0.236    -.0044164    .0179144
    2004 14  |  -.0120228   .0069936    -1.72   0.086    -.0257317    .0016861
    2005  3  |  -.0117144   .0031434    -3.73   0.000     -.017876   -.0055527
    2005  4  |  -.0245458   .0034452    -7.12   0.000     -.031299   -.0177925
    2005  5  |  -.0203355   .0029473    -6.90   0.000    -.0261127   -.0145583
    2005  6  |    .003807   .0078194     0.49   0.626    -.0115205    .0191345
    2005  7  |  -.0374339   .0079475    -4.71   0.000    -.0530125   -.0218554
    2005  8  |  -.0046918    .012603    -0.37   0.710    -.0293961    .0200124
    2005  9  |   .0012769   .0025166     0.51   0.612    -.0036562    .0062099
    2005 10  |  -.0122938   .0052232    -2.35   0.019    -.0225324   -.0020553
    2005 11  |   .0225253   .0053548     4.21   0.000     .0120289    .0330218
    2005 12  |   .0010684   .0085258     0.13   0.900    -.0156438    .0177806
    2005 13  |   .0081199   .0056162     1.45   0.148     -.002889    .0191288
    2005 14  |   -.004871   .0068581    -0.71   0.478    -.0183142    .0085721
    2006  3  |   -.025262   .0033686    -7.50   0.000    -.0318651   -.0186589
    2006  4  |  -.0458501   .0036254   -12.65   0.000    -.0529566   -.0387435
    2006  5  |  -.0293282   .0032691    -8.97   0.000    -.0357363   -.0229201
    2006  6  |  -.0183954   .0068422    -2.69   0.007    -.0318074   -.0049835
    2006  7  |  -.0475997   .0082409    -5.78   0.000    -.0637535   -.0314459
    2006  8  |  -.0096477   .0135866    -0.71   0.478      -.03628    .0169847
    2006  9  |  -.0171123   .0028209    -6.07   0.000    -.0226418   -.0115827
    2006 10  |  -.0144623   .0055841    -2.59   0.010    -.0254082   -.0035164
    2006 11  |  (omitted)
    2006 12  |  -.0048915   .0087234    -0.56   0.575     -.021991     .012208
    2006 13  |  (omitted)
    2006 14  |  -.0240504   .0074361    -3.23   0.001    -.0386267   -.0094742
             |
       _cons |   .1175557   .0121561     9.67   0.000     .0937274    .1413839
-------------+----------------------------------------------------------------
     sigma_u |  .09727112
     sigma_e |  .05442011
         rho |  .76161188   (fraction of variance due to u_i)
------------------------------------------------------------------------------

. STOP!!
unrecognized command:  STOP
r(199);

end of do-file
r(199);

end of do-file

r(199);

. graph bar energycropsuaa oilseedrapeuaa if country=="DAN" [pweight=farmsrepresented], over(year)

. graph bar energycropsuaa oilseedrapeuaa [pweight=farmsrepresented], over(year)

. graph bar energycropsuaa oilseedrapeuaa if country !="OST"[pweight=farmsrepresented], over(year)

. graph bar energycropsuaa oilseedrapeuaa if [country !="OST" & energycropsuaa > 0] [pweight=farmsrep
> resented], over(year)

. graph save Graph "/home/patrickgillespie/Documents/projects/tg_5818/o_e_series.gph"
(file /home/patrickgillespie/Documents/projects/tg_5818/o_e_series.gph saved)
graph export "/home/patrickgillespie/Documents/projects/tg_5818/o_e_series.pdf"
Stata for Unix cannot create pdf files
r(198);

. graph export "/home/patrickgillespie/Documents/projects/tg_5818/o_e_series.emf"
Stata for Unix cannot create emf files
r(198);

. graph export "/home/patrickgillespie/Documents/projects/tg_5818/o_e_series.png"
(file /home/patrickgillespie/Documents/projects/tg_5818/o_e_series.png written in PNG format)

. graph bar totaluaa adopt [pweight = farmsrepresented], over(year)

. graph bar totaluaa adopt [pweight = farmsrepresented], over(year adopt)
too many variables specified
r(103);

. graph bar totaluaa adopt [pweight = farmsrepresented], over(year) over(adopt)
adopt may not be both target and by()
r(198);

. graph bar totaluaa [pweight = farmsrepresented], over(year) over(adopt)

. graph bar totaluaa [pweight = farmsrepresented], over(year) over(adopt, asyvars)
option asyvars not allowed
r(198);

. graph bar totaluaa [pweight = farmsrepresented], over(adopt) over(year) asyvars

. graph save Graph "/home/patrickgillespie/Documents/projects/tg_5818/ec_size.gph"
(file /home/patrickgillespie/Documents/projects/tg_5818/ec_size.gph saved)
graph export "/home/patrickgillespie/Documents/projects/tg_5818/ec_size.png"
(file /home/patrickgillespie/Documents/projects/tg_5818/ec_size.png written in PNG format)

. tabstat familyfarmincome labourinputhours intensity specialise setasideuaa [weight = farmsrepresent
> ed], stats(mean) over(adopt) over(sizeclass) 
(analytic weights assumed)
option over() not allowed
r(198);

. tabstat familyfarmincome labourinputhours intensity specialise setasideuaa [weight = farmsrepresent
> ed], stats(mean) by(adopt sizeclass)
(analytic weights assumed)
by():  too many variables specified
r(103);

. help tabstat

. tabstat familyfarmincome labourinputhours intensity specialise setasideuaa [weight = farmsrepresent
> ed], stats(mean) by(sizeclass)
(analytic weights assumed)

Summary statistics: mean
  by categories of: sizeclass (Size Class)

sizeclass |  family~e  labour~s  intens~y  specia~e  setasi~a
----------+--------------------------------------------------
        1 |  3825.919      1920  .0083276         1         0
        2 |  4464.828  1658.999  .0407892  .8790997  .2828913
        3 |  3779.038  1769.439  .0544771  .8728276  1.085666
        4 |  5878.232  1882.979  .0574194  .8823848  1.130473
        5 |  7074.962  2063.206   .067023   .847239  1.788413
        6 |  9779.822  2269.445  .0724092  .8170062  2.622559
        7 |  15420.61  2666.187  .0782159  .7296269  4.658199
        8 |  28584.32  3188.498  .0742406  .6623059  7.471729
        9 |  51485.35  4681.304  .0693454  .6641107  11.11838
       10 |  80898.65  16978.78  .0718197  .7075666  35.58657
----------+--------------------------------------------------
    Total |  20254.68  3023.227  .0695078  .7545184  5.425513
-------------------------------------------------------------

. tabstat familyfarmincome labourinputhours intensity specialise setasideuaa if adopt=0 [weight = far
> msrepresented], stats(mean) by(sizeclass)
too many weights
r(198);

. tabstat familyfarmincome labourinputhours intensity specialise setasideuaa if adopt=0 [aweight = fa
> rmsrepresented], stats(mean) by(sizeclass)
too many weights
r(198);

. help tabstat

. tabstat familyfarmincome labourinputhours intensity specialise setasideuaa if adopt==0 [aweight = f
> armsrepresented], stats(mean) by(sizeclass)

Summary statistics: mean
  by categories of: sizeclass (Size Class)

sizeclass |  family~e  labour~s  intens~y  specia~e  setasi~a
----------+--------------------------------------------------
        1 |  3825.919      1920  .0083276         1         0
        2 |  4491.182  1640.989  .0409324  .8796317  .2855947
        3 |  3800.861   1767.63  .0538572  .8730802  1.099049
        4 |  5885.986  1878.478  .0573523  .8834149  1.133202
        5 |  7094.797  2063.088  .0669229  .8473706  1.792352
        6 |  9784.163  2272.628  .0723189  .8172394  2.635768
        7 |  15439.72  2668.075  .0781227  .7305167  4.677622
        8 |  28678.78  3200.539  .0742856  .6626123  7.534452
        9 |  51493.46  4706.193  .0693981  .6630265  11.27754
       10 |  81380.93  16778.07  .0719017  .7102373  35.35654
----------+--------------------------------------------------
    Total |  20122.64  3011.524  .0694168  .7557009  5.418019
-------------------------------------------------------------

. tabstat familyfarmincome labourinputhours intensity specialise setasideuaa if adopt==1 [aweight = f
> armsrepresented], stats(mean) by(sizeclass)

Summary statistics: mean
  by categories of: sizeclass (Size Class)

sizeclass |  family~e  labour~s  intens~y  specia~e  setasi~a
----------+--------------------------------------------------
        2 |  1707.124  3543.496   .025813  .8235252         0
        3 |  2008.674  1916.217  .1047635  .8523366         0
        4 |  3450.101  3292.382  .0784413  .5597893  .2760083
        5 |  2012.273  2093.285  .0925586  .8136606  .7830507
        6 |  8987.543  1688.473  .0888988  .7744679  .2113702
        7 |  13828.22  2508.868  .0859853  .6554775  3.039641
        8 |  24712.63  2694.983  .0723934  .6497499  4.900845
        9 |  51302.12  4119.207  .0681552  .6885965  7.523869
       10 |  63680.16  24144.28  .0688905  .6122167  43.79898
----------+--------------------------------------------------
    Total |  28302.18   3736.56   .075057  .6824624  5.882275
-------------------------------------------------------------

