--------------------------------------------------------------------------------
      name:  <unnamed>
       log:  /home/patrickgillespie/Documents/lin_forpatrick/Task 4/Data_Analysi
> s/analysis/logs/results/6_May_2012_16_03_18.log
  log type:  text
 opened on:   6 May 2012, 16:03:18

. 
. 
. xtreg osrape_prop energydum farmsrepresented  sizeclass setasideuaa ln_labour 
> ln_ffi solvency specialise intensity ln_c_ret_ha i.year year#mscode, fe
note: 2007.year omitted because of collinearity
note: 1999b.year#5.mscode omitted because of collinearity
note: 1999b.year#7.mscode omitted because of collinearity
note: 1999b.year#8.mscode omitted because of collinearity
note: 1999b.year#21.mscode omitted because of collinearity
note: 2000.year#23.mscode omitted because of collinearity
note: 2002.year#24.mscode omitted because of collinearity
note: 2003.year#13.mscode omitted because of collinearity
note: 2003.year#19.mscode omitted because of collinearity
note: 2004.year#9.mscode omitted because of collinearity
note: 2004.year#16.mscode omitted because of collinearity
note: 2004.year#20.mscode omitted because of collinearity
note: 2004.year#25.mscode omitted because of collinearity
note: 2004.year#26.mscode omitted because of collinearity
note: 2005.year#15.mscode omitted because of collinearity
note: 2007.year#2.mscode omitted because of collinearity
note: 2007.year#3.mscode omitted because of collinearity
note: 2007.year#4.mscode omitted because of collinearity
note: 2007.year#6.mscode omitted because of collinearity
note: 2007.year#10.mscode omitted because of collinearity
note: 2007.year#11.mscode omitted because of collinearity
note: 2007.year#12.mscode omitted because of collinearity
note: 2007.year#14.mscode omitted because of collinearity
note: 2007.year#18.mscode omitted because of collinearity
note: 2007.year#22.mscode omitted because of collinearity
note: 2007.year#27.mscode omitted because of collinearity

Fixed-effects (within) regression               Number of obs      =    190730
Group variable: pid                             Number of groups   =     61204

R-sq:  within  = 0.0347                         Obs per group: min =         1
       between = 0.0050                                        avg =       3.1
       overall = 0.0051                                        max =         9

                                                F(156,129370)      =     29.85
corr(u_i, Xb)  = -0.2546                        Prob > F           =    0.0000

------------------------------------------------------------------------------
 osrape_prop |      Coef.   Std. Err.      t    P>|t|     [95% Conf. Interval]
-------------+----------------------------------------------------------------
   energydum |  -.0202957   1834.719    -0.00   1.000    -3596.036    3595.996
farmsrepre~d |  -2.32e-06   2.88e-06    -0.81   0.420    -7.96e-06    3.32e-06
   sizeclass |  -.0014637    .000407    -3.60   0.000    -.0022614    -.000666
 setasideuaa |  -.0003189   .0000208   -15.29   0.000    -.0003597    -.000278
   ln_labour |   .0005296   .0007872     0.67   0.501    -.0010133    .0020726
      ln_ffi |   -.000168   .0000702    -2.39   0.017    -.0003055   -.0000305
    solvency |   .0005403   .0013413     0.40   0.687    -.0020886    .0031692
  specialise |   .0009034   .0008169     1.11   0.269    -.0006976    .0025045
   intensity |   .0027482   .0038635     0.71   0.477    -.0048242    .0103205
 ln_c_ret_ha |   .0043528   .0006503     6.69   0.000     .0030783    .0056273
             |
        year |
       2000  |  -.0166862    .005418    -3.08   0.002    -.0273054   -.0060669
       2001  |  -.0196726   .0056069    -3.51   0.000    -.0306619   -.0086833
       2002  |  -.0192334   .0056485    -3.41   0.001    -.0303043   -.0081624
       2003  |  -.0209884    .005653    -3.71   0.000    -.0320681   -.0099086
       2004  |  -.0044978   .0058251    -0.77   0.440     -.015915    .0069194
       2005  |  -.0025765   .0056973    -0.45   0.651    -.0137432    .0085901
       2006  |   .0014095   .0055453     0.25   0.799    -.0094591    .0122781
       2007  |  (omitted)
             |
 year#mscode |
    1999  2  |  (empty)  
    1999  3  |  (empty)  
    1999  4  |  (empty)  
    1999  5  |  (omitted)
    1999  6  |  -.0178945   1834.719    -0.00   1.000    -3596.034    3595.998
    1999  7  |  (omitted)
    1999  8  |  (omitted)
    1999  9  |  (empty)  
    1999 10  |  -.0124437   1834.719    -0.00   1.000    -3596.028    3596.004
    1999 11  |  (empty)  
    1999 12  |  -.0172365   1834.719    -0.00   1.000    -3596.033    3595.999
    1999 13  |   .0051594   .0060738     0.85   0.396    -.0067451    .0170639
    1999 14  |  (empty)  
    1999 15  |  -.0137261   1834.719    -0.00   1.000     -3596.03    3596.002
    1999 16  |  (empty)  
    1999 18  |  -.0186377   1834.719    -0.00   1.000    -3596.035    3595.997
    1999 19  |  -.0032968   .0068982    -0.48   0.633    -.0168171    .0102236
    1999 20  |  (empty)  
    1999 21  |  (omitted)
    1999 22  |  (empty)  
    1999 23  |  -.0131165   .0076245    -1.72   0.085    -.0280604    .0018273
    1999 24  |  -.0155735   .0073775    -2.11   0.035    -.0300332   -.0011137
    1999 25  |  (empty)  
    1999 26  |  (empty)  
    1999 27  |   .0024724   1834.719     0.00   1.000    -3596.014    3596.019
    2000  2  |  (empty)  
    2000  3  |  (empty)  
    2000  4  |  (empty)  
    2000  5  |  -.0109151   .0065726    -1.66   0.097    -.0237973    .0019672
    2000  6  |  -.0163263   1834.719    -0.00   1.000    -3596.032        3596
    2000  7  |   .0094977   .0058092     1.63   0.102    -.0018883    .0208837
    2000  8  |   .0031603   .0057121     0.55   0.580    -.0080353    .0143558
    2000  9  |  (empty)  
    2000 10  |  -.0097133   1834.719    -0.00   1.000    -3596.026    3596.006
    2000 11  |  (empty)  
    2000 12  |  -.0046941   1834.719    -0.00   1.000    -3596.021    3596.011
    2000 13  |   .0228556   .0059352     3.85   0.000     .0112227    .0344885
    2000 14  |  (empty)  
    2000 15  |  -.0182632   1834.719    -0.00   1.000    -3596.034    3595.998
    2000 16  |  (empty)  
    2000 18  |   -.001826   1834.719    -0.00   1.000    -3596.018    3596.014
    2000 19  |  -.0036745   .0067653    -0.54   0.587    -.0169343    .0095853
    2000 20  |  (empty)  
    2000 21  |   .0253382   .0079948     3.17   0.002     .0096685    .0410078
    2000 22  |  (empty)  
    2000 23  |  (omitted)
    2000 24  |  -.0163674   .0071547    -2.29   0.022    -.0303904   -.0023444
    2000 25  |  (empty)  
    2000 26  |  (empty)  
    2000 27  |  -.0169118   1834.719    -0.00   1.000    -3596.033    3595.999
    2001  2  |  (empty)  
    2001  3  |  (empty)  
    2001  4  |  (empty)  
    2001  5  |  -.0176254   .0067945    -2.59   0.009    -.0309426   -.0043082
    2001  6  |  -.0138686   1834.719    -0.00   1.000     -3596.03    3596.002
    2001  7  |   .0084468   .0060126     1.40   0.160    -.0033377    .0202314
    2001  8  |   .0120954   .0058944     2.05   0.040     .0005426    .0236483
    2001  9  |  (empty)  
    2001 10  |  -.0134701   1834.719    -0.00   1.000     -3596.03    3596.003
    2001 11  |  (empty)  
    2001 12  |  -.0118428   1834.719    -0.00   1.000    -3596.028    3596.004
    2001 13  |   .0263631   .0059461     4.43   0.000     .0147089    .0380173
    2001 14  |  (empty)  
    2001 15  |   -.008481   1834.719    -0.00   1.000    -3596.025    3596.008
    2001 16  |  (empty)  
    2001 18  |     -.0007   1834.719    -0.00   1.000    -3596.017    3596.015
    2001 19  |   .0025408   .0067519     0.38   0.707    -.0106927    .0157744
    2001 20  |  (empty)  
    2001 21  |   .0193372   .0083815     2.31   0.021     .0029097    .0357648
    2001 22  |  (empty)  
    2001 23  |    .002639   .0076537     0.34   0.730    -.0123621    .0176401
    2001 24  |  -.0123595   .0071282    -1.73   0.083    -.0263306    .0016117
    2001 25  |  (empty)  
    2001 26  |  (empty)  
    2001 27  |  -.0142738   1834.719    -0.00   1.000     -3596.03    3596.002
    2002  2  |  (empty)  
    2002  3  |  (empty)  
    2002  4  |  (empty)  
    2002  5  |  -.0192169   .0068964    -2.79   0.005    -.0327336   -.0057001
    2002  6  |  -.0024247   1834.719    -0.00   1.000    -3596.018    3596.014
    2002  7  |   .0078302   .0060859     1.29   0.198     -.004098    .0197584
    2002  8  |    .000108   .0059596     0.02   0.986    -.0115728    .0117887
    2002  9  |  (empty)  
    2002 10  |  -.0296214   1834.719    -0.00   1.000    -3596.046    3595.986
    2002 11  |  (empty)  
    2002 12  |  -.0076293   1834.719    -0.00   1.000    -3596.024    3596.008
    2002 13  |   .0018372   .0057235     0.32   0.748    -.0093808    .0130552
    2002 14  |  (empty)  
    2002 15  |  -.0106043   1834.719    -0.00   1.000    -3596.027    3596.005
    2002 16  |  (empty)  
    2002 18  |   -.000805   1834.719    -0.00   1.000    -3596.017    3596.015
    2002 19  |   .0027825   .0065483     0.42   0.671    -.0100521    .0156171
    2002 20  |  (empty)  
    2002 21  |   .0136826   .0085992     1.59   0.112    -.0031717    .0305369
    2002 22  |  (empty)  
    2002 23  |   .0004839   .0076385     0.06   0.949    -.0144874    .0154552
    2002 24  |  (omitted)
    2002 25  |  (empty)  
    2002 26  |  (empty)  
    2002 27  |  -.0230828   1834.719    -0.00   1.000    -3596.039    3595.993
    2003  2  |  (empty)  
    2003  3  |  (empty)  
    2003  4  |  (empty)  
    2003  5  |  -.0081782   .0069572    -1.18   0.240    -.0218142    .0054578
    2003  6  |  -.0022008   1834.719    -0.00   1.000    -3596.018    3596.014
    2003  7  |   .0041129   .0061072     0.67   0.501    -.0078572    .0160829
    2003  8  |  -.0014276    .005981    -0.24   0.811    -.0131503     .010295
    2003  9  |  (empty)  
    2003 10  |  -.0188331   1834.719    -0.00   1.000    -3596.035    3595.997
    2003 11  |  (empty)  
    2003 12  |  -.0056142   1834.719    -0.00   1.000    -3596.022     3596.01
    2003 13  |  (omitted)
    2003 14  |  (empty)  
    2003 15  |  -.0096618   1834.719    -0.00   1.000    -3596.026    3596.006
    2003 16  |  (empty)  
    2003 18  |   .0000159   1834.719     0.00   1.000    -3596.016    3596.016
    2003 19  |  (omitted)
    2003 20  |  (empty)  
    2003 21  |     .01534   .0089774     1.71   0.088    -.0022556    .0329356
    2003 22  |  (empty)  
    2003 23  |   .0103513   .0076519     1.35   0.176    -.0046462    .0253489
    2003 24  |  -.0030143   .0070597    -0.43   0.669    -.0168511    .0108226
    2003 25  |  (empty)  
    2003 26  |  (empty)  
    2003 27  |  -.0011485   1834.719    -0.00   1.000    -3596.017    3596.015
    2004  2  |  (empty)  
    2004  3  |   .0208306   .0171354     1.22   0.224    -.0127546    .0544157
    2004  4  |  -.0174103   .0068555    -2.54   0.011     -.030847   -.0039737
    2004  5  |    .008656   1834.719     0.00   1.000    -3596.007    3596.025
    2004  6  |   .0054519   .0060843     0.90   0.370    -.0064732     .017377
    2004  7  |   .0054493   1834.719     0.00   1.000    -3596.011    3596.022
    2004  8  |   .0044895   1834.719     0.00   1.000    -3596.012    3596.021
    2004  9  |  (omitted)
    2004 10  |  -.0179574   .0060866    -2.95   0.003    -.0298871   -.0060278
    2004 11  |   -.030521   .0064184    -4.76   0.000    -.0431008   -.0179411
    2004 12  |  -.0045295   .0105977    -0.43   0.669    -.0253008    .0162417
    2004 13  |   .0000987   1834.719     0.00   1.000    -3596.016    3596.016
    2004 14  |  -.0417843    .007329    -5.70   0.000    -.0561489   -.0274196
    2004 15  |     .00849   .0126818     0.67   0.503    -.0163662    .0333462
    2004 16  |  (omitted)
    2004 18  |   .0048877   .0087614     0.56   0.577    -.0122846      .02206
    2004 19  |   .0047492   1834.719     0.00   1.000    -3596.011    3596.021
    2004 20  |  (omitted)
    2004 21  |   .0162667   1834.719     0.00   1.000        -3596    3596.032
    2004 22  |  (empty)  
    2004 23  |   .0194007   1834.719     0.00   1.000    -3595.997    3596.035
    2004 24  |   .0168365   1834.719     0.00   1.000    -3595.999    3596.033
    2004 25  |  (omitted)
    2004 26  |  (omitted)
    2004 27  |   .0005709   .0067337     0.08   0.932    -.0126271    .0137688
    2005  2  |  (empty)  
    2005  3  |   .0035448   .0143802     0.25   0.805    -.0246401    .0317296
    2005  4  |  -.0159484   .0066383    -2.40   0.016    -.0289594   -.0029373
    2005  5  |  -.0024606   1834.719    -0.00   1.000    -3596.019    3596.014
    2005  6  |   .0048353   .0059478     0.81   0.416    -.0068222    .0164928
    2005  7  |   .0045851   1834.719     0.00   1.000    -3596.011    3596.021
    2005  8  |  -.0003994   1834.719    -0.00   1.000    -3596.016    3596.016
    2005  9  |  -.0126212   .0078893    -1.60   0.110    -.0280841    .0028417
    2005 10  |   -.011084   .0059556    -1.86   0.063    -.0227569    .0005889
    2005 11  |   .0002479   .0062946     0.04   0.969    -.0120894    .0125852
    2005 12  |  -.0025431   .0107527    -0.24   0.813    -.0236181    .0185319
    2005 13  |   .0027218   1834.719     0.00   1.000    -3596.013    3596.019
    2005 14  |  -.0434745   .0069385    -6.27   0.000    -.0570739   -.0298751
    2005 15  |  (omitted)
    2005 16  |    .014263   .0072146     1.98   0.048     .0001224    .0284035
    2005 18  |   .0036404   .0086503     0.42   0.674     -.013314    .0205948
    2005 19  |   .0084448   1834.719     0.00   1.000    -3596.008    3596.024
    2005 20  |  -.0035788   .0056825    -0.63   0.529    -.0147163    .0075588
    2005 21  |   .0059744   1834.719     0.00   1.000     -3596.01    3596.022
    2005 22  |  (empty)  
    2005 23  |   .0194391   1834.719     0.00   1.000    -3595.997    3596.035
    2005 24  |   .0200129   1834.719     0.00   1.000    -3595.996    3596.036
    2005 25  |    .017696   .0070595     2.51   0.012     .0038595    .0315324
    2005 26  |  -.0072659   .0137621    -0.53   0.598    -.0342395    .0197076
    2005 27  |    .009115   .0065804     1.39   0.166    -.0037824    .0220125
    2006  2  |  (empty)  
    2006  3  |   .0007974   .0142886     0.06   0.955     -.027208    .0288029
    2006  4  |  -.0056565   .0064258    -0.88   0.379     -.018251     .006938
    2006  5  |   .0030308   1834.719     0.00   1.000    -3596.013    3596.019
    2006  6  |   .0181176   .0057908     3.13   0.002     .0067677    .0294675
    2006  7  |   .0042568   1834.719     0.00   1.000    -3596.012     3596.02
    2006  8  |  -.0094695   1834.719    -0.00   1.000    -3596.026    3596.007
    2006  9  |   .0056988   .0080951     0.70   0.481    -.0101676    .0215651
    2006 10  |  -.0074359   .0058125    -1.28   0.201    -.0188282    .0039564
    2006 11  |   .0085745   .0061572     1.39   0.164    -.0034935    .0206424
    2006 12  |  -.0026444   .0104562    -0.25   0.800    -.0231385    .0178496
    2006 13  |   .0055015   1834.719     0.00   1.000    -3596.011    3596.022
    2006 14  |   -.006174   .0067224    -0.92   0.358    -.0193498    .0070019
    2006 15  |   .0117878   .0136132     0.87   0.387     -.014894    .0384695
    2006 16  |   .0219249   .0073705     2.97   0.003     .0074789    .0363709
    2006 18  |  -.0009511   .0083182    -0.11   0.909    -.0172547    .0153524
    2006 19  |   .0196951   1834.719     0.00   1.000    -3595.996    3596.036
    2006 20  |   .0069493   .0057977     1.20   0.231    -.0044142    .0183127
    2006 21  |  -.0007508   1834.719    -0.00   1.000    -3596.017    3596.015
    2006 22  |  (empty)  
    2006 23  |    .031331   1834.719     0.00   1.000    -3595.985    3596.047
    2006 24  |   .0223325   1834.719     0.00   1.000    -3595.994    3596.038
    2006 25  |   .0518091   .0075344     6.88   0.000     .0370417    .0665765
    2006 26  |   .0026617   .0140802     0.19   0.850    -.0249353    .0302587
    2006 27  |  -.0006711   .0064383    -0.10   0.917      -.01329    .0119478
    2007  2  |  (omitted)
    2007  3  |  (omitted)
    2007  4  |  (omitted)
    2007  5  |   .1335808   1834.719     0.00   1.000    -3595.882     3596.15
    2007  6  |  (omitted)
    2007  7  |   .0070049   1834.719     0.00   1.000    -3596.009    3596.023
    2007  8  |     .00217   1834.719     0.00   1.000    -3596.014    3596.018
    2007  9  |   .0357332   .0083344     4.29   0.000      .019398    .0520684
    2007 10  |  (omitted)
    2007 11  |  (omitted)
    2007 12  |  (omitted)
    2007 13  |   -.008501   1834.719    -0.00   1.000    -3596.025    3596.008
    2007 14  |  (omitted)
    2007 15  |   .0234296   .0138331     1.69   0.090    -.0036831    .0505423
    2007 16  |   .0205476   .0083568     2.46   0.014     .0041683    .0369268
    2007 18  |  (omitted)
    2007 19  |   .0022094   1834.719     0.00   1.000    -3596.014    3596.018
    2007 20  |    .027042   .0060168     4.49   0.000     .0152492    .0388348
    2007 21  |   .0057421   1834.719     0.00   1.000     -3596.01    3596.022
    2007 22  |  (omitted)
    2007 23  |   .0159291   1834.719     0.00   1.000        -3596    3596.032
    2007 24  |   .0211592   1834.719     0.00   1.000    -3595.995    3596.037
    2007 25  |   .0275359   .0079513     3.46   0.001     .0119515    .0431203
    2007 26  |   .0355175   .0143513     2.47   0.013     .0073893    .0636458
    2007 27  |  (omitted)
             |
       _cons |   .0710348   929.3259     0.00   1.000    -1821.391    1821.533
-------------+----------------------------------------------------------------
     sigma_u |  .11327991
     sigma_e |  .06046709
         rho |  .77825486   (fraction of variance due to u_i)
------------------------------------------------------------------------------
F test that all u_i=0:     F(61203, 129370) =     6.96       Prob > F = 0.0000

. 
. *** Chow test
. gen edum_adop = energydum*adopter

. xtreg osrape_prop energydum edum_adop adopter farmsrepresented  sizeclass seta
> sideuaa ln_labour ln_ffi solvency specialise intensity ln_c_ret_ha i.year year
> #mscode
note: 2007.year omitted because of collinearity
note: 1999.year#2.mscode identifies no observations in the sample
note: 1999.year#3.mscode identifies no observations in the sample
note: 1999.year#4.mscode identifies no observations in the sample
note: 1999.year#9.mscode identifies no observations in the sample
note: 1999.year#11.mscode identifies no observations in the sample
note: 1999.year#14.mscode identifies no observations in the sample
note: 1999.year#16.mscode identifies no observations in the sample
note: 1999.year#20.mscode identifies no observations in the sample
note: 1999.year#22.mscode identifies no observations in the sample
note: 1999.year#25.mscode identifies no observations in the sample
note: 1999.year#26.mscode identifies no observations in the sample
note: 2000.year#2.mscode identifies no observations in the sample
note: 2000.year#3.mscode identifies no observations in the sample
note: 2000.year#4.mscode identifies no observations in the sample
note: 2000.year#9.mscode identifies no observations in the sample
note: 2000.year#11.mscode identifies no observations in the sample
note: 2000.year#14.mscode identifies no observations in the sample
note: 2000.year#16.mscode identifies no observations in the sample
note: 2000.year#20.mscode identifies no observations in the sample
note: 2000.year#22.mscode identifies no observations in the sample
note: 2000.year#25.mscode identifies no observations in the sample
note: 2000.year#26.mscode identifies no observations in the sample
note: 2001.year#2.mscode identifies no observations in the sample
note: 2001.year#3.mscode identifies no observations in the sample
note: 2001.year#4.mscode identifies no observations in the sample
note: 2001.year#9.mscode identifies no observations in the sample
note: 2001.year#11.mscode identifies no observations in the sample
note: 2001.year#14.mscode identifies no observations in the sample
note: 2001.year#16.mscode identifies no observations in the sample
note: 2001.year#20.mscode identifies no observations in the sample
note: 2001.year#22.mscode identifies no observations in the sample
note: 2001.year#25.mscode identifies no observations in the sample
note: 2001.year#26.mscode identifies no observations in the sample
note: 2002.year#2.mscode identifies no observations in the sample
note: 2002.year#3.mscode identifies no observations in the sample
note: 2002.year#4.mscode identifies no observations in the sample
note: 2002.year#9.mscode identifies no observations in the sample
note: 2002.year#11.mscode identifies no observations in the sample
note: 2002.year#14.mscode identifies no observations in the sample
note: 2002.year#16.mscode identifies no observations in the sample
note: 2002.year#20.mscode identifies no observations in the sample
note: 2002.year#22.mscode identifies no observations in the sample
note: 2002.year#25.mscode identifies no observations in the sample
note: 2002.year#26.mscode identifies no observations in the sample
note: 2003.year#2.mscode identifies no observations in the sample
note: 2003.year#3.mscode identifies no observations in the sample
note: 2003.year#4.mscode identifies no observations in the sample
note: 2003.year#9.mscode identifies no observations in the sample
note: 2003.year#11.mscode identifies no observations in the sample
note: 2003.year#14.mscode identifies no observations in the sample
note: 2003.year#16.mscode identifies no observations in the sample
note: 2003.year#20.mscode identifies no observations in the sample
note: 2003.year#22.mscode identifies no observations in the sample
note: 2003.year#25.mscode identifies no observations in the sample
note: 2003.year#26.mscode identifies no observations in the sample
note: 2004.year#2.mscode identifies no observations in the sample
note: 2004.year#22.mscode identifies no observations in the sample
note: 2005.year#2.mscode identifies no observations in the sample
note: 2005.year#22.mscode identifies no observations in the sample
note: 2006.year#2.mscode identifies no observations in the sample
note: 2006.year#22.mscode identifies no observations in the sample

Random-effects GLS regression                   Number of obs      =    190730
Group variable: pid                             Number of groups   =     61204

R-sq:  within  = 0.0246                         Obs per group: min =         1
       between = 0.2401                                        avg =       3.1
       overall = 0.2091                                        max =         9

                                                Wald chi2(183)     =  22388.28
corr(u_i, X)   = 0 (assumed)                    Prob > chi2        =    0.0000

------------------------------------------------------------------------------
 osrape_prop |      Coef.   Std. Err.      z    P>|z|     [95% Conf. Interval]
-------------+----------------------------------------------------------------
   energydum |  -.0245791   .0084209    -2.92   0.004    -.0410838   -.0080744
   edum_adop |    .015184   .0012192    12.45   0.000     .0127944    .0175736
     adopter |   .0462498   .0018665    24.78   0.000     .0425916    .0499081
farmsrepre~d |  -6.13e-06   2.19e-06    -2.81   0.005    -.0000104   -1.85e-06
   sizeclass |    .006758   .0002536    26.65   0.000      .006261    .0072551
 setasideuaa |  -.0000905    .000014    -6.48   0.000    -.0001179   -.0000631
   ln_labour |  -.0016156   .0004873    -3.32   0.001    -.0025707   -.0006604
      ln_ffi |  -.0004291   .0000634    -6.77   0.000    -.0005533    -.000305
    solvency |   .0057936   .0008371     6.92   0.000     .0041529    .0074344
  specialise |   .0007068   .0001974     3.58   0.000       .00032    .0010936
   intensity |   .1342339   .0029861    44.95   0.000     .1283813    .1400865
 ln_c_ret_ha |   .0086173   .0005107    16.87   0.000     .0076164    .0096182
             |
        year |
       2000  |  -.0161227   .0054079    -2.98   0.003    -.0267219   -.0055234
       2001  |  -.0188086   .0055893    -3.37   0.001    -.0297635   -.0078538
       2002  |  -.0177675   .0055973    -3.17   0.002     -.028738    -.006797
       2003  |  -.0195824   .0055732    -3.51   0.000    -.0305058   -.0086591
       2004  |  -.0014825   .0057006    -0.26   0.795    -.0126554    .0096904
       2005  |   .0005218    .005619     0.09   0.926    -.0104913    .0115349
       2006  |   .0035269   .0055017     0.64   0.521    -.0072562    .0143099
       2007  |  (omitted)
             |
 year#mscode |
    1999  2  |  (empty)  
    1999  3  |  (empty)  
    1999  4  |  (empty)  
    1999  5  |   .0576785   .0066958     8.61   0.000      .044555     .070802
    1999  6  |   .0866319   .0061564    14.07   0.000     .0745656    .0986981
    1999  7  |   .0149044   .0063113     2.36   0.018     .0025346    .0272743
    1999  8  |   .0447692   .0062224     7.19   0.000     .0325736    .0569648
    1999  9  |  (empty)  
    1999 10  |   .0952655   .0061572    15.47   0.000     .0831976    .1073335
    1999 11  |  (empty)  
    1999 12  |  -.0134093   .0107626    -1.25   0.213    -.0345036     .007685
    1999 13  |    .051198   .0060704     8.43   0.000     .0393002    .0630958
    1999 14  |  (empty)  
    1999 15  |   .0676389   .0127604     5.30   0.000     .0426289    .0926489
    1999 16  |  (empty)  
    1999 18  |   -.022318    .008371    -2.67   0.008    -.0387249   -.0059112
    1999 19  |   .0997383   .0070863    14.07   0.000     .0858494    .1136272
    1999 20  |  (empty)  
    1999 21  |   .0145334   .0078982     1.84   0.066    -.0009468    .0300135
    1999 22  |  (empty)  
    1999 23  |   .0399614   .0078925     5.06   0.000     .0244923    .0554304
    1999 24  |   .0263759   .0073913     3.57   0.000     .0118892    .0408626
    1999 25  |  (empty)  
    1999 26  |  (empty)  
    1999 27  |   .0762866   .0065645    11.62   0.000     .0634204    .0891527
    2000  2  |  (empty)  
    2000  3  |  (empty)  
    2000  4  |  (empty)  
    2000  5  |   .0488997   .0065421     7.47   0.000     .0360775     .061722
    2000  6  |   .0870601   .0060557    14.38   0.000     .0751912    .0989291
    2000  7  |   .0245719   .0062194     3.95   0.000     .0123821    .0367617
    2000  8  |   .0475355   .0061091     7.78   0.000     .0355619     .059509
    2000  9  |  (empty)  
    2000 10  |   .0988633   .0060695    16.29   0.000     .0869673    .1107594
    2000 11  |  (empty)  
    2000 12  |  -.0006116   .0104902    -0.06   0.954     -.021172    .0199489
    2000 13  |    .068687   .0059782    11.49   0.000     .0569699    .0804041
    2000 14  |  (empty)  
    2000 15  |    .062495   .0126976     4.92   0.000     .0376081     .087382
    2000 16  |  (empty)  
    2000 18  |  -.0090646   .0083058    -1.09   0.275    -.0253437    .0072145
    2000 19  |   .1003667   .0070209    14.30   0.000     .0866059    .1141275
    2000 20  |  (empty)  
    2000 21  |   .0413877   .0078445     5.28   0.000     .0260128    .0567626
    2000 22  |  (empty)  
    2000 23  |   .0534887   .0078746     6.79   0.000     .0380547    .0689228
    2000 24  |   .0263138   .0073055     3.60   0.000     .0119953    .0406322
    2000 25  |  (empty)  
    2000 26  |  (empty)  
    2000 27  |    .055442   .0065498     8.46   0.000     .0426046    .0682793
    2001  2  |  (empty)  
    2001  3  |  (empty)  
    2001  4  |  (empty)  
    2001  5  |   .0410962   .0066199     6.21   0.000     .0281214    .0540709
    2001  6  |    .087638   .0061945    14.15   0.000      .075497     .099779
    2001  7  |   .0234598   .0063603     3.69   0.000     .0109938    .0359259
    2001  8  |   .0566075   .0062557     9.05   0.000     .0443465    .0688684
    2001  9  |  (empty)  
    2001 10  |   .0926041    .006218    14.89   0.000     .0804169    .1047912
    2001 11  |  (empty)  
    2001 12  |  -.0088587    .010319    -0.86   0.391    -.0290835    .0113661
    2001 13  |   .0702475   .0061178    11.48   0.000     .0582569    .0822382
    2001 14  |  (empty)  
    2001 15  |   .0666062   .0121431     5.49   0.000     .0428062    .0904063
    2001 16  |  (empty)  
    2001 18  |  -.0046228   .0084312    -0.55   0.583    -.0211477    .0119021
    2001 19  |   .1046097   .0071123    14.71   0.000     .0906699    .1185495
    2001 20  |  (empty)  
    2001 21  |   .0328399   .0081044     4.05   0.000     .0169556    .0487242
    2001 22  |  (empty)  
    2001 23  |   .0569203   .0080509     7.07   0.000     .0411407    .0726998
    2001 24  |   .0295992   .0074242     3.99   0.000      .015048    .0441505
    2001 25  |  (empty)  
    2001 26  |  (empty)  
    2001 27  |   .0556805   .0066809     8.33   0.000     .0425862    .0687749
    2002  2  |  (empty)  
    2002  3  |  (empty)  
    2002  4  |  (empty)  
    2002  5  |   .0384407   .0065119     5.90   0.000     .0256777    .0512037
    2002  6  |   .0995256   .0061094    16.29   0.000     .0875514    .1114999
    2002  7  |   .0211949   .0062664     3.38   0.001      .008913    .0334768
    2002  8  |   .0437313   .0061668     7.09   0.000     .0316446    .0558181
    2002  9  |  (empty)  
    2002 10  |   .0750983   .0061121    12.29   0.000     .0631188    .0870779
    2002 11  |  (empty)  
    2002 12  |  -.0072865   .0098712    -0.74   0.460    -.0266338    .0120608
    2002 13  |   .0485899   .0060139     8.08   0.000     .0368029    .0603769
    2002 14  |  (empty)  
    2002 15  |   .0652289   .0116201     5.61   0.000     .0424539    .0880039
    2002 16  |  (empty)  
    2002 18  |  -.0061284   .0082698    -0.74   0.459    -.0223369    .0100801
    2002 19  |   .1058281   .0070517    15.01   0.000      .092007    .1196491
    2002 20  |  (empty)  
    2002 21  |   .0287797   .0080534     3.57   0.000     .0129953    .0445641
    2002 22  |  (empty)  
    2002 23  |   .0530523   .0078481     6.76   0.000     .0376704    .0684342
    2002 24  |   .0407209   .0074609     5.46   0.000     .0260979    .0553439
    2002 25  |  (empty)  
    2002 26  |  (empty)  
    2002 27  |   .0465117   .0065684     7.08   0.000     .0336379    .0593856
    2003  2  |  (empty)  
    2003  3  |  (empty)  
    2003  4  |  (empty)  
    2003  5  |   .0482803   .0064427     7.49   0.000     .0356528    .0609077
    2003  6  |   .0984657   .0060346    16.32   0.000     .0866382    .1102932
    2003  7  |   .0167491   .0061889     2.71   0.007      .004619    .0288791
    2003  8  |   .0412406   .0061036     6.76   0.000     .0292778    .0532035
    2003  9  |  (empty)  
    2003 10  |   .0864947   .0060452    14.31   0.000     .0746463    .0983432
    2003 11  |  (empty)  
    2003 12  |   -.007217    .009947    -0.73   0.468    -.0267127    .0122788
    2003 13  |   .0477183    .005974     7.99   0.000     .0360095    .0594271
    2003 14  |  (empty)  
    2003 15  |   .0660164   .0114436     5.77   0.000     .0435874    .0884454
    2003 16  |  (empty)  
    2003 18  |  -.0061206   .0082354    -0.74   0.457    -.0222616    .0100205
    2003 19  |   .1036276   .0070236    14.75   0.000     .0898617    .1173935
    2003 20  |  (empty)  
    2003 21  |   .0312572   .0081429     3.84   0.000     .0152974    .0472169
    2003 22  |  (empty)  
    2003 23  |   .0636154   .0077413     8.22   0.000     .0484426    .0787881
    2003 24  |   .0379956   .0073712     5.15   0.000     .0235484    .0524428
    2003 25  |  (empty)  
    2003 26  |  (empty)  
    2003 27  |   .0685105   .0064333    10.65   0.000     .0559014    .0811196
    2004  2  |  (empty)  
    2004  3  |   .0315317   .0108473     2.91   0.004     .0102714    .0527921
    2004  4  |   .1348244   .0068697    19.63   0.000       .12136    .1482888
    2004  5  |   .0654871   .0066011     9.92   0.000     .0525491    .0784251
    2004  6  |   .1049836   .0062516    16.79   0.000     .0927307    .1172365
    2004  7  |   .0188739   .0064159     2.94   0.003     .0062989    .0314489
    2004  8  |   .0484164   .0063401     7.64   0.000       .03599    .0608428
    2004  9  |   .1208461   .0086426    13.98   0.000     .1039069    .1377852
    2004 10  |   .0834647   .0062641    13.32   0.000     .0711872    .0957423
    2004 11  |   .1612576   .0066486    24.25   0.000     .1482267    .1742886
    2004 12  |   .0006044   .0101004     0.06   0.952    -.0191921    .0204009
    2004 13  |   .0492635   .0062102     7.93   0.000     .0370917    .0614353
    2004 14  |   .0906721   .0069685    13.01   0.000     .0770141    .1043301
    2004 15  |   .0815904   .0120239     6.79   0.000     .0580239    .1051568
    2004 16  |   .0890549   .0076773    11.60   0.000     .0740076    .1041022
    2004 18  |  -.0012447   .0084879    -0.15   0.883    -.0178807    .0153913
    2004 19  |   .1070042   .0072234    14.81   0.000     .0928466    .1211618
    2004 20  |   .0853886   .0062539    13.65   0.000     .0731312     .097646
    2004 21  |   .0350645   .0083498     4.20   0.000     .0186992    .0514298
    2004 22  |  (empty)  
    2004 23  |    .074692   .0078896     9.47   0.000     .0592287    .0901554
    2004 24  |   .0582984   .0074992     7.77   0.000     .0436002    .0729967
    2004 25  |    .140047   .0075942    18.44   0.000     .1251626    .1549313
    2004 26  |   .0485802   .0130015     3.74   0.000     .0230977    .0740627
    2004 27  |   .0707731   .0066975    10.57   0.000     .0576462       .0839
    2005  2  |  (empty)  
    2005  3  |   .0291142    .012549     2.32   0.020     .0045187    .0537097
    2005  4  |   .1380259   .0069082    19.98   0.000     .1244862    .1515657
    2005  5  |   .0534439   .0066734     8.01   0.000     .0403643    .0665236
    2005  6  |   .1052686   .0062621    16.81   0.000     .0929951    .1175421
    2005  7  |    .018786   .0064426     2.92   0.004     .0061587    .0314132
    2005  8  |   .0485829   .0063694     7.63   0.000     .0360991    .0610667
    2005  9  |    .105319   .0086328    12.20   0.000     .0883991    .1222389
    2005 10  |   .0881847    .006282    14.04   0.000     .0758721    .1004973
    2005 11  |   .1939874   .0067014    28.95   0.000      .180853    .2071219
    2005 12  |   .0041549   .0105012     0.40   0.692     -.016427    .0247368
    2005 13  |   .0527965   .0062256     8.48   0.000     .0405945    .0649985
    2005 14  |   .0833705   .0069796    11.94   0.000     .0696907    .0970503
    2005 15  |   .0722235   .0130369     5.54   0.000     .0466716    .0977754
    2005 16  |   .0984281    .007635    12.89   0.000     .0834637    .1133925
    2005 18  |   -.002799   .0086299    -0.32   0.746    -.0197132    .0141152
    2005 19  |   .1112337   .0072097    15.43   0.000     .0971029    .1253645
    2005 20  |   .0825237   .0062746    13.15   0.000     .0702257    .0948218
    2005 21  |   .0303158    .008618     3.52   0.000     .0134248    .0472067
    2005 22  |  (empty)  
    2005 23  |   .0740672   .0078427     9.44   0.000     .0586959    .0894385
    2005 24  |   .0632129   .0075569     8.36   0.000     .0484017    .0780242
    2005 25  |   .1563071   .0075921    20.59   0.000     .1414269    .1711873
    2005 26  |   .0438906   .0118334     3.71   0.000     .0206976    .0670836
    2005 27  |    .079281   .0067254    11.79   0.000     .0660995    .0924625
    2006  2  |  (empty)  
    2006  3  |   .0216155   .0130974     1.65   0.099    -.0040549    .0472859
    2006  4  |   .1478663   .0068879    21.47   0.000     .1343664    .1613663
    2006  5  |   .0589264   .0066887     8.81   0.000     .0458169     .072036
    2006  6  |   .1170989   .0062446    18.75   0.000     .1048597    .1293381
    2006  7  |   .0208638    .006446     3.24   0.001     .0082298    .0334978
    2006  8  |   .0395126   .0063549     6.22   0.000     .0270572    .0519679
    2006  9  |   .1192732   .0087073    13.70   0.000     .1022072    .1363393
    2006 10  |    .092132     .00627    14.69   0.000      .079843     .104421
    2006 11  |   .1983516   .0067024    29.59   0.000     .1852151    .2114881
    2006 12  |    .005022    .010437     0.48   0.630    -.0154341    .0254781
    2006 13  |   .0567553   .0062225     9.12   0.000     .0445593    .0689512
    2006 14  |   .1152098   .0069754    16.52   0.000     .1015381    .1288814
    2006 15  |   .0855739   .0132338     6.47   0.000     .0596362    .1115116
    2006 16  |   .1011114   .0075787    13.34   0.000     .0862574    .1159655
    2006 18  |  -.0059447   .0085365    -0.70   0.486     -.022676    .0107866
    2006 19  |   .1221355   .0072019    16.96   0.000     .1080201    .1362509
    2006 20  |   .0919838   .0062453    14.73   0.000     .0797432    .1042243
    2006 21  |   .0233443   .0084771     2.75   0.006     .0067294    .0399592
    2006 22  |  (empty)  
    2006 23  |   .0878682   .0078343    11.22   0.000     .0725133    .1032231
    2006 24  |   .0652764   .0076299     8.56   0.000     .0503221    .0802308
    2006 25  |   .1892301    .007694    24.59   0.000     .1741501    .2043101
    2006 26  |    .045406    .011383     3.99   0.000     .0230957    .0677163
    2006 27  |   .0694426   .0067362    10.31   0.000     .0562398    .0826454
    2007  2  |   .2489141   .0077845    31.98   0.000     .2336567    .2641716
    2007  3  |   .0216421   .0130858     1.65   0.098    -.0040056    .0472897
    2007  4  |   .1536166   .0068487    22.43   0.000     .1401934    .1670398
    2007  5  |   .0775755   .0069075    11.23   0.000     .0640371    .0911139
    2007  6  |   .0978677   .0062163    15.74   0.000      .085684    .1100515
    2007  7  |   .0251505   .0064279     3.91   0.000     .0125519     .037749
    2007  8  |   .0538298   .0063261     8.51   0.000     .0414309    .0662287
    2007  9  |   .1459778   .0087123    16.76   0.000      .128902    .1630537
    2007 10  |   .0991934   .0062497    15.87   0.000     .0869441    .1114426
    2007 11  |   .1898701   .0066616    28.50   0.000     .1768136    .2029266
    2007 12  |   .0102709   .0102431     1.00   0.316    -.0098051    .0303469
    2007 13  |   .0440727    .006195     7.11   0.000     .0319307    .0562147
    2007 14  |   .1182128   .0069573    16.99   0.000     .1045766    .1318489
    2007 15  |   .0938383   .0132485     7.08   0.000     .0678718    .1198049
    2007 16  |   .1026205   .0075492    13.59   0.000     .0878244    .1174166
    2007 18  |  -.0040577   .0084612    -0.48   0.632    -.0206414     .012526
    2007 19  |   .1037583   .0071708    14.47   0.000     .0897037    .1178128
    2007 20  |   .1124519   .0062134    18.10   0.000     .1002739    .1246299
    2007 21  |    .030075    .008499     3.54   0.000     .0134172    .0467327
    2007 22  |   .2379028   .0079477    29.93   0.000     .2223255      .25348
    2007 23  |   .0735679   .0077842     9.45   0.000     .0583112    .0888246
    2007 24  |   .0625962   .0075475     8.29   0.000     .0478034     .077389
    2007 25  |    .163423   .0078438    20.83   0.000     .1480493    .1787966
    2007 26  |   .0810945   .0112196     7.23   0.000     .0591045    .1030845
    2007 27  |    .070989   .0067325    10.54   0.000     .0577935    .0841844
             |
       _cons |  -.0967521   .0076428   -12.66   0.000    -.1117318   -.0817724
-------------+----------------------------------------------------------------
     sigma_u |  .08322808
     sigma_e |  .06044116
         rho |  .65471478   (fraction of variance due to u_i)
------------------------------------------------------------------------------

. test _b[edum_adop]=0, notest

 ( 1)  edum_adop = 0

. test _b[adopter]=0, accum

 ( 1)  edum_adop = 0
 ( 2)  adopter = 0

           chi2(  2) = 1256.60
         Prob > chi2 =    0.0000

. 
. log close
      name:  <unnamed>
       log:  /home/patrickgillespie/Documents/lin_forpatrick/Task 4/Data_Analysi
> s/analysis/logs/results/6_May_2012_16_03_18.log
  log type:  text
 closed on:   6 May 2012, 16:15:01
--------------------------------------------------------------------------------
