-----------------------------------------------------------------------------------------------------
      name:  <unnamed>
       log:  /home/patrickgillespie/Documents/lin_forpatrick/Task 4/Data_Analysis/analysis/logs/resul
> ts/8_May_2012_17_24_09.log
  log type:  text
 opened on:   8 May 2012, 17:24:09

. 
. xtreg osrape_prop energydum sizeclass setasideuaa ln_labour  specialise osrprice i.year, fe
note: 2007.year omitted because of collinearity

Fixed-effects (within) regression               Number of obs      =     55779
Group variable: pid                             Number of groups   =      8481

R-sq:  within  = 0.0121                         Obs per group: min =         1
       between = 0.0124                                        avg =       6.6
       overall = 0.0023                                        max =         8

                                                F(12,47286)        =     48.44
corr(u_i, Xb)  = -0.1663                        Prob > F           =    0.0000

------------------------------------------------------------------------------
 osrape_prop |      Coef.   Std. Err.      t    P>|t|     [95% Conf. Interval]
-------------+----------------------------------------------------------------
   energydum |   .0060822   .0012911     4.71   0.000     .0035517    .0086127
   sizeclass |   -.001204   .0006993    -1.72   0.085    -.0025747    .0001667
 setasideuaa |  -.0003639   .0000291   -12.51   0.000    -.0004209   -.0003069
   ln_labour |  -.0019911   .0012924    -1.54   0.123    -.0045242     .000542
  specialise |   .0010654     .00083     1.28   0.199    -.0005616    .0026923
    osrprice |   3.14e-06     .00005     0.06   0.950    -.0000948    .0001011
             |
        year |
       2001  |  -.0016504   .0010196    -1.62   0.106    -.0036489    .0003481
       2002  |  -.0066774    .001033    -6.46   0.000    -.0087021   -.0046527
       2003  |  -.0032855   .0010573    -3.11   0.002    -.0053577   -.0012132
       2004  |  -.0080409   .0011087    -7.25   0.000    -.0102139   -.0058678
       2005  |  -.0058615   .0012094    -4.85   0.000    -.0082319   -.0034912
       2006  |   .0025399   .0011128     2.28   0.022     .0003588     .004721
       2007  |  (omitted)
             |
       _cons |   .1138247   .0113492    10.03   0.000       .09158    .1360694
-------------+----------------------------------------------------------------
     sigma_u |  .09635185
     sigma_e |  .05611616
         rho |  .74671448   (fraction of variance due to u_i)
------------------------------------------------------------------------------
F test that all u_i=0:     F(8480, 47286) =    17.96         Prob > F = 0.0000

. 
. xtreg osrape_prop energydum sizeclass setasideuaa ln_labour  specialise l.osrprice i.year, fe
note: 2007.year omitted because of collinearity

Fixed-effects (within) regression               Number of obs      =     45363
Group variable: pid                             Number of groups   =      8200

R-sq:  within  = 0.0125                         Obs per group: min =         1
       between = 0.0053                                        avg =       5.5
       overall = 0.0009                                        max =         7

                                                F(11,37152)        =     42.69
corr(u_i, Xb)  = -0.1443                        Prob > F           =    0.0000

------------------------------------------------------------------------------
 osrape_prop |      Coef.   Std. Err.      t    P>|t|     [95% Conf. Interval]
-------------+----------------------------------------------------------------
   energydum |   .0055389   .0011975     4.63   0.000     .0031918    .0078859
   sizeclass |  -.0001225   .0007987    -0.15   0.878     -.001688     .001443
 setasideuaa |  -.0003217   .0000328    -9.79   0.000    -.0003861   -.0002573
   ln_labour |  -.0026775   .0015416    -1.74   0.082    -.0056991     .000344
  specialise |   .0005454   .0008345     0.65   0.513    -.0010902    .0021811
             |
    osrprice |
         L1. |   .0001291    .000077     1.68   0.094    -.0000219      .00028
             |
        year |
       2002  |  -.0071305   .0010769    -6.62   0.000    -.0092414   -.0050197
       2003  |  -.0043164   .0010967    -3.94   0.000    -.0064659   -.0021669
       2004  |  -.0085372   .0010298    -8.29   0.000    -.0105556   -.0065188
       2005  |  -.0058655   .0010217    -5.74   0.000    -.0078681   -.0038629
       2006  |   .0028427   .0011004     2.58   0.010     .0006859    .0049994
       2007  |  (omitted)
             |
       _cons |   .1082829   .0134322     8.06   0.000     .0819555    .1346104
-------------+----------------------------------------------------------------
     sigma_u |  .09795394
     sigma_e |  .05520421
         rho |  .75894725   (fraction of variance due to u_i)
------------------------------------------------------------------------------
F test that all u_i=0:     F(8199, 37152) =    16.10         Prob > F = 0.0000

. 
. sldkfj;
unrecognized command:  sldkfj
r(199);

end of do-file
r(199);

end of do-file

r(199);

. do master_lin

. *************************************************************
. *                                                                                       
. * Patrick R. Gillespie                                  
. * Research Officer                                      
. * Teagasc, REDP                                         
. * Athenry, Co Galway, Ireland                           
. * patrick.gillespie@teagasc.ie                  
. *                                                                                       
. *************************************************************
. * RSF Project DAF RSF 07 505 (GO1390)           
. *                                                                                       
. * A micro level analysis of the Irish   
. * agri-food sector: lessons and                 
. * recommendations from Denmark and      
. * the Netherlands                               
. *                                                                               
. * Task 4
. *
. *************************************************************
. *       How this do file works
. *************************************************************
. * BE SURE TO READ THE FILE README.RTF!!!
. * The data to be used in this analysis is the 
. * FADN data for the years 2004 through 2007.Each 
. * country's data is contained in it's own data 
. * file. Rather than combine them all (would be 
. * a massive file), I'm importing variables as I 
. * need them. Once finished with a variable, I 
. * discard everything until I need it again.
. *
. * This master file calls do files from the 
. * subdirectory called sub_do. Any portion of the 
. * analysis can be omitted by inserting a * in 
. * front of the relevant do command. Output 
. * datasets will be generated by this file and 
. * stored in the subdirectory called output.
. *
. * In order for this do file to run, it must be
. * located in a folder (name is not important)
. * that is itself in the same folder that contains
. * CountryData and CountrySTATAFiles (those names 
. * are important, copy exactly). The datasets in 
. * those folders shouldn't contain any spaces and 
. * should match the list in the global macro "ms" 
. * defined below.
. * 
. * You can easily include or exclude countries
. * to the analysis by altering this macro 
. * (provided the datasets are in the right shape 
. * and are saved as a .dta in CountrySTATAFiles).
. *
. * At the time of writing, the directory 
. * structure in which this file resided was
. * 
. * Task 4
. *  >Data_Analysis
. *   >>CountryData
. *   >>CountrySTATAFiles
. *   >>descriptives
. *    >>>logs
. *    >>>output
. *    >>>sub_do
. *    >>>varname.xls
. *    >>>descriptives.do  <- your viewing this now
. *    >>>README.rtf
. *    >>>blank.dta
. *    >>>energygph.dta
. *************************************************************
. 
. *************************************************************
. *** PRELIMINARIES       *
. *************************
. clear

. clear matrix

. set mem 1500m

Current memory allocation

                    current                                 memory usage
    settable          value     description                 (1M = 1024k)
    --------------------------------------------------------------------
    set maxvar         5000     max. variables allowed           1.909M
    set memory         1500M    max. data space              1,500.000M
    set matsize         800     max. RHS vars in models          4.950M
                                                            -----------
                                                             1,506.859M

. set matsize 800

Current memory allocation

                    current                                 memory usage
    settable          value     description                 (1M = 1024k)
    --------------------------------------------------------------------
    set maxvar         5000     max. variables allowed           1.909M
    set memory         1500M    max. data space              1,500.000M
    set matsize         800     max. RHS vars in models          4.950M
                                                            -----------
                                                             1,506.859M

. capture log close
