-----------------------------------------------------------------------------------------------------
      name:  <unnamed>
       log:  /home/patrickgillespie/Documents/lin_forpatrick/Task 4/Data_Analysis/analysis/logs/resul
> ts/8_May_2012_17_18_53.log
  log type:  text
 opened on:   8 May 2012, 17:18:53

. 
. xtreg osrape_prop energydum sizeclass setasideuaa ln_labour  specialise osrprice i.year, fe
note: 2007.year omitted because of collinearity

Fixed-effects (within) regression               Number of obs      =     55779
Group variable: pid                             Number of groups   =      8481

R-sq:  within  = 0.0121                         Obs per group: min =         1
       between = 0.0124                                        avg =       6.6
       overall = 0.0023                                        max =         8

                                                F(12,47286)        =     48.44
corr(u_i, Xb)  = -0.1663                        Prob > F           =    0.0000

------------------------------------------------------------------------------
 osrape_prop |      Coef.   Std. Err.      t    P>|t|     [95% Conf. Interval]
-------------+----------------------------------------------------------------
   energydum |   .0060822   .0012911     4.71   0.000     .0035517    .0086127
   sizeclass |   -.001204   .0006993    -1.72   0.085    -.0025747    .0001667
 setasideuaa |  -.0003639   .0000291   -12.51   0.000    -.0004209   -.0003069
   ln_labour |  -.0019911   .0012924    -1.54   0.123    -.0045242     .000542
  specialise |   .0010654     .00083     1.28   0.199    -.0005616    .0026923
    osrprice |   3.14e-06     .00005     0.06   0.950    -.0000948    .0001011
             |
        year |
       2001  |  -.0016504   .0010196    -1.62   0.106    -.0036489    .0003481
       2002  |  -.0066774    .001033    -6.46   0.000    -.0087021   -.0046527
       2003  |  -.0032855   .0010573    -3.11   0.002    -.0053577   -.0012132
       2004  |  -.0080409   .0011087    -7.25   0.000    -.0102139   -.0058678
       2005  |  -.0058615   .0012094    -4.85   0.000    -.0082319   -.0034912
       2006  |   .0025399   .0011128     2.28   0.022     .0003588     .004721
       2007  |  (omitted)
             |
       _cons |   .1138247   .0113492    10.03   0.000       .09158    .1360694
-------------+----------------------------------------------------------------
     sigma_u |  .09635185
     sigma_e |  .05611616
         rho |  .74671448   (fraction of variance due to u_i)
------------------------------------------------------------------------------
F test that all u_i=0:     F(8480, 47286) =    17.96         Prob > F = 0.0000

. 
. xtreg osrape_prop energydum sizeclass setasideuaa ln_labour specialise osrprice i.year year#mscode,
>  fe
note: 2007.year omitted because of collinearity
note: 2000b.year#2.mscode omitted because of collinearity
note: 2000b.year#12.mscode omitted because of collinearity
note: 2001.year#8.mscode omitted because of collinearity
note: 2005.year#14.mscode omitted because of collinearity
note: 2007.year#4.mscode omitted because of collinearity
note: 2007.year#5.mscode omitted because of collinearity
note: 2007.year#9.mscode omitted because of collinearity
note: 2007.year#10.mscode omitted because of collinearity
note: 2007.year#13.mscode omitted because of collinearity
note: 2007.year#14.mscode omitted because of collinearity

Fixed-effects (within) regression               Number of obs      =     55779
Group variable: pid                             Number of groups   =      8481

R-sq:  within  = 0.0331                         Obs per group: min =         1
       between = 0.0037                                        avg =       6.6
       overall = 0.0016                                        max =         8

                                                F(67,47231)        =     24.14
corr(u_i, Xb)  = -0.7631                        Prob > F           =    0.0000

------------------------------------------------------------------------------
 osrape_prop |      Coef.   Std. Err.      t    P>|t|     [95% Conf. Interval]
-------------+----------------------------------------------------------------
   energydum |   .1555524   .0660979     2.35   0.019     .0259996    .2851052
   sizeclass |  -.0005469   .0006969    -0.78   0.433    -.0019128    .0008191
 setasideuaa |  -.0003619   .0000291   -12.42   0.000     -.000419   -.0003048
   ln_labour |  -.0043738   .0013352    -3.28   0.001    -.0069908   -.0017568
  specialise |   .0007579   .0008225     0.92   0.357    -.0008542    .0023699
    osrprice |  -.0018196   .0007705    -2.36   0.018    -.0033297   -.0003094
             |
        year |
       2001  |  -.0011274   .0055572    -0.20   0.839    -.0120195    .0097647
       2002  |  -.0023419   .0058981    -0.40   0.691    -.0139023    .0092184
       2003  |   .0088393   .0058368     1.51   0.130    -.0026009    .0202795
       2004  |  -.1379352   .0640248    -2.15   0.031    -.2634247   -.0124456
       2005  |  -.1504133    .065164    -2.31   0.021    -.2781357   -.0226908
       2006  |  -.1325506   .0630714    -2.10   0.036    -.2561715   -.0089297
       2007  |  (omitted)
             |
 year#mscode |
    2000  2  |  (omitted)
    2000  4  |   .1497534   .0606246     2.47   0.014     .0309283    .2685785
    2000  5  |   .1244875   .0561401     2.22   0.027     .0144522    .2345228
    2000  8  |   -.013437   .0142562    -0.94   0.346    -.0413794    .0145054
    2000  9  |  (empty)  
    2000 10  |   .1182868   .0519685     2.28   0.023     .0164279    .2201457
    2000 12  |  (omitted)
    2000 13  |   .0917256   .0539083     1.70   0.089    -.0139353    .1973866
    2000 14  |   .0008715   .0084209     0.10   0.918    -.0156336    .0173767
    2001  2  |   .0062105    .005488     1.13   0.258    -.0045461    .0169672
    2001  4  |   .1590923   .0603705     2.64   0.008     .0407652    .2774194
    2001  5  |   .1244728   .0560654     2.22   0.026     .0145839    .2343618
    2001  8  |  (omitted)
    2001  9  |  (empty)  
    2001 10  |   .1308356   .0533092     2.45   0.014     .0263488    .2353224
    2001 12  |   .0058928   .0075303     0.78   0.434    -.0088668    .0206524
    2001 13  |   .0980241   .0547373     1.79   0.073    -.0092618      .20531
    2001 14  |   .0409021   .0217215     1.88   0.060    -.0016724    .0834766
    2002  2  |   .0215463   .0053522     4.03   0.000     .0110559    .0320367
    2002  4  |   .1501191   .0604327     2.48   0.013     .0316702     .268568
    2002  5  |   .1107471   .0557057     1.99   0.047     .0015631    .2199311
    2002  8  |  -.0098707    .012967    -0.76   0.447    -.0352862    .0155448
    2002  9  |  (empty)  
    2002 10  |   .1334074   .0522436     2.55   0.011     .0310092    .2358055
    2002 12  |   .0084856    .007377     1.15   0.250    -.0059734    .0229446
    2002 13  |   .1166617   .0543557     2.15   0.032     .0101237    .2231998
    2002 14  |   .0482785   .0271189     1.78   0.075    -.0048749     .101432
    2003  2  |    .013225   .0057095     2.32   0.021     .0020344    .0244157
    2003  4  |   .1395864   .0618776     2.26   0.024     .0183053    .2608674
    2003  5  |   .1075697   .0561316     1.92   0.055    -.0024489    .2175884
    2003  8  |  -.0159518   .0127938    -1.25   0.212    -.0410278    .0091241
    2003  9  |  (empty)  
    2003 10  |   .1208572   .0535388     2.26   0.024     .0159204     .225794
    2003 12  |   .0098093   .0075411     1.30   0.193    -.0049713      .02459
    2003 13  |   .0996825   .0548327     1.82   0.069    -.0077904    .2071554
    2003 14  |   .0788063   .0350189     2.25   0.024     .0101687    .1474438
    2004  2  |   .0049072   .0056478     0.87   0.385    -.0061627     .015977
    2004  4  |   .1310826   .0623263     2.10   0.035     .0089221     .253243
    2004  5  |   .0921513   .0554679     1.66   0.097    -.0165666    .2008691
    2004  8  |  -.0071782   .0128945    -0.56   0.578    -.0324516    .0180952
    2004  9  |  (empty)  
    2004 10  |   .1075668   .0533143     2.02   0.044       .00307    .2120636
    2004 12  |   .0054225   .0074813     0.72   0.469    -.0092409    .0200859
    2004 13  |   .1039833   .0542894     1.92   0.055    -.0024247    .2103913
    2004 14  |    .055173   .0315351     1.75   0.080    -.0066362    .1169823
    2005  2  |    .012664   .0052995     2.39   0.017     .0022769    .0230511
    2005  4  |   .1344176   .0618011     2.18   0.030     .0132866    .2555486
    2005  5  |   .1134811    .056624     2.00   0.045     .0024972    .2244649
    2005  8  |  -.0075208    .012796    -0.59   0.557    -.0326011    .0175595
    2005  9  |  (empty)  
    2005 10  |   .1230393   .0533933     2.30   0.021     .0183876     .227691
    2005 12  |   .0144581   .0073275     1.97   0.048     .0000961      .02882
    2005 13  |   .1221284   .0564944     2.16   0.031     .0113985    .2328583
    2005 14  |  (omitted)
    2006  2  |   .0192146   .0056091     3.43   0.001     .0082208    .0302085
    2006  4  |   .1147749   .0604717     1.90   0.058    -.0037505    .2333002
    2006  5  |   .1101716   .0570477     1.93   0.053    -.0016427    .2219859
    2006  8  |  -.0070107   .0135354    -0.52   0.604    -.0335402    .0195188
    2006  9  |  (empty)  
    2006 10  |   .1285542    .054767     2.35   0.019       .02121    .2358983
    2006 12  |   .0162507    .007819     2.08   0.038     .0009255     .031576
    2006 13  |   .1177205   .0560657     2.10   0.036     .0078309    .2276101
    2006 14  |   .0423902   .0243575     1.74   0.082    -.0053507    .0901312
    2007  2  |  -.1225115   .0579712    -2.11   0.035    -.2361358   -.0088872
    2007  4  |  (omitted)
    2007  5  |  (omitted)
    2007  8  |  -.1099742   .0615471    -1.79   0.074    -.2306074     .010659
    2007  9  |  (omitted)
    2007 10  |  (omitted)
    2007 12  |  -.1261009   .0580088    -2.17   0.030     -.239799   -.0124028
    2007 13  |  (omitted)
    2007 14  |  (omitted)
             |
       _cons |   .0984505   .0178576     5.51   0.000     .0634493    .1334517
-------------+----------------------------------------------------------------
     sigma_u |  .15141507
     sigma_e |   .0555498
         rho |  .88137228   (fraction of variance due to u_i)
------------------------------------------------------------------------------
F test that all u_i=0:     F(8480, 47231) =    16.64         Prob > F = 0.0000

. 
. *xtreg osrape_prop energydum sizeclass setasideuaa ln_labour ln_ffi solvency specialise intensity i
> .year year#mscode, fe
. 
. *xtreg oilseedrapeuaa energydum sizeclass setasideuaa ln_labour ln_ffi solvency specialise intensit
> y ln_c_ret_ha i.year year#mscode, fe
. 
. /*
> *************************************************************
> *** POST-ESTIMATION TESTS *
> ***************************
> ****************
> *** Chow test
> ****************
> *xtreg osrape_prop energydum edum_adop adopter farmsrepresented  sizeclass setasideuaa ln_labour ln
> _ffi solvency specialise intensity ln_c_ret_ha i.year year#mscode
> xtreg osrape_prop energydum edum_adop adopter sizeclass setasideuaa ln_labour specialise i.year, fe
> 
> test _b[edum_adop]=0, notest
> test _b[adopter]=0, accum
> 
> *xtreg oilseedrapeuaa energydum edum_adop adopter farmsrepresented  sizeclass setasideuaa ln_labour
>  ln_ffi solvency specialise intensity ln_c_ret_ha i.year year#mscode
> xtreg oilseedrapeuaa energydum edum_adop adopter sizeclass setasideuaa ln_labour specialise i.year
> test _b[edum_adop]=0, notest
> test _b[adopter]=0, accum
> 
> 
> *************************************************************
> *** CLEAN UP              *
> ***************************
> */
. tsset, clear

. clear

. clear matrix

. log close
      name:  <unnamed>
       log:  /home/patrickgillespie/Documents/lin_forpatrick/Task 4/Data_Analysis/analysis/logs/resul
> ts/8_May_2012_17_18_53.log
  log type:  text
 closed on:   8 May 2012, 17:19:22
-----------------------------------------------------------------------------------------------------
