-----------------------------------------------------------------------------------------------------
      name:  <unnamed>
       log:  /home/patrickgillespie/Documents/lin_forpatrick/Task 4/Data_Analysis/analysis/logs/resul
> ts/8_May_2012_21_30_16.log
  log type:  text
 opened on:   8 May 2012, 21:30:16

. 
. *xtreg osrape_prop energydum sizeclass setasideuaa ln_labour  specialise osrprice i.year, fe
. 
. *xtreg osrape_prop energydum sizeclass setasideuaa ln_labour  specialise l.osrprice i.year, fe
. 
. *xtreg osrape_prop energydum sizeclass setasideuaa ln_labour  specialise ln_osrprice i.year, fe
. 
. xtreg osrape_prop energydum sizeclass ln_setasideuaa ln_labour  specialise ln_osrprice ib1999.year,
>  fe
note: 2000.year omitted because of collinearity
note: 2007.year omitted because of collinearity

Fixed-effects (within) regression               Number of obs      =     42822
Group variable: pid                             Number of groups   =      7419

R-sq:  within  = 0.0237                         Obs per group: min =         1
       between = 0.0003                                        avg =       5.8
       overall = 0.0001                                        max =         8

                                                F(12,35391)        =     71.58
corr(u_i, Xb)  = -0.2502                        Prob > F           =    0.0000

------------------------------------------------------------------------------
 osrape_prop |      Coef.   Std. Err.      t    P>|t|     [95% Conf. Interval]
-------------+----------------------------------------------------------------
   energydum |  -.0083482   .0036743    -2.27   0.023      -.01555   -.0011463
   sizeclass |  -.0007478   .0008925    -0.84   0.402    -.0024972    .0010015
ln_setasid~a |  -.0104395   .0005663   -18.43   0.000    -.0115496   -.0093295
   ln_labour |   .0005083   .0015016     0.34   0.735    -.0024349    .0034514
  specialise |   .0011424   .0008158     1.40   0.161    -.0004566    .0027414
 ln_osrprice |   .0382755    .006531     5.86   0.000     .0254746    .0510765
             |
        year |
       1999  |  (empty)  
       2000  |  (omitted)
       2001  |  -.0057147   .0015037    -3.80   0.000    -.0086619   -.0027675
       2002  |  -.0133789   .0017774    -7.53   0.000    -.0168627   -.0098951
       2003  |   -.011366   .0020155    -5.64   0.000    -.0153165   -.0074156
       2004  |   .0002522   .0024444     0.10   0.918     -.004539    .0050434
       2005  |    .005691   .0029547     1.93   0.054    -.0001003    .0114824
       2006  |    .011457   .0021553     5.32   0.000     .0072326    .0156814
       2007  |  (omitted)
             |
       _cons |   -.008759   .0235865    -0.37   0.710    -.0549893    .0374714
-------------+----------------------------------------------------------------
     sigma_u |  .09831454
     sigma_e |    .053865
         rho |  .76912592   (fraction of variance due to u_i)
------------------------------------------------------------------------------
F test that all u_i=0:     F(7418, 35391) =    17.11         Prob > F = 0.0000

. 
. sldkfj;
unrecognized command:  sldkfj
r(199);

end of do-file
r(199);

end of do-file

r(199);

. codebook country if year==2007

-----------------------------------------------------------------------------------------------------
country                                                                                       Country
-----------------------------------------------------------------------------------------------------

                  type:  string (str4), but longest is str3

         unique values:  14                       missing "":  0/7460

              examples:  "DEU"
                         "ESP"
                         "FRA"
                         "ITA"

. xtreg osrape_prop energydum sizeclass ln_setasideuaa ln_labour  specialise ln_osrprice ib1999.year 
> year#mscode, fe
note: ln_osrprice omitted because of collinearity
note: 2000.year omitted because of collinearity
note: 2007.year omitted because of collinearity
note: 2000.year#12.mscode omitted because of collinearity
note: 2006.year#4.mscode omitted because of collinearity
note: 2007.year#2.mscode omitted because of collinearity
note: 2007.year#5.mscode omitted because of collinearity
note: 2007.year#8.mscode omitted because of collinearity
note: 2007.year#10.mscode omitted because of collinearity
note: 2007.year#13.mscode omitted because of collinearity
note: 2007.year#14.mscode omitted because of collinearity

Fixed-effects (within) regression               Number of obs      =     42822
Group variable: pid                             Number of groups   =      7419

R-sq:  within  = 0.0427                         Obs per group: min =         1
       between = 0.0737                                        avg =       5.8
       overall = 0.0580                                        max =         8

                                                F(66,35337)        =     23.86
corr(u_i, Xb)  = -0.2964                        Prob > F           =    0.0000

------------------------------------------------------------------------------
 osrape_prop |      Coef.   Std. Err.      t    P>|t|     [95% Conf. Interval]
-------------+----------------------------------------------------------------
   energydum |   .1456611   .0571936     2.55   0.011     .0335599    .2577624
   sizeclass |    .000235   .0008928     0.26   0.792    -.0015149    .0019849
ln_setasid~a |  -.0101331   .0005722   -17.71   0.000    -.0112547   -.0090116
   ln_labour |  -.0029112   .0015638    -1.86   0.063    -.0059763     .000154
  specialise |   .0008369   .0008094     1.03   0.301    -.0007494    .0024233
 ln_osrprice |  (omitted)
             |
        year |
       1999  |  (empty)  
       2000  |  (omitted)
       2001  |  -.0055892   .0053265    -1.05   0.294    -.0160293    .0048509
       2002  |  -.0062366   .0051438    -1.21   0.225    -.0163186    .0038453
       2003  |    .008071   .0052232     1.55   0.122    -.0021665    .0183086
       2004  |  -.1284464   .0571419    -2.25   0.025    -.2404463   -.0164464
       2005  |  -.1418112   .0571441    -2.48   0.013    -.2538153    -.029807
       2006  |  -.1266773   .0571593    -2.22   0.027    -.2387113   -.0146432
       2007  |  (omitted)
             |
 year#mscode |
    1999  1  |  (empty)  
    1999  2  |  (empty)  
    1999  4  |  (empty)  
    1999  5  |  (empty)  
    1999  8  |  (empty)  
    1999 10  |  (empty)  
    1999 12  |  (empty)  
    1999 13  |  (empty)  
    1999 14  |  (empty)  
    2000  2  |   .1250081   .0572416     2.18   0.029     .0128127    .2372035
    2000  4  |   .0281028   .0060126     4.67   0.000     .0163179    .0398877
    2000  5  |   .1369619   .0572407     2.39   0.017     .0247683    .2491555
    2000  8  |   .1112169   .0604124     1.84   0.066    -.0071932     .229627
    2000 10  |   .1454621   .0573899     2.53   0.011     .0329761     .257948
    2000 12  |  (omitted)
    2000 13  |   .1093601   .0574742     1.90   0.057    -.0032911    .2220114
    2000 14  |   .1488954   .0577256     2.58   0.010     .0357515    .2620393
    2001  2  |   .1308833   .0572061     2.29   0.022     .0187576     .243009
    2001  4  |   .0419184   .0055252     7.59   0.000     .0310888    .0527479
    2001  5  |   .1384523   .0572049     2.42   0.016     .0263288    .2505757
    2001  8  |   .1365893   .0601259     2.27   0.023     .0187406    .2544379
    2001 10  |   .1542979    .057347     2.69   0.007      .041896    .2666997
    2001 12  |   .0031827    .007848     0.41   0.685    -.0121996     .018565
    2001 13  |    .115129   .0574324     2.00   0.045     .0025596    .2276983
    2001 14  |   .1379091   .0573535     2.40   0.016     .0254945    .2503238
    2002  2  |   .1417037    .057184     2.48   0.013     .0296212    .2537862
    2002  4  |   .0290542   .0052564     5.53   0.000     .0187514     .039357
    2002  5  |   .1221262    .057177     2.14   0.033     .0100576    .2341948
    2002  8  |   .1229289   .0597655     2.06   0.040     .0057868    .2400711
    2002 10  |   .1537606   .0573271     2.68   0.007     .0413976    .2661235
    2002 12  |   .0040224   .0076095     0.53   0.597    -.0108924    .0189373
    2002 13  |   .1311374   .0574116     2.28   0.022     .0186089    .2436659
    2002 14  |   .1296047   .0573178     2.26   0.024     .0172601    .2419493
    2003  2  |   .1272237   .0571881     2.22   0.026     .0151332    .2393141
    2003  4  |   .0136118   .0053236     2.56   0.011     .0031774    .0240462
    2003  5  |   .1146643   .0571812     2.01   0.045     .0025874    .2267411
    2003  8  |   .0871546   .0595659     1.46   0.143    -.0295965    .2039057
    2003 10  |   .1336575   .0573317     2.33   0.020     .0212855    .2460295
    2003 12  |   .0005415   .0076474     0.07   0.944    -.0144477    .0155307
    2003 13  |   .1106753   .0574111     1.93   0.054    -.0018522    .2232028
    2003 14  |   .1387141    .057319     2.42   0.016      .026367    .2510612
    2004  2  |   .1201815   .0571831     2.10   0.036     .0081009    .2322622
    2004  4  |   .0065124   .0052458     1.24   0.214    -.0037695    .0167944
    2004  5  |   .1015415   .0571755     1.78   0.076    -.0105242    .2136072
    2004  8  |   .1249481   .0596932     2.09   0.036     .0079475    .2419487
    2004 10  |   .1233009   .0573191     2.15   0.031     .0109536    .2356482
    2004 12  |  -.0019472   .0075851    -0.26   0.797    -.0168141    .0129198
    2004 13  |   .1188891   .0574044     2.07   0.038     .0063747    .2314036
    2004 14  |   .1247005   .0573111     2.18   0.030     .0123689    .2370321
    2005  2  |   .1340306   .0571851     2.34   0.019     .0219461    .2461151
    2005  4  |    .013858   .0052748     2.63   0.009     .0035193    .0241967
    2005  5  |   .1255873   .0571776     2.20   0.028     .0135173    .2376572
    2005  8  |  (empty)  
    2005 10  |   .1437705   .0573205     2.51   0.012     .0314204    .2561205
    2005 12  |   .0092001   .0076034     1.21   0.226    -.0057028     .024103
    2005 13  |   .1343395    .057404     2.34   0.019     .0218259     .246853
    2005 14  |   .1460824   .0573116     2.55   0.011     .0337498    .2584149
    2006  2  |   .1386853   .0572022     2.42   0.015     .0265672    .2508033
    2006  4  |  (omitted)
    2006  5  |   .1189419   .0571939     2.08   0.038     .0068401    .2310437
    2006  8  |   .1301327   .0600497     2.17   0.030     .0124334     .247832
    2006 10  |   .1412822   .0573414     2.46   0.014     .0288912    .2536731
    2006 12  |   .0104691   .0080163     1.31   0.192    -.0052432    .0261813
    2006 13  |   .1289749   .0574348     2.25   0.025      .016401    .2415489
    2006 14  |   .1281338   .0573448     2.23   0.025     .0157363    .2405313
    2007  2  |  (omitted)
    2007  4  |  -.1567836   .0575058    -2.73   0.006    -.2694968   -.0440705
    2007  5  |  (omitted)
    2007  8  |  (omitted)
    2007 10  |  (omitted)
    2007 12  |  -.1296172   .0575086    -2.25   0.024     -.242336   -.0168985
    2007 13  |  (omitted)
    2007 14  |  (omitted)
             |
       _cons |   .0246382   .0436076     0.56   0.572     -.060834    .1101104
-------------+----------------------------------------------------------------
     sigma_u |  .09591889
     sigma_e |  .05338017
         rho |   .7635293   (fraction of variance due to u_i)
------------------------------------------------------------------------------
F test that all u_i=0:     F(7418, 35337) =    16.26         Prob > F = 0.0000

. 
. xtreg osrape_prop energydum sizeclass ln_setasideuaa ln_labour  specialise ib1999.year, fe
note: 2007.year omitted because of collinearity

Fixed-effects (within) regression               Number of obs      =     50737
Group variable: pid                             Number of groups   =      8346

R-sq:  within  = 0.0290                         Obs per group: min =         1
       between = 0.0014                                        avg =       6.1
       overall = 0.0000                                        max =         9

                                                F(12,42379)        =    105.51
corr(u_i, Xb)  = -0.1680                        Prob > F           =    0.0000

------------------------------------------------------------------------------
 osrape_prop |      Coef.   Std. Err.      t    P>|t|     [95% Conf. Interval]
-------------+----------------------------------------------------------------
   energydum |  -.0108415   .0013661    -7.94   0.000    -.0135191   -.0081639
   sizeclass |  -.0027749   .0008359    -3.32   0.001    -.0044133   -.0011364
ln_setasid~a |  -.0111683   .0005481   -20.37   0.000    -.0122427    -.010094
   ln_labour |   -.002324   .0013701    -1.70   0.090    -.0050095    .0003614
  specialise |   .0014453   .0008631     1.67   0.094    -.0002464     .003137
             |
        year |
       2000  |  -.0183778   .0012197   -15.07   0.000    -.0207686   -.0159871
       2001  |  -.0191754   .0011866   -16.16   0.000    -.0215011   -.0168498
       2002  |  -.0257536   .0011813   -21.80   0.000    -.0280689   -.0234382
       2003  |  -.0229444   .0011859   -19.35   0.000    -.0252687   -.0206201
       2004  |  -.0114963   .0012276    -9.37   0.000    -.0139024   -.0090902
       2005  |  -.0095013   .0012275    -7.74   0.000    -.0119073   -.0070954
       2006  |   .0016661   .0012722     1.31   0.190    -.0008274    .0041597
       2007  |  (omitted)
             |
       _cons |   .1637903   .0122586    13.36   0.000     .1397632    .1878173
-------------+----------------------------------------------------------------
     sigma_u |  .09760922
     sigma_e |  .05797948
         rho |  .73919056   (fraction of variance due to u_i)
------------------------------------------------------------------------------
F test that all u_i=0:     F(8345, 42379) =    15.78         Prob > F = 0.0000

. xtreg osrape_prop energydum sizeclass ln_setasideuaa ln_labour  specialise ib1999.year year#mscode,
>  fe
note: 2007.year omitted because of collinearity
note: 1999b.year#8.mscode omitted because of collinearity
note: 1999b.year#9.mscode omitted because of collinearity
note: 1999b.year#10.mscode omitted because of collinearity
note: 1999b.year#13.mscode omitted because of collinearity
note: 2000.year#6.mscode omitted because of collinearity
note: 2000.year#14.mscode omitted because of collinearity
note: 2003.year#7.mscode omitted because of collinearity
note: 2003.year#11.mscode omitted because of collinearity
note: 2006.year#4.mscode omitted because of collinearity
note: 2007.year#2.mscode omitted because of collinearity
note: 2007.year#3.mscode omitted because of collinearity
note: 2007.year#5.mscode omitted because of collinearity
note: 2007.year#12.mscode omitted because of collinearity

Fixed-effects (within) regression               Number of obs      =     50737
Group variable: pid                             Number of groups   =      8346

R-sq:  within  = 0.0627                         Obs per group: min =         1
       between = 0.0487                                        avg =       6.1
       overall = 0.0486                                        max =         9

                                                F(110,42281)       =     25.73
corr(u_i, Xb)  = -0.3979                        Prob > F           =    0.0000

------------------------------------------------------------------------------
 osrape_prop |      Coef.   Std. Err.      t    P>|t|     [95% Conf. Interval]
-------------+----------------------------------------------------------------
   energydum |   .1169161   .0606867     1.93   0.054    -.0020311    .2358633
   sizeclass |  -.0010671   .0008346    -1.28   0.201    -.0027028    .0005687
ln_setasid~a |  -.0108329   .0005491   -19.73   0.000    -.0119092   -.0097566
   ln_labour |  -.0035103    .001413    -2.48   0.013    -.0062797   -.0007409
  specialise |    .000877   .0008503     1.03   0.302    -.0007896    .0025435
             |
        year |
       2000  |  -.0381136   .0067335    -5.66   0.000    -.0513114   -.0249159
       2001  |  -.0431565   .0064607    -6.68   0.000    -.0558197   -.0304933
       2002  |  -.0435902   .0062806    -6.94   0.000    -.0559003   -.0312801
       2003  |  -.0288669    .006336    -4.56   0.000    -.0412856   -.0164482
       2004  |   -.136703   .0605742    -2.26   0.024    -.2554295   -.0179764
       2005  |  -.1506317   .0605765    -2.49   0.013    -.2693629   -.0319006
       2006  |  -.1355915   .0605927    -2.24   0.025    -.2543543   -.0168287
       2007  |  (omitted)
             |
 year#mscode |
    1999  2  |   .1145181   .0607426     1.89   0.059    -.0045385    .2335748
    1999  3  |   .2464332   .0616725     4.00   0.000     .1255538    .3673126
    1999  4  |   .0105584   .0070645     1.49   0.135    -.0032882     .024405
    1999  5  |   .1227449   .0607379     2.02   0.043     .0036974    .2417923
    1999  6  |  -.0315158   .0159366    -1.98   0.048    -.0627519   -.0002797
    1999  7  |   .0557774   .0102534     5.44   0.000     .0356806    .0758742
    1999  8  |  (omitted)
    1999  9  |  (omitted)
    1999 10  |  (omitted)
    1999 11  |  -.0111926   .0175447    -0.64   0.524    -.0455806    .0231954
    1999 12  |   .1029276   .0610341     1.69   0.092    -.0167005    .2225557
    1999 13  |  (omitted)
    1999 14  |  -.0275098   .0122004    -2.25   0.024    -.0514228   -.0035968
    2000  2  |   .1345999   .0606794     2.22   0.027     .0156671    .2535327
    2000  3  |    .250806   .0616221     4.07   0.000     .1300254    .3715866
    2000  4  |    .028494    .006399     4.45   0.000     .0159518    .0410363
    2000  5  |   .1464146   .0606773     2.41   0.016     .0274859    .2653433
    2000  6  |  (omitted)
    2000  7  |   .0666713   .0096436     6.91   0.000     .0477697     .085573
    2000  8  |  -.0102426   .0229729    -0.45   0.656    -.0552699    .0347848
    2000  9  |   .0382152   .0139728     2.73   0.006     .0108283    .0656021
    2000 10  |   .0168788   .0082514     2.05   0.041     .0007058    .0330518
    2000 11  |   .0271607    .016202     1.68   0.094    -.0045955    .0589168
    2000 12  |    .139338   .0609652     2.29   0.022      .019845    .2588309
    2000 13  |   .0166877   .0089598     1.86   0.063    -.0008737    .0342492
    2000 14  |  (omitted)
    2001  2  |    .140069   .0606425     2.31   0.021     .0212085    .2589295
    2001  3  |   .1602419   .0614858     2.61   0.009     .0397285    .2807554
    2001  4  |   .0417627   .0058842     7.10   0.000     .0302296    .0532958
    2001  5  |   .1474692   .0606401     2.43   0.015     .0286134     .266325
    2001  6  |  -.0024343   .0144201    -0.17   0.866    -.0306981    .0258294
    2001  7  |   .0699466   .0090086     7.76   0.000     .0522896    .0876035
    2001  8  |   .0099663   .0226834     0.44   0.660    -.0344937    .0544263
    2001  9  |   .0412419   .0130528     3.16   0.002     .0156582    .0668256
    2001 10  |   .0255709   .0079832     3.20   0.001     .0099236    .0412181
    2001 11  |   .0337388   .0158775     2.12   0.034     .0026186     .064859
    2001 12  |   .1421227   .0609259     2.33   0.020     .0227066    .2615387
    2001 13  |   .0218536   .0087176     2.51   0.012     .0047671    .0389402
    2001 14  |  -.0112059   .0099315    -1.13   0.259    -.0306719    .0082601
    2002  2  |   .1507143   .0606192     2.49   0.013     .0318995    .2695292
    2002  3  |   .1685234   .0613229     2.75   0.006     .0483292    .2887175
    2002  4  |   .0288514   .0055956     5.16   0.000      .017884    .0398188
    2002  5  |   .1308005   .0606118     2.16   0.031     .0120001    .2496009
    2002  6  |  -.0004266   .0136661    -0.03   0.975    -.0272124    .0263592
    2002  7  |   .0156547   .0085582     1.83   0.067    -.0011196     .032429
    2002  8  |  -.0045612   .0222325    -0.21   0.837    -.0481374    .0390149
    2002  9  |    .042519   .0130634     3.25   0.001     .0169145    .0681234
    2002 10  |    .024185   .0078455     3.08   0.002     .0088077    .0395623
    2002 11  |   .0243314   .0160642     1.51   0.130    -.0071546    .0558175
    2002 12  |   .1422958   .0608836     2.34   0.019     .0229627    .2616289
    2002 13  |   .0370739    .008592     4.31   0.000     .0202335    .0539144
    2002 14  |  -.0199859   .0097502    -2.05   0.040    -.0390965   -.0008753
    2003  2  |   .1358729   .0606236     2.24   0.025     .0170494    .2546964
    2003  3  |   .1148912   .0613031     1.87   0.061    -.0052641    .2350465
    2003  4  |   .0128884   .0056673     2.27   0.023     .0017803    .0239965
    2003  5  |   .1230438   .0606164     2.03   0.042     .0042344    .2418531
    2003  6  |  -.0118628   .0138022    -0.86   0.390    -.0389153    .0151897
    2003  7  |  (omitted)
    2003  8  |   -.040505   .0215682    -1.88   0.060    -.0827791    .0017691
    2003  9  |   .0286927   .0132414     2.17   0.030     .0027392    .0546462
    2003 10  |   .0038263    .007925     0.48   0.629     -.011707    .0193595
    2003 11  |  (omitted)
    2003 12  |   .1382675   .0608826     2.27   0.023     .0189364    .2575986
    2003 13  |   .0164071    .008607     1.91   0.057    -.0004628    .0332769
    2003 14  |  -.0113066   .0097815    -1.16   0.248    -.0304785    .0078653
    2004  2  |   .1286613   .0606179     2.12   0.034      .009849    .2474737
    2004  3  |   .0991882   .0612963     1.62   0.106    -.0209537    .2193301
    2004  4  |   .0056271   .0055854     1.01   0.314    -.0053205    .0165747
    2004  5  |   .1097093   .0606102     1.81   0.070     -.009088    .2285065
    2004  6  |  -.0264114   .0136685    -1.93   0.053    -.0532019     .000379
    2004  7  |   .0009961   .0087468     0.11   0.909    -.0161478      .01814
    2004  8  |   -.003366    .022067    -0.15   0.879    -.0466177    .0398857
    2004  9  |   .0178818   .0130106     1.37   0.169    -.0076192    .0433829
    2004 10  |  -.0065774   .0078164    -0.84   0.400    -.0218977    .0087428
    2004 11  |  -.0071453   .0158389    -0.45   0.652    -.0381899    .0238993
    2004 12  |   .1358175   .0608729     2.23   0.026     .0165054    .2551295
    2004 13  |   .0246602   .0085224     2.89   0.004     .0079562    .0413642
    2004 14  |  -.0254989   .0097258    -2.62   0.009    -.0445616   -.0064361
    2005  2  |   .1431485   .0606202     2.36   0.018     .0243317    .2619653
    2005  3  |   .1139025   .0613016     1.86   0.063    -.0062499    .2340548
    2005  4  |   .0134147   .0056165     2.39   0.017     .0024063    .0244231
    2005  5  |    .134423   .0606124     2.22   0.027     .0156215    .2532244
    2005  6  |   .0008203   .0135739     0.06   0.952    -.0257847    .0274254
    2005  7  |   .0102931   .0087878     1.17   0.241    -.0069311    .0275173
    2005  8  |  (empty)  
    2005  9  |   .0347933   .0128496     2.71   0.007     .0096078    .0599789
    2005 10  |   .0148223   .0078537     1.89   0.059    -.0005712    .0302158
    2005 11  |  (empty)  
    2005 12  |   .1469187   .0608744     2.41   0.016     .0276036    .2662338
    2005 13  |   .0404118   .0085796     4.71   0.000     .0235956     .057228
    2005 14  |  -.0035511   .0097402    -0.36   0.715     -.022642    .0155399
    2006  2  |   .1475578   .0606384     2.43   0.015     .0287053    .2664103
    2006  3  |    .122946   .0613389     2.00   0.045     .0027205    .2431714
    2006  4  |  (omitted)
    2006  5  |   .1278015   .0606297     2.11   0.035     .0089661     .246637
    2006  6  |  -.0210838   .0141149    -1.49   0.135    -.0487493    .0065817
    2006  7  |   .0040866   .0091774     0.45   0.656    -.0139012    .0220745
    2006  8  |   .0024058   .0237961     0.10   0.919     -.044235    .0490466
    2006  9  |  (empty)  
    2006 10  |   .0122255     .00806     1.52   0.129    -.0035722    .0280231
    2006 11  |  (empty)  
    2006 12  |   .1491283   .0609182     2.45   0.014     .0297274    .2685292
    2006 13  |   .0353965   .0088639     3.99   0.000     .0180231      .05277
    2006 14  |  -.0215515   .0100238    -2.15   0.032    -.0411983   -.0019047
    2007  2  |  (omitted)
    2007  3  |  (omitted)
    2007  4  |  -.1680989   .0609573    -2.76   0.006    -.2875764   -.0486214
    2007  5  |  (omitted)
    2007  6  |  -.1533078   .0620324    -2.47   0.013    -.2748925   -.0317232
    2007  7  |   -.160526   .0611307    -2.63   0.009    -.2803433   -.0407086
    2007  8  |  -.1347571   .0644048    -2.09   0.036    -.2609918   -.0085224
    2007  9  |  (empty)  
    2007 10  |  -.1378904   .0608954    -2.26   0.024    -.2572466   -.0185342
    2007 11  |  (empty)  
    2007 12  |  (omitted)
    2007 13  |  -.1025664   .0610122    -1.68   0.093    -.2221515    .0170187
    2007 14  |  -.1585877      .0612    -2.59   0.010    -.2785409   -.0386344
             |
       _cons |   .0877566   .0372641     2.35   0.019     .0147182    .1607951
-------------+----------------------------------------------------------------
     sigma_u |  .10308586
     sigma_e |  .05702966
         rho |  .76566292   (fraction of variance due to u_i)
------------------------------------------------------------------------------
F test that all u_i=0:     F(8345, 42281) =    14.77         Prob > F = 0.0000

. count if year==2006
 8639

. count if year ==2007
 7460

. xi: xtreg osrape_prop energydum sizeclass ln_setasideuaa ln_labour  specialise i.year year*mscode, 
> fe
i.year            _Iyear_1999-2007    (naturally coded; _Iyear_1999 omitted)
variable year*mscode not found
r(111);

. xi: xtreg osrape_prop energydum sizeclass ln_setasideuaa ln_labour  specialise i.year i.year*i.msco
> de, fe
i.year            _Iyear_1999-2007    (naturally coded; _Iyear_1999 omitted)
i.mscode          _Imscode_1-14       (naturally coded; _Imscode_1 omitted)
i.year*i.mscode   _IyeaXmsc_#_#       (coded as above)
note: _Iyear_2007 omitted because of collinearity
note: _Iyear_2000 omitted because of collinearity
note: _Iyear_2001 omitted because of collinearity
note: _Iyear_2002 omitted because of collinearity
note: _Iyear_2003 omitted because of collinearity
note: _Iyear_2004 omitted because of collinearity
note: _Iyear_2005 omitted because of collinearity
note: _Iyear_2006 omitted because of collinearity
note: _Iyear_2007 omitted because of collinearity
note: _Imscode_2 omitted because of collinearity
note: _Imscode_3 omitted because of collinearity
note: _Imscode_4 omitted because of collinearity
note: _Imscode_5 omitted because of collinearity
note: _Imscode_6 omitted because of collinearity
note: _Imscode_7 omitted because of collinearity
note: _Imscode_8 omitted because of collinearity
note: _Imscode_9 omitted because of collinearity
note: _Imscode_10 omitted because of collinearity
note: _Imscode_11 omitted because of collinearity
note: _Imscode_12 omitted because of collinearity
note: _Imscode_13 omitted because of collinearity
note: _Imscode_14 omitted because of collinearity
note: _IyeaXmsc_2005_8 omitted because of collinearity
note: _IyeaXmsc_2005_11 omitted because of collinearity
note: _IyeaXmsc_2006_9 omitted because of collinearity
note: _IyeaXmsc_2006_11 omitted because of collinearity
note: _IyeaXmsc_2007_9 omitted because of collinearity
note: _IyeaXmsc_2007_11 omitted because of collinearity

Fixed-effects (within) regression               Number of obs      =     50737
Group variable: pid                             Number of groups   =      8346

R-sq:  within  = 0.0627                         Obs per group: min =         1
       between = 0.0123                                        avg =       6.1
       overall = 0.0092                                        max =         9

                                                F(110,42281)       =     25.73
corr(u_i, Xb)  = -0.1684                        Prob > F           =    0.0000

------------------------------------------------------------------------------
 osrape_prop |      Coef.   Std. Err.      t    P>|t|     [95% Conf. Interval]
-------------+----------------------------------------------------------------
   energydum |   .1169161   .0606867     1.93   0.054    -.0020311    .2358633
   sizeclass |  -.0010671   .0008346    -1.28   0.201    -.0027028    .0005687
ln_setasid~a |  -.0108329   .0005491   -19.73   0.000    -.0119092   -.0097566
   ln_labour |  -.0035103    .001413    -2.48   0.013    -.0062797   -.0007409
  specialise |    .000877   .0008503     1.03   0.302    -.0007896    .0025435
 _Iyear_2000 |  -.0381136   .0067335    -5.66   0.000    -.0513114   -.0249159
 _Iyear_2001 |  -.0431565   .0064607    -6.68   0.000    -.0558197   -.0304933
 _Iyear_2002 |  -.0435902   .0062806    -6.94   0.000    -.0559003   -.0312801
 _Iyear_2003 |  -.0288669    .006336    -4.56   0.000    -.0412856   -.0164482
 _Iyear_2004 |   -.136703   .0605742    -2.26   0.024    -.2554295   -.0179764
 _Iyear_2005 |  -.1506317   .0605765    -2.49   0.013    -.2693629   -.0319006
 _Iyear_2006 |  -.1355915   .0605927    -2.24   0.025    -.2543543   -.0168287
 _Iyear_2007 |  (omitted)
 _Iyear_2000 |  (omitted)
 _Iyear_2001 |  (omitted)
 _Iyear_2002 |  (omitted)
 _Iyear_2003 |  (omitted)
 _Iyear_2004 |  (omitted)
 _Iyear_2005 |  (omitted)
 _Iyear_2006 |  (omitted)
 _Iyear_2007 |  (omitted)
  _Imscode_2 |  (omitted)
  _Imscode_3 |  (omitted)
  _Imscode_4 |  (omitted)
  _Imscode_5 |  (omitted)
  _Imscode_6 |  (omitted)
  _Imscode_7 |  (omitted)
  _Imscode_8 |  (omitted)
  _Imscode_9 |  (omitted)
 _Imscode_10 |  (omitted)
 _Imscode_11 |  (omitted)
 _Imscode_12 |  (omitted)
 _Imscode_13 |  (omitted)
 _Imscode_14 |  (omitted)
_IyeaXms~0_2 |   .0200818   .0071692     2.80   0.005       .00603    .0341336
_IyeaXms~0_3 |   .0043728    .012358     0.35   0.723    -.0198493    .0285948
_IyeaXms~0_4 |   .0179356   .0071824     2.50   0.013     .0038581    .0320132
_IyeaXms~0_5 |   .0236697   .0071104     3.33   0.001     .0097332    .0376062
_IyeaXms~0_6 |   .0315158   .0159366     1.98   0.048     .0002797    .0627519
_IyeaXms~0_7 |   .0108939   .0097147     1.12   0.262     -.008147    .0299349
_IyeaXms~0_8 |  -.0102426   .0229729    -0.45   0.656    -.0552699    .0347848
_IyeaXms~0_9 |   .0382152   .0139728     2.73   0.006     .0108283    .0656021
_IyeaXm~0_10 |   .0168788   .0082514     2.05   0.041     .0007058    .0330518
_IyeaXm~0_11 |   .0383532   .0172028     2.23   0.026     .0046355     .072071
_IyeaXm~0_12 |   .0364104   .0092033     3.96   0.000     .0183717     .054449
_IyeaXm~0_13 |   .0166877   .0089598     1.86   0.063    -.0008737    .0342492
_IyeaXm~0_14 |   .0275098   .0122004     2.25   0.024     .0035968    .0514228
_IyeaXms~1_2 |   .0255509    .006903     3.70   0.000     .0120208     .039081
_IyeaXms~1_3 |  -.0861913   .0119055    -7.24   0.000    -.1095264   -.0628562
_IyeaXms~1_4 |   .0312043   .0069051     4.52   0.000     .0176703    .0447384
_IyeaXms~1_5 |   .0247244   .0068335     3.62   0.000     .0113306    .0381181
_IyeaXms~1_6 |   .0290814   .0152308     1.91   0.056    -.0007713    .0589342
_IyeaXms~1_7 |   .0141691   .0094255     1.50   0.133    -.0043051    .0326434
_IyeaXms~1_8 |   .0099663   .0226834     0.44   0.660    -.0344937    .0544263
_IyeaXms~1_9 |   .0412419   .0130528     3.16   0.002     .0156582    .0668256
_IyeaXm~1_10 |   .0255709   .0079832     3.20   0.001     .0099236    .0412181
_IyeaXm~1_11 |   .0449314   .0172004     2.61   0.009     .0112183    .0786445
_IyeaXm~1_12 |   .0391951   .0089942     4.36   0.000     .0215662    .0568239
_IyeaXm~1_13 |   .0218536   .0087176     2.51   0.012     .0047671    .0389402
_IyeaXm~1_14 |   .0163039   .0106175     1.54   0.125    -.0045066    .0371143
_IyeaXms~2_2 |   .0361962   .0067237     5.38   0.000     .0230177    .0493747
_IyeaXms~2_3 |  -.0779099   .0110074    -7.08   0.000    -.0994846   -.0563351
_IyeaXms~2_4 |    .018293   .0067363     2.72   0.007     .0050897    .0314964
_IyeaXms~2_5 |   .0080556   .0066635     1.21   0.227    -.0050049    .0211162
_IyeaXms~2_6 |   .0310892   .0145138     2.14   0.032     .0026419    .0595366
_IyeaXms~2_7 |  -.0401227   .0092589    -4.33   0.000    -.0582703   -.0219751
_IyeaXms~2_8 |  -.0045612   .0222325    -0.21   0.837    -.0481374    .0390149
_IyeaXms~2_9 |    .042519   .0130634     3.25   0.001     .0169145    .0681234
_IyeaXm~2_10 |    .024185   .0078455     3.08   0.002     .0088077    .0395623
_IyeaXm~2_11 |    .035524   .0172814     2.06   0.040     .0016521    .0693959
_IyeaXm~2_12 |   .0393682   .0087549     4.50   0.000     .0222084     .056528
_IyeaXm~2_13 |   .0370739    .008592     4.31   0.000     .0202335    .0539144
_IyeaXm~2_14 |   .0075239    .010445     0.72   0.471    -.0129485    .0279962
_IyeaXms~3_2 |   .0213548   .0067719     3.15   0.002     .0080817    .0346279
_IyeaXms~3_3 |   -.131542   .0108972   -12.07   0.000    -.1529008   -.1101832
_IyeaXms~3_4 |     .00233   .0067843     0.34   0.731    -.0109674    .0156274
_IyeaXms~3_5 |   .0002989   .0067136     0.04   0.964    -.0128599    .0134577
_IyeaXms~3_6 |    .019653   .0146397     1.34   0.179    -.0090411     .048347
_IyeaXms~3_7 |  -.0557774   .0102534    -5.44   0.000    -.0758742   -.0356806
_IyeaXms~3_8 |   -.040505   .0215682    -1.88   0.060    -.0827791    .0017691
_IyeaXms~3_9 |   .0286927   .0132414     2.17   0.030     .0027392    .0546462
_IyeaXm~3_10 |   .0038263    .007925     0.48   0.629     -.011707    .0193595
_IyeaXm~3_11 |   .0111926   .0175447     0.64   0.524    -.0231954    .0455806
_IyeaXm~3_12 |   .0353399   .0087773     4.03   0.000     .0181362    .0525436
_IyeaXm~3_13 |   .0164071    .008607     1.91   0.057    -.0004628    .0332769
_IyeaXm~3_14 |   .0162032   .0104671     1.55   0.122    -.0043125    .0367189
_IyeaXms~4_2 |   .0141432   .0066988     2.11   0.035     .0010135    .0272729
_IyeaXms~4_3 |   -.147245   .0108685   -13.55   0.000    -.1685476   -.1259425
_IyeaXms~4_4 |  -.0049313   .0067101    -0.73   0.462    -.0180832    .0082206
_IyeaXms~4_5 |  -.0130356   .0066484    -1.96   0.050    -.0260666   -4.59e-06
_IyeaXms~4_6 |   .0051044   .0145139     0.35   0.725    -.0233432    .0335519
_IyeaXms~4_7 |  -.0547813   .0094179    -5.82   0.000    -.0732406    -.036322
_IyeaXms~4_8 |   -.003366    .022067    -0.15   0.879    -.0466177    .0398857
_IyeaXms~4_9 |   .0178818   .0130106     1.37   0.169    -.0076192    .0433829
_IyeaXm~4_10 |  -.0065774   .0078164    -0.84   0.400    -.0218977    .0087428
_IyeaXm~4_11 |   .0040473   .0173991     0.23   0.816    -.0300552    .0381498
_IyeaXm~4_12 |   .0328899   .0087117     3.78   0.000     .0158147     .049965
_IyeaXm~4_13 |   .0246602   .0085224     2.89   0.004     .0079562    .0413642
_IyeaXm~4_14 |   .0020109   .0104182     0.19   0.847     -.018409    .0224308
_IyeaXms~5_2 |   .0286304    .006734     4.25   0.000     .0154316    .0418292
_IyeaXms~5_3 |  -.1325308   .0108772   -12.18   0.000    -.1538502   -.1112113
_IyeaXms~5_4 |   .0028563   .0067445     0.42   0.672     -.010363    .0160756
_IyeaXms~5_5 |   .0116781   .0066694     1.75   0.080    -.0013941    .0247503
_IyeaXms~5_6 |   .0323361   .0144259     2.24   0.025     .0040611    .0606111
_IyeaXms~5_7 |  -.0454843   .0094236    -4.83   0.000    -.0639548   -.0270139
_IyeaXms~5_8 |  (omitted)
_IyeaXms~5_9 |   .0347933   .0128496     2.71   0.007     .0096078    .0599789
_IyeaXm~5_10 |   .0148223   .0078537     1.89   0.059    -.0005712    .0302158
_IyeaXm~5_11 |  (omitted)
_IyeaXm~5_12 |   .0439911   .0087146     5.05   0.000     .0269103    .0610719
_IyeaXm~5_13 |   .0404118   .0085796     4.71   0.000     .0235956     .057228
_IyeaXm~5_14 |   .0239587   .0104328     2.30   0.022     .0035103    .0444072
_IyeaXms~6_2 |   .0330397   .0069285     4.77   0.000     .0194597    .0466197
_IyeaXms~6_3 |  -.1234873   .0115884   -10.66   0.000    -.1462007   -.1007738
_IyeaXms~6_4 |  -.0105584   .0070645    -1.49   0.135     -.024405    .0032882
_IyeaXms~6_5 |   .0050567   .0068521     0.74   0.461    -.0083736     .018487
_IyeaXms~6_6 |    .010432   .0149575     0.70   0.486     -.018885     .039749
_IyeaXms~6_7 |  -.0516908   .0097821    -5.28   0.000    -.0708638   -.0325177
_IyeaXms~6_8 |   .0024058   .0237961     0.10   0.919     -.044235    .0490466
_IyeaXms~6_9 |  (omitted)
_IyeaXm~6_10 |   .0122255     .00806     1.52   0.129    -.0035722    .0280231
_IyeaXm~6_11 |  (omitted)
_IyeaXm~6_12 |   .0462007   .0091144     5.07   0.000     .0283363    .0640651
_IyeaXm~6_13 |   .0353965   .0088639     3.99   0.000     .0180231      .05277
_IyeaXm~6_14 |   .0059583   .0106753     0.56   0.577    -.0149656    .0268822
_IyeaXms~7_2 |  -.1145181   .0607426    -1.89   0.059    -.2335748    .0045385
_IyeaXms~7_3 |  -.2464332   .0616725    -4.00   0.000    -.3673126   -.1255538
_IyeaXms~7_4 |  -.1786573   .0610331    -2.93   0.003    -.2982833   -.0590312
_IyeaXms~7_5 |  -.1227449   .0607379    -2.02   0.043    -.2417923   -.0036974
_IyeaXms~7_6 |  -.1217921   .0622108    -1.96   0.050    -.2437264    .0001423
_IyeaXms~7_7 |  -.2163034   .0611735    -3.54   0.000    -.3362046   -.0964021
_IyeaXms~7_8 |  -.1347571   .0644048    -2.09   0.036    -.2609918   -.0085224
_IyeaXms~7_9 |  (omitted)
_IyeaXm~7_10 |  -.1378904   .0608954    -2.26   0.024    -.2572466   -.0185342
_IyeaXm~7_11 |  (omitted)
_IyeaXm~7_12 |  -.1029276   .0610341    -1.69   0.092    -.2225557    .0167005
_IyeaXm~7_13 |  -.1025664   .0610122    -1.68   0.093    -.2221515    .0170187
_IyeaXm~7_14 |  -.1310779   .0612956    -2.14   0.032    -.2512185   -.0109372
       _cons |   .1607514   .0124871    12.87   0.000     .1362764    .1852265
-------------+----------------------------------------------------------------
     sigma_u |  .09687369
     sigma_e |  .05702966
         rho |  .74262802   (fraction of variance due to u_i)
------------------------------------------------------------------------------
F test that all u_i=0:     F(8345, 42281) =    14.77         Prob > F = 0.0000

. xi: xtreg osrape_prop energydum sizeclass ln_setasideuaa ln_labour  specialise i.year*i.mscode, fe
i.year            _Iyear_1999-2007    (naturally coded; _Iyear_1999 omitted)
i.mscode          _Imscode_1-14       (naturally coded; _Imscode_1 omitted)
i.year*i.mscode   _IyeaXmsc_#_#       (coded as above)
note: _Iyear_2007 omitted because of collinearity
note: _Imscode_2 omitted because of collinearity
note: _Imscode_3 omitted because of collinearity
note: _Imscode_4 omitted because of collinearity
note: _Imscode_5 omitted because of collinearity
note: _Imscode_6 omitted because of collinearity
note: _Imscode_7 omitted because of collinearity
note: _Imscode_8 omitted because of collinearity
note: _Imscode_9 omitted because of collinearity
note: _Imscode_10 omitted because of collinearity
note: _Imscode_11 omitted because of collinearity
note: _Imscode_12 omitted because of collinearity
note: _Imscode_13 omitted because of collinearity
note: _Imscode_14 omitted because of collinearity
note: _IyeaXmsc_2005_8 omitted because of collinearity
note: _IyeaXmsc_2005_11 omitted because of collinearity
note: _IyeaXmsc_2006_9 omitted because of collinearity
note: _IyeaXmsc_2006_11 omitted because of collinearity
note: _IyeaXmsc_2007_9 omitted because of collinearity
note: _IyeaXmsc_2007_11 omitted because of collinearity

Fixed-effects (within) regression               Number of obs      =     50737
Group variable: pid                             Number of groups   =      8346

R-sq:  within  = 0.0627                         Obs per group: min =         1
       between = 0.0123                                        avg =       6.1
       overall = 0.0092                                        max =         9

                                                F(110,42281)       =     25.73
corr(u_i, Xb)  = -0.1684                        Prob > F           =    0.0000

------------------------------------------------------------------------------
 osrape_prop |      Coef.   Std. Err.      t    P>|t|     [95% Conf. Interval]
-------------+----------------------------------------------------------------
   energydum |   .1169161   .0606867     1.93   0.054    -.0020311    .2358633
   sizeclass |  -.0010671   .0008346    -1.28   0.201    -.0027028    .0005687
ln_setasid~a |  -.0108329   .0005491   -19.73   0.000    -.0119092   -.0097566
   ln_labour |  -.0035103    .001413    -2.48   0.013    -.0062797   -.0007409
  specialise |    .000877   .0008503     1.03   0.302    -.0007896    .0025435
 _Iyear_2000 |  -.0381136   .0067335    -5.66   0.000    -.0513114   -.0249159
 _Iyear_2001 |  -.0431565   .0064607    -6.68   0.000    -.0558197   -.0304933
 _Iyear_2002 |  -.0435902   .0062806    -6.94   0.000    -.0559003   -.0312801
 _Iyear_2003 |  -.0288669    .006336    -4.56   0.000    -.0412856   -.0164482
 _Iyear_2004 |   -.136703   .0605742    -2.26   0.024    -.2554295   -.0179764
 _Iyear_2005 |  -.1506317   .0605765    -2.49   0.013    -.2693629   -.0319006
 _Iyear_2006 |  -.1355915   .0605927    -2.24   0.025    -.2543543   -.0168287
 _Iyear_2007 |  (omitted)
  _Imscode_2 |  (omitted)
  _Imscode_3 |  (omitted)
  _Imscode_4 |  (omitted)
  _Imscode_5 |  (omitted)
  _Imscode_6 |  (omitted)
  _Imscode_7 |  (omitted)
  _Imscode_8 |  (omitted)
  _Imscode_9 |  (omitted)
 _Imscode_10 |  (omitted)
 _Imscode_11 |  (omitted)
 _Imscode_12 |  (omitted)
 _Imscode_13 |  (omitted)
 _Imscode_14 |  (omitted)
_IyeaXms~0_2 |   .0200818   .0071692     2.80   0.005       .00603    .0341336
_IyeaXms~0_3 |   .0043728    .012358     0.35   0.723    -.0198493    .0285948
_IyeaXms~0_4 |   .0179356   .0071824     2.50   0.013     .0038581    .0320132
_IyeaXms~0_5 |   .0236697   .0071104     3.33   0.001     .0097332    .0376062
_IyeaXms~0_6 |   .0315158   .0159366     1.98   0.048     .0002797    .0627519
_IyeaXms~0_7 |   .0108939   .0097147     1.12   0.262     -.008147    .0299349
_IyeaXms~0_8 |  -.0102426   .0229729    -0.45   0.656    -.0552699    .0347848
_IyeaXms~0_9 |   .0382152   .0139728     2.73   0.006     .0108283    .0656021
_IyeaXm~0_10 |   .0168788   .0082514     2.05   0.041     .0007058    .0330518
_IyeaXm~0_11 |   .0383532   .0172028     2.23   0.026     .0046355     .072071
_IyeaXm~0_12 |   .0364104   .0092033     3.96   0.000     .0183717     .054449
_IyeaXm~0_13 |   .0166877   .0089598     1.86   0.063    -.0008737    .0342492
_IyeaXm~0_14 |   .0275098   .0122004     2.25   0.024     .0035968    .0514228
_IyeaXms~1_2 |   .0255509    .006903     3.70   0.000     .0120208     .039081
_IyeaXms~1_3 |  -.0861913   .0119055    -7.24   0.000    -.1095264   -.0628562
_IyeaXms~1_4 |   .0312043   .0069051     4.52   0.000     .0176703    .0447384
_IyeaXms~1_5 |   .0247244   .0068335     3.62   0.000     .0113306    .0381181
_IyeaXms~1_6 |   .0290814   .0152308     1.91   0.056    -.0007713    .0589342
_IyeaXms~1_7 |   .0141691   .0094255     1.50   0.133    -.0043051    .0326434
_IyeaXms~1_8 |   .0099663   .0226834     0.44   0.660    -.0344937    .0544263
_IyeaXms~1_9 |   .0412419   .0130528     3.16   0.002     .0156582    .0668256
_IyeaXm~1_10 |   .0255709   .0079832     3.20   0.001     .0099236    .0412181
_IyeaXm~1_11 |   .0449314   .0172004     2.61   0.009     .0112183    .0786445
_IyeaXm~1_12 |   .0391951   .0089942     4.36   0.000     .0215662    .0568239
_IyeaXm~1_13 |   .0218536   .0087176     2.51   0.012     .0047671    .0389402
_IyeaXm~1_14 |   .0163039   .0106175     1.54   0.125    -.0045066    .0371143
_IyeaXms~2_2 |   .0361962   .0067237     5.38   0.000     .0230177    .0493747
_IyeaXms~2_3 |  -.0779099   .0110074    -7.08   0.000    -.0994846   -.0563351
_IyeaXms~2_4 |    .018293   .0067363     2.72   0.007     .0050897    .0314964
_IyeaXms~2_5 |   .0080556   .0066635     1.21   0.227    -.0050049    .0211162
_IyeaXms~2_6 |   .0310892   .0145138     2.14   0.032     .0026419    .0595366
_IyeaXms~2_7 |  -.0401227   .0092589    -4.33   0.000    -.0582703   -.0219751
_IyeaXms~2_8 |  -.0045612   .0222325    -0.21   0.837    -.0481374    .0390149
_IyeaXms~2_9 |    .042519   .0130634     3.25   0.001     .0169145    .0681234
_IyeaXm~2_10 |    .024185   .0078455     3.08   0.002     .0088077    .0395623
_IyeaXm~2_11 |    .035524   .0172814     2.06   0.040     .0016521    .0693959
_IyeaXm~2_12 |   .0393682   .0087549     4.50   0.000     .0222084     .056528
_IyeaXm~2_13 |   .0370739    .008592     4.31   0.000     .0202335    .0539144
_IyeaXm~2_14 |   .0075239    .010445     0.72   0.471    -.0129485    .0279962
_IyeaXms~3_2 |   .0213548   .0067719     3.15   0.002     .0080817    .0346279
_IyeaXms~3_3 |   -.131542   .0108972   -12.07   0.000    -.1529008   -.1101832
_IyeaXms~3_4 |     .00233   .0067843     0.34   0.731    -.0109674    .0156274
_IyeaXms~3_5 |   .0002989   .0067136     0.04   0.964    -.0128599    .0134577
_IyeaXms~3_6 |    .019653   .0146397     1.34   0.179    -.0090411     .048347
_IyeaXms~3_7 |  -.0557774   .0102534    -5.44   0.000    -.0758742   -.0356806
_IyeaXms~3_8 |   -.040505   .0215682    -1.88   0.060    -.0827791    .0017691
_IyeaXms~3_9 |   .0286927   .0132414     2.17   0.030     .0027392    .0546462
_IyeaXm~3_10 |   .0038263    .007925     0.48   0.629     -.011707    .0193595
_IyeaXm~3_11 |   .0111926   .0175447     0.64   0.524    -.0231954    .0455806
_IyeaXm~3_12 |   .0353399   .0087773     4.03   0.000     .0181362    .0525436
_IyeaXm~3_13 |   .0164071    .008607     1.91   0.057    -.0004628    .0332769
_IyeaXm~3_14 |   .0162032   .0104671     1.55   0.122    -.0043125    .0367189
_IyeaXms~4_2 |   .0141432   .0066988     2.11   0.035     .0010135    .0272729
_IyeaXms~4_3 |   -.147245   .0108685   -13.55   0.000    -.1685476   -.1259425
_IyeaXms~4_4 |  -.0049313   .0067101    -0.73   0.462    -.0180832    .0082206
_IyeaXms~4_5 |  -.0130356   .0066484    -1.96   0.050    -.0260666   -4.59e-06
_IyeaXms~4_6 |   .0051044   .0145139     0.35   0.725    -.0233432    .0335519
_IyeaXms~4_7 |  -.0547813   .0094179    -5.82   0.000    -.0732406    -.036322
_IyeaXms~4_8 |   -.003366    .022067    -0.15   0.879    -.0466177    .0398857
_IyeaXms~4_9 |   .0178818   .0130106     1.37   0.169    -.0076192    .0433829
_IyeaXm~4_10 |  -.0065774   .0078164    -0.84   0.400    -.0218977    .0087428
_IyeaXm~4_11 |   .0040473   .0173991     0.23   0.816    -.0300552    .0381498
_IyeaXm~4_12 |   .0328899   .0087117     3.78   0.000     .0158147     .049965
_IyeaXm~4_13 |   .0246602   .0085224     2.89   0.004     .0079562    .0413642
_IyeaXm~4_14 |   .0020109   .0104182     0.19   0.847     -.018409    .0224308
_IyeaXms~5_2 |   .0286304    .006734     4.25   0.000     .0154316    .0418292
_IyeaXms~5_3 |  -.1325308   .0108772   -12.18   0.000    -.1538502   -.1112113
_IyeaXms~5_4 |   .0028563   .0067445     0.42   0.672     -.010363    .0160756
_IyeaXms~5_5 |   .0116781   .0066694     1.75   0.080    -.0013941    .0247503
_IyeaXms~5_6 |   .0323361   .0144259     2.24   0.025     .0040611    .0606111
_IyeaXms~5_7 |  -.0454843   .0094236    -4.83   0.000    -.0639548   -.0270139
_IyeaXms~5_8 |  (omitted)
_IyeaXms~5_9 |   .0347933   .0128496     2.71   0.007     .0096078    .0599789
_IyeaXm~5_10 |   .0148223   .0078537     1.89   0.059    -.0005712    .0302158
_IyeaXm~5_11 |  (omitted)
_IyeaXm~5_12 |   .0439911   .0087146     5.05   0.000     .0269103    .0610719
_IyeaXm~5_13 |   .0404118   .0085796     4.71   0.000     .0235956     .057228
_IyeaXm~5_14 |   .0239587   .0104328     2.30   0.022     .0035103    .0444072
_IyeaXms~6_2 |   .0330397   .0069285     4.77   0.000     .0194597    .0466197
_IyeaXms~6_3 |  -.1234873   .0115884   -10.66   0.000    -.1462007   -.1007738
_IyeaXms~6_4 |  -.0105584   .0070645    -1.49   0.135     -.024405    .0032882
_IyeaXms~6_5 |   .0050567   .0068521     0.74   0.461    -.0083736     .018487
_IyeaXms~6_6 |    .010432   .0149575     0.70   0.486     -.018885     .039749
_IyeaXms~6_7 |  -.0516908   .0097821    -5.28   0.000    -.0708638   -.0325177
_IyeaXms~6_8 |   .0024058   .0237961     0.10   0.919     -.044235    .0490466
_IyeaXms~6_9 |  (omitted)
_IyeaXm~6_10 |   .0122255     .00806     1.52   0.129    -.0035722    .0280231
_IyeaXm~6_11 |  (omitted)
_IyeaXm~6_12 |   .0462007   .0091144     5.07   0.000     .0283363    .0640651
_IyeaXm~6_13 |   .0353965   .0088639     3.99   0.000     .0180231      .05277
_IyeaXm~6_14 |   .0059583   .0106753     0.56   0.577    -.0149656    .0268822
_IyeaXms~7_2 |  -.1145181   .0607426    -1.89   0.059    -.2335748    .0045385
_IyeaXms~7_3 |  -.2464332   .0616725    -4.00   0.000    -.3673126   -.1255538
_IyeaXms~7_4 |  -.1786573   .0610331    -2.93   0.003    -.2982833   -.0590312
_IyeaXms~7_5 |  -.1227449   .0607379    -2.02   0.043    -.2417923   -.0036974
_IyeaXms~7_6 |  -.1217921   .0622108    -1.96   0.050    -.2437264    .0001423
_IyeaXms~7_7 |  -.2163034   .0611735    -3.54   0.000    -.3362046   -.0964021
_IyeaXms~7_8 |  -.1347571   .0644048    -2.09   0.036    -.2609918   -.0085224
_IyeaXms~7_9 |  (omitted)
_IyeaXm~7_10 |  -.1378904   .0608954    -2.26   0.024    -.2572466   -.0185342
_IyeaXm~7_11 |  (omitted)
_IyeaXm~7_12 |  -.1029276   .0610341    -1.69   0.092    -.2225557    .0167005
_IyeaXm~7_13 |  -.1025664   .0610122    -1.68   0.093    -.2221515    .0170187
_IyeaXm~7_14 |  -.1310779   .0612956    -2.14   0.032    -.2512185   -.0109372
       _cons |   .1607514   .0124871    12.87   0.000     .1362764    .1852265
-------------+----------------------------------------------------------------
     sigma_u |  .09687369
     sigma_e |  .05702966
         rho |  .74262802   (fraction of variance due to u_i)
------------------------------------------------------------------------------
F test that all u_i=0:     F(8345, 42281) =    14.77         Prob > F = 0.0000

. xtreg osrape_prop energydum sizeclass ln_setasideuaa ln_labour  specialise ln_osrprice i.year , fe
note: 2007.year omitted because of collinearity

Fixed-effects (within) regression               Number of obs      =     42822
Group variable: pid                             Number of groups   =      7419

R-sq:  within  = 0.0237                         Obs per group: min =         1
       between = 0.0003                                        avg =       5.8
       overall = 0.0001                                        max =         8

                                                F(12,35391)        =     71.58
corr(u_i, Xb)  = -0.2502                        Prob > F           =    0.0000

------------------------------------------------------------------------------
 osrape_prop |      Coef.   Std. Err.      t    P>|t|     [95% Conf. Interval]
-------------+----------------------------------------------------------------
   energydum |  -.0083482   .0036743    -2.27   0.023      -.01555   -.0011463
   sizeclass |  -.0007478   .0008925    -0.84   0.402    -.0024972    .0010015
ln_setasid~a |  -.0104395   .0005663   -18.43   0.000    -.0115496   -.0093295
   ln_labour |   .0005083   .0015016     0.34   0.735    -.0024349    .0034514
  specialise |   .0011424   .0008158     1.40   0.161    -.0004566    .0027414
 ln_osrprice |   .0382755    .006531     5.86   0.000     .0254746    .0510765
             |
        year |
       2001  |  -.0057147   .0015037    -3.80   0.000    -.0086619   -.0027675
       2002  |  -.0133789   .0017774    -7.53   0.000    -.0168627   -.0098951
       2003  |   -.011366   .0020155    -5.64   0.000    -.0153165   -.0074156
       2004  |   .0002522   .0024444     0.10   0.918     -.004539    .0050434
       2005  |    .005691   .0029547     1.93   0.054    -.0001003    .0114824
       2006  |    .011457   .0021553     5.32   0.000     .0072326    .0156814
       2007  |  (omitted)
             |
       _cons |   -.008759   .0235865    -0.37   0.710    -.0549893    .0374714
-------------+----------------------------------------------------------------
     sigma_u |  .09831454
     sigma_e |    .053865
         rho |  .76912592   (fraction of variance due to u_i)
------------------------------------------------------------------------------
F test that all u_i=0:     F(7418, 35391) =    17.11         Prob > F = 0.0000

. xtreg osrape_prop energydum sizeclass ln_setasideuaa ln_labour  specialise i.year , fe
note: 2007.year omitted because of collinearity

Fixed-effects (within) regression               Number of obs      =     50737
Group variable: pid                             Number of groups   =      8346

R-sq:  within  = 0.0290                         Obs per group: min =         1
       between = 0.0014                                        avg =       6.1
       overall = 0.0000                                        max =         9

                                                F(12,42379)        =    105.51
corr(u_i, Xb)  = -0.1680                        Prob > F           =    0.0000

------------------------------------------------------------------------------
 osrape_prop |      Coef.   Std. Err.      t    P>|t|     [95% Conf. Interval]
-------------+----------------------------------------------------------------
   energydum |  -.0108415   .0013661    -7.94   0.000    -.0135191   -.0081639
   sizeclass |  -.0027749   .0008359    -3.32   0.001    -.0044133   -.0011364
ln_setasid~a |  -.0111683   .0005481   -20.37   0.000    -.0122427    -.010094
   ln_labour |   -.002324   .0013701    -1.70   0.090    -.0050095    .0003614
  specialise |   .0014453   .0008631     1.67   0.094    -.0002464     .003137
             |
        year |
       2000  |  -.0183778   .0012197   -15.07   0.000    -.0207686   -.0159871
       2001  |  -.0191754   .0011866   -16.16   0.000    -.0215011   -.0168498
       2002  |  -.0257536   .0011813   -21.80   0.000    -.0280689   -.0234382
       2003  |  -.0229444   .0011859   -19.35   0.000    -.0252687   -.0206201
       2004  |  -.0114963   .0012276    -9.37   0.000    -.0139024   -.0090902
       2005  |  -.0095013   .0012275    -7.74   0.000    -.0119073   -.0070954
       2006  |   .0016661   .0012722     1.31   0.190    -.0008274    .0041597
       2007  |  (omitted)
             |
       _cons |   .1637903   .0122586    13.36   0.000     .1397632    .1878173
-------------+----------------------------------------------------------------
     sigma_u |  .09760922
     sigma_e |  .05797948
         rho |  .73919056   (fraction of variance due to u_i)
------------------------------------------------------------------------------
F test that all u_i=0:     F(8345, 42379) =    15.78         Prob > F = 0.0000

. gen ln_totaluaa = log(totaluaa)

. xtreg osrape_prop energydum ln_totaluaa ln_setasideuaa ln_labour  specialise i.year , fe
note: 2007.year omitted because of collinearity

Fixed-effects (within) regression               Number of obs      =     50737
Group variable: pid                             Number of groups   =      8346

R-sq:  within  = 0.0306                         Obs per group: min =         1
       between = 0.1021                                        avg =       6.1
       overall = 0.0636                                        max =         9

                                                F(12,42379)        =    111.55
corr(u_i, Xb)  = 0.1329                         Prob > F           =    0.0000

------------------------------------------------------------------------------
 osrape_prop |      Coef.   Std. Err.      t    P>|t|     [95% Conf. Interval]
-------------+----------------------------------------------------------------
   energydum |  -.0132178   .0013872    -9.53   0.000    -.0159367   -.0104989
 ln_totaluaa |   .0207869   .0023045     9.02   0.000     .0162701    .0253037
ln_setasid~a |  -.0123571   .0005604   -22.05   0.000    -.0134554   -.0112588
   ln_labour |  -.0049487   .0013735    -3.60   0.000    -.0076407   -.0022566
  specialise |    .001278   .0008626     1.48   0.138    -.0004128    .0029687
             |
        year |
       2000  |  -.0185119   .0012188   -15.19   0.000    -.0209008   -.0161231
       2001  |  -.0195019   .0011858   -16.45   0.000    -.0218261   -.0171776
       2002  |  -.0267491   .0011815   -22.64   0.000    -.0290648   -.0244334
       2003  |  -.0242304   .0011885   -20.39   0.000    -.0265598    -.021901
       2004  |  -.0106748   .0012301    -8.68   0.000    -.0130859   -.0082637
       2005  |  -.0091038   .0012273    -7.42   0.000    -.0115093   -.0066984
       2006  |   .0021391   .0012722     1.68   0.093    -.0003544    .0046326
       2007  |  (omitted)
             |
       _cons |   .0719161   .0139381     5.16   0.000     .0445972     .099235
-------------+----------------------------------------------------------------
     sigma_u |   .0923651
     sigma_e |  .05793143
         rho |  .71767913   (fraction of variance due to u_i)
------------------------------------------------------------------------------
F test that all u_i=0:     F(8345, 42379) =    15.00         Prob > F = 0.0000

. xtreg osrape_prop energydum ln_totaluaa ln_setasideuaa ln_labour  i.year , fe
note: 2007.year omitted because of collinearity

Fixed-effects (within) regression               Number of obs      =     50743
Group variable: pid                             Number of groups   =      8346

R-sq:  within  = 0.0304                         Obs per group: min =         1
       between = 0.1016                                        avg =       6.1
       overall = 0.0632                                        max =         9

                                                F(11,42386)        =    121.01
corr(u_i, Xb)  = 0.1316                         Prob > F           =    0.0000

------------------------------------------------------------------------------
 osrape_prop |      Coef.   Std. Err.      t    P>|t|     [95% Conf. Interval]
-------------+----------------------------------------------------------------
   energydum |  -.0130775   .0013872    -9.43   0.000    -.0157964   -.0103586
 ln_totaluaa |   .0208331   .0023045     9.04   0.000     .0163162    .0253499
ln_setasid~a |   -.012353   .0005606   -22.04   0.000    -.0134518   -.0112543
   ln_labour |  -.0048986   .0013737    -3.57   0.000     -.007591   -.0022062
             |
        year |
       2000  |  -.0184389   .0012192   -15.12   0.000    -.0208285   -.0160493
       2001  |  -.0194666   .0011861   -16.41   0.000    -.0217913   -.0171419
       2002  |  -.0266652   .0011818   -22.56   0.000    -.0289815   -.0243489
       2003  |  -.0241368   .0011888   -20.30   0.000    -.0264668   -.0218067
       2004  |  -.0107215   .0012303    -8.71   0.000    -.0131328   -.0083101
       2005  |  -.0091799   .0012265    -7.48   0.000    -.0115838   -.0067759
       2006  |   .0020943   .0012723     1.65   0.100    -.0003995    .0045881
       2007  |  (omitted)
             |
       _cons |   .0720904   .0139332     5.17   0.000     .0447811    .0993997
-------------+----------------------------------------------------------------
     sigma_u |  .09234814
     sigma_e |  .05795799
         rho |  .71741891   (fraction of variance due to u_i)
------------------------------------------------------------------------------
F test that all u_i=0:     F(8345, 42386) =    15.01         Prob > F = 0.0000

. xtreg osrape_prop energydum ln_totaluaa ln_setasideuaa ln_labour  ln_osrprice i.year , fe
note: 2007.year omitted because of collinearity

Fixed-effects (within) regression               Number of obs      =     42826
Group variable: pid                             Number of groups   =      7419

R-sq:  within  = 0.0254                         Obs per group: min =         1
       between = 0.0197                                        avg =       5.8
       overall = 0.0138                                        max =         8

                                                F(11,35396)        =     83.78
corr(u_i, Xb)  = -0.1547                        Prob > F           =    0.0000

------------------------------------------------------------------------------
 osrape_prop |      Coef.   Std. Err.      t    P>|t|     [95% Conf. Interval]
-------------+----------------------------------------------------------------
   energydum |  -.0111261   .0036863    -3.02   0.003    -.0183513   -.0039008
 ln_totaluaa |   .0200481   .0025114     7.98   0.000     .0151257    .0249706
ln_setasid~a |  -.0113476   .0005763   -19.69   0.000    -.0124772    -.010218
   ln_labour |  -.0013795   .0015039    -0.92   0.359    -.0043271    .0015681
 ln_osrprice |   .0397238   .0065266     6.09   0.000     .0269315    .0525161
             |
        year |
       2001  |  -.0061182   .0015025    -4.07   0.000    -.0090632   -.0031732
       2002  |  -.0143691   .0017772    -8.09   0.000    -.0178525   -.0108857
       2003  |  -.0126891   .0020174    -6.29   0.000    -.0166432    -.008735
       2004  |   .0014919    .002447     0.61   0.542    -.0033042     .006288
       2005  |   .0065567    .002953     2.22   0.026     .0007688    .0123447
       2006  |   .0122386   .0021551     5.68   0.000     .0080146    .0164626
       2007  |  (omitted)
             |
       _cons |  -.0926332   .0249303    -3.72   0.000    -.1414974   -.0437691
-------------+----------------------------------------------------------------
     sigma_u |  .09524781
     sigma_e |   .0538151
         rho |   .7580202   (fraction of variance due to u_i)
------------------------------------------------------------------------------
F test that all u_i=0:     F(7418, 35396) =    16.26         Prob > F = 0.0000

. xtreg osrape_prop i.year , fe

Fixed-effects (within) regression               Number of obs      =     78196
Group variable: pid                             Number of groups   =     10863

R-sq:  within  = 0.0109                         Obs per group: min =         2
       between = 0.0019                                        avg =       7.2
       overall = 0.0032                                        max =         9

                                                F(8,67325)         =     92.51
corr(u_i, Xb)  = 0.0042                         Prob > F           =    0.0000

------------------------------------------------------------------------------
 osrape_prop |      Coef.   Std. Err.      t    P>|t|     [95% Conf. Interval]
-------------+----------------------------------------------------------------
        year |
       2000  |  -.0133676   .0009552   -13.99   0.000    -.0152399   -.0114954
       2001  |  -.0150856   .0009298   -16.22   0.000     -.016908   -.0132632
       2002  |  -.0204145   .0009154   -22.30   0.000    -.0222088   -.0186203
       2003  |  -.0184226   .0009225   -19.97   0.000    -.0202306   -.0166146
       2004  |  -.0173589    .000915   -18.97   0.000    -.0191523   -.0155655
       2005  |  -.0156858   .0009094   -17.25   0.000    -.0174682   -.0139034
       2006  |  -.0080847   .0009403    -8.60   0.000    -.0099276   -.0062417
       2007  |  -.0096244   .0009749    -9.87   0.000    -.0115353   -.0077135
             |
       _cons |   .0851983   .0007025   121.29   0.000     .0838215    .0865751
-------------+----------------------------------------------------------------
     sigma_u |  .09179173
     sigma_e |  .05663193
         rho |  .72430119   (fraction of variance due to u_i)
------------------------------------------------------------------------------
F test that all u_i=0:     F(10862, 67325) =    19.43        Prob > F = 0.0000

. xtreg osrape_prop energydum i.year , fe
note: 2007.year omitted because of collinearity

Fixed-effects (within) regression               Number of obs      =     78196
Group variable: pid                             Number of groups   =     10863

R-sq:  within  = 0.0109                         Obs per group: min =         2
       between = 0.0019                                        avg =       7.2
       overall = 0.0032                                        max =         9

                                                F(8,67325)         =     92.51
corr(u_i, Xb)  = 0.0042                         Prob > F           =    0.0000

------------------------------------------------------------------------------
 osrape_prop |      Coef.   Std. Err.      t    P>|t|     [95% Conf. Interval]
-------------+----------------------------------------------------------------
   energydum |  -.0096244   .0009749    -9.87   0.000    -.0115353   -.0077135
             |
        year |
       2000  |  -.0133676   .0009552   -13.99   0.000    -.0152399   -.0114954
       2001  |  -.0150856   .0009298   -16.22   0.000     -.016908   -.0132632
       2002  |  -.0204145   .0009154   -22.30   0.000    -.0222088   -.0186203
       2003  |  -.0184226   .0009225   -19.97   0.000    -.0202306   -.0166146
       2004  |  -.0077345   .0008884    -8.71   0.000    -.0094757   -.0059933
       2005  |  -.0060614   .0008841    -6.86   0.000    -.0077943   -.0043285
       2006  |   .0015397   .0009063     1.70   0.089    -.0002366     .003316
       2007  |  (omitted)
             |
       _cons |   .0851983   .0007025   121.29   0.000     .0838215    .0865751
-------------+----------------------------------------------------------------
     sigma_u |  .09179173
     sigma_e |  .05663193
         rho |  .72430119   (fraction of variance due to u_i)
------------------------------------------------------------------------------
F test that all u_i=0:     F(10862, 67325) =    19.43        Prob > F = 0.0000

. xtreg osrape_prop energydum ln_totaluaa i.year , fe
note: 2007.year omitted because of collinearity

Fixed-effects (within) regression               Number of obs      =     78196
Group variable: pid                             Number of groups   =     10863

R-sq:  within  = 0.0111                         Obs per group: min =         2
       between = 0.1470                                        avg =       7.2
       overall = 0.0845                                        max =         9

                                                F(9,67324)         =     84.26
corr(u_i, Xb)  = 0.2449                         Prob > F           =    0.0000

------------------------------------------------------------------------------
 osrape_prop |      Coef.   Std. Err.      t    P>|t|     [95% Conf. Interval]
-------------+----------------------------------------------------------------
   energydum |  -.0100688   .0009804   -10.27   0.000    -.0119904   -.0081472
 ln_totaluaa |   .0058131   .0013683     4.25   0.000     .0031312    .0084949
             |
        year |
       2000  |  -.0134115   .0009552   -14.04   0.000    -.0152837   -.0115394
       2001  |  -.0151908     .00093   -16.33   0.000    -.0170136    -.013368
       2002  |  -.0205789   .0009161   -22.46   0.000    -.0223746   -.0187833
       2003  |  -.0186585    .000924   -20.19   0.000    -.0204696   -.0168474
       2004  |  -.0075639   .0008891    -8.51   0.000    -.0093066   -.0058212
       2005  |  -.0059879   .0008842    -6.77   0.000    -.0077209   -.0042549
       2006  |   .0015947   .0009063     1.76   0.078    -.0001816     .003371
       2007  |  (omitted)
             |
       _cons |   .0616437   .0055887    11.03   0.000     .0506899    .0725975
-------------+----------------------------------------------------------------
     sigma_u |  .08934496
     sigma_e |  .05662476
         rho |  .71343316   (fraction of variance due to u_i)
------------------------------------------------------------------------------
F test that all u_i=0:     F(10862, 67324) =    16.63        Prob > F = 0.0000

. xtreg osrape_prop energydum ln_totaluaa ln_setasideuaa i.year , fe
note: 2007.year omitted because of collinearity

Fixed-effects (within) regression               Number of obs      =     50743
Group variable: pid                             Number of groups   =      8346

R-sq:  within  = 0.0302                         Obs per group: min =         1
       between = 0.0936                                        avg =       6.1
       overall = 0.0589                                        max =         9

                                                F(10,42387)        =    131.80
corr(u_i, Xb)  = 0.1164                         Prob > F           =    0.0000

------------------------------------------------------------------------------
 osrape_prop |      Coef.   Std. Err.      t    P>|t|     [95% Conf. Interval]
-------------+----------------------------------------------------------------
   energydum |  -.0120747   .0013586    -8.89   0.000    -.0147375   -.0094119
 ln_totaluaa |    .019517   .0022751     8.58   0.000     .0150578    .0239761
ln_setasid~a |   -.012303   .0005605   -21.95   0.000    -.0134016   -.0112045
             |
        year |
       2000  |  -.0183655   .0012192   -15.06   0.000    -.0207551   -.0159759
       2001  |  -.0193579   .0011858   -16.32   0.000    -.0216822   -.0170336
       2002  |  -.0260454   .0011691   -22.28   0.000    -.0283368   -.0237539
       2003  |  -.0234539   .0011734   -19.99   0.000    -.0257538    -.021154
       2004  |  -.0109836   .0012282    -8.94   0.000    -.0133909   -.0085762
       2005  |  -.0093531   .0012257    -7.63   0.000    -.0117555   -.0069508
       2006  |   .0019906   .0012722     1.56   0.118    -.0005029    .0044841
       2007  |  (omitted)
             |
       _cons |    .037911   .0101142     3.75   0.000     .0180869    .0577351
-------------+----------------------------------------------------------------
     sigma_u |   .0924366
     sigma_e |    .057966
         rho |  .71775098   (fraction of variance due to u_i)
------------------------------------------------------------------------------
F test that all u_i=0:     F(8345, 42387) =    15.19         Prob > F = 0.0000

. xtreg osrape_prop energydum ln_totaluaa ln_setasideuaa ln_labour  i.year , fe
note: 2007.year omitted because of collinearity

Fixed-effects (within) regression               Number of obs      =     50743
Group variable: pid                             Number of groups   =      8346

R-sq:  within  = 0.0304                         Obs per group: min =         1
       between = 0.1016                                        avg =       6.1
       overall = 0.0632                                        max =         9

                                                F(11,42386)        =    121.01
corr(u_i, Xb)  = 0.1316                         Prob > F           =    0.0000

------------------------------------------------------------------------------
 osrape_prop |      Coef.   Std. Err.      t    P>|t|     [95% Conf. Interval]
-------------+----------------------------------------------------------------
   energydum |  -.0130775   .0013872    -9.43   0.000    -.0157964   -.0103586
 ln_totaluaa |   .0208331   .0023045     9.04   0.000     .0163162    .0253499
ln_setasid~a |   -.012353   .0005606   -22.04   0.000    -.0134518   -.0112543
   ln_labour |  -.0048986   .0013737    -3.57   0.000     -.007591   -.0022062
             |
        year |
       2000  |  -.0184389   .0012192   -15.12   0.000    -.0208285   -.0160493
       2001  |  -.0194666   .0011861   -16.41   0.000    -.0217913   -.0171419
       2002  |  -.0266652   .0011818   -22.56   0.000    -.0289815   -.0243489
       2003  |  -.0241368   .0011888   -20.30   0.000    -.0264668   -.0218067
       2004  |  -.0107215   .0012303    -8.71   0.000    -.0131328   -.0083101
       2005  |  -.0091799   .0012265    -7.48   0.000    -.0115838   -.0067759
       2006  |   .0020943   .0012723     1.65   0.100    -.0003995    .0045881
       2007  |  (omitted)
             |
       _cons |   .0720904   .0139332     5.17   0.000     .0447811    .0993997
-------------+----------------------------------------------------------------
     sigma_u |  .09234814
     sigma_e |  .05795799
         rho |  .71741891   (fraction of variance due to u_i)
------------------------------------------------------------------------------
F test that all u_i=0:     F(8345, 42386) =    15.01         Prob > F = 0.0000

. di .0208331*log(1.01)
.0002073

. di .0208331*log(1.1)
.00198561

. di .012353*log(1.1)
.00117737

. di .0048986*log(1.1)
.00046689

. xtreg osrape_prop energydum ln_totaluaa ln_setasideuaa ln_osrprice i.year , fe
note: 2007.year omitted because of collinearity

Fixed-effects (within) regression               Number of obs      =     42826
Group variable: pid                             Number of groups   =      7419

R-sq:  within  = 0.0254                         Obs per group: min =         1
       between = 0.0197                                        avg =       5.8
       overall = 0.0137                                        max =         8

                                                F(10,35397)        =     92.07
corr(u_i, Xb)  = -0.1560                        Prob > F           =    0.0000

------------------------------------------------------------------------------
 osrape_prop |      Coef.   Std. Err.      t    P>|t|     [95% Conf. Interval]
-------------+----------------------------------------------------------------
   energydum |  -.0107743   .0036663    -2.94   0.003    -.0179603   -.0035883
 ln_totaluaa |   .0197191   .0024857     7.93   0.000     .0148471    .0245911
ln_setasid~a |  -.0113372   .0005762   -19.68   0.000    -.0124666   -.0102078
 ln_osrprice |    .039549   .0065238     6.06   0.000     .0267622    .0523358
             |
        year |
       2001  |  -.0060831    .001502    -4.05   0.000    -.0090271    -.003139
       2002  |  -.0141737   .0017644    -8.03   0.000     -.017632   -.0107154
       2003  |  -.0124661   .0020027    -6.22   0.000    -.0163914   -.0085408
       2004  |   .0013696   .0024433     0.56   0.575    -.0034194    .0061586
       2005  |   .0064422   .0029503     2.18   0.029     .0006594    .0122249
       2006  |    .012165   .0021536     5.65   0.000     .0079439     .016386
       2007  |  (omitted)
             |
       _cons |  -.1018961   .0227937    -4.47   0.000    -.1465725   -.0572197
-------------+----------------------------------------------------------------
     sigma_u |  .09526057
     sigma_e |  .05381498
         rho |  .75807015   (fraction of variance due to u_i)
------------------------------------------------------------------------------
F test that all u_i=0:     F(7418, 35397) =    16.48         Prob > F = 0.0000

. xtreg osrape_prop energydum ln_totaluaa ln_setasideuaa ln_labour intensity ln_osrprice i.year , fe
note: 2007.year omitted because of collinearity

Fixed-effects (within) regression               Number of obs      =     42826
Group variable: pid                             Number of groups   =      7419

R-sq:  within  = 0.0256                         Obs per group: min =         1
       between = 0.0234                                        avg =       5.8
       overall = 0.0167                                        max =         8

                                                F(12,35395)        =     77.60
corr(u_i, Xb)  = -0.1396                        Prob > F           =    0.0000

------------------------------------------------------------------------------
 osrape_prop |      Coef.   Std. Err.      t    P>|t|     [95% Conf. Interval]
-------------+----------------------------------------------------------------
   energydum |  -.0111666   .0036859    -3.03   0.002     -.018391   -.0039421
 ln_totaluaa |   .0194861   .0025178     7.74   0.000      .014551    .0244211
ln_setasid~a |  -.0112886   .0005766   -19.58   0.000    -.0124187   -.0101584
   ln_labour |  -.0010802   .0015069    -0.72   0.473    -.0040337    .0018733
   intensity |   .0219675   .0071831     3.06   0.002     .0078884    .0360467
 ln_osrprice |   .0391689   .0065283     6.00   0.000     .0263731    .0519646
             |
        year |
       2001  |  -.0061765   .0015025    -4.11   0.000    -.0091214   -.0032316
       2002  |  -.0142609   .0017774    -8.02   0.000    -.0177445   -.0107772
       2003  |   -.012546   .0020177    -6.22   0.000    -.0165007   -.0085913
       2004  |   .0015246   .0024467     0.62   0.533     -.003271    .0063202
       2005  |   .0066386   .0029528     2.25   0.025     .0008511    .0124261
       2006  |   .0123782   .0021553     5.74   0.000     .0081538    .0166027
       2007  |  (omitted)
             |
       _cons |  -.0946418    .024936    -3.80   0.000    -.1435172   -.0457665
-------------+----------------------------------------------------------------
     sigma_u |  .09486364
     sigma_e |  .05380875
         rho |  .75657793   (fraction of variance due to u_i)
------------------------------------------------------------------------------
F test that all u_i=0:     F(7418, 35395) =    15.84         Prob > F = 0.0000

. xtreg osrape_prop energydum ln_totaluaa ln_setasideuaa ln_labour intensity i.year , fe
note: 2007.year omitted because of collinearity

Fixed-effects (within) regression               Number of obs      =     50743
Group variable: pid                             Number of groups   =      8346

R-sq:  within  = 0.0305                         Obs per group: min =         1
       between = 0.1032                                        avg =       6.1
       overall = 0.0643                                        max =         9

                                                F(12,42385)        =    110.94
corr(u_i, Xb)  = 0.1341                         Prob > F           =    0.0000

------------------------------------------------------------------------------
 osrape_prop |      Coef.   Std. Err.      t    P>|t|     [95% Conf. Interval]
-------------+----------------------------------------------------------------
   energydum |  -.0131147   .0013898    -9.44   0.000    -.0158386   -.0103907
 ln_totaluaa |   .0207627     .00231     8.99   0.000      .016235    .0252904
ln_setasid~a |  -.0123436    .000561   -22.00   0.000    -.0134432   -.0112441
   ln_labour |  -.0048604   .0013764    -3.53   0.000    -.0075582   -.0021626
   intensity |   .0030361   .0068913     0.44   0.660     -.010471    .0165433
             |
        year |
       2000  |  -.0184344   .0012192   -15.12   0.000    -.0208241   -.0160447
       2001  |  -.0194816   .0011866   -16.42   0.000    -.0218073   -.0171559
       2002  |  -.0266643   .0011818   -22.56   0.000    -.0289807    -.024348
       2003  |  -.0241342   .0011888   -20.30   0.000    -.0264643   -.0218041
       2004  |  -.0106963   .0012316    -8.68   0.000    -.0131103   -.0082823
       2005  |  -.0091422   .0012295    -7.44   0.000     -.011552   -.0067325
       2006  |   .0021317   .0012752     1.67   0.095    -.0003676    .0046311
       2007  |  (omitted)
             |
       _cons |   .0715603   .0139852     5.12   0.000      .044149    .0989715
-------------+----------------------------------------------------------------
     sigma_u |  .09231259
     sigma_e |  .05795854
         rho |  .71725892   (fraction of variance due to u_i)
------------------------------------------------------------------------------
F test that all u_i=0:     F(8345, 42385) =    14.73         Prob > F = 0.0000

. xtreg osrape_prop energydum ln_totaluaa ln_setasideuaa ln_labour i.year , fe
note: 2007.year omitted because of collinearity

Fixed-effects (within) regression               Number of obs      =     50743
Group variable: pid                             Number of groups   =      8346

R-sq:  within  = 0.0304                         Obs per group: min =         1
       between = 0.1016                                        avg =       6.1
       overall = 0.0632                                        max =         9

                                                F(11,42386)        =    121.01
corr(u_i, Xb)  = 0.1316                         Prob > F           =    0.0000

------------------------------------------------------------------------------
 osrape_prop |      Coef.   Std. Err.      t    P>|t|     [95% Conf. Interval]
-------------+----------------------------------------------------------------
   energydum |  -.0130775   .0013872    -9.43   0.000    -.0157964   -.0103586
 ln_totaluaa |   .0208331   .0023045     9.04   0.000     .0163162    .0253499
ln_setasid~a |   -.012353   .0005606   -22.04   0.000    -.0134518   -.0112543
   ln_labour |  -.0048986   .0013737    -3.57   0.000     -.007591   -.0022062
             |
        year |
       2000  |  -.0184389   .0012192   -15.12   0.000    -.0208285   -.0160493
       2001  |  -.0194666   .0011861   -16.41   0.000    -.0217913   -.0171419
       2002  |  -.0266652   .0011818   -22.56   0.000    -.0289815   -.0243489
       2003  |  -.0241368   .0011888   -20.30   0.000    -.0264668   -.0218067
       2004  |  -.0107215   .0012303    -8.71   0.000    -.0131328   -.0083101
       2005  |  -.0091799   .0012265    -7.48   0.000    -.0115838   -.0067759
       2006  |   .0020943   .0012723     1.65   0.100    -.0003995    .0045881
       2007  |  (omitted)
             |
       _cons |   .0720904   .0139332     5.17   0.000     .0447811    .0993997
-------------+----------------------------------------------------------------
     sigma_u |  .09234814
     sigma_e |  .05795799
         rho |  .71741891   (fraction of variance due to u_i)
------------------------------------------------------------------------------
F test that all u_i=0:     F(8345, 42386) =    15.01         Prob > F = 0.0000

. do master_lin

. *************************************************************
. *                                                                                       
. * Patrick R. Gillespie                                  
. * Research Officer                                      
. * Teagasc, REDP                                         
. * Athenry, Co Galway, Ireland                           
. * patrick.gillespie@teagasc.ie                  
. *                                                                                       
. *************************************************************
. * RSF Project DAF RSF 07 505 (GO1390)           
. *                                                                                       
. * A micro level analysis of the Irish   
. * agri-food sector: lessons and                 
. * recommendations from Denmark and      
. * the Netherlands                               
. *                                                                               
. * Task 4
. *
. *************************************************************
. *       How this do file works
. *************************************************************
. * BE SURE TO READ THE FILE README.RTF!!!
. * The data to be used in this analysis is the 
. * FADN data for the years 2004 through 2007.Each 
. * country's data is contained in it's own data 
. * file. Rather than combine them all (would be 
. * a massive file), I'm importing variables as I 
. * need them. Once finished with a variable, I 
. * discard everything until I need it again.
. *
. * This master file calls do files from the 
. * subdirectory called sub_do. Any portion of the 
. * analysis can be omitted by inserting a * in 
. * front of the relevant do command. Output 
. * datasets will be generated by this file and 
. * stored in the subdirectory called output.
. *
. * In order for this do file to run, it must be
. * located in a folder (name is not important)
. * that is itself in the same folder that contains
. * CountryData and CountrySTATAFiles (those names 
. * are important, copy exactly). The datasets in 
. * those folders shouldn't contain any spaces and 
. * should match the list in the global macro "ms" 
. * defined below.
. * 
. * You can easily include or exclude countries
. * to the analysis by altering this macro 
. * (provided the datasets are in the right shape 
. * and are saved as a .dta in CountrySTATAFiles).
. *
. * At the time of writing, the directory 
. * structure in which this file resided was
. * 
. * Task 4
. *  >Data_Analysis
. *   >>CountryData
. *   >>CountrySTATAFiles
. *   >>descriptives
. *    >>>logs
. *    >>>output
. *    >>>sub_do
. *    >>>varname.xls
. *    >>>descriptives.do  <- your viewing this now
. *    >>>README.rtf
. *    >>>blank.dta
. *    >>>energygph.dta
. *************************************************************
. 
. *************************************************************
. *** PRELIMINARIES       *
. *************************
. clear

. clear matrix

. set mem 1500m

Current memory allocation

                    current                                 memory usage
    settable          value     description                 (1M = 1024k)
    --------------------------------------------------------------------
    set maxvar         5000     max. variables allowed           1.909M
    set memory         1500M    max. data space              1,500.000M
    set matsize         800     max. RHS vars in models          4.950M
                                                            -----------
                                                             1,506.859M

. set matsize 800

Current memory allocation

                    current                                 memory usage
    settable          value     description                 (1M = 1024k)
    --------------------------------------------------------------------
    set maxvar         5000     max. variables allowed           1.909M
    set memory         1500M    max. data space              1,500.000M
    set matsize         800     max. RHS vars in models          4.950M
                                                            -----------
                                                             1,506.859M

. capture log close
