-----------------------------------------------------------------------------------------------------
      name:  <unnamed>
       log:  /home/patrickgillespie/Documents/lin_forpatrick/Task 4/Data_Analysis/analysis/logs/resul
> ts/8_May_2012_22_45_50.log
  log type:  text
 opened on:   8 May 2012, 22:45:50

. 
. xtreg osrape_prop energydum ln_totaluaa ln_setasideuaa ln_labour ln_osrprice i.year, fe
note: 2007.year omitted because of collinearity

Fixed-effects (within) regression               Number of obs      =     18233
Group variable: pid                             Number of groups   =      4263

R-sq:  within  = 0.0334                         Obs per group: min =         1
       between = 0.0045                                        avg =       4.3
       overall = 0.0021                                        max =         8

                                                F(11,13959)        =     43.81
corr(u_i, Xb)  = -0.3433                        Prob > F           =    0.0000

------------------------------------------------------------------------------
 osrape_prop |      Coef.   Std. Err.      t    P>|t|     [95% Conf. Interval]
-------------+----------------------------------------------------------------
   energydum |  -.0150947   .0056263    -2.68   0.007     -.026123   -.0040663
 ln_totaluaa |   .0184404   .0041746     4.42   0.000     .0102577    .0266231
ln_setasid~a |  -.0113426    .000889   -12.76   0.000    -.0130852   -.0096001
   ln_labour |  -.0014997   .0007151    -2.10   0.036    -.0029014   -.0000979
 ln_osrprice |   .0514458      .0105     4.90   0.000     .0308644    .0720271
             |
        year |
       2001  |  -.0089893   .0023721    -3.79   0.000     -.013639   -.0043397
       2002  |  -.0170255   .0027983    -6.08   0.000    -.0225105   -.0115405
       2003  |  -.0135388   .0031768    -4.26   0.000    -.0197657   -.0073119
       2004  |   .0062377   .0036593     1.70   0.088     -.000935    .0134104
       2005  |   .0117834   .0046049     2.56   0.011     .0027571    .0208096
       2006  |    .018168   .0032301     5.62   0.000     .0118367    .0244994
       2007  |  (omitted)
             |
       _cons |  -.1243669   .0388552    -3.20   0.001    -.2005282   -.0482056
-------------+----------------------------------------------------------------
     sigma_u |  .10092567
     sigma_e |  .05190566
         rho |   .7908262   (fraction of variance due to u_i)
------------------------------------------------------------------------------
F test that all u_i=0:     F(4262, 13959) =    12.69         Prob > F = 0.0000

. 
. xtreg osrape_prop energydum ln_totaluaa ln_setasideuaa ln_labour ln_osrprice i.year year#mscode, fe
note: ln_osrprice omitted because of collinearity
note: 2007.year omitted because of collinearity
note: 2000b.year#5.mscode omitted because of collinearity
note: 2001.year#2.mscode omitted because of collinearity
note: 2003.year#10.mscode omitted because of collinearity
note: 2006.year#4.mscode omitted because of collinearity
note: 2007.year#8.mscode omitted because of collinearity
note: 2007.year#12.mscode omitted because of collinearity
note: 2007.year#13.mscode omitted because of collinearity
note: 2007.year#14.mscode omitted because of collinearity

Fixed-effects (within) regression               Number of obs      =     18233
Group variable: pid                             Number of groups   =      4263

R-sq:  within  = 0.0632                         Obs per group: min =         1
       between = 0.0122                                        avg =       4.3
       overall = 0.0054                                        max =         8

                                                F(65,13905)        =     14.44
corr(u_i, Xb)  = -0.4944                        Prob > F           =    0.0000

------------------------------------------------------------------------------
 osrape_prop |      Coef.   Std. Err.      t    P>|t|     [95% Conf. Interval]
-------------+----------------------------------------------------------------
   energydum |   .1294601   .0629976     2.06   0.040     .0059764    .2529439
 ln_totaluaa |   .0120406   .0042119     2.86   0.004     .0037847    .0202964
ln_setasid~a |  -.0105043    .000888   -11.83   0.000    -.0122449   -.0087637
   ln_labour |  -.0017667   .0007085    -2.49   0.013    -.0031555   -.0003779
 ln_osrprice |  (omitted)
             |
        year |
       2001  |  -.0041941   .0064059    -0.65   0.513    -.0167504    .0083623
       2002  |  -.0004604   .0062277    -0.07   0.941    -.0126675    .0117467
       2003  |   .0127431   .0063512     2.01   0.045     .0002939    .0251923
       2004  |  -.1083151   .0628893    -1.72   0.085    -.2315866    .0149564
       2005  |   -.121978   .0627783    -1.94   0.052    -.2450319    .0010759
       2006  |  -.1031974   .0627739    -1.64   0.100    -.2262427    .0198479
       2007  |  (omitted)
             |
 year#mscode |
    2000  2  |  -.0054435   .0070661    -0.77   0.441     -.019294    .0084071
    2000  4  |   .0608724   .0092007     6.62   0.000     .0428377    .0789071
    2000  5  |  (omitted)
    2000  8  |   .0769575   .0708301     1.09   0.277     -.061879    .2157941
    2000 10  |   .0059203   .0099844     0.59   0.553    -.0136505    .0254912
    2000 12  |   .1083542   .0637976     1.70   0.089    -.0166977    .2334061
    2000 13  |   .0934737    .063928     1.46   0.144    -.0318337    .2187812
    2000 14  |   .1400412    .063635     2.20   0.028     .0153081    .2647744
    2001  2  |  (omitted)
    2001  4  |   .0759837    .008497     8.94   0.000     .0593285    .0926389
    2001  5  |  -.0026505   .0070975    -0.37   0.709    -.0165626    .0112616
    2001  8  |    .092341   .0688906     1.34   0.180    -.0426938    .2273759
    2001 10  |   .0182382   .0095554     1.91   0.056    -.0004917    .0369681
    2001 12  |   .1104948   .0636938     1.73   0.083    -.0143537    .2353433
    2001 13  |   .0933138   .0637831     1.46   0.143    -.0317096    .2183372
    2001 14  |   .1236037   .0631528     1.96   0.050    -.0001842    .2473917
    2002  2  |   .0082642   .0061708     1.34   0.181    -.0038315    .0203598
    2002  4  |   .0420306   .0082239     5.11   0.000     .0259106    .0581506
    2002  5  |  -.0215318     .00692    -3.11   0.002     -.035096   -.0079676
    2002  8  |   .0911009   .0686342     1.33   0.184    -.0434314    .2256333
    2002 10  |   .0191198   .0093363     2.05   0.041     .0008194    .0374203
    2002 12  |   .1074369   .0636424     1.69   0.091    -.0173108    .2321847
    2002 13  |   .1048917   .0637904     1.64   0.100     -.020146    .2299295
    2002 14  |   .1070777   .0631013     1.70   0.090    -.0166093    .2307647
    2003  2  |  -.0034548   .0063315    -0.55   0.585    -.0158654    .0089558
    2003  4  |   .0306646   .0082694     3.71   0.000     .0144554    .0468738
    2003  5  |  -.0308033   .0070452    -4.37   0.000    -.0446128   -.0169938
    2003  8  |   .0794191   .0687418     1.16   0.248     -.055324    .2141623
    2003 10  |  (omitted)
    2003 12  |   .1167841    .063593     1.84   0.066    -.0078667    .2414349
    2003 13  |   .0850214   .0637524     1.33   0.182    -.0399418    .2099847
    2003 14  |   .1171886   .0631087     1.86   0.063     -.006513    .2408902
    2004  2  |   -.010081   .0062382    -1.62   0.106    -.0223087    .0021466
    2004  4  |    .026306   .0081442     3.23   0.001     .0103424    .0422697
    2004  5  |  -.0408296   .0070024    -5.83   0.000    -.0545552    -.027104
    2004  8  |   .0584245   .0707356     0.83   0.409    -.0802267    .1970757
    2004 10  |   -.002585   .0093123    -0.28   0.781    -.0208384    .0156684
    2004 12  |   .1208614   .0635707     1.90   0.057    -.0037457    .2454686
    2004 13  |   .0894699   .0637565     1.40   0.161    -.0355015    .2144413
    2004 14  |   .1046997   .0630915     1.66   0.097    -.0189681    .2283674
    2005  2  |   .0034033   .0062637     0.54   0.587    -.0088744     .015681
    2005  4  |   .0250232   .0081161     3.08   0.002     .0091145    .0409319
    2005  5  |  -.0181817   .0069785    -2.61   0.009    -.0318606   -.0045029
    2005  8  |  (empty)  
    2005 10  |   .0196347   .0093645     2.10   0.036     .0012789    .0379904
    2005 12  |   .1233109   .0634607     1.94   0.052    -.0010805    .2477024
    2005 13  |   .1011718   .0636589     1.59   0.112    -.0236081    .2259517
    2005 14  |   .1272729   .0629789     2.02   0.043     .0038258      .25072
    2006  2  |   .0080129   .0065465     1.22   0.221    -.0048191    .0208449
    2006  4  |  (omitted)
    2006  5  |  -.0297573   .0072636    -4.10   0.000     -.043995   -.0155196
    2006  8  |   .0903065   .0705752     1.28   0.201    -.0480304    .2286434
    2006 10  |   .0186144   .0098624     1.89   0.059    -.0007173    .0379461
    2006 12  |   .1372132   .0635695     2.16   0.031     .0126084     .261818
    2006 13  |    .095239   .0636582     1.50   0.135    -.0295396    .2200177
    2006 14  |   .1071095   .0629959     1.70   0.089     -.016371      .23059
    2007  2  |  -.1123482   .0629956    -1.78   0.075    -.2358281    .0111316
    2007  4  |  -.1106545   .0635364    -1.74   0.082    -.2351943    .0138853
    2007  5  |  -.1234535   .0630796    -1.96   0.050     -.247098     .000191
    2007  8  |  (omitted)
    2007 10  |  -.1024949   .0634783    -1.61   0.106     -.226921    .0219312
    2007 12  |  (omitted)
    2007 13  |  (omitted)
    2007 14  |  (omitted)
             |
       _cons |   .0433576   .0231451     1.87   0.061    -.0020099    .0887252
-------------+----------------------------------------------------------------
     sigma_u |  .10996548
     sigma_e |  .05119722
         rho |  .82185448   (fraction of variance due to u_i)
------------------------------------------------------------------------------
F test that all u_i=0:     F(4262, 13905) =    12.46         Prob > F = 0.0000

. sldkfj;
unrecognized command:  sldkfj
r(199);

end of do-file
r(199);

end of do-file

r(199);

. do master_lin

. *************************************************************
. *                                                                                       
. * Patrick R. Gillespie                                  
. * Research Officer                                      
. * Teagasc, REDP                                         
. * Athenry, Co Galway, Ireland                           
. * patrick.gillespie@teagasc.ie                  
. *                                                                                       
. *************************************************************
. * RSF Project DAF RSF 07 505 (GO1390)           
. *                                                                                       
. * A micro level analysis of the Irish   
. * agri-food sector: lessons and                 
. * recommendations from Denmark and      
. * the Netherlands                               
. *                                                                               
. * Task 4
. *
. *************************************************************
. *       How this do file works
. *************************************************************
. * BE SURE TO READ THE FILE README.RTF!!!
. * The data to be used in this analysis is the 
. * FADN data for the years 2004 through 2007.Each 
. * country's data is contained in it's own data 
. * file. Rather than combine them all (would be 
. * a massive file), I'm importing variables as I 
. * need them. Once finished with a variable, I 
. * discard everything until I need it again.
. *
. * This master file calls do files from the 
. * subdirectory called sub_do. Any portion of the 
. * analysis can be omitted by inserting a * in 
. * front of the relevant do command. Output 
. * datasets will be generated by this file and 
. * stored in the subdirectory called output.
. *
. * In order for this do file to run, it must be
. * located in a folder (name is not important)
. * that is itself in the same folder that contains
. * CountryData and CountrySTATAFiles (those names 
. * are important, copy exactly). The datasets in 
. * those folders shouldn't contain any spaces and 
. * should match the list in the global macro "ms" 
. * defined below.
. * 
. * You can easily include or exclude countries
. * to the analysis by altering this macro 
. * (provided the datasets are in the right shape 
. * and are saved as a .dta in CountrySTATAFiles).
. *
. * At the time of writing, the directory 
. * structure in which this file resided was
. * 
. * Task 4
. *  >Data_Analysis
. *   >>CountryData
. *   >>CountrySTATAFiles
. *   >>descriptives
. *    >>>logs
. *    >>>output
. *    >>>sub_do
. *    >>>varname.xls
. *    >>>descriptives.do  <- your viewing this now
. *    >>>README.rtf
. *    >>>blank.dta
. *    >>>energygph.dta
. *************************************************************
. 
. *************************************************************
. *** PRELIMINARIES       *
. *************************
. clear

. clear matrix

. set mem 1500m

Current memory allocation

                    current                                 memory usage
    settable          value     description                 (1M = 1024k)
    --------------------------------------------------------------------
    set maxvar         5000     max. variables allowed           1.909M
    set memory         1500M    max. data space              1,500.000M
    set matsize         800     max. RHS vars in models          4.950M
                                                            -----------
                                                             1,506.859M

. set matsize 800

Current memory allocation

                    current                                 memory usage
    settable          value     description                 (1M = 1024k)
    --------------------------------------------------------------------
    set maxvar         5000     max. variables allowed           1.909M
    set memory         1500M    max. data space              1,500.000M
    set matsize         800     max. RHS vars in models          4.950M
                                                            -----------
                                                             1,506.859M

. capture log close
