-----------------------------------------------------------------------------------------------------
      name:  <unnamed>
       log:  /home/patrickgillespie/Documents/lin_forpatrick/Task 4/Data_Analysis/analysis/logs/resul
> ts/8_May_2012_17_02_27.log
  log type:  text
 opened on:   8 May 2012, 17:02:27

. 
. *xtreg osrape_prop energydum sizeclass setasideuaa ln_labour  specialise osrprice i.year, fe
. 
. *xtreg oilseedrapeuaa energydum sizeclass setasideuaa ln_labour specialise osrprice i.year, fe
. 
. xtreg osrape_prop energydum sizeclass setasideuaa ln_labour ln_ffi solvency specialise intensity i.
> year, fe
note: 2007.year omitted because of collinearity

Fixed-effects (within) regression               Number of obs      =     78181
Group variable: pid                             Number of groups   =     10863

R-sq:  within  = 0.0148                         Obs per group: min =         2
       between = 0.0440                                        avg =       7.2
       overall = 0.0154                                        max =         9

                                                F(15,67303)        =     67.34
corr(u_i, Xb)  = -0.2666                        Prob > F           =    0.0000

------------------------------------------------------------------------------
 osrape_prop |      Coef.   Std. Err.      t    P>|t|     [95% Conf. Interval]
-------------+----------------------------------------------------------------
   energydum |  -.0109415   .0009897   -11.06   0.000    -.0128813   -.0090016
   sizeclass |  -.0023296   .0004979    -4.68   0.000    -.0033054   -.0013538
 setasideuaa |  -.0003971   .0000266   -14.92   0.000    -.0004492   -.0003449
   ln_labour |  -.0017516   .0009792    -1.79   0.074    -.0036708    .0001675
      ln_ffi |  -.0000725   .0000857    -0.85   0.397    -.0002405    .0000954
    solvency |  -.0004896   .0015242    -0.32   0.748    -.0034771    .0024979
  specialise |    .001675   .0008152     2.05   0.040     .0000772    .0032727
   intensity |  -.0034635   .0050662    -0.68   0.494    -.0133933    .0064663
             |
        year |
       2000  |  -.0135104   .0009537   -14.17   0.000    -.0153796   -.0116412
       2001  |   -.014839   .0009287   -15.98   0.000    -.0166592   -.0130188
       2002  |  -.0203072   .0009211   -22.05   0.000    -.0221127   -.0185018
       2003  |  -.0180934   .0009289   -19.48   0.000    -.0199142   -.0162727
       2004  |   -.006505   .0008933    -7.28   0.000    -.0082559   -.0047541
       2005  |  -.0049599   .0008918    -5.56   0.000    -.0067078    -.003212
       2006  |   .0024688   .0009098     2.71   0.007     .0006855     .004252
       2007  |  (omitted)
             |
       _cons |   .1201601   .0081673    14.71   0.000     .1041521    .1361681
-------------+----------------------------------------------------------------
     sigma_u |   .0947339
     sigma_e |   .0565047
         rho |  .73759314   (fraction of variance due to u_i)
------------------------------------------------------------------------------
F test that all u_i=0:     F(10862, 67303) =    16.80        Prob > F = 0.0000

. 
. *xtreg oilseedrapeuaa energydum sizeclass setasideuaa ln_labour ln_ffi solvency specialise intensit
> y ln_c_ret_ha i.year year#mscode, fe
. 
. /*
> *************************************************************
> *** POST-ESTIMATION TESTS *
> ***************************
> ****************
> *** Chow test
> ****************
> *xtreg osrape_prop energydum edum_adop adopter farmsrepresented  sizeclass setasideuaa ln_labour ln
> _ffi solvency specialise intensity ln_c_ret_ha i.year year#mscode
> xtreg osrape_prop energydum edum_adop adopter sizeclass setasideuaa ln_labour specialise i.year, fe
> 
> test _b[edum_adop]=0, notest
> test _b[adopter]=0, accum
> 
> *xtreg oilseedrapeuaa energydum edum_adop adopter farmsrepresented  sizeclass setasideuaa ln_labour
>  ln_ffi solvency specialise intensity ln_c_ret_ha i.year year#mscode
> xtreg oilseedrapeuaa energydum edum_adop adopter sizeclass setasideuaa ln_labour specialise i.year
> test _b[edum_adop]=0, notest
> test _b[adopter]=0, accum
> 
> 
> *************************************************************
> *** CLEAN UP              *
> ***************************
> */
. tsset, clear

. clear

. clear matrix

. log close
      name:  <unnamed>
       log:  /home/patrickgillespie/Documents/lin_forpatrick/Task 4/Data_Analysis/analysis/logs/resul
> ts/8_May_2012_17_02_27.log
  log type:  text
 closed on:   8 May 2012, 17:02:34
-----------------------------------------------------------------------------------------------------
