-----------------------------------------------------------------------------------------------------
      name:  <unnamed>
       log:  /home/patrickgillespie/Documents/lin_forpatrick/Task 4/Data_Analysis/analysis/logs/resul
> ts/8_May_2012_13_25_33.log
  log type:  text
 opened on:   8 May 2012, 13:25:33

. 
. xtreg osrape_prop energydum sizeclass setasideuaa ln_labour specialise i.year, fe
note: 2007.year omitted because of collinearity

Fixed-effects (within) regression               Number of obs      =     78186
Group variable: pid                             Number of groups   =     10863

R-sq:  within  = 0.0148                         Obs per group: min =         2
       between = 0.0415                                        avg =       7.2
       overall = 0.0143                                        max =         9

                                                F(12,67311)        =     84.05
corr(u_i, Xb)  = -0.2614                        Prob > F           =    0.0000

------------------------------------------------------------------------------
 osrape_prop |      Coef.   Std. Err.      t    P>|t|     [95% Conf. Interval]
-------------+----------------------------------------------------------------
   energydum |  -.0110057   .0009866   -11.15   0.000    -.0129395   -.0090719
   sizeclass |  -.0023709   .0004965    -4.78   0.000     -.003344   -.0013978
 setasideuaa |  -.0003962   .0000266   -14.89   0.000    -.0004483    -.000344
   ln_labour |  -.0017242   .0009779    -1.76   0.078    -.0036408    .0001925
  specialise |   .0016606    .000814     2.04   0.041      .000065    .0032561
             |
        year |
       2000  |  -.0135221   .0009533   -14.18   0.000    -.0153906   -.0116536
       2001  |  -.0148597   .0009284   -16.01   0.000    -.0166794     -.01304
       2002  |  -.0202793   .0009206   -22.03   0.000    -.0220837   -.0184748
       2003  |  -.0180806   .0009289   -19.46   0.000    -.0199012     -.01626
       2004  |  -.0064514   .0008903    -7.25   0.000    -.0081963   -.0047064
       2005  |   -.004854   .0008861    -5.48   0.000    -.0065908   -.0031173
       2006  |   .0025352   .0009068     2.80   0.005     .0007579    .0043124
       2007  |  (omitted)
             |
       _cons |   .1189199   .0080661    14.74   0.000     .1031103    .1347296
-------------+----------------------------------------------------------------
     sigma_u |  .09466687
     sigma_e |  .05650491
         rho |  .73731761   (fraction of variance due to u_i)
------------------------------------------------------------------------------
F test that all u_i=0:     F(10862, 67311) =    17.64        Prob > F = 0.0000

. 
. xtreg oilseedrapeuaa energydum sizeclass setasideuaa ln_labour specialise i.year, fe
note: 2007.year omitted because of collinearity

Fixed-effects (within) regression               Number of obs      =     78186
Group variable: pid                             Number of groups   =     10863

R-sq:  within  = 0.0362                         Obs per group: min =         2
       between = 0.2418                                        avg =       7.2
       overall = 0.1587                                        max =         9

                                                F(12,67311)        =    210.83
corr(u_i, Xb)  = -0.5013                        Prob > F           =    0.0000

------------------------------------------------------------------------------
oilseedrap~a |      Coef.   Std. Err.      t    P>|t|     [95% Conf. Interval]
-------------+----------------------------------------------------------------
   energydum |  -.7955293   .1915394    -4.15   0.000    -1.170946   -.4201122
   sizeclass |   .5880818   .0963844     6.10   0.000     .3991684    .7769952
 setasideuaa |   -.222829   .0051643   -43.15   0.000     -.232951   -.2127069
   ln_labour |   .5837424   .1898371     3.07   0.002     .2116617     .955823
  specialise |   .4291273   .1580308     2.72   0.007     .1193872    .7388675
             |
        year |
       2000  |  -1.980517   .1850662   -10.70   0.000    -2.343247   -1.617787
       2001  |  -1.950668   .1802338   -10.82   0.000    -2.303926    -1.59741
       2002  |  -2.193959   .1787211   -12.28   0.000    -2.544252   -1.843666
       2003  |  -1.610224   .1803254    -8.93   0.000    -1.963661   -1.256786
       2004  |  -.5826545   .1728331    -3.37   0.001    -.9214073   -.2439017
       2005  |   .2093896    .172018     1.22   0.224    -.1277656    .5465447
       2006  |   1.448861   .1760334     8.23   0.000     1.103836    1.793886
       2007  |  (omitted)
             |
       _cons |   6.681211   1.565891     4.27   0.000     3.612066    9.750357
-------------+----------------------------------------------------------------
     sigma_u |  43.949628
     sigma_e |  10.969368
         rho |  .94135815   (fraction of variance due to u_i)
------------------------------------------------------------------------------
F test that all u_i=0:     F(10862, 67311) =    56.27        Prob > F = 0.0000

. 
. *xtreg osrape_prop energydum sizeclass setasideuaa ln_labour ln_ffi solvency specialise intensity l
> n_c_ret_ha i.year year#mscode, fe
. 
. *xtreg oilseedrapeuaa energydum sizeclass setasideuaa ln_labour ln_ffi solvency specialise intensit
> y ln_c_ret_ha i.year year#mscode, fe
. 
. 
. *************************************************************
. *** POST-ESTIMATION TESTS *
. ***************************
. ****************
. *** Chow test
. ****************
. *xtreg osrape_prop energydum edum_adop adopter farmsrepresented  sizeclass setasideuaa ln_labour ln
> _ffi solvency specialise intensity 
. xtreg osrape_prop energydum edum_adop adopter sizeclass setasideuaa ln_labour specialise i.year, fe
note: adopter omitted because of collinearity
note: 2007.year omitted because of collinearity

Fixed-effects (within) regression               Number of obs      =     78186
Group variable: pid                             Number of groups   =     10863

R-sq:  within  = 0.0188                         Obs per group: min =         2
       between = 0.0088                                        avg =       7.2
       overall = 0.0005                                        max =         9

                                                F(13,67310)        =     99.11
corr(u_i, Xb)  = -0.1564                        Prob > F           =    0.0000

------------------------------------------------------------------------------
 osrape_prop |      Coef.   Std. Err.      t    P>|t|     [95% Conf. Interval]
-------------+----------------------------------------------------------------
   energydum |  -.0142956   .0010044   -14.23   0.000    -.0162641    -.012327
   edum_adop |   .0180208   .0010851    16.61   0.000      .015894    .0201475
     adopter |  (omitted)
   sizeclass |  -.0024399   .0004955    -4.92   0.000     -.003411   -.0014687
 setasideuaa |  -.0003905   .0000266   -14.71   0.000    -.0004425   -.0003384
   ln_labour |  -.0010606   .0009767    -1.09   0.278    -.0029749    .0008538
  specialise |   .0015457   .0008124     1.90   0.057    -.0000467     .003138
             |
        year |
       2000  |  -.0134895   .0009514   -14.18   0.000    -.0153542   -.0116248
       2001  |  -.0148841   .0009265   -16.06   0.000    -.0167001   -.0130681
       2002  |  -.0202262   .0009188   -22.01   0.000    -.0220269   -.0184254
       2003  |  -.0179709    .000927   -19.39   0.000    -.0197879    -.016154
       2004  |  -.0061656   .0008886    -6.94   0.000    -.0079073   -.0044238
       2005  |  -.0045352   .0008845    -5.13   0.000    -.0062688   -.0028016
       2006  |    .002669    .000905     2.95   0.003     .0008952    .0044427
       2007  |  (omitted)
             |
       _cons |   .1140675    .008055    14.16   0.000     .0982797    .1298554
-------------+----------------------------------------------------------------
     sigma_u |  .09340862
     sigma_e |  .05638991
         rho |  .73290011   (fraction of variance due to u_i)
------------------------------------------------------------------------------
F test that all u_i=0:     F(10862, 67310) =    16.10        Prob > F = 0.0000

. ln_c_ret_ha i.year year#mscode
unrecognized command:  ln_c_ret_ha
r(199);

end of do-file
r(199);

end of do-file

r(199);

. do master_lin

. *************************************************************
. *                                                                                       
. * Patrick R. Gillespie                                  
. * Research Officer                                      
. * Teagasc, REDP                                         
. * Athenry, Co Galway, Ireland                           
. * patrick.gillespie@teagasc.ie                  
. *                                                                                       
. *************************************************************
. * RSF Project DAF RSF 07 505 (GO1390)           
. *                                                                                       
. * A micro level analysis of the Irish   
. * agri-food sector: lessons and                 
. * recommendations from Denmark and      
. * the Netherlands                               
. *                                                                               
. * Task 4
. *
. *************************************************************
. *       How this do file works
. *************************************************************
. * BE SURE TO READ THE FILE README.RTF!!!
. * The data to be used in this analysis is the 
. * FADN data for the years 2004 through 2007.Each 
. * country's data is contained in it's own data 
. * file. Rather than combine them all (would be 
. * a massive file), I'm importing variables as I 
. * need them. Once finished with a variable, I 
. * discard everything until I need it again.
. *
. * This master file calls do files from the 
. * subdirectory called sub_do. Any portion of the 
. * analysis can be omitted by inserting a * in 
. * front of the relevant do command. Output 
. * datasets will be generated by this file and 
. * stored in the subdirectory called output.
. *
. * In order for this do file to run, it must be
. * located in a folder (name is not important)
. * that is itself in the same folder that contains
. * CountryData and CountrySTATAFiles (those names 
. * are important, copy exactly). The datasets in 
. * those folders shouldn't contain any spaces and 
. * should match the list in the global macro "ms" 
. * defined below.
. * 
. * You can easily include or exclude countries
. * to the analysis by altering this macro 
. * (provided the datasets are in the right shape 
. * and are saved as a .dta in CountrySTATAFiles).
. *
. * At the time of writing, the directory 
. * structure in which this file resided was
. * 
. * Task 4
. *  >Data_Analysis
. *   >>CountryData
. *   >>CountrySTATAFiles
. *   >>descriptives
. *    >>>logs
. *    >>>output
. *    >>>sub_do
. *    >>>varname.xls
. *    >>>descriptives.do  <- your viewing this now
. *    >>>README.rtf
. *    >>>blank.dta
. *    >>>energygph.dta
. *************************************************************
. 
. *************************************************************
. *** PRELIMINARIES       *
. *************************
. clear

. clear matrix

. set mem 1500m

Current memory allocation

                    current                                 memory usage
    settable          value     description                 (1M = 1024k)
    --------------------------------------------------------------------
    set maxvar         5000     max. variables allowed           1.909M
    set memory         1500M    max. data space              1,500.000M
    set matsize         800     max. RHS vars in models          4.950M
                                                            -----------
                                                             1,506.859M

. set matsize 800

Current memory allocation

                    current                                 memory usage
    settable          value     description                 (1M = 1024k)
    --------------------------------------------------------------------
    set maxvar         5000     max. variables allowed           1.909M
    set memory         1500M    max. data space              1,500.000M
    set matsize         800     max. RHS vars in models          4.950M
                                                            -----------
                                                             1,506.859M

. capture log close
