-----------------------------------------------------------------------------------------------------
      name:  <unnamed>
       log:  /home/patrickgillespie/Documents/lin_forpatrick/Task 4/Data_Analysis/analysis/logs/resul
> ts/8_May_2012_22_46_32.log
  log type:  text
 opened on:   8 May 2012, 22:46:32

. 
. xtreg osrape_prop energydum ln_totaluaa ln_setasideuaa ln_labour ln_osrprice i.year, fe
note: 2007.year omitted because of collinearity

Fixed-effects (within) regression               Number of obs      =     18233
Group variable: pid                             Number of groups   =      4263

R-sq:  within  = 0.0334                         Obs per group: min =         1
       between = 0.0045                                        avg =       4.3
       overall = 0.0021                                        max =         8

                                                F(11,13959)        =     43.81
corr(u_i, Xb)  = -0.3433                        Prob > F           =    0.0000

------------------------------------------------------------------------------
 osrape_prop |      Coef.   Std. Err.      t    P>|t|     [95% Conf. Interval]
-------------+----------------------------------------------------------------
   energydum |  -.0150947   .0056263    -2.68   0.007     -.026123   -.0040663
 ln_totaluaa |   .0184404   .0041746     4.42   0.000     .0102577    .0266231
ln_setasid~a |  -.0113426    .000889   -12.76   0.000    -.0130852   -.0096001
   ln_labour |  -.0014997   .0007151    -2.10   0.036    -.0029014   -.0000979
 ln_osrprice |   .0514458      .0105     4.90   0.000     .0308644    .0720271
             |
        year |
       2001  |  -.0089893   .0023721    -3.79   0.000     -.013639   -.0043397
       2002  |  -.0170255   .0027983    -6.08   0.000    -.0225105   -.0115405
       2003  |  -.0135388   .0031768    -4.26   0.000    -.0197657   -.0073119
       2004  |   .0062377   .0036593     1.70   0.088     -.000935    .0134104
       2005  |   .0117834   .0046049     2.56   0.011     .0027571    .0208096
       2006  |    .018168   .0032301     5.62   0.000     .0118367    .0244994
       2007  |  (omitted)
             |
       _cons |  -.1243669   .0388552    -3.20   0.001    -.2005282   -.0482056
-------------+----------------------------------------------------------------
     sigma_u |  .10092567
     sigma_e |  .05190566
         rho |   .7908262   (fraction of variance due to u_i)
------------------------------------------------------------------------------
F test that all u_i=0:     F(4262, 13959) =    12.69         Prob > F = 0.0000

. 
. xtreg osrape_prop energydum ln_totaluaa ln_setasideuaa ln_labour ln_osrprice i.year year#mscode, fe
note: ln_osrprice omitted because of collinearity
note: 2007.year omitted because of collinearity
note: 2000b.year#5.mscode omitted because of collinearity
note: 2001.year#2.mscode omitted because of collinearity
note: 2003.year#10.mscode omitted because of collinearity
note: 2006.year#4.mscode omitted because of collinearity
note: 2007.year#8.mscode omitted because of collinearity
note: 2007.year#12.mscode omitted because of collinearity
note: 2007.year#13.mscode omitted because of collinearity
note: 2007.year#14.mscode omitted because of collinearity

Fixed-effects (within) regression               Number of obs      =     18233
Group variable: pid                             Number of groups   =      4263

R-sq:  within  = 0.0632                         Obs per group: min =         1
       between = 0.0122                                        avg =       4.3
       overall = 0.0054                                        max =         8

                                                F(65,13905)        =     14.44
corr(u_i, Xb)  = -0.4944                        Prob > F           =    0.0000

------------------------------------------------------------------------------
 osrape_prop |      Coef.   Std. Err.      t    P>|t|     [95% Conf. Interval]
-------------+----------------------------------------------------------------
   energydum |   .1294601   .0629976     2.06   0.040     .0059764    .2529439
 ln_totaluaa |   .0120406   .0042119     2.86   0.004     .0037847    .0202964
ln_setasid~a |  -.0105043    .000888   -11.83   0.000    -.0122449   -.0087637
   ln_labour |  -.0017667   .0007085    -2.49   0.013    -.0031555   -.0003779
 ln_osrprice |  (omitted)
             |
        year |
       2001  |  -.0041941   .0064059    -0.65   0.513    -.0167504    .0083623
       2002  |  -.0004604   .0062277    -0.07   0.941    -.0126675    .0117467
       2003  |   .0127431   .0063512     2.01   0.045     .0002939    .0251923
       2004  |  -.1083151   .0628893    -1.72   0.085    -.2315866    .0149564
       2005  |   -.121978   .0627783    -1.94   0.052    -.2450319    .0010759
       2006  |  -.1031974   .0627739    -1.64   0.100    -.2262427    .0198479
       2007  |  (omitted)
             |
 year#mscode |
    2000  2  |  -.0054435   .0070661    -0.77   0.441     -.019294    .0084071
    2000  4  |   .0608724   .0092007     6.62   0.000     .0428377    .0789071
    2000  5  |  (omitted)
    2000  8  |   .0769575   .0708301     1.09   0.277     -.061879    .2157941
    2000 10  |   .0059203   .0099844     0.59   0.553    -.0136505    .0254912
    2000 12  |   .1083542   .0637976     1.70   0.089    -.0166977    .2334061
    2000 13  |   .0934737    .063928     1.46   0.144    -.0318337    .2187812
    2000 14  |   .1400412    .063635     2.20   0.028     .0153081    .2647744
    2001  2  |  (omitted)
    2001  4  |   .0759837    .008497     8.94   0.000     .0593285    .0926389
    2001  5  |  -.0026505   .0070975    -0.37   0.709    -.0165626    .0112616
    2001  8  |    .092341   .0688906     1.34   0.180    -.0426938    .2273759
    2001 10  |   .0182382   .0095554     1.91   0.056    -.0004917    .0369681
    2001 12  |   .1104948   .0636938     1.73   0.083    -.0143537    .2353433
    2001 13  |   .0933138   .0637831     1.46   0.143    -.0317096    .2183372
    2001 14  |   .1236037   .0631528     1.96   0.050    -.0001842    .2473917
    2002  2  |   .0082642   .0061708     1.34   0.181    -.0038315    .0203598
    2002  4  |   .0420306   .0082239     5.11   0.000     .0259106    .0581506
    2002  5  |  -.0215318     .00692    -3.11   0.002     -.035096   -.0079676
    2002  8  |   .0911009   .0686342     1.33   0.184    -.0434314    .2256333
    2002 10  |   .0191198   .0093363     2.05   0.041     .0008194    .0374203
    2002 12  |   .1074369   .0636424     1.69   0.091    -.0173108    .2321847
    2002 13  |   .1048917   .0637904     1.64   0.100     -.020146    .2299295
    2002 14  |   .1070777   .0631013     1.70   0.090    -.0166093    .2307647
    2003  2  |  -.0034548   .0063315    -0.55   0.585    -.0158654    .0089558
    2003  4  |   .0306646   .0082694     3.71   0.000     .0144554    .0468738
    2003  5  |  -.0308033   .0070452    -4.37   0.000    -.0446128   -.0169938
    2003  8  |   .0794191   .0687418     1.16   0.248     -.055324    .2141623
    2003 10  |  (omitted)
    2003 12  |   .1167841    .063593     1.84   0.066    -.0078667    .2414349
    2003 13  |   .0850214   .0637524     1.33   0.182    -.0399418    .2099847
    2003 14  |   .1171886   .0631087     1.86   0.063     -.006513    .2408902
    2004  2  |   -.010081   .0062382    -1.62   0.106    -.0223087    .0021466
    2004  4  |    .026306   .0081442     3.23   0.001     .0103424    .0422697
    2004  5  |  -.0408296   .0070024    -5.83   0.000    -.0545552    -.027104
    2004  8  |   .0584245   .0707356     0.83   0.409    -.0802267    .1970757
    2004 10  |   -.002585   .0093123    -0.28   0.781    -.0208384    .0156684
    2004 12  |   .1208614   .0635707     1.90   0.057    -.0037457    .2454686
    2004 13  |   .0894699   .0637565     1.40   0.161    -.0355015    .2144413
    2004 14  |   .1046997   .0630915     1.66   0.097    -.0189681    .2283674
    2005  2  |   .0034033   .0062637     0.54   0.587    -.0088744     .015681
    2005  4  |   .0250232   .0081161     3.08   0.002     .0091145    .0409319
    2005  5  |  -.0181817   .0069785    -2.61   0.009    -.0318606   -.0045029
    2005  8  |  (empty)  
    2005 10  |   .0196347   .0093645     2.10   0.036     .0012789    .0379904
    2005 12  |   .1233109   .0634607     1.94   0.052    -.0010805    .2477024
    2005 13  |   .1011718   .0636589     1.59   0.112    -.0236081    .2259517
    2005 14  |   .1272729   .0629789     2.02   0.043     .0038258      .25072
    2006  2  |   .0080129   .0065465     1.22   0.221    -.0048191    .0208449
    2006  4  |  (omitted)
    2006  5  |  -.0297573   .0072636    -4.10   0.000     -.043995   -.0155196
    2006  8  |   .0903065   .0705752     1.28   0.201    -.0480304    .2286434
    2006 10  |   .0186144   .0098624     1.89   0.059    -.0007173    .0379461
    2006 12  |   .1372132   .0635695     2.16   0.031     .0126084     .261818
    2006 13  |    .095239   .0636582     1.50   0.135    -.0295396    .2200177
    2006 14  |   .1071095   .0629959     1.70   0.089     -.016371      .23059
    2007  2  |  -.1123482   .0629956    -1.78   0.075    -.2358281    .0111316
    2007  4  |  -.1106545   .0635364    -1.74   0.082    -.2351943    .0138853
    2007  5  |  -.1234535   .0630796    -1.96   0.050     -.247098     .000191
    2007  8  |  (omitted)
    2007 10  |  -.1024949   .0634783    -1.61   0.106     -.226921    .0219312
    2007 12  |  (omitted)
    2007 13  |  (omitted)
    2007 14  |  (omitted)
             |
       _cons |   .0433576   .0231451     1.87   0.061    -.0020099    .0887252
-------------+----------------------------------------------------------------
     sigma_u |  .10996548
     sigma_e |  .05119722
         rho |  .82185448   (fraction of variance due to u_i)
------------------------------------------------------------------------------
F test that all u_i=0:     F(4262, 13905) =    12.46         Prob > F = 0.0000

. 
. 
. *************************************************************
. *** POST-ESTIMATION TESTS *
. ***************************
. ****************
. *** Chow test
. ****************
. xtreg osrape_prop energydum edum_adop adopter ln_totaluaa ln_setasideuaa ln_labour i.year year#msco
> de
note: 2007.year omitted because of collinearity
note: 2005.year#8.mscode identifies no observations in the sample
note: 2005.year#11.mscode identifies no observations in the sample
note: 2006.year#9.mscode identifies no observations in the sample
note: 2006.year#11.mscode identifies no observations in the sample
note: 2007.year#9.mscode identifies no observations in the sample
note: 2007.year#11.mscode identifies no observations in the sample

Random-effects GLS regression                   Number of obs      =     21567
Group variable: pid                             Number of groups   =      4860

R-sq:  within  = 0.0787                         Obs per group: min =         1
       between = 0.2055                                        avg =       4.4
       overall = 0.1667                                        max =         9

                                                Wald chi2(124)     =   2653.03
corr(u_i, X)   = 0 (assumed)                    Prob > chi2        =    0.0000

------------------------------------------------------------------------------
 osrape_prop |      Coef.   Std. Err.      z    P>|z|     [95% Conf. Interval]
-------------+----------------------------------------------------------------
   energydum |   .0675643   .0627913     1.08   0.282    -.0555043     .190633
   edum_adop |   .0106206   .0018941     5.61   0.000     .0069082     .014333
     adopter |   .0332587    .003231    10.29   0.000      .026926    .0395914
 ln_totaluaa |    .029267   .0015998    18.29   0.000     .0261314    .0324026
ln_setasid~a |  -.0114028   .0007241   -15.75   0.000     -.012822   -.0099836
   ln_labour |   -.002617   .0005351    -4.89   0.000    -.0036659   -.0015682
             |
        year |
       2000  |  -.0436347   .0078062    -5.59   0.000    -.0589346   -.0283349
       2001  |   -.046828   .0074634    -6.27   0.000     -.061456      -.0322
       2002  |  -.0444462   .0072927    -6.09   0.000    -.0587395   -.0301528
       2003  |  -.0318339   .0073886    -4.31   0.000    -.0463153   -.0173525
       2004  |  -.0928279   .0625885    -1.48   0.138    -.2154992    .0298434
       2005  |  -.1079667   .0624953    -1.73   0.084    -.2304553    .0145218
       2006  |  -.0912355   .0624989    -1.46   0.144    -.2137311      .03126
       2007  |  (omitted)
             |
 year#mscode |
    1999  2  |   .0201203   .0083911     2.40   0.016     .0036741    .0365666
    1999  3  |   .1172025   .0158818     7.38   0.000     .0860748    .1483301
    1999  4  |   .0112936   .0092422     1.22   0.222    -.0068207    .0294079
    1999  5  |   .0353657   .0085053     4.16   0.000     .0186957    .0520357
    1999  6  |  -.0677905   .0188931    -3.59   0.000    -.1048203   -.0307607
    1999  7  |   .0621791     .01542     4.03   0.000     .0319564    .0924018
    1999  8  |   .0031629   .0318092     0.10   0.921    -.0591819    .0655077
    1999  9  |  -.0917271   .0156835    -5.85   0.000    -.1224663    -.060988
    1999 10  |   .0330122   .0109659     3.01   0.003     .0115195    .0545049
    1999 11  |  -.0345634   .0238975    -1.45   0.148    -.0814017    .0122749
    1999 12  |  -.0242287   .0125102    -1.94   0.053    -.0487482    .0002909
    1999 13  |  -.0479681   .0136468    -3.51   0.000    -.0747154   -.0212209
    1999 14  |   .0003988   .0122462     0.03   0.974    -.0236033    .0244009
    2000  2  |   .0428776   .0076039     5.64   0.000     .0279742     .057781
    2000  3  |   .0855594   .0146842     5.83   0.000     .0567789    .1143399
    2000  4  |   .0351071   .0086384     4.06   0.000     .0181762    .0520381
    2000  5  |   .0680943   .0077241     8.82   0.000     .0529555    .0832332
    2000  6  |  -.0288323   .0178033    -1.62   0.105    -.0637262    .0060616
    2000  7  |   .0812162    .013709     5.92   0.000      .054347    .1080854
    2000  8  |   .0071955   .0318769     0.23   0.821    -.0552819     .069673
    2000  9  |  -.0479393   .0154391    -3.11   0.002    -.0781995   -.0176791
    2000 10  |    .048397   .0105157     4.60   0.000     .0277867    .0690074
    2000 11  |   .0103605   .0224429     0.46   0.644    -.0336269    .0543478
    2000 12  |   .0210937   .0121828     1.73   0.083    -.0027841    .0449715
    2000 13  |  -.0121316   .0127225    -0.95   0.340    -.0370672    .0128041
    2000 14  |   .0361115   .0114736     3.15   0.002     .0136237    .0585993
    2001  2  |    .045506   .0069874     6.51   0.000      .031811    .0592009
    2001  3  |   .0207922     .01373     1.51   0.130    -.0061182    .0477025
    2001  4  |   .0487224   .0079028     6.17   0.000     .0332332    .0642116
    2001  5  |   .0643775   .0071097     9.05   0.000     .0504427    .0783122
    2001  6  |  -.0269089   .0167952    -1.60   0.109    -.0598268     .006009
    2001  7  |   .0687958   .0125189     5.50   0.000     .0442591    .0933325
    2001  8  |    .018807   .0283885     0.66   0.508    -.0368335    .0744475
    2001  9  |  -.0462917   .0130215    -3.56   0.000    -.0718133     -.02077
    2001 10  |   .0599176   .0101002     5.93   0.000     .0401215    .0797137
    2001 11  |  -.0132939    .023879    -0.56   0.578    -.0600958     .033508
    2001 12  |   .0219357   .0115205     1.90   0.057     -.000644    .0445154
    2001 13  |  -.0148804   .0119761    -1.24   0.214     -.038353    .0085923
    2001 14  |   .0241421   .0082528     2.93   0.003     .0079669    .0403173
    2002  2  |   .0551679   .0066566     8.29   0.000     .0421213    .0682146
    2002  3  |   .0153665    .011258     1.36   0.172    -.0066988    .0374318
    2002  4  |   .0182153   .0076591     2.38   0.017     .0032038    .0332268
    2002  5  |   .0462669   .0068129     6.79   0.000      .032914    .0596199
    2002  6  |  -.0297578   .0157273    -1.89   0.058    -.0605827    .0010672
    2002  7  |   .0215849   .0119318     1.81   0.070     -.001801    .0449709
    2002  8  |   .0189288   .0283511     0.67   0.504    -.0366384     .074496
    2002  9  |  -.0482626   .0129327    -3.73   0.000    -.0736102   -.0229151
    2002 10  |   .0619428    .010023     6.18   0.000     .0422981    .0815875
    2002 11  |  -.0140463   .0238405    -0.59   0.556    -.0607728    .0326802
    2002 12  |   .0184989   .0113201     1.63   0.102     -.003688    .0406858
    2002 13  |  -.0029871   .0122282    -0.24   0.807     -.026954    .0209798
    2002 14  |   .0080541   .0079189     1.02   0.309    -.0074666    .0235749
    2003  2  |   .0429615   .0067582     6.36   0.000     .0297156    .0562073
    2003  3  |  -.0095542   .0108967    -0.88   0.381    -.0309113    .0118029
    2003  4  |   .0051617   .0075924     0.68   0.497     -.009719    .0200425
    2003  5  |   .0379184   .0069214     5.48   0.000     .0243526    .0514841
    2003  6  |  -.0420777   .0161079    -2.61   0.009    -.0736486   -.0105067
    2003  7  |  -.0043497   .0131146    -0.33   0.740    -.0300539    .0213545
    2003  8  |    .011268   .0283111     0.40   0.691    -.0442207    .0667568
    2003  9  |  -.0597784    .013226    -4.52   0.000    -.0857008    -.033856
    2003 10  |   .0429754   .0100426     4.28   0.000     .0232922    .0626586
    2003 11  |  -.0324793   .0234093    -1.39   0.165    -.0783607    .0134021
    2003 12  |    .028783   .0110257     2.61   0.009     .0071731    .0503929
    2003 13  |  -.0228474   .0119786    -1.91   0.056     -.046325    .0006301
    2003 14  |   .0189523   .0080273     2.36   0.018      .003219    .0346855
    2004  2  |    .034556   .0066886     5.17   0.000     .0214466    .0476654
    2004  3  |  -.0159965   .0106332    -1.50   0.132    -.0368371    .0048441
    2004  4  |   .0022145   .0075961     0.29   0.771    -.0126735    .0171025
    2004  5  |   .0256055   .0068556     3.73   0.000     .0121687    .0390423
    2004  6  |  -.0508923   .0163722    -3.11   0.002    -.0829813   -.0188033
    2004  7  |   .0186963   .0123714     1.51   0.131    -.0055513    .0429438
    2004  8  |  -.0203047   .0317174    -0.64   0.522    -.0824696    .0418602
    2004  9  |  -.0711821   .0127057    -5.60   0.000    -.0960849   -.0462793
    2004 10  |   .0408505    .010117     4.04   0.000     .0210215    .0606795
    2004 11  |  -.0336186   .0229345    -1.47   0.143    -.0785695    .0113323
    2004 12  |   .0336069   .0111567     3.01   0.003     .0117401    .0554737
    2004 13  |   -.017797   .0120141    -1.48   0.139    -.0413442    .0057503
    2004 14  |   .0066739   .0079498     0.84   0.401    -.0089073    .0222551
    2005  2  |   .0484135   .0066798     7.25   0.000     .0353213    .0615057
    2005  3  |  -.0011662   .0102587    -0.11   0.909    -.0212728    .0189404
    2005  4  |   .0039313   .0076248     0.52   0.606    -.0110132    .0188757
    2005  5  |   .0492515   .0068147     7.23   0.000     .0358949     .062608
    2005  6  |  -.0318594   .0164704    -1.93   0.053    -.0641409    .0004221
    2005  7  |   .0277021   .0123217     2.25   0.025      .003552    .0518521
    2005  8  |  (empty)  
    2005  9  |  -.0522504   .0124903    -4.18   0.000     -.076731   -.0277698
    2005 10  |   .0623702   .0100806     6.19   0.000     .0426127    .0821278
    2005 11  |  (empty)  
    2005 12  |   .0368814    .010933     3.37   0.001     .0154532    .0583097
    2005 13  |   -.005502    .012156    -0.45   0.651    -.0293274    .0183234
    2005 14  |   .0303551   .0079118     3.84   0.000     .0148482     .045862
    2006  2  |   .0556445   .0069314     8.03   0.000     .0420592    .0692298
    2006  3  |   .0125424   .0117348     1.07   0.285    -.0104574    .0355423
    2006  4  |  -.0203452    .008866    -2.29   0.022    -.0377222   -.0029681
    2006  5  |   .0393164   .0070705     5.56   0.000     .0254586    .0531743
    2006  6  |  -.0491346   .0167824    -2.93   0.003    -.0820275   -.0162418
    2006  7  |   .0241683   .0127242     1.90   0.058    -.0007707    .0491072
    2006  8  |   .0142563   .0319848     0.45   0.656    -.0484328    .0769455
    2006  9  |  (empty)  
    2006 10  |    .062682   .0104683     5.99   0.000     .0421644    .0831995
    2006 11  |  (empty)  
    2006 12  |   .0548078   .0119731     4.58   0.000      .031341    .0782746
    2006 13  |  -.0082557   .0124504    -0.66   0.507     -.032658    .0161465
    2006 14  |   .0116143   .0083141     1.40   0.162     -.004681    .0279097
    2007  2  |  -.0530401   .0626626    -0.85   0.397    -.1758565    .0697763
    2007  3  |  -.0996581   .0637512    -1.56   0.118    -.2246083     .025292
    2007  4  |  -.1219947   .0632237    -1.93   0.054    -.2459108    .0019214
    2007  5  |  -.0425055   .0626811    -0.68   0.498    -.1653583    .0803473
    2007  6  |  -.1303031   .0646611    -2.02   0.044    -.2570366   -.0035697
    2007  7  |   -.081443   .0639408    -1.27   0.203    -.2067645    .0438786
    2007  8  |  -.0651674   .0692267    -0.94   0.347    -.2008493    .0705145
    2007  9  |  (empty)  
    2007 10  |  -.0445483   .0631909    -0.70   0.481    -.1684002    .0793037
    2007 11  |  (empty)  
    2007 12  |  -.0709021    .063402    -1.12   0.263    -.1951677    .0533634
    2007 13  |   -.093171   .0635514    -1.47   0.143    -.2177296    .0313875
    2007 14  |  -.0835415   .0628511    -1.33   0.184    -.2067274    .0396444
             |
       _cons |  -.0188744   .0103454    -1.82   0.068     -.039151    .0014022
-------------+----------------------------------------------------------------
     sigma_u |  .07908742
     sigma_e |  .05247505
         rho |  .69432807   (fraction of variance due to u_i)
------------------------------------------------------------------------------

. test _b[edum_adop]=0, notest

 ( 1)  edum_adop = 0

. test _b[adopter]=0, accum

 ( 1)  edum_adop = 0
 ( 2)  adopter = 0

           chi2(  2) =  179.73
         Prob > chi2 =    0.0000

. 
. *************************************************************
. *** CLEAN UP              *
. ***************************
. 
. tsset, clear

. clear

. clear matrix

. log close
      name:  <unnamed>
       log:  /home/patrickgillespie/Documents/lin_forpatrick/Task 4/Data_Analysis/analysis/logs/resul
> ts/8_May_2012_22_46_32.log
  log type:  text
 closed on:   8 May 2012, 22:47:11
-----------------------------------------------------------------------------------------------------
