-----------------------------------------------------------------------------------------------------
      name:  <unnamed>
       log:  /home/patrickgillespie/Documents/lin_forpatrick/Task 4/Data_Analysis/analysis/logs/resul
> ts/8_May_2012_17_03_39.log
  log type:  text
 opened on:   8 May 2012, 17:03:39

. 
. *xtreg osrape_prop energydum sizeclass setasideuaa ln_labour  specialise osrprice i.year, fe
. 
. *xtreg oilseedrapeuaa energydum sizeclass setasideuaa ln_labour specialise osrprice i.year, fe
. 
. xtreg osrape_prop energydum sizeclass setasideuaa ln_labour ln_ffi solvency specialise intensity i.
> year, fe
note: 2007.year omitted because of collinearity

Fixed-effects (within) regression               Number of obs      =     78181
Group variable: pid                             Number of groups   =     10863

R-sq:  within  = 0.0148                         Obs per group: min =         2
       between = 0.0440                                        avg =       7.2
       overall = 0.0154                                        max =         9

                                                F(15,67303)        =     67.34
corr(u_i, Xb)  = -0.2666                        Prob > F           =    0.0000

------------------------------------------------------------------------------
 osrape_prop |      Coef.   Std. Err.      t    P>|t|     [95% Conf. Interval]
-------------+----------------------------------------------------------------
   energydum |  -.0109415   .0009897   -11.06   0.000    -.0128813   -.0090016
   sizeclass |  -.0023296   .0004979    -4.68   0.000    -.0033054   -.0013538
 setasideuaa |  -.0003971   .0000266   -14.92   0.000    -.0004492   -.0003449
   ln_labour |  -.0017516   .0009792    -1.79   0.074    -.0036708    .0001675
      ln_ffi |  -.0000725   .0000857    -0.85   0.397    -.0002405    .0000954
    solvency |  -.0004896   .0015242    -0.32   0.748    -.0034771    .0024979
  specialise |    .001675   .0008152     2.05   0.040     .0000772    .0032727
   intensity |  -.0034635   .0050662    -0.68   0.494    -.0133933    .0064663
             |
        year |
       2000  |  -.0135104   .0009537   -14.17   0.000    -.0153796   -.0116412
       2001  |   -.014839   .0009287   -15.98   0.000    -.0166592   -.0130188
       2002  |  -.0203072   .0009211   -22.05   0.000    -.0221127   -.0185018
       2003  |  -.0180934   .0009289   -19.48   0.000    -.0199142   -.0162727
       2004  |   -.006505   .0008933    -7.28   0.000    -.0082559   -.0047541
       2005  |  -.0049599   .0008918    -5.56   0.000    -.0067078    -.003212
       2006  |   .0024688   .0009098     2.71   0.007     .0006855     .004252
       2007  |  (omitted)
             |
       _cons |   .1201601   .0081673    14.71   0.000     .1041521    .1361681
-------------+----------------------------------------------------------------
     sigma_u |   .0947339
     sigma_e |   .0565047
         rho |  .73759314   (fraction of variance due to u_i)
------------------------------------------------------------------------------
F test that all u_i=0:     F(10862, 67303) =    16.80        Prob > F = 0.0000

. 
. xtreg osrape_prop energydum sizeclass setasideuaa ln_labour ln_ffi solvency specialise intensity i.
> year year#mscode, fe
note: 2007.year omitted because of collinearity
note: 1999b.year#2.mscode omitted because of collinearity
note: 1999b.year#8.mscode omitted because of collinearity
note: 1999b.year#11.mscode omitted because of collinearity
note: 1999b.year#12.mscode omitted because of collinearity
note: 1999b.year#13.mscode omitted because of collinearity
note: 2000.year#3.mscode omitted because of collinearity
note: 2000.year#14.mscode omitted because of collinearity
note: 2003.year#7.mscode omitted because of collinearity
note: 2007.year#4.mscode omitted because of collinearity
note: 2007.year#5.mscode omitted because of collinearity
note: 2007.year#6.mscode omitted because of collinearity
note: 2007.year#9.mscode omitted because of collinearity
note: 2007.year#10.mscode omitted because of collinearity

Fixed-effects (within) regression               Number of obs      =     78181
Group variable: pid                             Number of groups   =     10863

R-sq:  within  = 0.0357                         Obs per group: min =         2
       between = 0.0030                                        avg =       7.2
       overall = 0.0042                                        max =         9

                                                F(119,67199)       =     20.93
corr(u_i, Xb)  = -0.5329                        Prob > F           =    0.0000

------------------------------------------------------------------------------
 osrape_prop |      Coef.   Std. Err.      t    P>|t|     [95% Conf. Interval]
-------------+----------------------------------------------------------------
   energydum |   .1137844   .0594973     1.91   0.056    -.0028301     .230399
   sizeclass |  -.0018303   .0004989    -3.67   0.000    -.0028081   -.0008524
 setasideuaa |  -.0003868   .0000267   -14.50   0.000    -.0004391   -.0003345
   ln_labour |  -.0030621   .0010047    -3.05   0.002    -.0050314   -.0010929
      ln_ffi |  -.0000944   .0000863    -1.09   0.274    -.0002637    .0000748
    solvency |  -.0000248   .0015167    -0.02   0.987    -.0029974    .0029479
  specialise |   .0012213   .0008084     1.51   0.131    -.0003632    .0028058
   intensity |  -.0173551   .0051026    -3.40   0.001    -.0273563    -.007354
             |
        year |
       2000  |  -.0344913   .0060802    -5.67   0.000    -.0464086   -.0225741
       2001  |  -.0397425   .0057876    -6.87   0.000    -.0510861   -.0283989
       2002  |  -.0435055   .0056568    -7.69   0.000    -.0545929   -.0324182
       2003  |  -.0314796   .0057086    -5.51   0.000    -.0426685   -.0202908
       2004  |  -.1342471   .0594085    -2.26   0.024    -.2506876   -.0178065
       2005  |  -.1444569   .0594068    -2.43   0.015    -.2608942   -.0280197
       2006  |  -.1315783   .0594233    -2.21   0.027     -.248048   -.0151086
       2007  |  (omitted)
             |
 year#mscode |
    1999  2  |  (omitted)
    1999  3  |  -.0307246   .0066135    -4.65   0.000    -.0436871   -.0177622
    1999  4  |    .134256   .0595391     2.25   0.024     .0175595    .2509526
    1999  5  |   .1199898   .0595368     2.02   0.044     .0032978    .2366819
    1999  6  |   .1153056   .0605376     1.90   0.057    -.0033481    .2339593
    1999  7  |   .0091898   .0073902     1.24   0.214    -.0052949    .0236745
    1999  8  |  (omitted)
    1999  9  |   .1145269   .0599484     1.91   0.056    -.0029719    .2320257
    1999 10  |   .1294354   .0596492     2.17   0.030      .012523    .2463479
    1999 11  |  (omitted)
    1999 12  |  (omitted)
    1999 13  |  (omitted)
    1999 14  |  -.0238733   .0105047    -2.27   0.023    -.0444625   -.0032841
    2000  2  |   .0171483    .006435     2.66   0.008     .0045356     .029761
    2000  3  |  (omitted)
    2000  4  |   .1559057   .0594945     2.62   0.009     .0392966    .2725148
    2000  5  |   .1400811   .0594932     2.35   0.019     .0234745    .2566877
    2000  6  |    .145801   .0604315     2.41   0.016     .0273554    .2642466
    2000  7  |   .0251821   .0068523     3.67   0.000     .0117515    .0386126
    2000  8  |   .0077776   .0161922     0.48   0.631    -.0239591    .0395143
    2000  9  |   .1494832   .0599048     2.50   0.013     .0320697    .2668966
    2000 10  |   .1447836   .0596041     2.43   0.015     .0279597    .2616075
    2000 11  |    .037733   .0103448     3.65   0.000     .0174571    .0580089
    2000 12  |   .0316873   .0082943     3.82   0.000     .0154305    .0479441
    2000 13  |   .0177984   .0080932     2.20   0.028     .0019357    .0336611
    2000 14  |  (omitted)
    2001  2  |   .0223943   .0061487     3.64   0.000     .0103427    .0344458
    2001  3  |   .0002629   .0057164     0.05   0.963    -.0109413    .0114672
    2001  4  |   .1651376   .0594619     2.78   0.005     .0485922    .2816829
    2001  5  |   .1392629   .0594599     2.34   0.019     .0227216    .2558042
    2001  6  |   .1444588   .0603399     2.39   0.017     .0261926    .2627249
    2001  7  |   .0386952   .0062458     6.20   0.000     .0264534     .050937
    2001  8  |   .0179133   .0156744     1.14   0.253    -.0128085    .0486351
    2001  9  |   .1520583   .0597797     2.54   0.011     .0348902    .2692264
    2001 10  |   .1532023   .0595634     2.57   0.010     .0364581    .2699465
    2001 11  |   .0413224   .0101859     4.06   0.000     .0213579    .0612868
    2001 12  |   .0358516   .0080883     4.43   0.000     .0199985    .0517048
    2001 13  |   .0211692   .0078214     2.71   0.007     .0058393    .0364991
    2001 14  |  -.0105727   .0086917    -1.22   0.224    -.0276084     .006463
    2002  2  |   .0371535   .0060133     6.18   0.000     .0253675    .0489395
    2002  3  |   .0057332   .0055823     1.03   0.304    -.0052081    .0166745
    2002  4  |   .1559502   .0594462     2.62   0.009     .0394358    .2724646
    2002  5  |   .1268923   .0594394     2.13   0.033      .010391    .2433935
    2002  6  |   .1498557   .0601891     2.49   0.013     .0318851    .2678262
    2002  7  |   .0115131   .0058518     1.97   0.049     .0000435    .0229826
    2002  8  |   .0126314   .0151912     0.83   0.406    -.0171433    .0424061
    2002  9  |   .1559005   .0597472     2.61   0.009     .0387959     .273005
    2002 10  |   .1582323    .059553     2.66   0.008     .0415085    .2749561
    2002 11  |   .0383488   .0099687     3.85   0.000     .0188101    .0578875
    2002 12  |   .0368305    .007878     4.68   0.000     .0213897    .0522714
    2002 13  |    .040619   .0077397     5.25   0.000      .025449    .0557889
    2002 14  |  -.0162547   .0085554    -1.90   0.057    -.0330234    .0005139
    2003  2  |   .0251644   .0060648     4.15   0.000     .0132774    .0370514
    2003  3  |   -.011945   .0056298    -2.12   0.034    -.0229794   -.0009105
    2003  4  |   .1419142   .0594503     2.39   0.017     .0253916    .2584368
    2003  5  |   .1223733   .0594438     2.06   0.040     .0058634    .2388832
    2003  6  |   .1399072   .0601985     2.32   0.020     .0219181    .2578962
    2003  7  |  (omitted)
    2003  8  |   .0028036   .0152325     0.18   0.854    -.0270521    .0326593
    2003  9  |   .1445813   .0597566     2.42   0.016     .0274585    .2617041
    2003 10  |   .1422296   .0595577     2.39   0.017     .0254965    .2589626
    2003 11  |   .0293931   .0100462     2.93   0.003     .0097026    .0490837
    2003 12  |   .0363114   .0079028     4.59   0.000      .020822    .0518008
    2003 13  |   .0222302   .0077722     2.86   0.004     .0069967    .0374638
    2003 14  |  -.0049733   .0085682    -0.58   0.562     -.021767    .0118205
    2004  2  |   .0166138   .0059983     2.77   0.006     .0048572    .0283704
    2004  3  |  -.0247211   .0055584    -4.45   0.000    -.0356156   -.0138266
    2004  4  |   .1322095   .0594464     2.22   0.026     .0156946    .2487243
    2004  5  |   .1084348   .0594394     1.82   0.068    -.0080664    .2249361
    2004  6  |   .1256421   .0601859     2.09   0.037     .0076778    .2436063
    2004  7  |  -.0092495   .0060121    -1.54   0.124    -.0210332    .0025343
    2004  8  |   .0164494   .0151224     1.09   0.277    -.0131904    .0460893
    2004  9  |    .134016   .0597463     2.24   0.025     .0169133    .2511186
    2004 10  |   .1298097   .0595483     2.18   0.029     .0130951    .2465242
    2004 11  |   .0117168    .009973     1.17   0.240    -.0078302    .0312639
    2004 12  |   .0320285   .0078645     4.07   0.000     .0166141    .0474429
    2004 13  |   .0276828   .0076892     3.60   0.000     .0126121    .0427536
    2004 14  |   -.020467    .008509    -2.41   0.016    -.0371447   -.0037893
    2005  2  |   .0286035   .0059551     4.80   0.000     .0169315    .0402755
    2005  3  |  -.0145049   .0055307    -2.62   0.009     -.025345   -.0036648
    2005  4  |   .1368401   .0594444     2.30   0.021     .0203291    .2533512
    2005  5  |   .1274679   .0594378     2.14   0.032     .0109698     .243966
    2005  6  |   .1464028   .0601835     2.43   0.015     .0284432    .2643625
    2005  7  |  -.0001083   .0059277    -0.02   0.985    -.0117267      .01151
    2005  8  |   .0126249   .0152386     0.83   0.407    -.0172428    .0424927
    2005  9  |   .1442922   .0597412     2.42   0.016     .0271995    .2613848
    2005 10  |   .1452775    .059544     2.44   0.015     .0285712    .2619837
    2005 11  |   .0140991    .009985     1.41   0.158    -.0054714    .0336696
    2005 12  |   .0432391   .0078153     5.53   0.000     .0279211    .0585571
    2005 13  |   .0409221   .0076764     5.33   0.000     .0258762    .0559679
    2005 14  |  -.0012875   .0084774    -0.15   0.879    -.0179032    .0153282
    2006  2  |   .0336428   .0061717     5.45   0.000     .0215463    .0457392
    2006  3  |  -.0233611   .0058146    -4.02   0.000    -.0347577   -.0119645
    2006  4  |   .1203078   .0594627     2.02   0.043     .0037609    .2368547
    2006  5  |   .1233681   .0594557     2.07   0.038      .006835    .2399012
    2006  6  |   .1289459   .0602495     2.14   0.032     .0108569    .2470349
    2006  7  |   -.005896   .0061811    -0.95   0.340    -.0180109     .006219
    2006  8  |    .012112   .0158548     0.76   0.445    -.0189635    .0431875
    2006  9  |   .1305181   .0597661     2.18   0.029     .0133766    .2476596
    2006 10  |   .1477887   .0595632     2.48   0.013     .0310449    .2645325
    2006 11  |  -.0014588   .0102532    -0.14   0.887     -.021555    .0186374
    2006 12  |     .04204   .0080372     5.23   0.000     .0262871     .057793
    2006 13  |    .037831   .0079452     4.76   0.000     .0222584    .0534035
    2006 14  |  -.0153883   .0087209    -1.76   0.078    -.0324813    .0017046
    2007  2  |  -.1169807   .0595353    -1.96   0.049    -.2336698   -.0002916
    2007  3  |  -.1529774   .0595168    -2.57   0.010    -.2696303   -.0363245
    2007  4  |  (omitted)
    2007  5  |  (omitted)
    2007  6  |  (omitted)
    2007  7  |  -.1530561   .0595749    -2.57   0.010    -.2698229   -.0362893
    2007  8  |  -.0979697   .0613047    -1.60   0.110    -.2181269    .0221874
    2007  9  |  (omitted)
    2007 10  |  (omitted)
    2007 11  |  -.1258231   .0601492    -2.09   0.036    -.2437154   -.0079308
    2007 12  |  -.1067642   .0597665    -1.79   0.074    -.2239066    .0103781
    2007 13  |  -.0956926   .0597582    -1.60   0.109    -.2128187    .0214335
    2007 14  |  -.1495153   .0598781    -2.50   0.013    -.2668764   -.0321543
             |
       _cons |   .0753885   .0289414     2.60   0.009     .0186633    .1321138
-------------+----------------------------------------------------------------
     sigma_u |  .10948532
     sigma_e |  .05594408
         rho |  .79296247   (fraction of variance due to u_i)
------------------------------------------------------------------------------
F test that all u_i=0:     F(10862, 67199) =    14.76        Prob > F = 0.0000

. 
. *xtreg oilseedrapeuaa energydum sizeclass setasideuaa ln_labour ln_ffi solvency specialise intensit
> y ln_c_ret_ha i.year year#mscode, fe
. 
. /*
> *************************************************************
> *** POST-ESTIMATION TESTS *
> ***************************
> ****************
> *** Chow test
> ****************
> *xtreg osrape_prop energydum edum_adop adopter farmsrepresented  sizeclass setasideuaa ln_labour ln
> _ffi solvency specialise intensity ln_c_ret_ha i.year year#mscode
> xtreg osrape_prop energydum edum_adop adopter sizeclass setasideuaa ln_labour specialise i.year, fe
> 
> test _b[edum_adop]=0, notest
> test _b[adopter]=0, accum
> 
> *xtreg oilseedrapeuaa energydum edum_adop adopter farmsrepresented  sizeclass setasideuaa ln_labour
>  ln_ffi solvency specialise intensity ln_c_ret_ha i.year year#mscode
> xtreg oilseedrapeuaa energydum edum_adop adopter sizeclass setasideuaa ln_labour specialise i.year
> test _b[edum_adop]=0, notest
> test _b[adopter]=0, accum
> 
> 
> *************************************************************
> *** CLEAN UP              *
> ***************************
> */
. tsset, clear

. clear

. clear matrix

. log close
      name:  <unnamed>
       log:  /home/patrickgillespie/Documents/lin_forpatrick/Task 4/Data_Analysis/analysis/logs/resul
> ts/8_May_2012_17_03_39.log
  log type:  text
 closed on:   8 May 2012, 17:04:36
-----------------------------------------------------------------------------------------------------
