-----------------------------------------------------------------------------------------------------
      name:  <unnamed>
       log:  /home/patrickgillespie/Documents/lin_forpatrick/Task 4/Data_Analysis/analysis/logs/resul
> ts/9_May_2012_16_21_20.log
  log type:  text
 opened on:   9 May 2012, 16:21:20

. 
. xtreg osrape_prop policy ln_totaluaa setasideuaa ln_labour trend trend#mscode, fe
note: 0b.trend#2.mscode omitted because of collinearity
note: 0b.trend#3.mscode omitted because of collinearity
note: 0b.trend#5.mscode omitted because of collinearity
note: 0b.trend#8.mscode omitted because of collinearity
note: 0b.trend#10.mscode omitted because of collinearity
note: 0b.trend#11.mscode omitted because of collinearity
note: 0b.trend#12.mscode omitted because of collinearity
note: 0b.trend#13.mscode omitted because of collinearity
note: 0b.trend#14.mscode omitted because of collinearity
note: 4.trend#6.mscode omitted because of collinearity
note: 4.trend#7.mscode omitted because of collinearity
note: 5.trend#6.mscode omitted because of collinearity
note: 8.trend#1b.mscode omitted because of collinearity
note: 8.trend#4.mscode omitted because of collinearity
note: 8.trend#9.mscode omitted because of collinearity

Fixed-effects (within) regression               Number of obs      =     33783
Group variable: pid                             Number of groups   =      6650

R-sq:  within  = 0.0487                         Obs per group: min =         1
       between = 0.0259                                        avg =       5.1
       overall = 0.0111                                        max =         9

                                                F(115,27018)       =     12.02
corr(u_i, Xb)  = -0.4710                        Prob > F           =    0.0000

------------------------------------------------------------------------------
 osrape_prop |      Coef.   Std. Err.      t    P>|t|     [95% Conf. Interval]
-------------+----------------------------------------------------------------
      policy |  -.0134583   .0165776    -0.81   0.417    -.0459512    .0190346
 ln_totaluaa |   .0070394   .0021976     3.20   0.001      .002732    .0113468
 setasideuaa |  -.0003463   .0000287   -12.06   0.000    -.0004026     -.00029
   ln_labour |  -.0006269   .0004921    -1.27   0.203    -.0015915    .0003378
       trend |   .0126361   .0091713     1.38   0.168    -.0053401    .0306123
             |
trend#mscode |
       0  2  |  (omitted)
       0  3  |  (omitted)
       0  4  |   .1020009   .0631492     1.62   0.106    -.0217749    .2257766
       0  5  |  (omitted)
       0  6  |   .0543633   .0381096     1.43   0.154    -.0203334    .1290599
       0  7  |   .0939671   .0377149     2.49   0.013     .0200439    .1678902
       0  8  |  (omitted)
       0  9  |   .0893387   .0636592     1.40   0.161    -.0354366     .214114
       0 10  |  (omitted)
       0 11  |  (omitted)
       0 12  |  (omitted)
       0 13  |  (omitted)
       0 14  |  (omitted)
       1  1  |    -.05281   .0113789    -4.64   0.000    -.0751131   -.0305068
       1  2  |  -.0322279   .0095816    -3.36   0.001    -.0510082   -.0134475
       1  3  |  -.0160384   .0097915    -1.64   0.101    -.0352302    .0031534
       1  4  |    .081387   .0541799     1.50   0.133    -.0248084    .1875823
       1  5  |  -.0255549   .0096205    -2.66   0.008    -.0444116   -.0066983
       1  6  |   .0384491   .0294571     1.31   0.192    -.0192883    .0961865
       1  7  |   .0710222    .028739     2.47   0.013     .0146923    .1273522
       1  8  |  -.0405896   .0252367    -1.61   0.108    -.0900549    .0088757
       1  9  |   .0766622   .0547791     1.40   0.162    -.0307077    .1840321
       1 10  |  -.0356649   .0112658    -3.17   0.002    -.0577464   -.0135835
       1 11  |  -.0100311   .0156901    -0.64   0.523    -.0407846    .0207224
       1 12  |  -.0147836   .0130156    -1.14   0.256    -.0402948    .0107277
       1 13  |  -.0135377   .0136117    -0.99   0.320    -.0402174     .013142
       1 14  |  -.0224471   .0130791    -1.72   0.086    -.0480828    .0031886
       2  1  |  -.0720415   .0191467    -3.76   0.000      -.10957    -.034513
       2  2  |  -.0443373   .0185478    -2.39   0.017     -.080692   -.0079827
       2  3  |  -.0292526   .0186519    -1.57   0.117    -.0658113     .007306
       2  4  |   .0723981   .0452998     1.60   0.110    -.0163919    .1611881
       2  5  |  -.0475265    .018573    -2.56   0.011    -.0839305   -.0111224
       2  6  |    .025177   .0213706     1.18   0.239    -.0167105    .0670645
       2  7  |   .0511838   .0197942     2.59   0.010     .0123861    .0899814
       2  8  |  -.0373742   .0283888    -1.32   0.188    -.0930177    .0182693
       2  9  |   .0599759   .0458596     1.31   0.191    -.0299113     .149863
       2 10  |  -.0421264    .019479    -2.16   0.031    -.0803062   -.0039467
       2 11  |  -.0354536   .0224498    -1.58   0.114    -.0794564    .0085492
       2 12  |  -.0318478   .0204738    -1.56   0.120    -.0719775    .0082819
       2 13  |  -.0350399   .0208188    -1.68   0.092    -.0758458    .0057661
       2 14  |  -.0553788   .0199447    -2.78   0.005    -.0944714   -.0162863
       3  1  |  -.0816198    .027832    -2.93   0.003     -.136172   -.0270676
       3  2  |  -.0437284   .0276442    -1.58   0.114    -.0979125    .0104556
       3  3  |  -.0441024    .027718    -1.59   0.112     -.098431    .0102262
       3  4  |    .037995    .036567     1.04   0.299    -.0336782    .1096682
       3  5  |  -.0741122   .0276621    -2.68   0.007    -.1283315    -.019893
       3  6  |   .0117727   .0140626     0.84   0.403    -.0157908    .0393362
       3  7  |   .0118093   .0116724     1.01   0.312    -.0110693    .0346879
       3  8  |  -.0550873   .0350444    -1.57   0.116    -.1237762    .0136016
       3  9  |   .0476663   .0371986     1.28   0.200     -.025245    .1205775
       3 10  |  -.0471271   .0283268    -1.66   0.096     -.102649    .0083948
       3 11  |  -.0489908   .0306129    -1.60   0.110    -.1089936    .0110119
       3 12  |  -.0423652   .0289315    -1.46   0.143    -.0990723     .014342
       3 13  |  -.0344374   .0292745    -1.18   0.239    -.0918169    .0229421
       3 14  |      -.079   .0285881    -2.76   0.006    -.1350342   -.0229657
       4  1  |   -.081447   .0368036    -2.21   0.027    -.1535838   -.0093101
       4  2  |  -.0558613    .036783    -1.52   0.129     -.127958    .0162353
       4  3  |  -.0586905   .0368362    -1.59   0.111    -.1308913    .0135104
       4  4  |   .0234282   .0281128     0.83   0.405    -.0316744    .0785308
       4  5  |  -.0813942   .0367986    -2.21   0.027    -.1535214   -.0092671
       4  6  |  (omitted)
       4  7  |  (omitted)
       4  8  |  -.0624922   .0423748    -1.47   0.140    -.1455491    .0205647
       4  9  |   .0354344   .0289619     1.22   0.221    -.0213325    .0922013
       4 10  |    -.06358   .0373016    -1.70   0.088     -.136693    .0095331
       4 11  |  -.0632119   .0389934    -1.62   0.105     -.139641    .0132171
       4 12  |  -.0332838   .0377121    -0.88   0.377    -.1072015    .0406338
       4 13  |  -.0547581   .0380371    -1.44   0.150    -.1293127    .0197965
       4 14  |  -.0674682   .0375006    -1.80   0.072    -.1409712    .0060349
       5  1  |  -.0704994    .036501    -1.93   0.053    -.1420432    .0010445
       5  2  |  -.0525149   .0364927    -1.44   0.150    -.1240425    .0190126
       5  3  |  -.0588897   .0365474    -1.61   0.107    -.1305244    .0127451
       5  4  |   .0256329   .0277324     0.92   0.355    -.0287241    .0799899
       5  5  |  -.0817836     .03651    -2.24   0.025    -.1533451   -.0102221
       5  6  |  (omitted)
       5  7  |   .0064222   .0143453     0.45   0.654    -.0216954    .0345398
       5  8  |  -.0495702   .0422064    -1.17   0.240    -.1322969    .0331565
       5  9  |   .0375343   .0285641     1.31   0.189    -.0184528    .0935214
       5 10  |   -.058093   .0370433    -1.57   0.117    -.1306998    .0145137
       5 11  |  -.0596377   .0386084    -1.54   0.122    -.1353122    .0160367
       5 12  |  -.0177759    .037485    -0.47   0.635    -.0912484    .0556966
       5 13  |  -.0401002   .0377507    -1.06   0.288    -.1140935     .033893
       5 14  |  -.0716588    .037216    -1.93   0.054    -.1446041    .0012865
       6  1  |  -.0935962   .0450242    -2.08   0.038    -.1818461   -.0053464
       6  2  |  -.0645525   .0452338    -1.43   0.154    -.1532131    .0241081
       6  3  |  -.0711757   .0452787    -1.57   0.116    -.1599243    .0175729
       6  4  |   .0043978   .0186701     0.24   0.814    -.0321964    .0409921
       6  5  |    -.08639   .0452495    -1.91   0.056    -.1750813    .0023013
       6  6  |  -.0090308   .0149363    -0.60   0.545    -.0383066     .020245
       6  7  |  -.0105082   .0156659    -0.67   0.502     -.041214    .0201977
       6  8  |  -.0663093   .0504438    -1.31   0.189    -.1651817    .0325631
       6  9  |   .0246786   .0198993     1.24   0.215    -.0143251    .0636824
       6 10  |  -.0657403   .0456616    -1.44   0.150    -.1552395    .0237589
       6 11  |   -.088159   .0470263    -1.87   0.061     -.180333     .004015
       6 12  |  -.0464763   .0459989    -1.01   0.312    -.1366366    .0436839
       6 13  |  -.0530945   .0462909    -1.15   0.251    -.1438269     .037638
       6 14  |  -.0739999   .0458167    -1.62   0.106     -.163803    .0158032
       7  1  |  -.0909567   .0538344    -1.69   0.091    -.1964749    .0145616
       7  2  |  -.0599182   .0541244    -1.11   0.268    -.1660048    .0461684
       7  3  |  -.0789599   .0541723    -1.46   0.145    -.1851405    .0272206
       7  4  |  -.0141338   .0098612    -1.43   0.152    -.0334622    .0051946
       7  5  |  -.0920064   .0541388    -1.70   0.089    -.1981212    .0141085
       7  6  |  -.0206336   .0215139    -0.96   0.338     -.062802    .0215348
       7  7  |  -.0091957    .021392    -0.43   0.667    -.0511251    .0327336
       7  8  |  -.0681197   .0590458    -1.15   0.249    -.1838525     .047613
       7  9  |   .0110608   .0120923     0.91   0.360    -.0126408    .0347624
       7 10  |  -.0606217   .0544814    -1.11   0.266    -.1674081    .0461648
       7 11  |  -.1063364   .0559131    -1.90   0.057    -.2159289    .0032561
       7 12  |  -.0251882   .0548492    -0.46   0.646    -.1326955    .0823191
       7 13  |  -.0580248   .0550441    -1.05   0.292    -.1659141    .0498645
       7 14  |  -.0901002   .0546272    -1.65   0.099    -.1971724    .0169719
       8  1  |  (omitted)
       8  2  |  -.0935716   .0630925    -1.48   0.138    -.2172362    .0300929
       8  3  |  -.0931963   .0631424    -1.48   0.140    -.2169586    .0305661
       8  4  |  (omitted)
       8  5  |  -.0961957   .0631093    -1.52   0.127    -.2198933    .0275018
       8  6  |  -.0247651   .0296298    -0.84   0.403    -.0828409    .0333108
       8  7  |  -.0303633   .0290417    -1.05   0.296    -.0872866      .02656
       8  8  |   -.069662   .0669016    -1.04   0.298    -.2007927    .0614686
       8  9  |  (omitted)
       8 10  |  -.0903347   .0634216    -1.42   0.154    -.2146443     .033975
       8 11  |   -.092584   .0649659    -1.43   0.154    -.2199205    .0347525
       8 12  |   -.069446      .0637    -1.09   0.276    -.1943013    .0554093
       8 13  |  -.0638234   .0638736    -1.00   0.318    -.1890189    .0613721
       8 14  |  -.1064972   .0635388    -1.68   0.094    -.2310366    .0180422
             |
       _cons |   .0452526   .0151893     2.98   0.003     .0154809    .0750243
-------------+----------------------------------------------------------------
     sigma_u |  .10662599
     sigma_e |  .05118302
         rho |  .81272872   (fraction of variance due to u_i)
------------------------------------------------------------------------------
F test that all u_i=0:     F(6649, 27018) =    12.02         Prob > F = 0.0000

. 
. xtreg osrape_prop policy ln_totaluaa setasideuaa ln_labour i.year year#mscode, fe
note: 2007.year omitted because of collinearity
note: 1999b.year#7.mscode omitted because of collinearity
note: 2000.year#2.mscode omitted because of collinearity
note: 2000.year#4.mscode omitted because of collinearity
note: 2000.year#12.mscode omitted because of collinearity
note: 2000.year#14.mscode omitted because of collinearity
note: 2006.year#11.mscode omitted because of collinearity
note: 2007.year#3.mscode omitted because of collinearity
note: 2007.year#5.mscode omitted because of collinearity
note: 2007.year#6.mscode omitted because of collinearity
note: 2007.year#8.mscode omitted because of collinearity
note: 2007.year#9.mscode omitted because of collinearity
note: 2007.year#10.mscode omitted because of collinearity
note: 2007.year#13.mscode omitted because of collinearity

Fixed-effects (within) regression               Number of obs      =     33783
Group variable: pid                             Number of groups   =      6650

R-sq:  within  = 0.0487                         Obs per group: min =         1
       between = 0.0000                                        avg =       5.1
       overall = 0.0002                                        max =         9

                                                F(115,27018)       =     12.02
corr(u_i, Xb)  = -0.5443                        Prob > F           =    0.0000

------------------------------------------------------------------------------
 osrape_prop |      Coef.   Std. Err.      t    P>|t|     [95% Conf. Interval]
-------------+----------------------------------------------------------------
      policy |   .0876305   .0630334     1.39   0.164    -.0359183    .2111793
 ln_totaluaa |   .0070394   .0021976     3.20   0.001      .002732    .0113468
 setasideuaa |  -.0003463   .0000287   -12.06   0.000    -.0004026     -.00029
   ln_labour |  -.0006269   .0004921    -1.27   0.203    -.0015915    .0003378
             |
        year |
       2000  |  -.0401739   .0074068    -5.42   0.000    -.0546915   -.0256563
       2001  |  -.0467693   .0070872    -6.60   0.000    -.0606605   -.0328781
       2002  |  -.0437115   .0069538    -6.29   0.000    -.0573414   -.0300816
       2003  |  -.0309025   .0070617    -4.38   0.000    -.0447438   -.0170613
       2004  |  -.1084077   .0628476    -1.72   0.085    -.2315923    .0147769
       2005  |  -.1188684   .0627453    -1.89   0.058    -.2418524    .0041156
       2006  |  -.1035928    .062744    -1.65   0.099    -.2265742    .0193887
       2007  |  (omitted)
             |
 year#mscode |
    1999  2  |  -.0205821   .0079095    -2.60   0.009     -.036085   -.0050791
    1999  3  |   .0931963   .0631424     1.48   0.140    -.0305661    .2169586
    1999  4  |  -.0321961   .0082068    -3.92   0.000    -.0482819   -.0161103
    1999  5  |   .0961957   .0631093     1.52   0.127    -.0275018    .2198933
    1999  6  |   .0791283   .0647686     1.22   0.222    -.0478214     .206078
    1999  7  |  (omitted)
    1999  8  |    .069662   .0669016     1.04   0.298    -.0614686    .2007927
    1999  9  |   .0893387   .0636592     1.40   0.161    -.0354366     .214114
    1999 10  |   .0903347   .0634216     1.42   0.154     -.033975    .2146443
    1999 11  |   .0153797    .015958     0.96   0.335    -.0158988    .0466583
    1999 12  |  -.0380264   .0118389    -3.21   0.001    -.0612312   -.0148216
    1999 13  |   .0638234   .0638736     1.00   0.318    -.0613721    .1890189
    1999 14  |  -.0303629   .0119078    -2.55   0.011    -.0537028   -.0070229
    2000  2  |  (omitted)
    2000  3  |   .1299678   .0630468     2.06   0.039     .0063928    .2535429
    2000  4  |  (omitted)
    2000  5  |   .1234508   .0630125     1.96   0.050     -.000057    .2469585
    2000  6  |   .1160241   .0645616     1.80   0.072    -.0105199    .2425681
    2000  7  |   .0298651   .0109163     2.74   0.006     .0084686    .0512616
    2000  8  |   .0818824   .0665883     1.23   0.219    -.0486341    .2123989
    2000  9  |   .1294722   .0635625     2.04   0.042     .0048864    .2540579
    2000 10  |   .1074797   .0633188     1.70   0.090    -.0166284    .2315878
    2000 11  |   .0581586   .0145567     4.00   0.000     .0296268    .0866904
    2000 12  |  (omitted)
    2000 13  |   .1030957   .0636679     1.62   0.105    -.0216967    .2278881
    2000 14  |  (omitted)
    2001  2  |   .0071221   .0066982     1.06   0.288    -.0060068     .020251
    2001  3  |   .1359851   .0629726     2.16   0.031     .0125555    .2594148
    2001  4  |   .0102426   .0070149     1.46   0.144     -.003507    .0239922
    2001  5  |   .1207108   .0629432     1.92   0.055    -.0026612    .2440827
    2001  6  |   .1219836    .064463     1.89   0.058    -.0043673    .2483344
    2001  7  |   .0292582   .0103875     2.82   0.005     .0088981    .0496183
    2001  8  |   .1043293   .0658752     1.58   0.113    -.0247894     .233448
    2001  9  |   .1320174   .0633789     2.08   0.037     .0077914    .2562434
    2001 10  |   .1202497   .0632433     1.90   0.057    -.0037105    .2442099
    2001 11  |   .0519676   .0144415     3.60   0.000     .0236616    .0802737
    2001 12  |   .0021673    .010949     0.20   0.843    -.0192933    .0236278
    2001 13  |    .100825   .0635374     1.59   0.113    -.0237116    .2253616
    2001 14  |  -.0137002   .0098314    -1.39   0.163    -.0329702    .0055698
    2002  2  |   .0173093   .0065422     2.65   0.008     .0044863    .0301323
    2002  3  |   .1307137   .0629416     2.08   0.038     .0073448    .2540825
    2002  4  |  -.0145821   .0068928    -2.12   0.034    -.0280923   -.0010719
    2002  5  |   .1037033   .0629126     1.65   0.099    -.0196086    .2270152
    2002  6  |   .1181575   .0642338     1.84   0.066     -.007744    .2440591
    2002  7  |   -.000538   .0103302    -0.05   0.958    -.0207858    .0197099
    2002  8  |   .0961945   .0657267     1.46   0.143    -.0326333    .2250223
    2002  9  |   .1292861   .0633151     2.04   0.041     .0051851     .253387
    2002 10  |   .1248274   .0632265     1.97   0.048     .0009003    .2487546
    2002 11  |   .0480087   .0147394     3.26   0.001     .0191188    .0768986
    2002 12  |   .0012282   .0108239     0.11   0.910    -.0199871    .0224435
    2002 13  |   .1110059   .0635382     1.75   0.081    -.0135323     .235544
    2002 14  |  -.0277431   .0096689    -2.87   0.004    -.0466947   -.0087914
    2003  2  |   .0050036   .0066723     0.75   0.453    -.0080745    .0180816
    2003  3  |   .1159527   .0629491     1.84   0.065    -.0074308    .2393363
    2003  4  |  -.0293218   .0069844    -4.20   0.000    -.0430115   -.0156321
    2003  5  |   .0962485   .0629238     1.53   0.126    -.0270854    .2195823
    2003  6  |    .106212   .0642676     1.65   0.098    -.0197558    .2321798
    2003  7  |  -.0125201   .0112461    -1.11   0.266    -.0345631    .0095229
    2003  8  |   .0886168   .0655127     1.35   0.176    -.0397916    .2170252
    2003  9  |   .1168814   .0633368     1.85   0.065    -.0072621    .2410248
    2003 10  |   .1082017    .063235     1.71   0.087    -.0157423    .2321456
    2003 11  |   .0336148    .014375     2.34   0.019      .005439    .0617905
    2003 12  |   .0101367   .0107219     0.95   0.344    -.0108788    .0311522
    2003 13  |   .0905123   .0635398     1.42   0.154    -.0340291    .2150537
    2003 14  |  -.0163841   .0097715    -1.68   0.094    -.0355367    .0027685
    2004  2  |  -.0025976   .0066239    -0.39   0.695    -.0155808    .0103855
    2004  3  |    .104806   .0629385     1.67   0.096    -.0185567    .2281686
    2004  4  |  -.0380647   .0069471    -5.48   0.000    -.0516814   -.0244479
    2004  5  |   .0849115   .0629133     1.35   0.177    -.0384018    .2082248
    2004  6  |   .0952644   .0643298     1.48   0.139    -.0308254    .2213542
    2004  7  |  -.0170455   .0106918    -1.59   0.111    -.0380019    .0039109
    2004  8  |   .0905912   .0656749     1.38   0.168    -.0381351    .2193175
    2004  9  |   .1080336   .0633143     1.71   0.088    -.0160657    .2321329
    2004 10  |    .102741   .0632357     1.62   0.104    -.0212043    .2266864
    2004 11  |   .0262414   .0137341     1.91   0.056    -.0006782     .053161
    2004 12  |    .014697   .0108566     1.35   0.176    -.0065824    .0359765
    2004 13  |   .0942225   .0635272     1.48   0.138     -.030294    .2187391
    2004 14  |  -.0315223    .009732    -3.24   0.001    -.0505975   -.0124471
    2005  2  |   .0084616   .0065467     1.29   0.196    -.0043702    .0212935
    2005  3  |   .1156168   .0628346     1.84   0.066    -.0075423    .2387758
    2005  4  |  -.0362029      .0069    -5.25   0.000    -.0497273   -.0226785
    2005  5  |    .103402   .0628099     1.65   0.100    -.0197087    .2265126
    2005  6  |   .1093305   .0642401     1.70   0.089    -.0165835    .2352445
    2005  7  |   -.010879   .0105574    -1.03   0.303     -.031572     .009814
    2005  8  |    .096949    .065788     1.47   0.141    -.0319989    .2258969
    2005  9  |   .1182749   .0632178     1.87   0.061    -.0056352    .2421849
    2005 10  |   .1181906   .0631197     1.87   0.061    -.0055272    .2419084
    2005 11  |   .0208169   .0142333     1.46   0.144     -.007081    .0487149
    2005 12  |   .0090935   .0106847     0.85   0.395     -.011849     .030036
    2005 13  |   .1043252   .0634445     1.64   0.100    -.0200293    .2286796
    2005 14  |  -.0107665   .0096601    -1.11   0.265    -.0297008    .0081678
    2006  2  |   .0104564   .0067784     1.54   0.123    -.0028297    .0237425
    2006  3  |    .105193   .0628417     1.67   0.094      -.01798     .228366
    2006  4  |  -.0573741    .007201    -7.97   0.000    -.0714884   -.0432597
    2006  5  |   .0951461   .0628119     1.51   0.130    -.0279685    .2182606
    2006  6  |   .0950881   .0642848     1.48   0.139    -.0309134    .2210896
    2006  7  |  -.0122061   .0107996    -1.13   0.258    -.0333739    .0089616
    2006  8  |    .092499   .0660087     1.40   0.161    -.0368814    .2218794
    2006  9  |   .1020175   .0632368     1.61   0.107    -.0219299    .2259648
    2006 10  |   .1206697   .0630996     1.91   0.056    -.0030087    .2443481
    2006 11  |  (omitted)
    2006 12  |    .027742   .0112411     2.47   0.014     .0057088    .0497752
    2006 13  |   .0967552   .0634421     1.53   0.127    -.0275945     .221105
    2006 14  |  -.0295065   .0099238    -2.97   0.003    -.0489577   -.0100552
    2007  2  |  -.1141537   .0629943    -1.81   0.070    -.2376258    .0093184
    2007  3  |  (omitted)
    2007  4  |  -.1341969    .063047    -2.13   0.033    -.2577724   -.0106215
    2007  5  |  (omitted)
    2007  6  |  (omitted)
    2007  7  |  -.1243304   .0636076    -1.95   0.051    -.2490046    .0003438
    2007  8  |  (omitted)
    2007  9  |  (omitted)
    2007 10  |  (omitted)
    2007 11  |  -.0772043   .0646987    -1.19   0.233     -.204017    .0496084
    2007 12  |  -.1074724   .0636218    -1.69   0.091    -.2321744    .0172296
    2007 13  |  (omitted)
    2007 14  |  -.1368601   .0634259    -2.16   0.031    -.2611782   -.0125419
             |
       _cons |   .0372256    .029469     1.26   0.207    -.0205352    .0949865
-------------+----------------------------------------------------------------
     sigma_u |  .11094895
     sigma_e |  .05118302
         rho |  .82452702   (fraction of variance due to u_i)
------------------------------------------------------------------------------
F test that all u_i=0:     F(6649, 27018) =    12.02         Prob > F = 0.0000

. 
. xtreg osrape_prop policy sizeclass setasideuaa ln_labour i.year year#mscode, fe
note: 2007.year omitted because of collinearity
note: 1999b.year#7.mscode omitted because of collinearity
note: 2000.year#2.mscode omitted because of collinearity
note: 2000.year#4.mscode omitted because of collinearity
note: 2000.year#12.mscode omitted because of collinearity
note: 2000.year#14.mscode omitted because of collinearity
note: 2006.year#11.mscode omitted because of collinearity
note: 2007.year#3.mscode omitted because of collinearity
note: 2007.year#5.mscode omitted because of collinearity
note: 2007.year#6.mscode omitted because of collinearity
note: 2007.year#8.mscode omitted because of collinearity
note: 2007.year#9.mscode omitted because of collinearity
note: 2007.year#10.mscode omitted because of collinearity
note: 2007.year#13.mscode omitted because of collinearity

Fixed-effects (within) regression               Number of obs      =     33783
Group variable: pid                             Number of groups   =      6650

R-sq:  within  = 0.0493                         Obs per group: min =         1
       between = 0.0091                                        avg =       5.1
       overall = 0.0089                                        max =         9

                                                F(115,27018)       =     12.17
corr(u_i, Xb)  = -0.6211                        Prob > F           =    0.0000

------------------------------------------------------------------------------
 osrape_prop |      Coef.   Std. Err.      t    P>|t|     [95% Conf. Interval]
-------------+----------------------------------------------------------------
      policy |   .0908158   .0630063     1.44   0.149    -.0326798    .2143115
   sizeclass |  -.0043427   .0008376    -5.18   0.000    -.0059843    -.002701
 setasideuaa |  -.0003355   .0000286   -11.73   0.000    -.0003915   -.0002794
   ln_labour |  -.0001689   .0004926    -0.34   0.732    -.0011344    .0007967
             |
        year |
       2000  |  -.0398912   .0074044    -5.39   0.000    -.0544042   -.0253781
       2001  |  -.0465005   .0070847    -6.56   0.000    -.0603869   -.0326142
       2002  |  -.0431474   .0069501    -6.21   0.000      -.05677   -.0295249
       2003  |  -.0297005   .0070557    -4.21   0.000      -.04353   -.0158711
       2004  |  -.1104619   .0628246    -1.76   0.079    -.2336013    .0126775
       2005  |  -.1207993   .0627227    -1.93   0.054    -.2437391    .0021405
       2006  |  -.1049185   .0627227    -1.67   0.094    -.2278583    .0180212
       2007  |  (omitted)
             |
 year#mscode |
    1999  2  |   -.020428   .0079071    -2.58   0.010    -.0359262   -.0049297
    1999  3  |   .0943299   .0631184     1.49   0.135    -.0293854    .2180452
    1999  4  |  -.0314966   .0082041    -3.84   0.000     -.047577   -.0154162
    1999  5  |   .0985064   .0630846     1.56   0.118    -.0251426    .2221554
    1999  6  |   .0819768   .0647446     1.27   0.205    -.0449259    .2088795
    1999  7  |  (omitted)
    1999  8  |   .0709298   .0668783     1.06   0.289    -.0601551    .2020146
    1999  9  |   .0915532   .0636354     1.44   0.150    -.0331755     .216282
    1999 10  |   .0919877   .0633986     1.45   0.147    -.0322767    .2162522
    1999 11  |   .0192144   .0159543     1.20   0.228    -.0120569    .0504857
    1999 12  |  -.0380804   .0118352    -3.22   0.001    -.0612781   -.0148827
    1999 13  |   .0652497   .0638514     1.02   0.307    -.0599023    .1904018
    1999 14  |  -.0297012   .0119043    -2.50   0.013    -.0530342   -.0063683
    2000  2  |  (omitted)
    2000  3  |   .1305631   .0630239     2.07   0.038     .0070329    .2540932
    2000  4  |  (omitted)
    2000  5  |   .1254013   .0629881     1.99   0.047     .0019414    .2488612
    2000  6  |   .1194944   .0645367     1.85   0.064    -.0070008    .2459897
    2000  7  |   .0300062    .010913     2.75   0.006     .0086162    .0513962
    2000  8  |   .0829452   .0665652     1.25   0.213    -.0475261    .2134164
    2000  9  |   .1313838   .0635393     2.07   0.039     .0068435    .2559241
    2000 10  |   .1089776   .0632955     1.72   0.085    -.0150848    .2330401
    2000 11  |   .0605228   .0145465     4.16   0.000     .0320108    .0890347
    2000 12  |  (omitted)
    2000 13  |   .1045037   .0636466     1.64   0.101    -.0202468    .2292542
    2000 14  |  (omitted)
    2001  2  |   .0073572   .0066963     1.10   0.272    -.0057678    .0204822
    2001  3  |   .1370198   .0629488     2.18   0.030     .0136369    .2604028
    2001  4  |   .0105675    .007013     1.51   0.132    -.0031783    .0243133
    2001  5  |   .1228398    .062919     1.95   0.051    -.0004847    .2461643
    2001  6  |   .1257473   .0644377     1.95   0.051    -.0005539    .2520485
    2001  7  |   .0295144   .0103845     2.84   0.004     .0091602    .0498686
    2001  8  |   .1056185   .0658518     1.60   0.109    -.0234545    .2346915
    2001  9  |   .1339395    .063356     2.11   0.035     .0097584    .2581206
    2001 10  |   .1221369     .06322     1.93   0.053    -.0017776    .2460515
    2001 11  |   .0537772   .0144366     3.73   0.000     .0254808    .0820736
    2001 12  |   .0021918   .0109456     0.20   0.841    -.0192621    .0236457
    2001 13  |   .1026491   .0635155     1.62   0.106    -.0218446    .2271427
    2001 14  |  -.0136335   .0098283    -1.39   0.165    -.0328975    .0056304
    2002  2  |   .0176183   .0065406     2.69   0.007     .0047984    .0304382
    2002  3  |   .1319594   .0629183     2.10   0.036     .0086362    .2552826
    2002  4  |  -.0142068   .0068913    -2.06   0.039     -.027714   -.0006996
    2002  5  |   .1059125    .062889     1.68   0.092    -.0173531    .2291781
    2002  6  |   .1218117   .0642094     1.90   0.058    -.0040421    .2476655
    2002  7  |  -.0007721   .0103263    -0.07   0.940    -.0210121    .0194679
    2002  8  |   .0981005   .0657032     1.49   0.135    -.0306811    .2268822
    2002  9  |   .1301681   .0632934     2.06   0.040     .0061098    .2542264
    2002 10  |   .1271347   .0632033     2.01   0.044      .003253    .2510165
    2002 11  |   .0502292   .0147362     3.41   0.001     .0213455    .0791129
    2002 12  |   .0012265   .0108205     0.11   0.910    -.0199823    .0224353
    2002 13  |   .1128043   .0635167     1.78   0.076    -.0116917    .2373004
    2002 14  |  -.0277173   .0096658    -2.87   0.004    -.0466628   -.0087718
    2003  2  |    .004713   .0066691     0.71   0.480    -.0083587    .0177847
    2003  3  |   .1167712   .0629267     1.86   0.064    -.0065684    .2401108
    2003  4  |  -.0294327   .0069808    -4.22   0.000    -.0431154     -.01575
    2003  5  |   .0979278   .0629011     1.56   0.120    -.0253615    .2212171
    2003  6  |   .1092732   .0642437     1.70   0.089    -.0166477    .2351941
    2003  7  |  -.0134253     .01124    -1.19   0.232    -.0354563    .0086058
    2003  8  |    .089537   .0654903     1.37   0.172    -.0388273    .2179013
    2003  9  |   .1177732   .0633149     1.86   0.063    -.0063273    .2418737
    2003 10  |    .109729   .0632124     1.74   0.083    -.0141705    .2336286
    2003 11  |   .0349407   .0143712     2.43   0.015     .0067724    .0631091
    2003 12  |   .0099247   .0107186     0.93   0.354    -.0110843    .0309337
    2003 13  |   .0917095   .0635186     1.44   0.149    -.0327903    .2162092
    2003 14  |  -.0170255   .0097668    -1.74   0.081     -.036169     .002118
    2004  2  |   -.002944   .0066203    -0.44   0.657    -.0159201    .0100322
    2004  3  |   .1062961   .0629162     1.69   0.091    -.0170229    .2296152
    2004  4  |   -.038013   .0069434    -5.47   0.000    -.0516224   -.0244036
    2004  5  |   .0866161    .062891     1.38   0.168    -.0366535    .2098857
    2004  6  |   .0983346   .0643065     1.53   0.126    -.0277094    .2243786
    2004  7  |  -.0184522   .0106833    -1.73   0.084    -.0393921    .0024876
    2004  8  |   .0917374   .0656525     1.40   0.162    -.0369449    .2204197
    2004  9  |   .1090876   .0632922     1.72   0.085    -.0149684    .2331436
    2004 10  |   .1046119   .0632131     1.65   0.098    -.0192891    .2285129
    2004 11  |   .0277723   .0137322     2.02   0.043     .0008566    .0546881
    2004 12  |   .0147378   .0108531     1.36   0.174    -.0065348    .0360105
    2004 13  |   .0953407    .063506     1.50   0.133    -.0291344    .2198158
    2004 14  |  -.0321402   .0097266    -3.30   0.001    -.0512048   -.0130756
    2005  2  |   .0084896   .0065446     1.30   0.195    -.0043382    .0213174
    2005  3  |    .116922   .0628126     1.86   0.063     -.006194     .240038
    2005  4  |  -.0362291   .0068951    -5.25   0.000    -.0497439   -.0227143
    2005  5  |   .1050224   .0627878     1.67   0.094    -.0180451    .2280898
    2005  6  |   .1118491   .0642176     1.74   0.082    -.0140208    .2377189
    2005  7  |  -.0127448   .0105481    -1.21   0.227    -.0334196      .00793
    2005  8  |   .0982762   .0657661     1.49   0.135    -.0306288    .2271813
    2005  9  |   .1192316   .0631962     1.89   0.059    -.0046361    .2430994
    2005 10  |   .1197107   .0630976     1.90   0.058    -.0039639    .2433853
    2005 11  |   .0223366   .0142306     1.57   0.117    -.0055561    .0502293
    2005 12  |    .009195   .0106813     0.86   0.389    -.0117409    .0301309
    2005 13  |   .1054718   .0634235     1.66   0.096    -.0188415    .2297851
    2005 14  |  -.0116052   .0096535    -1.20   0.229    -.0305266    .0073162
    2006  2  |   .0092066   .0067714     1.36   0.174    -.0040657    .0224788
    2006  3  |   .1062205   .0628208     1.69   0.091    -.0169115    .2293525
    2006  4  |  -.0577678   .0071914    -8.03   0.000    -.0718633   -.0436724
    2006  5  |   .0962518   .0627909     1.53   0.125    -.0268215    .2193252
    2006  6  |   .0971442   .0642627     1.51   0.131    -.0288141    .2231025
    2006  7  |  -.0136725   .0107821    -1.27   0.205     -.034806    .0074611
    2006  8  |   .0934386   .0659864     1.42   0.157    -.0358982    .2227755
    2006  9  |   .1030438   .0632158     1.63   0.103    -.0208625    .2269501
    2006 10  |   .1216163   .0630785     1.93   0.054    -.0020209    .2452535
    2006 11  |  (omitted)
    2006 12  |   .0267603   .0112359     2.38   0.017     .0047373    .0487833
    2006 13  |   .0977901   .0634211     1.54   0.123    -.0265185    .2220988
    2006 14  |  -.0312211   .0099134    -3.15   0.002    -.0506518   -.0117903
    2007  2  |  -.1164361   .0629708    -1.85   0.064     -.239862    .0069899
    2007  3  |  (omitted)
    2007  4  |  -.1363536    .063022    -2.16   0.031      -.25988   -.0128272
    2007  5  |  (omitted)
    2007  6  |  (omitted)
    2007  7  |  -.1271753   .0635786    -2.00   0.045    -.2517926    -.002558
    2007  8  |  (omitted)
    2007  9  |  (omitted)
    2007 10  |  (omitted)
    2007 11  |  -.0779916   .0646781    -1.21   0.228    -.2047639    .0487808
    2007 12  |  -.1093448   .0635989    -1.72   0.086    -.2340019    .0153124
    2007 13  |  (omitted)
    2007 14  |   -.139632   .0634007    -2.20   0.028    -.2639005   -.0153634
             |
       _cons |   .0982111    .028829     3.41   0.001     .0417048    .1547174
-------------+----------------------------------------------------------------
     sigma_u |  .11796987
     sigma_e |  .05116728
         rho |  .84166351   (fraction of variance due to u_i)
------------------------------------------------------------------------------
F test that all u_i=0:     F(6649, 27018) =    12.91         Prob > F = 0.0000

. 
. xtreg oilseedrapeuaa policy totaluaa setasideuaa ln_labour i.year year#mscode, fe
note: 2007.year omitted because of collinearity
note: 1999b.year#7.mscode omitted because of collinearity
note: 1999b.year#8.mscode omitted because of collinearity
note: 2000.year#2.mscode omitted because of collinearity
note: 2000.year#4.mscode omitted because of collinearity
note: 2000.year#12.mscode omitted because of collinearity
note: 2000.year#14.mscode omitted because of collinearity
note: 2006.year#11.mscode omitted because of collinearity
note: 2007.year#3.mscode omitted because of collinearity
note: 2007.year#5.mscode omitted because of collinearity
note: 2007.year#6.mscode omitted because of collinearity
note: 2007.year#9.mscode omitted because of collinearity
note: 2007.year#10.mscode omitted because of collinearity
note: 2007.year#13.mscode omitted because of collinearity

Fixed-effects (within) regression               Number of obs      =     33783
Group variable: pid                             Number of groups   =      6650

R-sq:  within  = 0.1053                         Obs per group: min =         1
       between = 0.6606                                        avg =       5.1
       overall = 0.6427                                        max =         9

                                                F(115,27018)       =     27.65
corr(u_i, Xb)  = 0.4738                         Prob > F           =    0.0000

------------------------------------------------------------------------------
oilseedrap~a |      Coef.   Std. Err.      t    P>|t|     [95% Conf. Interval]
-------------+----------------------------------------------------------------
      policy |    22.3837   18.96277     1.18   0.238    -14.78431    59.55171
    totaluaa |   .0977591   .0029192    33.49   0.000     .0920373    .1034809
 setasideuaa |  -.3270886   .0086949   -37.62   0.000     -.344131   -.3100462
   ln_labour |  -.1521669   .1474598    -1.03   0.302    -.4411957     .136862
             |
        year |
       2000  |  -7.051032   2.228228    -3.16   0.002    -11.41847    -2.68359
       2001  |  -8.388837   2.132032    -3.93   0.000    -12.56773   -4.209944
       2002  |  -7.050831   2.091718    -3.37   0.001    -11.15071   -2.950955
       2003  |   -4.62488   2.124002    -2.18   0.029    -8.788035   -.4617263
       2004  |  -24.77738    18.9071    -1.31   0.190    -61.83627    12.28151
       2005  |  -27.92828   18.87629    -1.48   0.139    -64.92679    9.070223
       2006  |  -25.63069    18.8759    -1.36   0.175    -62.62844    11.36706
       2007  |  (omitted)
             |
 year#mscode |
    1999  2  |   .8110296   2.379521     0.34   0.733    -3.852954    5.475013
    1999  3  |   23.06798   18.99619     1.21   0.225    -14.16553    60.30149
    1999  4  |  -6.180382   2.468785    -2.50   0.012    -11.01933   -1.341435
    1999  5  |   23.23224   18.98587     1.22   0.221    -13.98104    60.44553
    1999  6  |   22.43107   19.48525     1.15   0.250    -15.76104    60.62317
    1999  7  |  (omitted)
    1999  8  |  (omitted)
    1999  9  |    24.7575   19.15141     1.29   0.196    -12.78025    62.29524
    1999 10  |    22.6828   19.08043     1.19   0.235    -14.71584    60.08144
    1999 11  |   4.152589   4.800857     0.86   0.387    -5.257338    13.56252
    1999 12  |  -6.682483   3.561626    -1.88   0.061    -13.66345     .298488
    1999 13  |   17.28467   19.21567     0.90   0.368    -20.37903    54.94837
    1999 14  |  -3.590534   3.582313    -1.00   0.316    -10.61205    3.430984
    2000  2  |  (omitted)
    2000  3  |    29.9582   18.96761     1.58   0.114    -7.219297     67.1357
    2000  4  |  (omitted)
    2000  5  |   27.32843    18.9568     1.44   0.149    -9.827877    64.48473
    2000  6  |   28.66567   19.42278     1.48   0.140    -9.403981    66.73532
    2000  7  |   4.998911   3.284097     1.52   0.128     -1.43809    11.43591
    2000  8  |   4.016895   7.415869     0.54   0.588    -10.51859    18.55238
    2000  9  |   31.78774   19.12243     1.66   0.096    -5.693203    69.26869
    2000 10  |   28.56317   19.04943     1.50   0.134    -8.774688    65.90103
    2000 11  |   11.84371   4.379649     2.70   0.007     3.259367    20.42805
    2000 12  |  (omitted)
    2000 13  |   23.93125    19.1538     1.25   0.212    -13.61118    61.47368
    2000 14  |  (omitted)
    2001  2  |   2.143258   2.015108     1.06   0.288    -1.806458    6.092973
    2001  3  |   31.09649   18.94506     1.64   0.101    -6.036815    68.22979
    2001  4  |   2.597125   2.110388     1.23   0.218    -1.539345    6.733595
    2001  5  |   28.12198   18.93597     1.49   0.138    -8.993499    65.23746
    2001  6  |   29.94463   19.39305     1.54   0.123     -8.06675    67.95601
    2001  7  |   6.125853    3.12498     1.96   0.050     .0007311    12.25098
    2001  8  |   6.528052   6.858723     0.95   0.341      -6.9154     19.9715
    2001  9  |    32.5258    19.0673     1.71   0.088    -4.847104     69.8987
    2001 10  |   30.02033   19.02671     1.58   0.115    -7.273003    67.31366
    2001 11  |   13.09192   4.345131     3.01   0.003     4.575234     21.6086
    2001 12  |   1.153682   3.293907     0.35   0.726    -5.302547    7.609911
    2001 13  |    23.9374   19.11453     1.25   0.210    -13.52807    61.40286
    2001 14  |  -.8292151   2.957715    -0.28   0.779    -6.626489    4.968059
    2002  2  |   4.450048   1.968204     2.26   0.024     .5922659     8.30783
    2002  3  |   29.65529   18.93571     1.57   0.117    -7.459676    66.77026
    2002  4  |  -.2963403   2.073676    -0.14   0.886    -4.360853    3.768173
    2002  5  |    23.9258   18.92678     1.26   0.206    -13.17166    61.02326
    2002  6  |   28.25133   19.32415     1.46   0.144    -9.625008    66.12768
    2002  7  |   2.129732   3.107758     0.69   0.493    -3.961635    8.221098
    2002  8  |   4.485084   6.857327     0.65   0.513    -8.955633     17.9258
    2002  9  |   31.37974   19.04812     1.65   0.099    -5.955559    68.71504
    2002 10  |   29.08297   19.02148     1.53   0.126    -8.200115    66.36605
    2002 11  |   10.52118   4.434636     2.37   0.018      1.82906    19.21329
    2002 12  |   .4718228   3.256275     0.14   0.885    -5.910644     6.85429
    2002 13  |   25.71447   19.11486     1.35   0.179    -11.75164    63.18059
    2002 14  |  -7.511184   2.908817    -2.58   0.010    -13.21262   -1.809752
    2003  2  |    3.71988   2.007943     1.85   0.064    -.2157924    7.655553
    2003  3  |   27.02608   18.93783     1.43   0.154    -10.09305     64.1452
    2003  4  |  -2.623958   2.101391    -1.25   0.212    -6.742793    1.494878
    2003  5  |   22.40625    18.9301     1.18   0.237    -14.69773    59.51023
    2003  6  |    26.0353   19.33425     1.35   0.178    -11.86082    63.93142
    2003  7  |  -6.013641   3.383012    -1.78   0.075    -12.64452    .6172374
    2003  8  |     3.1504   6.726015     0.47   0.640    -10.03294    16.33374
    2003  9  |   28.61849   19.05442     1.50   0.133    -8.729156    65.96614
    2003 10  |   26.19621   19.02386     1.38   0.169    -11.09155    63.48396
    2003 11  |   7.481374   4.324898     1.73   0.084    -.9956504     15.9584
    2003 12  |   .4848279   3.225721     0.15   0.881    -5.837753    6.807409
    2003 13  |   21.14487   19.11542     1.11   0.269    -16.32234    58.61208
    2003 14  |  -4.002227   2.939656    -1.36   0.173    -9.764105    1.759651
    2004  2  |   2.281348   1.993736     1.14   0.253    -1.626478    6.189173
    2004  3  |   24.82894   18.93461     1.31   0.190    -12.28388    61.94176
    2004  4  |  -4.856195   2.090336    -2.32   0.020    -8.953362   -.7590269
    2004  5  |   19.83086   18.92693     1.05   0.295    -17.26691    56.92863
    2004  6  |   23.04296   19.35299     1.19   0.234    -14.88991    60.97584
    2004  7  |  -4.078915   3.215956    -1.27   0.205    -10.38236    2.224525
    2004  8  |   1.656357   6.767768     0.24   0.807    -11.60882    14.92153
    2004  9  |   26.21976   19.04752     1.38   0.169    -11.11436    63.55388
    2004 10  |   23.95613   19.02397     1.26   0.208    -13.33184    61.24409
    2004 11  |   6.334372     4.1318     1.53   0.125    -1.764171    14.43292
    2004 12  |  -1.114958   3.266314    -0.34   0.733    -7.517102    5.287186
    2004 13  |   21.45547   19.11157     1.12   0.262    -16.00421    58.91514
    2004 14  |  -7.726757   2.927768    -2.64   0.008    -13.46533    -1.98818
    2005  2  |   5.504694   1.969655     2.79   0.005     1.644067     9.36532
    2005  3  |   27.99349   18.90329     1.48   0.139    -9.057942    65.04492
    2005  4  |  -2.682072   2.076275    -1.29   0.196    -6.751679    1.387535
    2005  5  |   24.65245   18.89578     1.30   0.192    -12.38426    61.68915
    2005  6  |   26.87932   19.32605     1.39   0.164    -11.00074    64.75938
    2005  7  |    .414559   3.175677     0.13   0.896    -5.809933    6.639051
    2005  8  |   4.597949   7.079737     0.65   0.516    -9.278702     18.4746
    2005  9  |   29.58181   19.01849     1.56   0.120    -7.695423    66.85904
    2005 10  |   27.62989   18.98905     1.46   0.146    -9.589632     64.8494
    2005 11  |   4.363961   4.281958     1.02   0.308    -4.028897    12.75682
    2005 12  |   1.684775   3.214782     0.52   0.600    -4.616364    7.985914
    2005 13  |   25.32083   19.08668     1.33   0.185    -12.09004     62.7317
    2005 14  |  -.1085653    2.90608    -0.04   0.970    -5.804632    5.587502
    2006  2  |   10.12873   2.041709     4.96   0.000     6.126874    14.13059
    2006  3  |   25.83016   18.90539     1.37   0.172    -11.22538     62.8857
    2006  4  |  -6.065784   2.167594    -2.80   0.005    -10.31438   -1.817188
    2006  5  |    23.3596   18.89635     1.24   0.216    -13.67823    60.39743
    2006  6  |   24.21804   19.33938     1.25   0.210    -13.68814    62.12423
    2006  7  |   4.874108    3.24815     1.50   0.133    -1.492435    11.24065
    2006  8  |   4.529867   7.461867     0.61   0.544    -10.09578    19.15551
    2006  9  |   25.74491   19.02422     1.35   0.176    -11.54355    63.03336
    2006 10  |   26.47641   18.98294     1.39   0.163    -10.73114    63.68396
    2006 11  |  (omitted)
    2006 12  |   2.666594   3.382569     0.79   0.431    -3.963417    9.296605
    2006 13  |   22.77175   19.08595     1.19   0.233    -14.63769    60.18119
    2006 14  |  -4.331052    2.98538    -1.45   0.147    -10.18255    1.520447
    2007  2  |   -27.1122   18.95178    -1.43   0.153    -64.25867    10.03426
    2007  3  |  (omitted)
    2007  4  |  -31.90581   18.96719    -1.68   0.093    -69.08248    5.270857
    2007  5  |  (omitted)
    2007  6  |  (omitted)
    2007  7  |  -24.20338    19.1357    -1.26   0.206    -61.71035    13.30358
    2007  8  |    -21.786    20.1269    -1.08   0.279    -61.23577    17.66377
    2007  9  |  (omitted)
    2007 10  |  (omitted)
    2007 11  |   -19.5131    19.4643    -1.00   0.316    -57.66414    18.63795
    2007 12  |  -27.41402   19.14034    -1.43   0.152    -64.93008    10.10203
    2007 13  |  (omitted)
    2007 14  |  -30.61047   19.08091    -1.60   0.109    -68.01004    6.789103
             |
       _cons |   1.976631   8.394724     0.24   0.814    -14.47746    18.43072
-------------+----------------------------------------------------------------
     sigma_u |  33.741003
     sigma_e |  15.397985
         rho |  .82763448   (fraction of variance due to u_i)
------------------------------------------------------------------------------
F test that all u_i=0:     F(6649, 27018) =    11.01         Prob > F = 0.0000

. 
. 
. 
. STOP!!!!!
unrecognized command:  STOP
r(199);

end of do-file
r(199);

end of do-file

r(199);

. do master_lin

. *************************************************************
. *                                                                                       
. * Patrick R. Gillespie                                  
. * Research Officer                                      
. * Teagasc, REDP                                         
. * Athenry, Co Galway, Ireland                           
. * patrick.gillespie@teagasc.ie                  
. *                                                                                       
. *************************************************************
. * RSF Project DAF RSF 07 505 (GO1390)           
. *                                                                                       
. * A micro level analysis of the Irish   
. * agri-food sector: lessons and                 
. * recommendations from Denmark and      
. * the Netherlands                               
. *                                                                               
. * Task 4
. *
. *************************************************************
. *       How this do file works
. *************************************************************
. * BE SURE TO READ THE FILE README.RTF!!!
. * The data to be used in this analysis is the 
. * FADN data for the years 2004 through 2007.Each 
. * country's data is contained in it's own data 
. * file. Rather than combine them all (would be 
. * a massive file), I'm importing variables as I 
. * need them. Once finished with a variable, I 
. * discard everything until I need it again.
. *
. * This master file calls do files from the 
. * subdirectory called sub_do. Any portion of the 
. * analysis can be omitted by inserting a * in 
. * front of the relevant do command. Output 
. * datasets will be generated by this file and 
. * stored in the subdirectory called output.
. *
. * In order for this do file to run, it must be
. * located in a folder (name is not important)
. * that is itself in the same folder that contains
. * CountryData and CountrySTATAFiles (those names 
. * are important, copy exactly). The datasets in 
. * those folders shouldn't contain any spaces and 
. * should match the list in the global macro "ms" 
. * defined below.
. * 
. * You can easily include or exclude countries
. * to the analysis by altering this macro 
. * (provided the datasets are in the right shape 
. * and are saved as a .dta in CountrySTATAFiles).
. *
. * At the time of writing, the directory 
. * structure in which this file resided was
. * 
. * Task 4
. *  >Data_Analysis
. *   >>CountryData
. *   >>CountrySTATAFiles
. *   >>descriptives
. *    >>>logs
. *    >>>output
. *    >>>sub_do
. *    >>>varname.xls
. *    >>>descriptives.do  <- your viewing this now
. *    >>>README.rtf
. *    >>>blank.dta
. *    >>>energygph.dta
. *************************************************************
. 
. *************************************************************
. *** PRELIMINARIES       *
. *************************
. clear

. clear matrix

. set mem 1500m

Current memory allocation

                    current                                 memory usage
    settable          value     description                 (1M = 1024k)
    --------------------------------------------------------------------
    set maxvar         5000     max. variables allowed           1.909M
    set memory         1500M    max. data space              1,500.000M
    set matsize         800     max. RHS vars in models          4.950M
                                                            -----------
                                                             1,506.859M

. set matsize 800

Current memory allocation

                    current                                 memory usage
    settable          value     description                 (1M = 1024k)
    --------------------------------------------------------------------
    set maxvar         5000     max. variables allowed           1.909M
    set memory         1500M    max. data space              1,500.000M
    set matsize         800     max. RHS vars in models          4.950M
                                                            -----------
                                                             1,506.859M

. capture log close
