-----------------------------------------------------------------------------------------------------
      name:  <unnamed>
       log:  /home/patrickgillespie/Documents/lin_forpatrick/Task 4/Data_Analysis/analysis/logs/resul
> ts/9_May_2012_17_18_09.log
  log type:  text
 opened on:   9 May 2012, 17:18:09

. 
. 
. xtreg osrape_prop policy sizeclass setasideuaa ln_labour ln_ffi solvency specialise intensity i.yea
> r year#mscode, fe
note: 2007.year omitted because of collinearity
note: 1999b.year#2.mscode omitted because of collinearity
note: 1999b.year#8.mscode omitted because of collinearity
note: 1999b.year#11.mscode omitted because of collinearity
note: 1999b.year#12.mscode omitted because of collinearity
note: 1999b.year#13.mscode omitted because of collinearity
note: 2000.year#3.mscode omitted because of collinearity
note: 2000.year#14.mscode omitted because of collinearity
note: 2003.year#7.mscode omitted because of collinearity
note: 2007.year#4.mscode omitted because of collinearity
note: 2007.year#5.mscode omitted because of collinearity
note: 2007.year#6.mscode omitted because of collinearity
note: 2007.year#9.mscode omitted because of collinearity
note: 2007.year#10.mscode omitted because of collinearity

Fixed-effects (within) regression               Number of obs      =     78181
Group variable: pid                             Number of groups   =     10863

R-sq:  within  = 0.0356                         Obs per group: min =         2
       between = 0.0031                                        avg =       7.2
       overall = 0.0044                                        max =         9

                                                F(119,67199)       =     20.86
corr(u_i, Xb)  = -0.5312                        Prob > F           =    0.0000

------------------------------------------------------------------------------
 osrape_prop |      Coef.   Std. Err.      t    P>|t|     [95% Conf. Interval]
-------------+----------------------------------------------------------------
      policy |   .1130245   .0595009     1.90   0.057    -.0035972    .2296463
   sizeclass |  -.0019215   .0004994    -3.85   0.000    -.0029004   -.0009427
 setasideuaa |  -.0003858   .0000267   -14.46   0.000     -.000438   -.0003335
   ln_labour |  -.0028814   .0010032    -2.87   0.004    -.0048476   -.0009153
      ln_ffi |   -.000114   .0000864    -1.32   0.187    -.0002833    .0000553
    solvency |  -.0000255   .0015174    -0.02   0.987    -.0029996    .0029485
  specialise |   .0010501    .000808     1.30   0.194    -.0005335    .0026337
   intensity |  -.0130828   .0067203    -1.95   0.052    -.0262546    .0000891
             |
        year |
       2000  |  -.0342888   .0060806    -5.64   0.000    -.0462067   -.0223709
       2001  |  -.0397395   .0057879    -6.87   0.000    -.0510838   -.0283952
       2002  |  -.0437083    .005658    -7.73   0.000    -.0547979   -.0326187
       2003  |  -.0316787     .00571    -5.55   0.000    -.0428703   -.0204871
       2004  |  -.1336413   .0594119    -2.25   0.024    -.2500886    -.017194
       2005  |  -.1439286   .0594102    -2.42   0.015    -.2603726   -.0274846
       2006  |  -.1309052   .0594267    -2.20   0.028    -.2473816   -.0144289
       2007  |  (omitted)
             |
 year#mscode |
    1999  2  |  (omitted)
    1999  3  |  -.0305661   .0066139    -4.62   0.000    -.0435293   -.0176029
    1999  4  |    .132972   .0595428     2.23   0.026     .0162681    .2496759
    1999  5  |   .1191662   .0595406     2.00   0.045     .0024667    .2358657
    1999  6  |   .1142624   .0605406     1.89   0.059    -.0043972    .2329221
    1999  7  |   .0089138   .0073917     1.21   0.228    -.0055739    .0234016
    1999  8  |  (omitted)
    1999  9  |   .1133134   .0599527     1.89   0.059    -.0041939    .2308207
    1999 10  |   .1287813   .0596527     2.16   0.031     .0118621    .2457005
    1999 11  |  (omitted)
    1999 12  |  (omitted)
    1999 13  |  (omitted)
    1999 14  |  -.0236357   .0105053    -2.25   0.024    -.0442262   -.0030453
    2000  2  |    .016756   .0064353     2.60   0.009     .0041429    .0293691
    2000  3  |  (omitted)
    2000  4  |   .1545626   .0594982     2.60   0.009     .0379462    .2711791
    2000  5  |   .1392108   .0594971     2.34   0.019     .0225966    .2558251
    2000  6  |   .1446301   .0604347     2.39   0.017     .0261782    .2630819
    2000  7  |   .0247605    .006855     3.61   0.000     .0113246    .0381964
    2000  8  |   .0078287   .0161933     0.48   0.629    -.0239102    .0395676
    2000  9  |   .1476596   .0599088     2.46   0.014     .0302385    .2650807
    2000 10  |   .1439836   .0596076     2.42   0.016     .0271528    .2608145
    2000 11  |   .0374185   .0103461     3.62   0.000     .0171401    .0576969
    2000 12  |   .0316092   .0082949     3.81   0.000     .0153513    .0478672
    2000 13  |   .0174751   .0080943     2.16   0.031     .0016102    .0333399
    2000 14  |  (omitted)
    2001  2  |   .0221923   .0061488     3.61   0.000     .0101407    .0342439
    2001  3  |   .0004852   .0057168     0.08   0.932    -.0107197    .0116902
    2001  4  |   .1637912   .0594654     2.75   0.006     .0472391    .2803432
    2001  5  |   .1383701   .0594637     2.33   0.020     .0218212    .2549189
    2001  6  |   .1432367    .060343     2.37   0.018     .0249645    .2615089
    2001  7  |   .0384389   .0062476     6.15   0.000     .0261937    .0506841
    2001  8  |   .0177116   .0156751     1.13   0.259    -.0130116    .0484349
    2001  9  |    .151048   .0597834     2.53   0.012     .0338725    .2682235
    2001 10  |   .1524379   .0595668     2.56   0.010     .0356869    .2691888
    2001 11  |   .0410049   .0101865     4.03   0.000     .0210394    .0609705
    2001 12  |   .0360223   .0080888     4.45   0.000     .0201682    .0518764
    2001 13  |   .0209286   .0078221     2.68   0.007     .0055974    .0362599
    2001 14  |   -.010239    .008693    -1.18   0.239    -.0272773    .0067993
    2002  2  |   .0371985   .0060139     6.19   0.000     .0254112    .0489858
    2002  3  |   .0061648   .0055839     1.10   0.270    -.0047795    .0171092
    2002  4  |   .1549994   .0594495     2.61   0.009     .0384785    .2715203
    2002  5  |   .1263961    .059443     2.13   0.033     .0098879    .2429043
    2002  6  |   .1483928   .0601917     2.47   0.014     .0304171    .2663686
    2002  7  |   .0114819   .0058523     1.96   0.050     .0000115    .0229523
    2002  8  |   .0126613   .0151926     0.83   0.405    -.0171163    .0424388
    2002  9  |   .1549795   .0597505     2.59   0.009     .0378685    .2720905
    2002 10  |   .1578882   .0595563     2.65   0.008     .0411579    .2746186
    2002 11  |   .0383009   .0099694     3.84   0.000      .018761    .0578408
    2002 12  |   .0371434   .0078789     4.71   0.000     .0217009     .052586
    2002 13  |   .0403453   .0077404     5.21   0.000     .0251741    .0555165
    2002 14  |  -.0158241   .0085587    -1.85   0.064    -.0325992    .0009509
    2003  2  |   .0250198    .006065     4.13   0.000     .0131324    .0369071
    2003  3  |  -.0115607   .0056318    -2.05   0.040     -.022599   -.0005224
    2003  4  |   .1408777   .0594535     2.37   0.018     .0243489    .2574065
    2003  5  |     .12201   .0594474     2.05   0.040     .0054932    .2385268
    2003  6  |   .1385448   .0602011     2.30   0.021     .0205508    .2565389
    2003  7  |  (omitted)
    2003  8  |   .0029017   .0152346     0.19   0.849    -.0269581    .0327615
    2003  9  |   .1436087   .0597599     2.40   0.016     .0264794     .260738
    2003 10  |   .1417245   .0595612     2.38   0.017     .0249845    .2584644
    2003 11  |    .029763   .0100469     2.96   0.003      .010071     .049455
    2003 12  |    .036713   .0079034     4.65   0.000     .0212224    .0522037
    2003 13  |   .0219474   .0077729     2.82   0.005     .0067124    .0371823
    2003 14  |  -.0044008   .0085721    -0.51   0.608     -.021202    .0124005
    2004  2  |   .0164485   .0059983     2.74   0.006     .0046917    .0282052
    2004  3  |  -.0244223   .0055597    -4.39   0.000    -.0353193   -.0135254
    2004  4  |    .131024   .0594495     2.20   0.028      .014503     .247545
    2004  5  |   .1079559    .059443     1.82   0.069    -.0085523    .2244642
    2004  6  |   .1242382   .0601891     2.06   0.039     .0062675    .2422088
    2004  7  |  -.0093788   .0060128    -1.56   0.119    -.0211639    .0024063
    2004  8  |   .0163858   .0151236     1.08   0.279    -.0132564     .046028
    2004  9  |   .1330812   .0597495     2.23   0.026     .0159722    .2501902
    2004 10  |   .1292504   .0595518     2.17   0.030     .0125289    .2459719
    2004 11  |   .0117453   .0099736     1.18   0.239    -.0078029    .0312935
    2004 12  |   .0324014    .007865     4.12   0.000     .0169859    .0478168
    2004 13  |   .0272297   .0076907     3.54   0.000     .0121559    .0423034
    2004 14  |  -.0202166   .0085115    -2.38   0.018     -.036899   -.0035341
    2005  2  |   .0284941   .0059554     4.78   0.000     .0168216    .0401666
    2005  3  |  -.0140371   .0055319    -2.54   0.011    -.0248795   -.0031946
    2005  4  |   .1360308    .059448     2.29   0.022     .0195128    .2525488
    2005  5  |   .1269268   .0594413     2.14   0.033     .0104218    .2434317
    2005  6  |   .1455101   .0601868     2.42   0.016     .0275441    .2634762
    2005  7  |  -.0001195   .0059282    -0.02   0.984    -.0117387    .0114998
    2005  8  |   .0125714   .0152401     0.82   0.409    -.0172993    .0424421
    2005  9  |   .1433542   .0597446     2.40   0.016     .0262549    .2604535
    2005 10  |   .1447823   .0595476     2.43   0.015      .028069    .2614955
    2005 11  |   .0144694   .0099849     1.45   0.147    -.0051009    .0340397
    2005 12  |   .0436548   .0078159     5.59   0.000     .0283358    .0589739
    2005 13  |   .0406831   .0076773     5.30   0.000     .0256355    .0557306
    2005 14  |  -.0009283   .0084801    -0.11   0.913    -.0175492    .0156927
    2006  2  |   .0332392   .0061705     5.39   0.000     .0211451    .0453333
    2006  3  |  -.0229322   .0058156    -3.94   0.000    -.0343309   -.0115336
    2006  4  |   .1194848   .0594663     2.01   0.045     .0029309    .2360387
    2006  5  |   .1227091   .0594592     2.06   0.039     .0061692    .2392491
    2006  6  |   .1282624   .0602528     2.13   0.033     .0101668    .2463579
    2006  7  |  -.0059476   .0061818    -0.96   0.336    -.0180639    .0061687
    2006  8  |   .0122142    .015856     0.77   0.441    -.0188635    .0432918
    2006  9  |   .1298281   .0597696     2.17   0.030     .0126798    .2469764
    2006 10  |   .1471563   .0595667     2.47   0.013     .0304056    .2639069
    2006 11  |  -.0018484   .0102536    -0.18   0.857    -.0219455    .0182486
    2006 12  |   .0422991   .0080377     5.26   0.000     .0265453     .058053
    2006 13  |   .0372974   .0079461     4.69   0.000      .021723    .0528718
    2006 14  |   -.015076   .0087239    -1.73   0.084    -.0321749    .0020229
    2007  2  |  -.1170473   .0595388    -1.97   0.049    -.2337432   -.0003513
    2007  3  |  -.1517088   .0595203    -2.55   0.011    -.2683685   -.0350492
    2007  4  |  (omitted)
    2007  5  |  (omitted)
    2007  6  |  (omitted)
    2007  7  |  -.1525707   .0595783    -2.56   0.010    -.2693441   -.0357973
    2007  8  |  -.0973826   .0613088    -1.59   0.112    -.2175477    .0227826
    2007  9  |  (omitted)
    2007 10  |  (omitted)
    2007 11  |  -.1255512   .0601527    -2.09   0.037    -.2434504    -.007652
    2007 12  |  -.1054883     .05977    -1.76   0.078    -.2226375    .0116609
    2007 13  |  -.0954561   .0597618    -1.60   0.110    -.2125892    .0216769
    2007 14  |  -.1485372   .0598823    -2.48   0.013    -.2659065    -.031168
             |
       _cons |   .0732871   .0289349     2.53   0.011     .0165746    .1299995
-------------+----------------------------------------------------------------
     sigma_u |  .10933264
     sigma_e |  .05594731
         rho |  .79248485   (fraction of variance due to u_i)
------------------------------------------------------------------------------
F test that all u_i=0:     F(10862, 67199) =    15.29        Prob > F = 0.0000

. 
. *xtreg oilseedrapeuaa policy totaluaa setasideuaa ln_labour ln_ffi solvency intensity i.year year#m
> scode, fe
. 
. *xtreg oilseedrapeuaa policy totaluaa setasideuaa ln_labour ln_ffi solvency intensity specialise i.
> year year#mscode, fe
. 
. STOP!!!!!
unrecognized command:  STOP
r(199);

end of do-file
r(199);

end of do-file

r(199);

. do master_lin

. *************************************************************
. *                                                                                       
. * Patrick R. Gillespie                                  
. * Research Officer                                      
. * Teagasc, REDP                                         
. * Athenry, Co Galway, Ireland                           
. * patrick.gillespie@teagasc.ie                  
. *                                                                                       
. *************************************************************
. * RSF Project DAF RSF 07 505 (GO1390)           
. *                                                                                       
. * A micro level analysis of the Irish   
. * agri-food sector: lessons and                 
. * recommendations from Denmark and      
. * the Netherlands                               
. *                                                                               
. * Task 4
. *
. *************************************************************
. *       How this do file works
. *************************************************************
. * BE SURE TO READ THE FILE README.RTF!!!
. * The data to be used in this analysis is the 
. * FADN data for the years 2004 through 2007.Each 
. * country's data is contained in it's own data 
. * file. Rather than combine them all (would be 
. * a massive file), I'm importing variables as I 
. * need them. Once finished with a variable, I 
. * discard everything until I need it again.
. *
. * This master file calls do files from the 
. * subdirectory called sub_do. Any portion of the 
. * analysis can be omitted by inserting a * in 
. * front of the relevant do command. Output 
. * datasets will be generated by this file and 
. * stored in the subdirectory called output.
. *
. * In order for this do file to run, it must be
. * located in a folder (name is not important)
. * that is itself in the same folder that contains
. * CountryData and CountrySTATAFiles (those names 
. * are important, copy exactly). The datasets in 
. * those folders shouldn't contain any spaces and 
. * should match the list in the global macro "ms" 
. * defined below.
. * 
. * You can easily include or exclude countries
. * to the analysis by altering this macro 
. * (provided the datasets are in the right shape 
. * and are saved as a .dta in CountrySTATAFiles).
. *
. * At the time of writing, the directory 
. * structure in which this file resided was
. * 
. * Task 4
. *  >Data_Analysis
. *   >>CountryData
. *   >>CountrySTATAFiles
. *   >>descriptives
. *    >>>logs
. *    >>>output
. *    >>>sub_do
. *    >>>varname.xls
. *    >>>descriptives.do  <- your viewing this now
. *    >>>README.rtf
. *    >>>blank.dta
. *    >>>energygph.dta
. *************************************************************
. 
. *************************************************************
. *** PRELIMINARIES       *
. *************************
. clear

. clear matrix

. set mem 1500m

Current memory allocation

                    current                                 memory usage
    settable          value     description                 (1M = 1024k)
    --------------------------------------------------------------------
    set maxvar         5000     max. variables allowed           1.909M
    set memory         1500M    max. data space              1,500.000M
    set matsize         800     max. RHS vars in models          4.950M
                                                            -----------
                                                             1,506.859M

. set matsize 800

Current memory allocation

                    current                                 memory usage
    settable          value     description                 (1M = 1024k)
    --------------------------------------------------------------------
    set maxvar         5000     max. variables allowed           1.909M
    set memory         1500M    max. data space              1,500.000M
    set matsize         800     max. RHS vars in models          4.950M
                                                            -----------
                                                             1,506.859M

. capture log close
