-----------------------------------------------------------------------------------------------------
      name:  <unnamed>
       log:  /home/patrickgillespie/Documents/lin_forpatrick/Task 4/Data_Analysis/analysis/logs/resul
> ts/9_May_2012_16_27_56.log
  log type:  text
 opened on:   9 May 2012, 16:27:56

. 
. xtreg osrape_prop policy ln_totaluaa setasideuaa ln_labour trend trend#mscode, fe
note: 0b.trend#3.mscode omitted because of collinearity
note: 0b.trend#4.mscode omitted because of collinearity
note: 0b.trend#5.mscode omitted because of collinearity
note: 0b.trend#6.mscode omitted because of collinearity
note: 0b.trend#7.mscode omitted because of collinearity
note: 0b.trend#10.mscode omitted because of collinearity
note: 0b.trend#14.mscode omitted because of collinearity
note: 4.trend#8.mscode omitted because of collinearity
note: 4.trend#9.mscode omitted because of collinearity
note: 5.trend#8.mscode omitted because of collinearity
note: 8.trend#2.mscode omitted because of collinearity
note: 8.trend#6.mscode omitted because of collinearity
note: 8.trend#11.mscode omitted because of collinearity
note: 8.trend#12.mscode omitted because of collinearity
note: 8.trend#13.mscode omitted because of collinearity

Fixed-effects (within) regression               Number of obs      =     78196
Group variable: pid                             Number of groups   =     10863

R-sq:  within  = 0.0355                         Obs per group: min =         2
       between = 0.0417                                        avg =       7.2
       overall = 0.0360                                        max =         9

                                                F(115,67218)       =     21.54
corr(u_i, Xb)  = 0.0529                         Prob > F           =    0.0000

------------------------------------------------------------------------------
 osrape_prop |      Coef.   Std. Err.      t    P>|t|     [95% Conf. Interval]
-------------+----------------------------------------------------------------
      policy |   .0279309    .012601     2.22   0.027     .0032329    .0526289
 ln_totaluaa |   .0067723   .0013948     4.86   0.000     .0040384    .0095061
 setasideuaa |  -.0004014   .0000268   -14.96   0.000     -.000454   -.0003488
   ln_labour |  -.0045756   .0009956    -4.60   0.000     -.006527   -.0026242
       trend |  -.0036581   .0022336    -1.64   0.101     -.008036    .0007199
             |
trend#mscode |
       0  2  |   .0033961    .011367     0.30   0.765    -.0188832    .0256754
       0  3  |  (omitted)
       0  4  |  (omitted)
       0  5  |  (omitted)
       0  6  |  (omitted)
       0  7  |  (omitted)
       0  8  |   .0148979    .014476     1.03   0.303     -.013475    .0432709
       0  9  |  -.0127393    .011449    -1.11   0.266    -.0351794    .0097007
       0 10  |  (omitted)
       0 11  |   .0121016   .0142058     0.85   0.394    -.0157417    .0399448
       0 12  |  -.0070761   .0125101    -0.57   0.572    -.0315959    .0174436
       0 13  |  -.0185387   .0124766    -1.49   0.137    -.0429928    .0059153
       0 14  |  (omitted)
       1  1  |  -.0311888    .006476    -4.82   0.000    -.0438818   -.0184958
       1  2  |  -.0105967   .0099067    -1.07   0.285    -.0300137    .0088204
       1  3  |  -.0001957   .0034314    -0.06   0.955    -.0069214    .0065299
       1  4  |  -.0089147   .0030291    -2.94   0.003    -.0148517   -.0029777
       1  5  |  -.0106135   .0030028    -3.53   0.000     -.016499   -.0047279
       1  6  |  -.0007917   .0108025    -0.07   0.942    -.0219646    .0203812
       1  7  |  -.0148756    .004821    -3.09   0.002    -.0243248   -.0054264
       1  8  |  -.0087443   .0125454    -0.70   0.486    -.0333333    .0158446
       1  9  |  -.0090952   .0097892    -0.93   0.353    -.0282821    .0100917
       1 10  |  -.0156347   .0047469    -3.29   0.001    -.0249386   -.0063307
       1 11  |   .0189413   .0127418     1.49   0.137    -.0060327    .0439153
       1 12  |  -.0065979   .0111655    -0.59   0.555    -.0284823    .0152865
       1 13  |   -.031322   .0110907    -2.82   0.005    -.0530597   -.0095843
       1 14  |  -.0066563   .0088555    -0.75   0.452     -.024013    .0107004
       2  1  |  -.0330408   .0073104    -4.52   0.000    -.0473692   -.0187124
       2  2  |  -.0071098   .0087869    -0.81   0.418    -.0243322    .0101125
       2  3  |  -.0016124   .0051274    -0.31   0.753    -.0116621    .0084374
       2  4  |  -.0016433   .0049029    -0.34   0.738    -.0112529    .0079664
       2  5  |  -.0132222   .0048838    -2.71   0.007    -.0227944     -.00365
       2  6  |  -.0038679   .0102428    -0.38   0.706    -.0239438    .0162081
       2  7  |  -.0030058   .0060343    -0.50   0.618     -.014833    .0088214
       2  8  |   -.000666   .0113879    -0.06   0.953    -.0229863    .0216544
       2  9  |  -.0076841   .0077784    -0.99   0.323    -.0229297    .0075614
       2 10  |  -.0092297   .0060686    -1.52   0.128    -.0211242    .0026647
       2 11  |   .0212528    .011871     1.79   0.073    -.0020143    .0445199
       2 12  |   -.004119   .0101928    -0.40   0.686    -.0240969    .0158588
       2 13  |  -.0298646   .0100546    -2.97   0.003    -.0495716   -.0101577
       2 14  |  -.0190081   .0084226    -2.26   0.024    -.0355163   -.0024998
       3  1  |  -.0330278    .008768    -3.77   0.000    -.0502131   -.0158426
       3  2  |   .0075388   .0081399     0.93   0.354    -.0084155     .023493
       3  3  |   .0034918   .0071452     0.49   0.625    -.0105128    .0174965
       3  4  |  -.0108166   .0069967    -1.55   0.122    -.0245301     .002897
       3  5  |  -.0262482   .0069793    -3.76   0.000    -.0399275   -.0125688
       3  6  |   .0009435   .0098001     0.10   0.923    -.0182647    .0201517
       3  7  |  -.0302131   .0077694    -3.89   0.000    -.0454411    -.014985
       3  8  |  -.0059915   .0105315    -0.57   0.569    -.0266332    .0146503
       3  9  |   -.003661   .0065523    -0.56   0.576    -.0165035    .0091815
       3 10  |   -.004381   .0078914    -0.56   0.579    -.0198482    .0110862
       3 11  |   .0180502   .0112142     1.61   0.107    -.0039296    .0400301
       3 12  |  -.0034756   .0095154    -0.37   0.715    -.0221259    .0151746
       3 13  |  -.0105909   .0095098    -1.11   0.265    -.0292301    .0080483
       3 14  |  -.0252961   .0097374    -2.60   0.009    -.0443813   -.0062109
       4  1  |  -.0177238   .0106029    -1.67   0.095    -.0385054    .0030578
       4  2  |   .0109615   .0080963     1.35   0.176    -.0049072    .0268303
       4  3  |   .0014326   .0092702     0.15   0.877    -.0167371    .0196023
       4  4  |  -.0094316    .009158    -1.03   0.303    -.0273812     .008518
       4  5  |  -.0150287    .009145    -1.64   0.100    -.0329528    .0028955
       4  6  |   .0067599   .0105351     0.64   0.521    -.0138888    .0274086
       4  7  |  -.0256865   .0100916    -2.55   0.011    -.0454661   -.0059069
       4  8  |  (omitted)
       4  9  |  (omitted)
       4 10  |  -.0048935   .0098726    -0.50   0.620    -.0242438    .0144568
       4 11  |   .0247563   .0111906     2.21   0.027     .0028228    .0466898
       4 12  |   .0115813   .0094698     1.22   0.221    -.0069795    .0301422
       4 13  |  -.0133827   .0094695    -1.41   0.158    -.0319429    .0051774
       4 14  |   .0017178   .0113735     0.15   0.880    -.0205741    .0240098
       5  1  |  -.0309654   .0097254    -3.18   0.001    -.0500273   -.0119036
       5  2  |  -.0109978   .0069573    -1.58   0.114    -.0246341    .0026385
       5  3  |  -.0249592   .0082958    -3.01   0.003     -.041219   -.0086994
       5  4  |  -.0324374   .0081721    -3.97   0.000    -.0484546   -.0164201
       5  5  |  -.0423433   .0081561    -5.19   0.000    -.0583292   -.0263574
       5  6  |  -.0204314   .0096365    -2.12   0.034    -.0393189   -.0015438
       5  7  |  -.0483842   .0089653    -5.40   0.000    -.0659561   -.0308122
       5  8  |  (omitted)
       5  9  |  -.0238183   .0125478    -1.90   0.058    -.0484119    .0007753
       5 10  |  -.0306433   .0089325    -3.43   0.001    -.0481511   -.0131355
       5 11  |  -.0061184    .010422    -0.59   0.557    -.0265455    .0143088
       5 12  |  -.0062316   .0085332    -0.73   0.465    -.0229566    .0104935
       5 13  |  -.0211429   .0084884    -2.49   0.013      -.03778   -.0045057
       5 14  |  -.0271466    .010592    -2.56   0.010    -.0479068   -.0063863
       6  1  |  -.0376584   .0102422    -3.68   0.000     -.057733   -.0175838
       6  2  |  -.0059539   .0048334    -1.23   0.218    -.0154274    .0035196
       6  3  |  -.0211361   .0089177    -2.37   0.018    -.0386148   -.0036573
       6  4  |  -.0339482   .0088031    -3.86   0.000    -.0512024   -.0166941
       6  5  |  -.0299436   .0087873    -3.41   0.001    -.0471666   -.0127206
       6  6  |  -.0056518   .0091065    -0.62   0.535    -.0235006     .012197
       6  7  |  -.0457809   .0094937    -4.82   0.000    -.0643885   -.0271732
       6  8  |  -.0106724   .0106281    -1.00   0.315    -.0315035    .0101587
       6  9  |    -.02027   .0113177    -1.79   0.073    -.0424528    .0019127
       6 10  |  -.0217051   .0094998    -2.28   0.022    -.0403248   -.0030854
       6 11  |  -.0104461   .0092255    -1.13   0.258    -.0285281    .0076359
       6 12  |   -.001618   .0069006    -0.23   0.815    -.0151432    .0119073
       6 13  |  -.0142618   .0068812    -2.07   0.038    -.0277489   -.0007747
       6 14  |  -.0145239   .0110725    -1.31   0.190     -.036226    .0071782
       7  1  |  -.0215108   .0113085    -1.90   0.057    -.0436755    .0006538
       7  2  |   .0158725   .0029298     5.42   0.000     .0101301    .0216149
       7  3  |  -.0135057    .010048    -1.34   0.179    -.0331998    .0061885
       7  4  |  -.0339218   .0099235    -3.42   0.001    -.0533719   -.0144718
       7  5  |  -.0177622   .0099081    -1.79   0.073    -.0371821    .0016577
       7  6  |  -.0065497   .0094515    -0.69   0.488    -.0250746    .0119752
       7  7  |  -.0350601   .0105227    -3.33   0.001    -.0556845   -.0144356
       7  8  |   .0056502   .0110492     0.51   0.609    -.0160062    .0273066
       7  9  |  -.0175812   .0105161    -1.67   0.095    -.0381927    .0030303
       7 10  |  -.0027366   .0105607    -0.26   0.796    -.0234355    .0179623
       7 11  |  -.0108633   .0083833    -1.30   0.195    -.0272945    .0055679
       7 12  |   .0137048   .0057763     2.37   0.018     .0023833    .0250263
       7 13  |  -.0012855   .0058132    -0.22   0.825    -.0126794    .0101084
       7 14  |   -.012058   .0120385    -1.00   0.317    -.0356534    .0115374
       8  1  |   .1114914   .0605632     1.84   0.066    -.0072124    .2301953
       8  2  |  (omitted)
       8  3  |  -.0079816   .0114988    -0.69   0.488    -.0305193    .0145562
       8  4  |  -.0188873   .0113838    -1.66   0.097    -.0411995     .003425
       8  5  |  -.0061021   .0113648    -0.54   0.591    -.0283772     .016173
       8  6  |  (omitted)
       8  7  |  -.0469813   .0119415    -3.93   0.000    -.0703866    -.023576
       8  8  |   .0306233   .0115231     2.66   0.008     .0080381    .0532086
       8  9  |  -.0130681   .0101425    -1.29   0.198    -.0329473    .0068111
       8 10  |  -.0156127   .0119442    -1.31   0.191    -.0390233     .007798
       8 11  |  (omitted)
       8 12  |  (omitted)
       8 13  |  (omitted)
       8 14  |  -.0110735    .013302    -0.83   0.405    -.0371453    .0149984
             |
       _cons |   .0979748   .0095288    10.28   0.000     .0792983    .1166513
-------------+----------------------------------------------------------------
     sigma_u |  .09013036
     sigma_e |  .05596569
         rho |  .72172546   (fraction of variance due to u_i)
------------------------------------------------------------------------------
F test that all u_i=0:     F(10862, 67218) =    14.70        Prob > F = 0.0000

. 
. xtreg osrape_prop policy ln_totaluaa setasideuaa ln_labour i.year year#mscode, fe
note: 2007.year omitted because of collinearity
note: 1999b.year#2.mscode omitted because of collinearity
note: 1999b.year#3.mscode omitted because of collinearity
note: 1999b.year#4.mscode omitted because of collinearity
note: 1999b.year#8.mscode omitted because of collinearity
note: 1999b.year#11.mscode omitted because of collinearity
note: 1999b.year#12.mscode omitted because of collinearity
note: 1999b.year#13.mscode omitted because of collinearity
note: 2000.year#14.mscode omitted because of collinearity
note: 2003.year#7.mscode omitted because of collinearity
note: 2007.year#5.mscode omitted because of collinearity
note: 2007.year#6.mscode omitted because of collinearity
note: 2007.year#9.mscode omitted because of collinearity
note: 2007.year#10.mscode omitted because of collinearity

Fixed-effects (within) regression               Number of obs      =     78196
Group variable: pid                             Number of groups   =     10863

R-sq:  within  = 0.0355                         Obs per group: min =         2
       between = 0.0644                                        avg =       7.2
       overall = 0.0602                                        max =         9

                                                F(115,67218)       =     21.54
corr(u_i, Xb)  = -0.3080                        Prob > F           =    0.0000

------------------------------------------------------------------------------
 osrape_prop |      Coef.   Std. Err.      t    P>|t|     [95% Conf. Interval]
-------------+----------------------------------------------------------------
      policy |   .1101577   .0595245     1.85   0.064    -.0065102    .2268255
 ln_totaluaa |   .0067723   .0013948     4.86   0.000     .0040384    .0095061
 setasideuaa |  -.0004014   .0000268   -14.96   0.000     -.000454   -.0003488
   ln_labour |  -.0045756   .0009956    -4.60   0.000     -.006527   -.0026242
             |
        year |
       2000  |  -.0348469   .0060787    -5.73   0.000    -.0467611   -.0229326
       2001  |   -.040357   .0057871    -6.97   0.000    -.0516997   -.0290143
       2002  |  -.0440021   .0056558    -7.78   0.000    -.0550874   -.0329167
       2003  |  -.0323561   .0057113    -5.67   0.000    -.0435502   -.0211621
       2004  |  -.1314826   .0594339    -2.21   0.027     -.247973   -.0149923
       2005  |  -.1418337   .0594321    -2.39   0.017    -.2583205   -.0253469
       2006  |  -.1293442   .0594475    -2.18   0.030    -.2458613    -.012827
       2007  |  (omitted)
             |
 year#mscode |
    1999  2  |  (omitted)
    1999  3  |  (omitted)
    1999  4  |  (omitted)
    1999  5  |   .1175935    .059562     1.97   0.048     .0008521     .234335
    1999  6  |   .1114914   .0605632     1.84   0.066    -.0072124    .2301953
    1999  7  |   .0079627   .0073918     1.08   0.281    -.0065253    .0224506
    1999  8  |  (omitted)
    1999  9  |   .1118202    .059973     1.86   0.062    -.0057269    .2293673
    1999 10  |   .1271041   .0596739     2.13   0.033     .0101432     .244065
    1999 11  |  (omitted)
    1999 12  |  (omitted)
    1999 13  |  (omitted)
    1999 14  |  -.0245325   .0105063    -2.34   0.020    -.0451248   -.0039402
    2000  2  |    .017196   .0064341     2.67   0.008     .0045853    .0298068
    2000  3  |   .0309931   .0066133     4.69   0.000     .0180311     .043955
    2000  4  |   .0222741    .006414     3.47   0.001     .0097027    .0348455
    2000  5  |   .1381688   .0595172     2.32   0.020     .0215153    .2548224
    2000  6  |   .1418885   .0604568     2.35   0.019     .0233932    .2603838
    2000  7  |   .0242758    .006851     3.54   0.000     .0108479    .0377038
    2000  8  |   .0075465   .0161975     0.47   0.641    -.0242005    .0392935
    2000  9  |   .1466531   .0599276     2.45   0.014      .029195    .2641111
    2000 10  |   .1426582   .0596281     2.39   0.017     .0257872    .2595292
    2000 11  |   .0380286   .0103471     3.68   0.000     .0177482     .058309
    2000 12  |    .031667   .0082965     3.82   0.000     .0154058    .0479283
    2000 13  |   .0184055   .0080964     2.27   0.023     .0025366    .0342745
    2000 14  |  (omitted)
    2001  2  |   .0225349   .0061483     3.67   0.000     .0104842    .0345856
    2001  3  |   .0314285   .0063105     4.98   0.000     .0190599     .043797
    2001  4  |   .0313976   .0061296     5.12   0.000     .0193836    .0434116
    2001  5  |   .1374121   .0594835     2.31   0.021     .0208245    .2539998
    2001  6  |   .1406644    .060365     2.33   0.020      .022349    .2589798
    2001  7  |   .0379977   .0062453     6.08   0.000     .0257568    .0502385
    2001  8  |   .0174769   .0156792     1.11   0.265    -.0132543    .0482081
    2001  9  |   .1499162   .0598037     2.51   0.012     .0327009    .2671315
    2001 10  |   .1509152   .0595876     2.53   0.011     .0341235    .2677069
    2001 11  |    .042192   .0101886     4.14   0.000     .0222224    .0621617
    2001 12  |    .035998   .0080905     4.45   0.000     .0201405    .0518554
    2001 13  |   .0217149   .0078251     2.78   0.006     .0063777    .0370522
    2001 14  |  -.0104997   .0086947    -1.21   0.227    -.0275413    .0065418
    2002  2  |   .0371705   .0060137     6.18   0.000     .0253837    .0489573
    2002  3  |   .0365197   .0061753     5.91   0.000      .024416    .0486233
    2002  4  |   .0222113   .0060032     3.70   0.000      .010445    .0339775
    2002  5  |   .1243732   .0594647     2.09   0.036     .0078224     .240924
    2002  6  |   .1454627   .0602144     2.42   0.016     .0274425    .2634829
    2002  7  |   .0107774   .0058506     1.84   0.065    -.0006898    .0222446
    2002  8  |   .0121384   .0151947     0.80   0.424    -.0176431    .0419199
    2002  9  |   .1539263   .0597712     2.58   0.010     .0367747    .2710779
    2002 10  |   .1557509   .0595777     2.61   0.009     .0389786    .2725233
    2002 11  |   .0389765   .0099702     3.91   0.000      .019435     .058518
    2002 12  |   .0366283   .0078727     4.65   0.000     .0211978    .0520589
    2002 13  |   .0409757   .0077397     5.29   0.000     .0258058    .0561455
    2002 14  |  -.0168008   .0085432    -1.97   0.049    -.0335455   -.0000561
    2003  2  |   .0252893   .0060652     4.17   0.000     .0134014    .0371771
    2003  3  |   .0191564   .0062225     3.08   0.002     .0069603    .0313525
    2003  4  |   .0082922   .0060542     1.37   0.171    -.0035741    .0201585
    2003  5  |   .1202887   .0594687     2.02   0.043       .00373    .2368474
    2003  6  |   .1359751   .0602234     2.26   0.024     .0179374    .2540129
    2003  7  |  (omitted)
    2003  8  |   .0028259   .0152374     0.19   0.853    -.0270395    .0326912
    2003  9  |   .1422833   .0597809     2.38   0.017     .0251127    .2594539
    2003 10  |   .1399344   .0595826     2.35   0.019     .0231525    .2567162
    2003 11  |   .0303785   .0100426     3.02   0.002     .0106951     .050062
    2003 12  |   .0363813   .0079028     4.60   0.000     .0208917    .0518709
    2003 13  |   .0228798   .0077749     2.94   0.003      .007641    .0381186
    2003 14  |  -.0050909   .0085586    -0.59   0.552    -.0218658    .0116841
    2004  2  |   .0165716   .0059975     2.76   0.006     .0048165    .0283267
    2004  3  |   .0060062   .0061596     0.98   0.330    -.0060667    .0180791
    2004  4  |  -.0014719   .0059923    -0.25   0.806    -.0132168     .010273
    2004  5  |   .1062157   .0594641     1.79   0.074     -.010334    .2227653
    2004  6  |   .1220255   .0602109     2.03   0.043     .0040121    .2400389
    2004  7  |  -.0094561   .0060137    -1.57   0.116    -.0212429    .0023308
    2004  8  |   .0160675    .015127     1.06   0.288    -.0135813    .0457164
    2004  9  |   .1317067   .0597699     2.20   0.028     .0145577    .2488556
    2004 10  |   .1274262   .0595732     2.14   0.032     .0106629    .2441896
    2004 11  |   .0127455   .0099702     1.28   0.201     -.006796     .032287
    2004 12  |     .03181   .0078653     4.04   0.000      .016394     .047226
    2004 13  |   .0283613   .0076927     3.69   0.000     .0132837    .0434389
    2004 14  |  -.0207136   .0085084    -2.43   0.015      -.03739   -.0040372
    2005  2  |   .0283085    .005955     4.75   0.000     .0166367    .0399803
    2005  3  |   .0165224   .0061256     2.70   0.007     .0045163    .0285285
    2005  4  |   .0037102   .0059579     0.62   0.533    -.0079673    .0153877
    2005  5  |   .1253083   .0594624     2.11   0.035      .008762    .2418547
    2005  6  |   .1434981   .0602084     2.38   0.017     .0254896    .2615066
    2005  7  |  -.0001598   .0059295    -0.03   0.979    -.0117817    .0114621
    2005  8  |   .0120881   .0152433     0.79   0.428    -.0177887    .0419649
    2005  9  |   .1419479   .0597657     2.38   0.018     .0248072    .2590885
    2005 10  |   .1430574   .0595689     2.40   0.016     .0263024    .2598124
    2005 11  |   .0151108   .0099845     1.51   0.130    -.0044589    .0346805
    2005 12  |   .0431166   .0078163     5.52   0.000     .0277967    .0584365
    2005 13  |   .0419354   .0076795     5.46   0.000     .0268836    .0569871
    2005 14  |  -.0013979   .0084749    -0.16   0.869    -.0180087    .0152128
    2006  2  |   .0339873   .0061662     5.51   0.000     .0219015     .046073
    2006  3  |   .0080052   .0063679     1.26   0.209    -.0044759    .0204863
    2006  4  |   -.012411   .0061695    -2.01   0.044    -.0245033   -.0003187
    2006  5  |   .1213422   .0594795     2.04   0.041     .0047624     .237922
    2006  6  |   .1264526    .060274     2.10   0.036     .0083156    .2445895
    2006  7  |  -.0055866   .0061828    -0.90   0.366    -.0177049    .0065317
    2006  8  |   .0122631   .0158587     0.77   0.439      -.01882    .0433462
    2006  9  |   .1284892   .0597901     2.15   0.032     .0113006    .2456777
    2006 10  |   .1458783   .0595872     2.45   0.014     .0290875    .2626691
    2006 11  |   -.001454   .0102215    -0.14   0.887    -.0214881    .0185801
    2006 12  |   .0422918   .0080363     5.26   0.000     .0265406    .0580429
    2006 13  |   .0387641   .0079498     4.88   0.000     .0231825    .0543456
    2006 14  |  -.0150796   .0087171    -1.73   0.084    -.0321652    .0020059
    2007  2  |  -.1148875   .0595604    -1.93   0.054    -.2316259    .0018509
    2007  3  |   -.119473   .0595862    -2.01   0.045    -.2362619   -.0026842
    2007  4  |  -.1303787   .0595649    -2.19   0.029    -.2471258   -.0136316
    2007  5  |  (omitted)
    2007  6  |  (omitted)
    2007  7  |  -.1505101   .0596004    -2.53   0.012    -.2673267   -.0336934
    2007  8  |   -.095766   .0613307    -1.56   0.118    -.2159742    .0244421
    2007  9  |  (omitted)
    2007 10  |  (omitted)
    2007 11  |   -.123593   .0601691    -2.05   0.040    -.2415243   -.0056617
    2007 12  |  -.1044153   .0597902    -1.75   0.081    -.2216041    .0127735
    2007 13  |  -.0929527   .0597836    -1.55   0.120    -.2101285    .0242231
    2007 14  |  -.1470974   .0599016    -2.46   0.014    -.2645045   -.0296903
             |
       _cons |   .0654111   .0187961     3.48   0.001     .0285709    .1022514
-------------+----------------------------------------------------------------
     sigma_u |  .09384893
     sigma_e |  .05596569
         rho |  .73767037   (fraction of variance due to u_i)
------------------------------------------------------------------------------
F test that all u_i=0:     F(10862, 67218) =    14.70        Prob > F = 0.0000

. 
. xtreg osrape_prop policy sizeclass setasideuaa ln_labour i.year year#mscode, fe
note: 2007.year omitted because of collinearity
note: 1999b.year#2.mscode omitted because of collinearity
note: 1999b.year#3.mscode omitted because of collinearity
note: 1999b.year#4.mscode omitted because of collinearity
note: 1999b.year#8.mscode omitted because of collinearity
note: 1999b.year#11.mscode omitted because of collinearity
note: 1999b.year#12.mscode omitted because of collinearity
note: 1999b.year#13.mscode omitted because of collinearity
note: 2000.year#14.mscode omitted because of collinearity
note: 2003.year#7.mscode omitted because of collinearity
note: 2007.year#5.mscode omitted because of collinearity
note: 2007.year#6.mscode omitted because of collinearity
note: 2007.year#9.mscode omitted because of collinearity
note: 2007.year#10.mscode omitted because of collinearity

Fixed-effects (within) regression               Number of obs      =     78196
Group variable: pid                             Number of groups   =     10863

R-sq:  within  = 0.0354                         Obs per group: min =         2
       between = 0.0359                                        avg =       7.2
       overall = 0.0378                                        max =         9

                                                F(115,67218)       =     21.47
corr(u_i, Xb)  = -0.3451                        Prob > F           =    0.0000

------------------------------------------------------------------------------
 osrape_prop |      Coef.   Std. Err.      t    P>|t|     [95% Conf. Interval]
-------------+----------------------------------------------------------------
      policy |   .1136433   .0595236     1.91   0.056    -.0030229    .2303095
   sizeclass |    -.00193   .0004975    -3.88   0.000    -.0029051   -.0009549
 setasideuaa |  -.0003847   .0000267   -14.42   0.000     -.000437   -.0003324
   ln_labour |  -.0027975   .0010028    -2.79   0.005    -.0047629   -.0008321
             |
        year |
       2000  |  -.0346253   .0060791    -5.70   0.000    -.0465402   -.0227103
       2001  |  -.0399497   .0057871    -6.90   0.000    -.0512925    -.028607
       2002  |  -.0433122   .0056552    -7.66   0.000    -.0543963   -.0322281
       2003  |  -.0313664   .0057096    -5.49   0.000    -.0425573   -.0201756
       2004  |  -.1341409   .0594348    -2.26   0.024    -.2506331   -.0176488
       2005  |  -.1443628   .0594332    -2.43   0.015    -.2608518   -.0278738
       2006  |  -.1313955   .0594494    -2.21   0.027    -.2479164   -.0148746
       2007  |  (omitted)
             |
 year#mscode |
    1999  2  |  (omitted)
    1999  3  |  (omitted)
    1999  4  |  (omitted)
    1999  5  |   .1198859   .0595631     2.01   0.044     .0031423    .2366296
    1999  6  |   .1147238   .0605639     1.89   0.058    -.0039814     .233429
    1999  7  |   .0091818    .007391     1.24   0.214    -.0053046    .0236682
    1999  8  |  (omitted)
    1999  9  |    .114602   .0599738     1.91   0.056    -.0029466    .2321507
    1999 10  |   .1292158   .0596757     2.17   0.030     .0122515    .2461801
    1999 11  |  (omitted)
    1999 12  |  (omitted)
    1999 13  |  (omitted)
    1999 14  |  -.0239888    .010507    -2.28   0.022    -.0445826    -.003395
    2000  2  |   .0171098   .0064345     2.66   0.008     .0044983    .0297214
    2000  3  |   .0308583   .0066137     4.67   0.000     .0178954    .0438211
    2000  4  |   .0220987   .0064144     3.45   0.001     .0095266    .0346709
    2000  5  |   .1402387   .0595185     2.36   0.018     .0235825     .256895
    2000  6  |    .145481    .060457     2.41   0.016     .0269854    .2639766
    2000  7  |   .0254372     .00685     3.71   0.000     .0120112    .0388631
    2000  8  |   .0077357   .0161985     0.48   0.633    -.0240134    .0394848
    2000  9  |   .1492006   .0599287     2.49   0.013     .0317404    .2666609
    2000 10  |   .1447547   .0596297     2.43   0.015     .0278805     .261629
    2000 11  |   .0377132    .010348     3.64   0.000     .0174311    .0579953
    2000 12  |   .0318394   .0082971     3.84   0.000     .0155772    .0481016
    2000 13  |   .0178303   .0080961     2.20   0.028     .0019618    .0336987
    2000 14  |  (omitted)
    2001  2  |   .0223953   .0061487     3.64   0.000     .0103439    .0344468
    2001  3  |   .0312127   .0063109     4.95   0.000     .0188434    .0435821
    2001  4  |   .0310899   .0061298     5.07   0.000     .0190755    .0431042
    2001  5  |   .1394005   .0594851     2.34   0.019     .0228097    .2559913
    2001  6  |   .1440496   .0603654     2.39   0.017     .0257335    .2623658
    2001  7  |   .0389496   .0062452     6.24   0.000      .026709    .0511903
    2001  8  |   .0175872   .0156803     1.12   0.262    -.0131461    .0483204
    2001  9  |    .152082   .0598054     2.54   0.011     .0348635    .2693005
    2001 10  |   .1531161   .0595893     2.57   0.010     .0363211    .2699111
    2001 11  |   .0411709   .0101887     4.04   0.000     .0212011    .0611406
    2001 12  |   .0360767   .0080911     4.46   0.000     .0202182    .0519352
    2001 13  |   .0211311   .0078247     2.70   0.007     .0057946    .0364675
    2001 14  |  -.0105508   .0086952    -1.21   0.225    -.0275934    .0064918
    2002  2  |   .0370313    .006014     6.16   0.000     .0252439    .0488187
    2002  3  |    .036276   .0061753     5.87   0.000     .0241723    .0483796
    2002  4  |   .0218125   .0060029     3.63   0.000     .0100468    .0335783
    2002  5  |   .1267754   .0594659     2.13   0.033     .0102222    .2433286
    2002  6  |   .1487416   .0602151     2.47   0.014     .0307202    .2667631
    2002  7  |   .0113343   .0058506     1.94   0.053    -.0001329    .0228014
    2002  8  |   .0120547   .0151956     0.79   0.428    -.0177286    .0418381
    2002  9  |   .1555435   .0597735     2.60   0.009     .0383876    .2726995
    2002 10  |   .1579045   .0595795     2.65   0.008     .0411287    .2746803
    2002 11  |   .0377486   .0099701     3.79   0.000     .0182072    .0572899
    2002 12  |   .0366165   .0078732     4.65   0.000     .0211849     .052048
    2002 13  |   .0401997   .0077392     5.19   0.000      .025031    .0553684
    2002 14  |  -.0168609   .0085437    -1.97   0.048    -.0336065   -.0001152
    2003  2  |   .0249495   .0060652     4.11   0.000     .0130616    .0368373
    2003  3  |   .0186823   .0062219     3.00   0.003     .0064875    .0308772
    2003  4  |   .0077473   .0060535     1.28   0.201    -.0041175    .0196122
    2003  5  |   .1224446   .0594703     2.06   0.040     .0058829    .2390064
    2003  6  |   .1389648   .0602243     2.31   0.021     .0209252    .2570045
    2003  7  |  (omitted)
    2003  8  |   .0023046   .0152381     0.15   0.880    -.0275621    .0321713
    2003  9  |   .1441788   .0597828     2.41   0.016     .0270045    .2613531
    2003 10  |   .1421071   .0595843     2.38   0.017     .0253219    .2588923
    2003 11  |   .0287549   .0100425     2.86   0.004     .0090716    .0484381
    2003 12  |   .0363649   .0079033     4.60   0.000     .0208744    .0518554
    2003 13  |   .0219263   .0077744     2.82   0.005     .0066885    .0371641
    2003 14  |  -.0054491   .0085587    -0.64   0.524    -.0222242    .0113261
    2004  2  |   .0163883   .0059978     2.73   0.006     .0046327    .0281439
    2004  3  |   .0060302   .0061607     0.98   0.328    -.0060448    .0181051
    2004  4  |  -.0019307   .0059917    -0.32   0.747    -.0136746    .0098131
    2004  5  |     .10859   .0594655     1.83   0.068    -.0079624    .2251424
    2004  6  |   .1250348   .0602118     2.08   0.038     .0070197    .2430498
    2004  7  |  -.0091723   .0060144    -1.53   0.127    -.0209606     .002616
    2004  8  |   .0160504    .015128     1.06   0.289    -.0136005    .0457012
    2004  9  |   .1339454   .0597713     2.24   0.025     .0167937    .2510971
    2004 10  |   .1298093   .0595746     2.18   0.029     .0130431    .2465755
    2004 11  |   .0110884    .009969     1.11   0.266    -.0084509    .0306276
    2004 12  |   .0322603   .0078663     4.10   0.000     .0168424    .0476781
    2004 13  |   .0275111   .0076924     3.58   0.000     .0124341    .0425882
    2004 14  |  -.0208638   .0085088    -2.45   0.014    -.0375409   -.0041866
    2005  2  |   .0284546   .0059553     4.78   0.000     .0167823     .040127
    2005  3  |   .0163557   .0061258     2.67   0.008     .0043492    .0283622
    2005  4  |   .0031057   .0059571     0.52   0.602    -.0085702    .0147816
    2005  5  |   .1276071   .0594639     2.15   0.032     .0110579    .2441563
    2005  6  |   .1460325   .0602099     2.43   0.015     .0280212    .2640438
    2005  7  |  -.0000228   .0059301    -0.00   0.997    -.0116459    .0116003
    2005  8  |   .0121052   .0152444     0.79   0.427    -.0177738    .0419842
    2005  9  |   .1440063   .0597673     2.41   0.016     .0268623    .2611502
    2005 10  |   .1453154   .0595705     2.44   0.015     .0285573    .2620735
    2005 11  |   .0138617   .0099852     1.39   0.165    -.0057093    .0334327
    2005 12  |    .043505   .0078171     5.57   0.000     .0281836    .0588264
    2005 13  |   .0407652   .0076791     5.31   0.000     .0257142    .0558162
    2005 14  |  -.0016922    .008475    -0.20   0.842    -.0183032    .0149188
    2006  2  |   .0332351    .006166     5.39   0.000     .0211499    .0453204
    2006  3  |   .0075062   .0063665     1.18   0.238    -.0049722    .0199847
    2006  4  |  -.0133641   .0061667    -2.17   0.030    -.0254508   -.0012774
    2006  5  |   .1232689   .0594816     2.07   0.038      .006685    .2398528
    2006  6  |    .128659   .0602759     2.13   0.033     .0105182    .2467998
    2006  7  |  -.0057093   .0061831    -0.92   0.356    -.0178281    .0064096
    2006  8  |   .0120529   .0158596     0.76   0.447    -.0190318    .0431377
    2006  9  |   .1304139   .0597922     2.18   0.029     .0132211    .2476066
    2006 10  |   .1476692   .0595894     2.48   0.013     .0308741    .2644643
    2006 11  |   -.003532   .0102261    -0.35   0.730    -.0235752    .0165111
    2006 12  |   .0422998   .0080369     5.26   0.000     .0265476    .0580521
    2006 13  |   .0375163   .0079479     4.72   0.000     .0219383    .0530942
    2006 14  |  -.0159102   .0087162    -1.83   0.068    -.0329939    .0011736
    2007  2  |  -.1175165   .0595616    -1.97   0.048    -.2342573   -.0007758
    2007  3  |  -.1218481    .059587    -2.04   0.041    -.2386385   -.0050576
    2007  4  |  -.1335517   .0595651    -2.24   0.025    -.2502992   -.0168041
    2007  5  |  (omitted)
    2007  6  |  (omitted)
    2007  7  |  -.1529161   .0596013    -2.57   0.010    -.2697346   -.0360976
    2007  8  |  -.0982067   .0613317    -1.60   0.109    -.2184169    .0220034
    2007  9  |  (omitted)
    2007 10  |  (omitted)
    2007 11  |  -.1279808   .0601705    -2.13   0.033    -.2459149   -.0100468
    2007 12  |   -.106274   .0597923    -1.78   0.076    -.2234668    .0109188
    2007 13  |  -.0961735   .0597837    -1.61   0.108    -.2133494    .0210025
    2007 14  |  -.1499039   .0599022    -2.50   0.012    -.2673121   -.0324957
             |
       _cons |   .0920352    .018483     4.98   0.000     .0558086    .1282619
-------------+----------------------------------------------------------------
     sigma_u |  .09685922
     sigma_e |  .05596923
         rho |  .74968124   (fraction of variance due to u_i)
------------------------------------------------------------------------------
F test that all u_i=0:     F(10862, 67218) =    15.44        Prob > F = 0.0000

. 
. xtreg oilseedrapeuaa policy totaluaa setasideuaa ln_labour i.year year#mscode, fe
note: 2007.year omitted because of collinearity
note: 1999b.year#2.mscode omitted because of collinearity
note: 1999b.year#3.mscode omitted because of collinearity
note: 1999b.year#4.mscode omitted because of collinearity
note: 1999b.year#8.mscode omitted because of collinearity
note: 1999b.year#11.mscode omitted because of collinearity
note: 1999b.year#12.mscode omitted because of collinearity
note: 1999b.year#13.mscode omitted because of collinearity
note: 2000.year#14.mscode omitted because of collinearity
note: 2003.year#7.mscode omitted because of collinearity
note: 2007.year#5.mscode omitted because of collinearity
note: 2007.year#6.mscode omitted because of collinearity
note: 2007.year#9.mscode omitted because of collinearity
note: 2007.year#10.mscode omitted because of collinearity

Fixed-effects (within) regression               Number of obs      =     78196
Group variable: pid                             Number of groups   =     10863

R-sq:  within  = 0.0900                         Obs per group: min =         2
       between = 0.6576                                        avg =       7.2
       overall = 0.5930                                        max =         9

                                                F(115,67218)       =     57.78
corr(u_i, Xb)  = 0.3514                         Prob > F           =    0.0000

------------------------------------------------------------------------------
oilseedrap~a |      Coef.   Std. Err.      t    P>|t|     [95% Conf. Interval]
-------------+----------------------------------------------------------------
      policy |   24.90193   11.34564     2.19   0.028     2.664488    47.13937
    totaluaa |   .0941064   .0017848    52.73   0.000     .0906081    .0976047
 setasideuaa |  -.2679606   .0051522   -52.01   0.000     -.278059   -.2578622
   ln_labour |  -.4748848   .1875027    -2.53   0.011      -.84239   -.1073796
             |
        year |
       2000  |  -5.170325   1.158568    -4.46   0.000    -7.441117   -2.899534
       2001  |  -6.592077   1.102954    -5.98   0.000    -8.753866   -4.430288
       2002  |  -5.776986   1.077894    -5.36   0.000    -7.889659   -3.664314
       2003  |  -4.135052   1.088529    -3.80   0.000    -6.268568   -2.001537
       2004  |  -27.46823    11.3282    -2.42   0.015    -49.67149   -5.264963
       2005  |  -29.57808   11.32782    -2.61   0.009     -51.7806   -7.375555
       2006  |  -28.08842   11.33066    -2.48   0.013    -50.29651   -5.880326
       2007  |  (omitted)
             |
 year#mscode |
    1999  2  |  (omitted)
    1999  3  |  (omitted)
    1999  4  |  (omitted)
    1999  5  |   24.94214   11.35278     2.20   0.028      2.69071    47.19357
    1999  6  |   25.01791   11.54361     2.17   0.030     2.392447    47.64337
    1999  7  |   .2755526   1.408734     0.20   0.845    -2.485565     3.03667
    1999  8  |  (omitted)
    1999  9  |   26.41976    11.4311     2.31   0.021     4.014806    48.82471
    1999 10  |     25.815   11.37431     2.27   0.023      3.52136    48.10864
    1999 11  |  (omitted)
    1999 12  |  (omitted)
    1999 13  |  (omitted)
    1999 14  |  -2.321764   2.002431    -1.16   0.246    -6.246527    1.602998
    2000  2  |   .5258477   1.226311     0.43   0.668     -1.87772    2.929416
    2000  3  |   5.012924   1.260463     3.98   0.000     2.542418     7.48343
    2000  4  |   3.925595   1.222471     3.21   0.001     1.529554    6.321637
    2000  5  |   27.95449   11.34423     2.46   0.014     5.719801    50.18918
    2000  6  |   29.52318   11.52325     2.56   0.010     6.937618    52.10874
    2000  7  |   4.149081   1.305699     3.18   0.001     1.589912     6.70825
    2000  8  |   2.669675   3.087163     0.86   0.387    -3.381162    8.720512
    2000  9  |   31.58273   11.42245     2.76   0.006     9.194725    53.97073
    2000 10  |   29.92106   11.36554     2.63   0.008     7.644613    52.19751
    2000 11  |   5.727146    1.97212     2.90   0.004     1.861792    9.592501
    2000 12  |   5.009421   1.581278     3.17   0.002     1.910116    8.108726
    2000 13  |   4.280963   1.543077     2.77   0.006     1.256533    7.305394
    2000 14  |  (omitted)
    2001  2  |   2.413318   1.171856     2.06   0.039     .1164822    4.710155
    2001  3  |   6.136322   1.202763     5.10   0.000     3.778907    8.493738
    2001  4  |   6.105261   1.168258     5.23   0.000     3.815476    8.395046
    2001  5  |   28.83871   11.33782     2.54   0.011     6.616593    51.06083
    2001  6  |   30.74386   11.50578     2.67   0.008      8.19254    53.29517
    2001  7  |   5.573994   1.190296     4.68   0.000     3.241015    7.906973
    2001  8  |   4.673757   2.988382     1.56   0.118     -1.18347    10.53098
    2001  9  |    32.7822   11.39888     2.88   0.004     10.44039    55.12401
    2001 10  |   31.54383   11.35781     2.78   0.005     9.282537    53.80513
    2001 11  |   7.971512   1.941837     4.11   0.000     4.165514    11.77751
    2001 12  |   6.265807   1.542021     4.06   0.000     3.243447    9.288167
    2001 13  |   5.185586   1.491341     3.48   0.001     2.262558    8.108614
    2001 14  |  -.7010069   1.657199    -0.42   0.672    -3.949116    2.547102
    2002  2  |   3.647205   1.146231     3.18   0.001     1.400593    5.893817
    2002  3  |   5.475868   1.177008     4.65   0.000     3.168934    7.782802
    2002  4  |   4.485159   1.144167     3.92   0.000     2.242592    6.727726
    2002  5  |   25.76889    11.3342     2.27   0.023     3.553876    47.98391
    2002  6  |   29.83671   11.47708     2.60   0.009     7.341646    52.33177
    2002  7  |   3.238976   1.115062     2.90   0.004     1.053456    5.424497
    2002  8  |   2.970616   2.896029     1.03   0.305    -2.705598    8.646829
    2002  9  |   32.02053   11.39267     2.81   0.005     9.690909    54.35016
    2002 10  |   30.90471   11.35585     2.72   0.007     8.647246    53.16218
    2002 11  |   5.983798     1.9002     3.15   0.002     2.259407    9.708188
    2002 12  |   5.306171   1.500522     3.54   0.000     2.365149    8.247193
    2002 13  |   6.091015   1.475033     4.13   0.000      3.19995    8.982079
    2002 14  |  -5.354425   1.628316    -3.29   0.001    -8.545923   -2.162927
    2003  2  |   2.795067   1.156277     2.42   0.016      .528764    5.061369
    2003  3  |   3.422601    1.18612     2.89   0.004     1.097807    5.747395
    2003  4  |   2.701219   1.154007     2.34   0.019     .4393652    4.963072
    2003  5  |   25.12443   11.33489     2.22   0.027     2.908055    47.34081
    2003  6  |   28.37251   11.47874     2.47   0.013     5.874198    50.87083
    2003  7  |  (omitted)
    2003  8  |   1.501019   2.904188     0.52   0.605    -4.191187    7.193226
    2003  9  |   30.09249   11.39439     2.64   0.008     7.759498    52.42548
    2003 10  |   28.88131   11.35667     2.54   0.011     6.622238    51.14037
    2003 11  |    4.56267   1.914093     2.38   0.017     .8110485    8.314291
    2003 12  |   4.760572   1.506318     3.16   0.002     1.808189    7.712954
    2003 13  |   3.190475   1.481748     2.15   0.031     .2862493    6.094701
    2003 14  |  -1.853242   1.631322    -1.14   0.256    -5.050631    1.344148
    2004  2  |    1.74533   1.143481     1.53   0.127    -.4958909    3.986551
    2004  3  |   1.832507   1.174312     1.56   0.119    -.4691427    4.134158
    2004  4  |   1.152004   1.142341     1.01   0.313    -1.086983     3.39099
    2004  5  |     23.053   11.33395     2.03   0.042     .8384715    45.26753
    2004  6  |   26.17711   11.47632     2.28   0.023     3.683528    48.67069
    2004  7  |  -.2605846   1.146203    -0.23   0.820    -2.507142    1.985972
    2004  8  |   1.328247   2.883175     0.46   0.645    -4.322774    6.979268
    2004  9  |   28.37463   11.39219     2.49   0.013     6.045945    50.70331
    2004 10  |   27.14282   11.35479     2.39   0.017     4.887443    49.39819
    2004 11  |   2.620988   1.900475     1.38   0.168    -1.103941    6.345917
    2004 12  |    3.42254   1.499177     2.28   0.022     .4841539    6.360925
    2004 13  |   3.741506   1.466163     2.55   0.011     .8678277    6.615184
    2004 14  |  -4.428289   1.621791    -2.73   0.006    -7.606998    -1.24958
    2005  2  |   4.014114    1.13503     3.54   0.000     1.789457    6.238771
    2005  3  |   3.956949   1.167906     3.39   0.001     1.667853    6.246045
    2005  4  |   3.003935    1.13588     2.64   0.008     .7776098     5.23026
    2005  5  |   26.83805   11.33359     2.37   0.018     4.624213    49.05188
    2005  6  |   29.24052   11.47579     2.55   0.011     6.747989    51.73305
    2005  7  |   1.927787   1.130209     1.71   0.088    -.2874209    4.142995
    2005  8  |   2.289702   2.905362     0.79   0.431    -3.404806     7.98421
    2005  9  |   30.57707   11.39138     2.68   0.007      8.24998    52.90416
    2005 10  |   29.61508   11.35393     2.61   0.009      7.36138    51.86878
    2005 11  |   2.657383   1.903379     1.40   0.163    -1.073238    6.388003
    2005 12  |   5.727987   1.489875     3.84   0.000     2.807834    8.648141
    2005 13  |   6.436337   1.463656     4.40   0.000     3.567571    9.305102
    2005 14  |   .8882543   1.615427     0.55   0.582    -2.277982     4.05449
    2006  2  |   7.069216   1.176305     6.01   0.000     4.763659    9.374772
    2006  3  |   2.441783   1.214724     2.01   0.044     .0609245    4.822641
    2006  4  |   1.230448   1.176698     1.05   0.296    -1.075878    3.536775
    2006  5  |    26.5582   11.33675     2.34   0.019     4.338183    48.77822
    2006  6  |   27.47256   11.48818     2.39   0.017     4.955729    49.98938
    2006  7  |   2.473991   1.178774     2.10   0.036     .1635953    4.784388
    2006  8  |   3.190659    3.02275     1.06   0.291    -2.733929    9.115247
    2006  9  |   28.21952   11.39595     2.48   0.013     5.883473    50.55556
    2006 10  |   28.98027   11.35729     2.55   0.011     6.719983    51.24056
    2006 11  |   .4495198   1.949153     0.23   0.818    -3.370819    4.269858
    2006 12  |   5.379036   1.532132     3.51   0.000     2.376058    8.382013
    2006 13  |   5.374886   1.515302     3.55   0.000     2.404894    8.344877
    2006 14  |  -1.767489   1.661805    -1.06   0.288    -5.024625    1.489647
    2007  2  |    -27.769   11.35265    -2.45   0.014    -50.02018   -5.517822
    2007  3  |  -25.54274   11.35759    -2.25   0.025    -47.80361   -3.281875
    2007  4  |  -28.59394   11.35332    -2.52   0.012    -50.84645   -6.341433
    2007  5  |  (omitted)
    2007  6  |  (omitted)
    2007  7  |  -27.22552   11.36006    -2.40   0.017    -49.49123    -4.95981
    2007  8  |  -24.97475   11.68979    -2.14   0.033    -47.88672   -2.062768
    2007  9  |  (omitted)
    2007 10  |  (omitted)
    2007 11  |  -26.31453   11.46872    -2.29   0.022    -48.79322   -3.835834
    2007 12  |  -24.25302   11.39636    -2.13   0.033    -46.58988    -1.91616
    2007 13  |  -22.07966   11.39481    -1.94   0.053    -44.41348    .2541693
    2007 14  |  -30.17924   11.41743    -2.64   0.008    -52.55739   -7.801082
             |
       _cons |   2.472715   3.503133     0.71   0.480    -4.393423    9.338854
-------------+----------------------------------------------------------------
     sigma_u |  26.600979
     sigma_e |  10.666813
         rho |  .86147811   (fraction of variance due to u_i)
------------------------------------------------------------------------------
F test that all u_i=0:     F(10862, 67218) =    17.22        Prob > F = 0.0000

. 
. 
. 
. STOP!!!!!
unrecognized command:  STOP
r(199);

end of do-file
r(199);

end of do-file

r(199);

. do master_lin

. *************************************************************
. *                                                                                       
. * Patrick R. Gillespie                                  
. * Research Officer                                      
. * Teagasc, REDP                                         
. * Athenry, Co Galway, Ireland                           
. * patrick.gillespie@teagasc.ie                  
. *                                                                                       
. *************************************************************
. * RSF Project DAF RSF 07 505 (GO1390)           
. *                                                                                       
. * A micro level analysis of the Irish   
. * agri-food sector: lessons and                 
. * recommendations from Denmark and      
. * the Netherlands                               
. *                                                                               
. * Task 4
. *
. *************************************************************
. *       How this do file works
. *************************************************************
. * BE SURE TO READ THE FILE README.RTF!!!
. * The data to be used in this analysis is the 
. * FADN data for the years 2004 through 2007.Each 
. * country's data is contained in it's own data 
. * file. Rather than combine them all (would be 
. * a massive file), I'm importing variables as I 
. * need them. Once finished with a variable, I 
. * discard everything until I need it again.
. *
. * This master file calls do files from the 
. * subdirectory called sub_do. Any portion of the 
. * analysis can be omitted by inserting a * in 
. * front of the relevant do command. Output 
. * datasets will be generated by this file and 
. * stored in the subdirectory called output.
. *
. * In order for this do file to run, it must be
. * located in a folder (name is not important)
. * that is itself in the same folder that contains
. * CountryData and CountrySTATAFiles (those names 
. * are important, copy exactly). The datasets in 
. * those folders shouldn't contain any spaces and 
. * should match the list in the global macro "ms" 
. * defined below.
. * 
. * You can easily include or exclude countries
. * to the analysis by altering this macro 
. * (provided the datasets are in the right shape 
. * and are saved as a .dta in CountrySTATAFiles).
. *
. * At the time of writing, the directory 
. * structure in which this file resided was
. * 
. * Task 4
. *  >Data_Analysis
. *   >>CountryData
. *   >>CountrySTATAFiles
. *   >>descriptives
. *    >>>logs
. *    >>>output
. *    >>>sub_do
. *    >>>varname.xls
. *    >>>descriptives.do  <- your viewing this now
. *    >>>README.rtf
. *    >>>blank.dta
. *    >>>energygph.dta
. *************************************************************
. 
. *************************************************************
. *** PRELIMINARIES       *
. *************************
. clear

. clear matrix

. set mem 1500m

Current memory allocation

                    current                                 memory usage
    settable          value     description                 (1M = 1024k)
    --------------------------------------------------------------------
    set maxvar         5000     max. variables allowed           1.909M
    set memory         1500M    max. data space              1,500.000M
    set matsize         800     max. RHS vars in models          4.950M
                                                            -----------
                                                             1,506.859M

. set matsize 800

Current memory allocation

                    current                                 memory usage
    settable          value     description                 (1M = 1024k)
    --------------------------------------------------------------------
    set maxvar         5000     max. variables allowed           1.909M
    set memory         1500M    max. data space              1,500.000M
    set matsize         800     max. RHS vars in models          4.950M
                                                            -----------
                                                             1,506.859M

. capture log close
